[2022-10-17 10:38:37,052] {taskinstance.py:1159} INFO - Dependencies all met for <TaskInstance: my_first_dag.extract_user backfill__2022-01-09T00:00:00+00:00 [queued]>
[2022-10-17 10:38:37,099] {taskinstance.py:1159} INFO - Dependencies all met for <TaskInstance: my_first_dag.extract_user backfill__2022-01-09T00:00:00+00:00 [queued]>
[2022-10-17 10:38:37,105] {taskinstance.py:1356} INFO - 
--------------------------------------------------------------------------------
[2022-10-17 10:38:37,112] {taskinstance.py:1357} INFO - Starting attempt 1 of 1
[2022-10-17 10:38:37,118] {taskinstance.py:1358} INFO - 
--------------------------------------------------------------------------------
[2022-10-17 10:38:37,199] {taskinstance.py:1377} INFO - Executing <Task(SimpleHttpOperator): extract_user> on 2022-01-09 00:00:00+00:00
[2022-10-17 10:38:37,249] {standard_task_runner.py:52} INFO - Started process 4352 to run task
[2022-10-17 10:38:37,370] {standard_task_runner.py:79} INFO - Running: ['***', 'tasks', 'run', 'my_first_dag', 'extract_user', 'backfill__2022-01-09T00:00:00+00:00', '--job-id', '142', '--pool', 'default_pool', '--raw', '--subdir', 'DAGS_FOLDER/user_processing.py', '--cfg-path', '/tmp/tmpgtewj7xl', '--error-file', '/tmp/tmpv9v2qsit']
[2022-10-17 10:38:37,386] {standard_task_runner.py:80} INFO - Job 142: Subtask extract_user
[2022-10-17 10:38:37,700] {task_command.py:369} INFO - Running <TaskInstance: my_first_dag.extract_user backfill__2022-01-09T00:00:00+00:00 [running]> on host 48b5b9061ccc
[2022-10-17 10:38:37,826] {taskinstance.py:1571} INFO - Exporting the following env vars:
AIRFLOW_CTX_DAG_OWNER=***
AIRFLOW_CTX_DAG_ID=my_first_dag
AIRFLOW_CTX_TASK_ID=extract_user
AIRFLOW_CTX_EXECUTION_DATE=2022-01-09T00:00:00+00:00
AIRFLOW_CTX_TRY_NUMBER=1
AIRFLOW_CTX_DAG_RUN_ID=backfill__2022-01-09T00:00:00+00:00
[2022-10-17 10:38:37,830] {http.py:102} INFO - Calling HTTP method
[2022-10-17 10:38:37,849] {base.py:68} INFO - Using connection ID 'user_api' for task execution.
[2022-10-17 10:38:37,856] {http.py:129} INFO - Sending 'GET' to url:  https://random-data-api.com/api/v2/users/
[2022-10-17 10:38:38,880] {http.py:106} INFO - {"id":1751,"uid":"00f6143d-3fc4-4aef-9814-4de6e9d639e3","password":"C6lus2oHBi","first_name":"Sindy","last_name":"McDermott","username":"sindy.mcdermott","email":"sindy.mcdermott@email.com","avatar":"https://robohash.org/naminqui.png?size=300x300\u0026set=set1","gender":"Male","phone_number":"+45 1-938-793-8025 x64752","social_insurance_number":"957829039","date_of_birth":"1958-01-13","employment":{"title":"Principal Construction Liaison","key_skill":"Leadership"},"address":{"city":"South Trish","street_name":"Hand Mill","street_address":"3762 Young Cliffs","zip_code":"77578","state":"Texas","country":"United States","coordinates":{"lat":-43.42588437241825,"lng":-68.03909059122365}},"credit_card":{"cc_number":"6771-8991-2297-8199"},"subscription":{"plan":"Starter","status":"Blocked","payment_method":"Credit card","term":"Payment in advance"}}
[2022-10-17 10:38:38,973] {taskinstance.py:1400} INFO - Marking task as SUCCESS. dag_id=my_first_dag, task_id=extract_user, execution_date=20220109T000000, start_date=20221017T103837, end_date=20221017T103838
[2022-10-17 10:38:39,120] {local_task_job.py:156} INFO - Task exited with return code 0
[2022-10-17 10:38:39,206] {local_task_job.py:273} INFO - 0 downstream tasks scheduled from follow-on schedule check
