[2022-10-17 10:38:37,003] {taskinstance.py:1159} INFO - Dependencies all met for <TaskInstance: my_first_dag.extract_user backfill__2022-01-03T00:00:00+00:00 [queued]>
[2022-10-17 10:38:37,028] {taskinstance.py:1159} INFO - Dependencies all met for <TaskInstance: my_first_dag.extract_user backfill__2022-01-03T00:00:00+00:00 [queued]>
[2022-10-17 10:38:37,029] {taskinstance.py:1356} INFO - 
--------------------------------------------------------------------------------
[2022-10-17 10:38:37,031] {taskinstance.py:1357} INFO - Starting attempt 1 of 1
[2022-10-17 10:38:37,032] {taskinstance.py:1358} INFO - 
--------------------------------------------------------------------------------
[2022-10-17 10:38:37,064] {taskinstance.py:1377} INFO - Executing <Task(SimpleHttpOperator): extract_user> on 2022-01-03 00:00:00+00:00
[2022-10-17 10:38:37,097] {standard_task_runner.py:52} INFO - Started process 4351 to run task
[2022-10-17 10:38:37,151] {standard_task_runner.py:79} INFO - Running: ['***', 'tasks', 'run', 'my_first_dag', 'extract_user', 'backfill__2022-01-03T00:00:00+00:00', '--job-id', '141', '--pool', 'default_pool', '--raw', '--subdir', 'DAGS_FOLDER/user_processing.py', '--cfg-path', '/tmp/tmp1owas8c9', '--error-file', '/tmp/tmpuhvycf5t']
[2022-10-17 10:38:37,158] {standard_task_runner.py:80} INFO - Job 141: Subtask extract_user
[2022-10-17 10:38:37,577] {task_command.py:369} INFO - Running <TaskInstance: my_first_dag.extract_user backfill__2022-01-03T00:00:00+00:00 [running]> on host 48b5b9061ccc
[2022-10-17 10:38:37,760] {taskinstance.py:1571} INFO - Exporting the following env vars:
AIRFLOW_CTX_DAG_OWNER=***
AIRFLOW_CTX_DAG_ID=my_first_dag
AIRFLOW_CTX_TASK_ID=extract_user
AIRFLOW_CTX_EXECUTION_DATE=2022-01-03T00:00:00+00:00
AIRFLOW_CTX_TRY_NUMBER=1
AIRFLOW_CTX_DAG_RUN_ID=backfill__2022-01-03T00:00:00+00:00
[2022-10-17 10:38:37,763] {http.py:102} INFO - Calling HTTP method
[2022-10-17 10:38:37,784] {base.py:68} INFO - Using connection ID 'user_api' for task execution.
[2022-10-17 10:38:37,802] {http.py:129} INFO - Sending 'GET' to url:  https://random-data-api.com/api/v2/users/
[2022-10-17 10:38:38,665] {http.py:106} INFO - {"id":3045,"uid":"e8acb9ab-89c9-4199-a20c-4dd49ef7d7d2","password":"31mQcCfzxY","first_name":"Casey","last_name":"Baumbach","username":"casey.baumbach","email":"casey.baumbach@email.com","avatar":"https://robohash.org/ipsaquoeveniet.png?size=300x300\u0026set=set1","gender":"Male","phone_number":"+32 (987) 507-2621","social_insurance_number":"354673931","date_of_birth":"1972-02-18","employment":{"title":"Banking Strategist","key_skill":"Self-motivated"},"address":{"city":"West Garnet","street_name":"Bruen Shoal","street_address":"49990 Kovacek Ports","zip_code":"34800-2417","state":"New Jersey","country":"United States","coordinates":{"lat":-1.7384300542767903,"lng":-14.451330132943326}},"credit_card":{"cc_number":"5395-6735-3060-7940"},"subscription":{"plan":"Basic","status":"Blocked","payment_method":"Debit card","term":"Payment in advance"}}
[2022-10-17 10:38:38,742] {taskinstance.py:1400} INFO - Marking task as SUCCESS. dag_id=my_first_dag, task_id=extract_user, execution_date=20220103T000000, start_date=20221017T103837, end_date=20221017T103838
[2022-10-17 10:38:38,818] {local_task_job.py:156} INFO - Task exited with return code 0
[2022-10-17 10:38:38,944] {local_task_job.py:273} INFO - 0 downstream tasks scheduled from follow-on schedule check
