[2022-10-17 10:29:51,999] {taskinstance.py:1159} INFO - Dependencies all met for <TaskInstance: my_first_dag.extract_user backfill__2022-09-10T00:00:00+00:00 [queued]>
[2022-10-17 10:29:52,006] {taskinstance.py:1159} INFO - Dependencies all met for <TaskInstance: my_first_dag.extract_user backfill__2022-09-10T00:00:00+00:00 [queued]>
[2022-10-17 10:29:52,006] {taskinstance.py:1356} INFO - 
--------------------------------------------------------------------------------
[2022-10-17 10:29:52,007] {taskinstance.py:1357} INFO - Starting attempt 1 of 1
[2022-10-17 10:29:52,007] {taskinstance.py:1358} INFO - 
--------------------------------------------------------------------------------
[2022-10-17 10:29:52,017] {taskinstance.py:1377} INFO - Executing <Task(SimpleHttpOperator): extract_user> on 2022-09-10 00:00:00+00:00
[2022-10-17 10:29:52,021] {standard_task_runner.py:52} INFO - Started process 9580 to run task
[2022-10-17 10:29:52,025] {standard_task_runner.py:79} INFO - Running: ['***', 'tasks', 'run', 'my_first_dag', 'extract_user', 'backfill__2022-09-10T00:00:00+00:00', '--job-id', '92', '--pool', 'default_pool', '--raw', '--subdir', 'DAGS_FOLDER/user_processing.py', '--cfg-path', '/tmp/tmpxq8p91yf', '--error-file', '/tmp/tmp12yybbn7']
[2022-10-17 10:29:52,026] {standard_task_runner.py:80} INFO - Job 92: Subtask extract_user
[2022-10-17 10:29:52,186] {task_command.py:369} INFO - Running <TaskInstance: my_first_dag.extract_user backfill__2022-09-10T00:00:00+00:00 [running]> on host edecb506ad75
[2022-10-17 10:29:52,231] {taskinstance.py:1571} INFO - Exporting the following env vars:
AIRFLOW_CTX_DAG_OWNER=***
AIRFLOW_CTX_DAG_ID=my_first_dag
AIRFLOW_CTX_TASK_ID=extract_user
AIRFLOW_CTX_EXECUTION_DATE=2022-09-10T00:00:00+00:00
AIRFLOW_CTX_TRY_NUMBER=1
AIRFLOW_CTX_DAG_RUN_ID=backfill__2022-09-10T00:00:00+00:00
[2022-10-17 10:29:52,232] {http.py:102} INFO - Calling HTTP method
[2022-10-17 10:29:52,237] {base.py:68} INFO - Using connection ID 'user_api' for task execution.
[2022-10-17 10:29:52,238] {http.py:129} INFO - Sending 'GET' to url:  https://random-data-api.com/api/v2/users/
[2022-10-17 10:29:53,171] {http.py:106} INFO - {"id":2413,"uid":"499d780d-5490-46ef-af11-87f1e9135a41","password":"Uvkq3L54YV","first_name":"Kiana","last_name":"Kling","username":"kiana.kling","email":"kiana.kling@email.com","avatar":"https://robohash.org/inciduntvoluptatedolore.png?size=300x300\u0026set=set1","gender":"Agender","phone_number":"+261 1-871-994-6892 x13744","social_insurance_number":"943055749","date_of_birth":"1980-01-17","employment":{"title":"Accounting Specialist","key_skill":"Proactive"},"address":{"city":"Lake Marshallfort","street_name":"Cletus Terrace","street_address":"834 Shields Common","zip_code":"01732-1236","state":"Tennessee","country":"United States","coordinates":{"lat":-46.18287336411753,"lng":-38.86472715264364}},"credit_card":{"cc_number":"4955058425738"},"subscription":{"plan":"Professional","status":"Idle","payment_method":"Visa checkout","term":"Full subscription"}}
[2022-10-17 10:29:53,222] {taskinstance.py:1400} INFO - Marking task as SUCCESS. dag_id=my_first_dag, task_id=extract_user, execution_date=20220910T000000, start_date=20221017T102952, end_date=20221017T102953
[2022-10-17 10:29:53,291] {local_task_job.py:156} INFO - Task exited with return code 0
[2022-10-17 10:29:53,495] {local_task_job.py:273} INFO - 0 downstream tasks scheduled from follow-on schedule check
