[2022-10-17 10:48:35,931] {taskinstance.py:1159} INFO - Dependencies all met for <TaskInstance: my_first_dag.extract_user backfill__2022-01-08T00:00:00+00:00 [queued]>
[2022-10-17 10:48:35,978] {taskinstance.py:1159} INFO - Dependencies all met for <TaskInstance: my_first_dag.extract_user backfill__2022-01-08T00:00:00+00:00 [queued]>
[2022-10-17 10:48:35,980] {taskinstance.py:1356} INFO - 
--------------------------------------------------------------------------------
[2022-10-17 10:48:35,981] {taskinstance.py:1357} INFO - Starting attempt 1 of 1
[2022-10-17 10:48:35,981] {taskinstance.py:1358} INFO - 
--------------------------------------------------------------------------------
[2022-10-17 10:48:36,038] {taskinstance.py:1377} INFO - Executing <Task(SimpleHttpOperator): extract_user> on 2022-01-08 00:00:00+00:00
[2022-10-17 10:48:36,061] {standard_task_runner.py:52} INFO - Started process 4870 to run task
[2022-10-17 10:48:36,151] {standard_task_runner.py:79} INFO - Running: ['***', 'tasks', 'run', 'my_first_dag', 'extract_user', 'backfill__2022-01-08T00:00:00+00:00', '--job-id', '162', '--pool', 'default_pool', '--raw', '--subdir', 'DAGS_FOLDER/user_processing.py', '--cfg-path', '/tmp/tmp2smlg1z9', '--error-file', '/tmp/tmpvigv11cn']
[2022-10-17 10:48:36,158] {standard_task_runner.py:80} INFO - Job 162: Subtask extract_user
[2022-10-17 10:48:36,411] {task_command.py:369} INFO - Running <TaskInstance: my_first_dag.extract_user backfill__2022-01-08T00:00:00+00:00 [running]> on host 48b5b9061ccc
[2022-10-17 10:48:36,615] {taskinstance.py:1571} INFO - Exporting the following env vars:
AIRFLOW_CTX_DAG_OWNER=***
AIRFLOW_CTX_DAG_ID=my_first_dag
AIRFLOW_CTX_TASK_ID=extract_user
AIRFLOW_CTX_EXECUTION_DATE=2022-01-08T00:00:00+00:00
AIRFLOW_CTX_TRY_NUMBER=1
AIRFLOW_CTX_DAG_RUN_ID=backfill__2022-01-08T00:00:00+00:00
[2022-10-17 10:48:36,617] {http.py:102} INFO - Calling HTTP method
[2022-10-17 10:48:36,633] {base.py:68} INFO - Using connection ID 'user_api' for task execution.
[2022-10-17 10:48:36,643] {http.py:129} INFO - Sending 'GET' to url:  https://random-data-api.com/api/v2/users/
[2022-10-17 10:48:37,801] {http.py:106} INFO - {"id":5937,"uid":"178d4ff8-4b91-4415-b0a2-225be9b32793","password":"HvbnpIqRT4","first_name":"Alfred","last_name":"Spinka","username":"alfred.spinka","email":"alfred.spinka@email.com","avatar":"https://robohash.org/eligendiipsaesse.png?size=300x300\u0026set=set1","gender":"Agender","phone_number":"+52 1-860-472-2241 x88842","social_insurance_number":"697186906","date_of_birth":"1962-08-16","employment":{"title":"Central Healthcare Supervisor","key_skill":"Proactive"},"address":{"city":"Abbottbury","street_name":"Shena Street","street_address":"250 Stracke Drives","zip_code":"51867-0837","state":"Oregon","country":"United States","coordinates":{"lat":45.39387144463353,"lng":5.9363278135407995}},"credit_card":{"cc_number":"6771-8961-9120-0299"},"subscription":{"plan":"Diamond","status":"Blocked","payment_method":"WeChat Pay","term":"Annual"}}
[2022-10-17 10:48:37,879] {taskinstance.py:1400} INFO - Marking task as SUCCESS. dag_id=my_first_dag, task_id=extract_user, execution_date=20220108T000000, start_date=20221017T104835, end_date=20221017T104837
[2022-10-17 10:48:37,952] {local_task_job.py:156} INFO - Task exited with return code 0
[2022-10-17 10:48:38,064] {local_task_job.py:273} INFO - 0 downstream tasks scheduled from follow-on schedule check
