[2022-10-17 10:21:55,868] {taskinstance.py:1159} INFO - Dependencies all met for <TaskInstance: my_first_dag.create_table manual__2022-10-17T10:21:55.202536+00:00 [queued]>
[2022-10-17 10:21:55,875] {taskinstance.py:1159} INFO - Dependencies all met for <TaskInstance: my_first_dag.create_table manual__2022-10-17T10:21:55.202536+00:00 [queued]>
[2022-10-17 10:21:55,876] {taskinstance.py:1356} INFO - 
--------------------------------------------------------------------------------
[2022-10-17 10:21:55,876] {taskinstance.py:1357} INFO - Starting attempt 1 of 1
[2022-10-17 10:21:55,876] {taskinstance.py:1358} INFO - 
--------------------------------------------------------------------------------
[2022-10-17 10:21:55,888] {taskinstance.py:1377} INFO - Executing <Task(PostgresOperator): create_table> on 2022-10-17 10:21:55.202536+00:00
[2022-10-17 10:21:55,893] {standard_task_runner.py:52} INFO - Started process 3392 to run task
[2022-10-17 10:21:55,896] {standard_task_runner.py:79} INFO - Running: ['***', 'tasks', 'run', 'my_first_dag', 'create_table', 'manual__2022-10-17T10:21:55.202536+00:00', '--job-id', '75', '--raw', '--subdir', 'DAGS_FOLDER/user_processing.py', '--cfg-path', '/tmp/tmpa_r_rmtu', '--error-file', '/tmp/tmpfz4a_6x9']
[2022-10-17 10:21:55,897] {standard_task_runner.py:80} INFO - Job 75: Subtask create_table
[2022-10-17 10:21:55,934] {task_command.py:369} INFO - Running <TaskInstance: my_first_dag.create_table manual__2022-10-17T10:21:55.202536+00:00 [running]> on host 48b5b9061ccc
[2022-10-17 10:21:55,982] {taskinstance.py:1571} INFO - Exporting the following env vars:
AIRFLOW_CTX_DAG_OWNER=***
AIRFLOW_CTX_DAG_ID=my_first_dag
AIRFLOW_CTX_TASK_ID=create_table
AIRFLOW_CTX_EXECUTION_DATE=2022-10-17T10:21:55.202536+00:00
AIRFLOW_CTX_TRY_NUMBER=1
AIRFLOW_CTX_DAG_RUN_ID=manual__2022-10-17T10:21:55.202536+00:00
[2022-10-17 10:21:55,989] {base.py:68} INFO - Using connection ID 'postgres' for task execution.
[2022-10-17 10:21:55,992] {dbapi.py:208} INFO - Running statement: 
        CREATE TABLE IF NOT EXISTS users2 (
            firstname TEXT NOT NULL,
            lastname TEXT NOT NULL,
            username TEXT NOT NULL,
            password TEXT NOT NULL,
            email TEXT NOT NULL
        );
        , parameters: None
[2022-10-17 10:21:55,992] {postgres.py:94} INFO - NOTICE:  relation "users2" already exists, skipping

[2022-10-17 10:21:56,001] {taskinstance.py:1400} INFO - Marking task as SUCCESS. dag_id=my_first_dag, task_id=create_table, execution_date=20221017T102155, start_date=20221017T102155, end_date=20221017T102156
[2022-10-17 10:21:56,029] {local_task_job.py:156} INFO - Task exited with return code 0
[2022-10-17 10:21:56,059] {local_task_job.py:273} INFO - 1 downstream tasks scheduled from follow-on schedule check
