[2022-10-17 10:24:21,791] {taskinstance.py:1159} INFO - Dependencies all met for <TaskInstance: my_first_dag.create_table manual__2022-10-17T10:24:20.577359+00:00 [queued]>
[2022-10-17 10:24:21,799] {taskinstance.py:1159} INFO - Dependencies all met for <TaskInstance: my_first_dag.create_table manual__2022-10-17T10:24:20.577359+00:00 [queued]>
[2022-10-17 10:24:21,799] {taskinstance.py:1356} INFO - 
--------------------------------------------------------------------------------
[2022-10-17 10:24:21,799] {taskinstance.py:1357} INFO - Starting attempt 1 of 1
[2022-10-17 10:24:21,799] {taskinstance.py:1358} INFO - 
--------------------------------------------------------------------------------
[2022-10-17 10:24:21,809] {taskinstance.py:1377} INFO - Executing <Task(PostgresOperator): create_table> on 2022-10-17 10:24:20.577359+00:00
[2022-10-17 10:24:21,814] {standard_task_runner.py:52} INFO - Started process 3515 to run task
[2022-10-17 10:24:21,817] {standard_task_runner.py:79} INFO - Running: ['***', 'tasks', 'run', 'my_first_dag', 'create_table', 'manual__2022-10-17T10:24:20.577359+00:00', '--job-id', '77', '--raw', '--subdir', 'DAGS_FOLDER/user_processing.py', '--cfg-path', '/tmp/tmpk41x2ymu', '--error-file', '/tmp/tmppb4_j0nt']
[2022-10-17 10:24:21,818] {standard_task_runner.py:80} INFO - Job 77: Subtask create_table
[2022-10-17 10:24:21,857] {task_command.py:369} INFO - Running <TaskInstance: my_first_dag.create_table manual__2022-10-17T10:24:20.577359+00:00 [running]> on host 48b5b9061ccc
[2022-10-17 10:24:21,936] {taskinstance.py:1571} INFO - Exporting the following env vars:
AIRFLOW_CTX_DAG_OWNER=***
AIRFLOW_CTX_DAG_ID=my_first_dag
AIRFLOW_CTX_TASK_ID=create_table
AIRFLOW_CTX_EXECUTION_DATE=2022-10-17T10:24:20.577359+00:00
AIRFLOW_CTX_TRY_NUMBER=1
AIRFLOW_CTX_DAG_RUN_ID=manual__2022-10-17T10:24:20.577359+00:00
[2022-10-17 10:24:21,945] {base.py:68} INFO - Using connection ID 'postgres' for task execution.
[2022-10-17 10:24:21,949] {dbapi.py:208} INFO - Running statement: 
        CREATE TABLE IF NOT EXISTS users2 (
            firstname TEXT NOT NULL,
            lastname TEXT NOT NULL,
            username TEXT NOT NULL,
            password TEXT NOT NULL,
            email TEXT NOT NULL
        );
        , parameters: None
[2022-10-17 10:24:21,950] {postgres.py:94} INFO - NOTICE:  relation "users2" already exists, skipping

[2022-10-17 10:24:21,962] {taskinstance.py:1400} INFO - Marking task as SUCCESS. dag_id=my_first_dag, task_id=create_table, execution_date=20221017T102420, start_date=20221017T102421, end_date=20221017T102421
[2022-10-17 10:24:21,989] {local_task_job.py:156} INFO - Task exited with return code 0
[2022-10-17 10:24:22,031] {local_task_job.py:273} INFO - 1 downstream tasks scheduled from follow-on schedule check
