[2022-10-17 07:52:28,994] {taskinstance.py:1159} INFO - Dependencies all met for <TaskInstance: my_first_dag.create_table scheduled__2022-10-16T00:00:00+00:00 [queued]>
[2022-10-17 07:52:29,001] {taskinstance.py:1159} INFO - Dependencies all met for <TaskInstance: my_first_dag.create_table scheduled__2022-10-16T00:00:00+00:00 [queued]>
[2022-10-17 07:52:29,002] {taskinstance.py:1356} INFO - 
--------------------------------------------------------------------------------
[2022-10-17 07:52:29,003] {taskinstance.py:1357} INFO - Starting attempt 1 of 1
[2022-10-17 07:52:29,003] {taskinstance.py:1358} INFO - 
--------------------------------------------------------------------------------
[2022-10-17 07:52:29,015] {taskinstance.py:1377} INFO - Executing <Task(PostgresOperator): create_table> on 2022-10-16 00:00:00+00:00
[2022-10-17 07:52:29,018] {standard_task_runner.py:52} INFO - Started process 64 to run task
[2022-10-17 07:52:29,022] {standard_task_runner.py:79} INFO - Running: ['***', 'tasks', 'run', 'my_first_dag', 'create_table', 'scheduled__2022-10-16T00:00:00+00:00', '--job-id', '10', '--raw', '--subdir', 'DAGS_FOLDER/user_processing.py', '--cfg-path', '/tmp/tmpxiiezwdq', '--error-file', '/tmp/tmp1w9kt9_u']
[2022-10-17 07:52:29,023] {standard_task_runner.py:80} INFO - Job 10: Subtask create_table
[2022-10-17 07:52:29,088] {task_command.py:369} INFO - Running <TaskInstance: my_first_dag.create_table scheduled__2022-10-16T00:00:00+00:00 [running]> on host 48bae9638f6e
[2022-10-17 07:52:29,178] {taskinstance.py:1571} INFO - Exporting the following env vars:
AIRFLOW_CTX_DAG_OWNER=***
AIRFLOW_CTX_DAG_ID=my_first_dag
AIRFLOW_CTX_TASK_ID=create_table
AIRFLOW_CTX_EXECUTION_DATE=2022-10-16T00:00:00+00:00
AIRFLOW_CTX_TRY_NUMBER=1
AIRFLOW_CTX_DAG_RUN_ID=scheduled__2022-10-16T00:00:00+00:00
[2022-10-17 07:52:29,187] {base.py:68} INFO - Using connection ID 'postgres' for task execution.
[2022-10-17 07:52:29,193] {dbapi.py:208} INFO - Running statement: 
        CREATE TABLE IF NOT EXISTS users2 (
            firstname TEXT NOT NULL,
            lastname TEXT NOT NULL,
            username TEXT NOT NULL,
            password TEXT NOT NULL,
            email TEXT NOT NULL
        );
        , parameters: None
[2022-10-17 07:52:29,195] {postgres.py:94} INFO - NOTICE:  relation "users2" already exists, skipping

[2022-10-17 07:52:29,206] {taskinstance.py:1400} INFO - Marking task as SUCCESS. dag_id=my_first_dag, task_id=create_table, execution_date=20221016T000000, start_date=20221017T075228, end_date=20221017T075229
[2022-10-17 07:52:29,238] {local_task_job.py:156} INFO - Task exited with return code 0
[2022-10-17 07:52:29,283] {local_task_job.py:273} INFO - 1 downstream tasks scheduled from follow-on schedule check
