[2022-10-17 10:26:43,496] {taskinstance.py:1159} INFO - Dependencies all met for <TaskInstance: my_first_dag.extract_user manual__2022-10-17T10:26:39.021374+00:00 [queued]>
[2022-10-17 10:26:43,502] {taskinstance.py:1159} INFO - Dependencies all met for <TaskInstance: my_first_dag.extract_user manual__2022-10-17T10:26:39.021374+00:00 [queued]>
[2022-10-17 10:26:43,502] {taskinstance.py:1356} INFO - 
--------------------------------------------------------------------------------
[2022-10-17 10:26:43,502] {taskinstance.py:1357} INFO - Starting attempt 1 of 1
[2022-10-17 10:26:43,502] {taskinstance.py:1358} INFO - 
--------------------------------------------------------------------------------
[2022-10-17 10:26:43,510] {taskinstance.py:1377} INFO - Executing <Task(SimpleHttpOperator): extract_user> on 2022-10-17 10:26:39.021374+00:00
[2022-10-17 10:26:43,514] {standard_task_runner.py:52} INFO - Started process 3647 to run task
[2022-10-17 10:26:43,517] {standard_task_runner.py:79} INFO - Running: ['***', 'tasks', 'run', 'my_first_dag', 'extract_user', 'manual__2022-10-17T10:26:39.021374+00:00', '--job-id', '83', '--raw', '--subdir', 'DAGS_FOLDER/user_processing.py', '--cfg-path', '/tmp/tmpoe3j0_sw', '--error-file', '/tmp/tmp1qmafpmw']
[2022-10-17 10:26:43,518] {standard_task_runner.py:80} INFO - Job 83: Subtask extract_user
[2022-10-17 10:26:43,553] {task_command.py:369} INFO - Running <TaskInstance: my_first_dag.extract_user manual__2022-10-17T10:26:39.021374+00:00 [running]> on host 48b5b9061ccc
[2022-10-17 10:26:43,597] {taskinstance.py:1571} INFO - Exporting the following env vars:
AIRFLOW_CTX_DAG_OWNER=***
AIRFLOW_CTX_DAG_ID=my_first_dag
AIRFLOW_CTX_TASK_ID=extract_user
AIRFLOW_CTX_EXECUTION_DATE=2022-10-17T10:26:39.021374+00:00
AIRFLOW_CTX_TRY_NUMBER=1
AIRFLOW_CTX_DAG_RUN_ID=manual__2022-10-17T10:26:39.021374+00:00
[2022-10-17 10:26:43,598] {http.py:102} INFO - Calling HTTP method
[2022-10-17 10:26:43,603] {base.py:68} INFO - Using connection ID 'user_api' for task execution.
[2022-10-17 10:26:43,604] {http.py:129} INFO - Sending 'GET' to url:  https://random-data-api.com/api/v2/users/
[2022-10-17 10:26:44,420] {http.py:106} INFO - {"id":8242,"uid":"22b004fc-ccbc-431f-9afa-32354e1b51ff","password":"2bnG7e6dk1","first_name":"Lavon","last_name":"Balistreri","username":"lavon.balistreri","email":"lavon.balistreri@email.com","avatar":"https://robohash.org/adomnisconsequatur.png?size=300x300\u0026set=set1","gender":"Bigender","phone_number":"+7 398.072.2142 x6224","social_insurance_number":"678418617","date_of_birth":"1988-11-28","employment":{"title":"Manufacturing Officer","key_skill":"Teamwork"},"address":{"city":"East Robert","street_name":"Reba Extension","street_address":"671 Marcel Rapid","zip_code":"12305","state":"Georgia","country":"United States","coordinates":{"lat":-27.512502044908103,"lng":-31.02559920636523}},"credit_card":{"cc_number":"4429-3828-0769-9878"},"subscription":{"plan":"Basic","status":"Active","payment_method":"Credit card","term":"Payment in advance"}}
[2022-10-17 10:26:44,453] {taskinstance.py:1400} INFO - Marking task as SUCCESS. dag_id=my_first_dag, task_id=extract_user, execution_date=20221017T102639, start_date=20221017T102643, end_date=20221017T102644
[2022-10-17 10:26:44,491] {local_task_job.py:156} INFO - Task exited with return code 0
[2022-10-17 10:26:44,522] {local_task_job.py:273} INFO - 1 downstream tasks scheduled from follow-on schedule check
