[2022-10-17 10:51:16,946] {taskinstance.py:1159} INFO - Dependencies all met for <TaskInstance: my_first_dag.process_user manual__2022-10-17T10:51:03.915266+00:00 [queued]>
[2022-10-17 10:51:16,953] {taskinstance.py:1159} INFO - Dependencies all met for <TaskInstance: my_first_dag.process_user manual__2022-10-17T10:51:03.915266+00:00 [queued]>
[2022-10-17 10:51:16,953] {taskinstance.py:1356} INFO - 
--------------------------------------------------------------------------------
[2022-10-17 10:51:16,953] {taskinstance.py:1357} INFO - Starting attempt 1 of 1
[2022-10-17 10:51:16,954] {taskinstance.py:1358} INFO - 
--------------------------------------------------------------------------------
[2022-10-17 10:51:16,962] {taskinstance.py:1377} INFO - Executing <Task(PythonOperator): process_user> on 2022-10-17 10:51:03.915266+00:00
[2022-10-17 10:51:16,966] {standard_task_runner.py:52} INFO - Started process 5069 to run task
[2022-10-17 10:51:16,969] {standard_task_runner.py:79} INFO - Running: ['***', 'tasks', 'run', 'my_first_dag', 'process_user', 'manual__2022-10-17T10:51:03.915266+00:00', '--job-id', '192', '--raw', '--subdir', 'DAGS_FOLDER/user_processing.py', '--cfg-path', '/tmp/tmp8bxjdk1w', '--error-file', '/tmp/tmpegylnhcs']
[2022-10-17 10:51:16,970] {standard_task_runner.py:80} INFO - Job 192: Subtask process_user
[2022-10-17 10:51:17,007] {task_command.py:369} INFO - Running <TaskInstance: my_first_dag.process_user manual__2022-10-17T10:51:03.915266+00:00 [running]> on host 48b5b9061ccc
[2022-10-17 10:51:17,054] {taskinstance.py:1571} INFO - Exporting the following env vars:
AIRFLOW_CTX_DAG_OWNER=***
AIRFLOW_CTX_DAG_ID=my_first_dag
AIRFLOW_CTX_TASK_ID=process_user
AIRFLOW_CTX_EXECUTION_DATE=2022-10-17T10:51:03.915266+00:00
AIRFLOW_CTX_TRY_NUMBER=1
AIRFLOW_CTX_DAG_RUN_ID=manual__2022-10-17T10:51:03.915266+00:00
[2022-10-17 10:51:17,067] {python.py:173} INFO - Done. Returned value was: None
[2022-10-17 10:51:17,076] {taskinstance.py:1400} INFO - Marking task as SUCCESS. dag_id=my_first_dag, task_id=process_user, execution_date=20221017T105103, start_date=20221017T105116, end_date=20221017T105117
[2022-10-17 10:51:17,101] {local_task_job.py:156} INFO - Task exited with return code 0
[2022-10-17 10:51:17,130] {local_task_job.py:273} INFO - 1 downstream tasks scheduled from follow-on schedule check
