[2022-10-17 10:48:36,016] {taskinstance.py:1159} INFO - Dependencies all met for <TaskInstance: my_first_dag.extract_user backfill__2022-01-14T00:00:00+00:00 [queued]>
[2022-10-17 10:48:36,084] {taskinstance.py:1159} INFO - Dependencies all met for <TaskInstance: my_first_dag.extract_user backfill__2022-01-14T00:00:00+00:00 [queued]>
[2022-10-17 10:48:36,092] {taskinstance.py:1356} INFO - 
--------------------------------------------------------------------------------
[2022-10-17 10:48:36,099] {taskinstance.py:1357} INFO - Starting attempt 1 of 1
[2022-10-17 10:48:36,103] {taskinstance.py:1358} INFO - 
--------------------------------------------------------------------------------
[2022-10-17 10:48:36,163] {taskinstance.py:1377} INFO - Executing <Task(SimpleHttpOperator): extract_user> on 2022-01-14 00:00:00+00:00
[2022-10-17 10:48:36,174] {standard_task_runner.py:52} INFO - Started process 4873 to run task
[2022-10-17 10:48:36,224] {standard_task_runner.py:79} INFO - Running: ['***', 'tasks', 'run', 'my_first_dag', 'extract_user', 'backfill__2022-01-14T00:00:00+00:00', '--job-id', '161', '--pool', 'default_pool', '--raw', '--subdir', 'DAGS_FOLDER/user_processing.py', '--cfg-path', '/tmp/tmpnkwm1sgv', '--error-file', '/tmp/tmpa0iixlox']
[2022-10-17 10:48:36,253] {standard_task_runner.py:80} INFO - Job 161: Subtask extract_user
[2022-10-17 10:48:36,522] {task_command.py:369} INFO - Running <TaskInstance: my_first_dag.extract_user backfill__2022-01-14T00:00:00+00:00 [running]> on host 48b5b9061ccc
[2022-10-17 10:48:36,664] {taskinstance.py:1571} INFO - Exporting the following env vars:
AIRFLOW_CTX_DAG_OWNER=***
AIRFLOW_CTX_DAG_ID=my_first_dag
AIRFLOW_CTX_TASK_ID=extract_user
AIRFLOW_CTX_EXECUTION_DATE=2022-01-14T00:00:00+00:00
AIRFLOW_CTX_TRY_NUMBER=1
AIRFLOW_CTX_DAG_RUN_ID=backfill__2022-01-14T00:00:00+00:00
[2022-10-17 10:48:36,667] {http.py:102} INFO - Calling HTTP method
[2022-10-17 10:48:36,687] {base.py:68} INFO - Using connection ID 'user_api' for task execution.
[2022-10-17 10:48:36,692] {http.py:129} INFO - Sending 'GET' to url:  https://random-data-api.com/api/v2/users/
[2022-10-17 10:48:37,801] {http.py:106} INFO - {"id":9759,"uid":"2a89cc28-cccd-4b9a-9165-4f742ddee87a","password":"8hETnkyb0w","first_name":"Janina","last_name":"Schoen","username":"janina.schoen","email":"janina.schoen@email.com","avatar":"https://robohash.org/nesciuntrerumadipisci.png?size=300x300\u0026set=set1","gender":"Genderqueer","phone_number":"+378 581-928-2337 x92623","social_insurance_number":"694480302","date_of_birth":"1998-10-14","employment":{"title":"Future Mining Executive","key_skill":"Confidence"},"address":{"city":"North Robbybury","street_name":"Cathrine Island","street_address":"30119 Herminia Creek","zip_code":"55409","state":"Oklahoma","country":"United States","coordinates":{"lat":-65.1981232280015,"lng":17.342341533583436}},"credit_card":{"cc_number":"6771-8993-0835-3464"},"subscription":{"plan":"Business","status":"Blocked","payment_method":"Cheque","term":"Annual"}}
[2022-10-17 10:48:37,869] {taskinstance.py:1400} INFO - Marking task as SUCCESS. dag_id=my_first_dag, task_id=extract_user, execution_date=20220114T000000, start_date=20221017T104836, end_date=20221017T104837
[2022-10-17 10:48:37,924] {local_task_job.py:156} INFO - Task exited with return code 0
[2022-10-17 10:48:37,976] {local_task_job.py:273} INFO - 0 downstream tasks scheduled from follow-on schedule check
