[2022-10-17 10:38:36,854] {taskinstance.py:1159} INFO - Dependencies all met for <TaskInstance: my_first_dag.extract_user backfill__2022-01-11T00:00:00+00:00 [queued]>
[2022-10-17 10:38:36,884] {taskinstance.py:1159} INFO - Dependencies all met for <TaskInstance: my_first_dag.extract_user backfill__2022-01-11T00:00:00+00:00 [queued]>
[2022-10-17 10:38:36,884] {taskinstance.py:1356} INFO - 
--------------------------------------------------------------------------------
[2022-10-17 10:38:36,884] {taskinstance.py:1357} INFO - Starting attempt 1 of 1
[2022-10-17 10:38:36,884] {taskinstance.py:1358} INFO - 
--------------------------------------------------------------------------------
[2022-10-17 10:38:36,932] {taskinstance.py:1377} INFO - Executing <Task(SimpleHttpOperator): extract_user> on 2022-01-11 00:00:00+00:00
[2022-10-17 10:38:36,944] {standard_task_runner.py:52} INFO - Started process 4348 to run task
[2022-10-17 10:38:36,951] {standard_task_runner.py:79} INFO - Running: ['***', 'tasks', 'run', 'my_first_dag', 'extract_user', 'backfill__2022-01-11T00:00:00+00:00', '--job-id', '137', '--pool', 'default_pool', '--raw', '--subdir', 'DAGS_FOLDER/user_processing.py', '--cfg-path', '/tmp/tmpnh2p1afx', '--error-file', '/tmp/tmp8qxcxfes']
[2022-10-17 10:38:36,953] {standard_task_runner.py:80} INFO - Job 137: Subtask extract_user
[2022-10-17 10:38:37,146] {task_command.py:369} INFO - Running <TaskInstance: my_first_dag.extract_user backfill__2022-01-11T00:00:00+00:00 [running]> on host 48b5b9061ccc
[2022-10-17 10:38:37,524] {taskinstance.py:1571} INFO - Exporting the following env vars:
AIRFLOW_CTX_DAG_OWNER=***
AIRFLOW_CTX_DAG_ID=my_first_dag
AIRFLOW_CTX_TASK_ID=extract_user
AIRFLOW_CTX_EXECUTION_DATE=2022-01-11T00:00:00+00:00
AIRFLOW_CTX_TRY_NUMBER=1
AIRFLOW_CTX_DAG_RUN_ID=backfill__2022-01-11T00:00:00+00:00
[2022-10-17 10:38:37,528] {http.py:102} INFO - Calling HTTP method
[2022-10-17 10:38:37,597] {base.py:68} INFO - Using connection ID 'user_api' for task execution.
[2022-10-17 10:38:37,615] {http.py:129} INFO - Sending 'GET' to url:  https://random-data-api.com/api/v2/users/
[2022-10-17 10:38:38,565] {http.py:106} INFO - {"id":4137,"uid":"f4999586-7d56-47ab-a888-dfd1de04d0ae","password":"ilqQIvJojk","first_name":"Sanora","last_name":"Walter","username":"sanora.walter","email":"sanora.walter@email.com","avatar":"https://robohash.org/aliasrerumquia.png?size=300x300\u0026set=set1","gender":"Genderqueer","phone_number":"+54 1-862-044-4854 x59490","social_insurance_number":"224989848","date_of_birth":"1985-09-28","employment":{"title":"Manufacturing Associate","key_skill":"Problem solving"},"address":{"city":"New Milton","street_name":"Michelle Place","street_address":"52475 Annamae Station","zip_code":"75608-9057","state":"Texas","country":"United States","coordinates":{"lat":80.01350469025402,"lng":-77.9074466381951}},"credit_card":{"cc_number":"4932-0019-0570-6340"},"subscription":{"plan":"Premium","status":"Blocked","payment_method":"Paypal","term":"Monthly"}}
[2022-10-17 10:38:38,603] {taskinstance.py:1400} INFO - Marking task as SUCCESS. dag_id=my_first_dag, task_id=extract_user, execution_date=20220111T000000, start_date=20221017T103836, end_date=20221017T103838
[2022-10-17 10:38:38,661] {local_task_job.py:156} INFO - Task exited with return code 0
[2022-10-17 10:38:38,751] {local_task_job.py:273} INFO - 0 downstream tasks scheduled from follow-on schedule check
