[2022-10-17 10:38:36,967] {taskinstance.py:1159} INFO - Dependencies all met for <TaskInstance: my_first_dag.extract_user backfill__2022-01-07T00:00:00+00:00 [queued]>
[2022-10-17 10:38:36,992] {taskinstance.py:1159} INFO - Dependencies all met for <TaskInstance: my_first_dag.extract_user backfill__2022-01-07T00:00:00+00:00 [queued]>
[2022-10-17 10:38:36,993] {taskinstance.py:1356} INFO - 
--------------------------------------------------------------------------------
[2022-10-17 10:38:36,993] {taskinstance.py:1357} INFO - Starting attempt 1 of 1
[2022-10-17 10:38:36,994] {taskinstance.py:1358} INFO - 
--------------------------------------------------------------------------------
[2022-10-17 10:38:37,024] {taskinstance.py:1377} INFO - Executing <Task(SimpleHttpOperator): extract_user> on 2022-01-07 00:00:00+00:00
[2022-10-17 10:38:37,045] {standard_task_runner.py:52} INFO - Started process 4350 to run task
[2022-10-17 10:38:37,089] {standard_task_runner.py:79} INFO - Running: ['***', 'tasks', 'run', 'my_first_dag', 'extract_user', 'backfill__2022-01-07T00:00:00+00:00', '--job-id', '140', '--pool', 'default_pool', '--raw', '--subdir', 'DAGS_FOLDER/user_processing.py', '--cfg-path', '/tmp/tmp7jmxbrsb', '--error-file', '/tmp/tmpld9zq314']
[2022-10-17 10:38:37,106] {standard_task_runner.py:80} INFO - Job 140: Subtask extract_user
[2022-10-17 10:38:37,505] {task_command.py:369} INFO - Running <TaskInstance: my_first_dag.extract_user backfill__2022-01-07T00:00:00+00:00 [running]> on host 48b5b9061ccc
[2022-10-17 10:38:37,744] {taskinstance.py:1571} INFO - Exporting the following env vars:
AIRFLOW_CTX_DAG_OWNER=***
AIRFLOW_CTX_DAG_ID=my_first_dag
AIRFLOW_CTX_TASK_ID=extract_user
AIRFLOW_CTX_EXECUTION_DATE=2022-01-07T00:00:00+00:00
AIRFLOW_CTX_TRY_NUMBER=1
AIRFLOW_CTX_DAG_RUN_ID=backfill__2022-01-07T00:00:00+00:00
[2022-10-17 10:38:37,753] {http.py:102} INFO - Calling HTTP method
[2022-10-17 10:38:37,789] {base.py:68} INFO - Using connection ID 'user_api' for task execution.
[2022-10-17 10:38:37,796] {http.py:129} INFO - Sending 'GET' to url:  https://random-data-api.com/api/v2/users/
[2022-10-17 10:38:38,662] {http.py:106} INFO - {"id":2799,"uid":"13a94090-7d08-4b39-9d4c-6cf555c50abb","password":"isU4yLQGbX","first_name":"Odessa","last_name":"Hyatt","username":"odessa.hyatt","email":"odessa.hyatt@email.com","avatar":"https://robohash.org/harumhiceum.png?size=300x300\u0026set=set1","gender":"Polygender","phone_number":"+1-441 273-856-0877 x0889","social_insurance_number":"677009763","date_of_birth":"1976-03-13","employment":{"title":"Administration Analyst","key_skill":"Technical savvy"},"address":{"city":"West Micah","street_name":"Wilderman Overpass","street_address":"542 Sunday Garden","zip_code":"89419","state":"Oregon","country":"United States","coordinates":{"lat":47.92348811894823,"lng":-130.70358010940674}},"credit_card":{"cc_number":"6771-8928-8869-7491"},"subscription":{"plan":"Bronze","status":"Idle","payment_method":"Cheque","term":"Monthly"}}
[2022-10-17 10:38:38,726] {taskinstance.py:1400} INFO - Marking task as SUCCESS. dag_id=my_first_dag, task_id=extract_user, execution_date=20220107T000000, start_date=20221017T103836, end_date=20221017T103838
[2022-10-17 10:38:38,831] {local_task_job.py:156} INFO - Task exited with return code 0
[2022-10-17 10:38:39,013] {local_task_job.py:273} INFO - 0 downstream tasks scheduled from follow-on schedule check
