[2022-10-17 10:24:24,670] {taskinstance.py:1159} INFO - Dependencies all met for <TaskInstance: my_first_dag.extract_user manual__2022-10-17T10:24:20.577359+00:00 [queued]>
[2022-10-17 10:24:24,678] {taskinstance.py:1159} INFO - Dependencies all met for <TaskInstance: my_first_dag.extract_user manual__2022-10-17T10:24:20.577359+00:00 [queued]>
[2022-10-17 10:24:24,678] {taskinstance.py:1356} INFO - 
--------------------------------------------------------------------------------
[2022-10-17 10:24:24,679] {taskinstance.py:1357} INFO - Starting attempt 1 of 1
[2022-10-17 10:24:24,680] {taskinstance.py:1358} INFO - 
--------------------------------------------------------------------------------
[2022-10-17 10:24:24,695] {taskinstance.py:1377} INFO - Executing <Task(SimpleHttpOperator): extract_user> on 2022-10-17 10:24:20.577359+00:00
[2022-10-17 10:24:24,702] {standard_task_runner.py:52} INFO - Started process 3528 to run task
[2022-10-17 10:24:24,708] {standard_task_runner.py:79} INFO - Running: ['***', 'tasks', 'run', 'my_first_dag', 'extract_user', 'manual__2022-10-17T10:24:20.577359+00:00', '--job-id', '79', '--raw', '--subdir', 'DAGS_FOLDER/user_processing.py', '--cfg-path', '/tmp/tmp8sn7djeq', '--error-file', '/tmp/tmpbjnj57gc']
[2022-10-17 10:24:24,710] {standard_task_runner.py:80} INFO - Job 79: Subtask extract_user
[2022-10-17 10:24:24,770] {task_command.py:369} INFO - Running <TaskInstance: my_first_dag.extract_user manual__2022-10-17T10:24:20.577359+00:00 [running]> on host 48b5b9061ccc
[2022-10-17 10:24:24,832] {taskinstance.py:1571} INFO - Exporting the following env vars:
AIRFLOW_CTX_DAG_OWNER=***
AIRFLOW_CTX_DAG_ID=my_first_dag
AIRFLOW_CTX_TASK_ID=extract_user
AIRFLOW_CTX_EXECUTION_DATE=2022-10-17T10:24:20.577359+00:00
AIRFLOW_CTX_TRY_NUMBER=1
AIRFLOW_CTX_DAG_RUN_ID=manual__2022-10-17T10:24:20.577359+00:00
[2022-10-17 10:24:24,833] {http.py:102} INFO - Calling HTTP method
[2022-10-17 10:24:24,841] {base.py:68} INFO - Using connection ID 'user_api' for task execution.
[2022-10-17 10:24:24,842] {http.py:129} INFO - Sending 'GET' to url:  https://random-data-api.com/api/v2/users/
[2022-10-17 10:24:25,614] {http.py:106} INFO - {"id":1402,"uid":"3a3d66d0-1341-4dbd-9ec4-df8f135f37c7","password":"sb5QIE4hvU","first_name":"Foster","last_name":"Paucek","username":"foster.paucek","email":"foster.paucek@email.com","avatar":"https://robohash.org/evenietlaboriosammaxime.png?size=300x300\u0026set=set1","gender":"Genderqueer","phone_number":"+95 1-509-628-6734","social_insurance_number":"298308420","date_of_birth":"1974-06-03","employment":{"title":"Investor Manager","key_skill":"Communication"},"address":{"city":"Fayside","street_name":"Hilll Rapid","street_address":"82248 Alisa Shoal","zip_code":"14004","state":"Georgia","country":"United States","coordinates":{"lat":-41.388880195903404,"lng":115.33679965589948}},"credit_card":{"cc_number":"4698464019709"},"subscription":{"plan":"Diamond","status":"Active","payment_method":"Visa checkout","term":"Payment in advance"}}
[2022-10-17 10:24:25,646] {taskinstance.py:1400} INFO - Marking task as SUCCESS. dag_id=my_first_dag, task_id=extract_user, execution_date=20221017T102420, start_date=20221017T102424, end_date=20221017T102425
[2022-10-17 10:24:25,700] {local_task_job.py:156} INFO - Task exited with return code 0
[2022-10-17 10:24:25,743] {local_task_job.py:273} INFO - 1 downstream tasks scheduled from follow-on schedule check
