[2022-10-13 11:55:12,269] {taskinstance.py:1159} INFO - Dependencies all met for <TaskInstance: my_first_dag.create_table manual__2022-10-13T11:55:11.352666+00:00 [queued]>
[2022-10-13 11:55:12,277] {taskinstance.py:1159} INFO - Dependencies all met for <TaskInstance: my_first_dag.create_table manual__2022-10-13T11:55:11.352666+00:00 [queued]>
[2022-10-13 11:55:12,278] {taskinstance.py:1356} INFO - 
--------------------------------------------------------------------------------
[2022-10-13 11:55:12,278] {taskinstance.py:1357} INFO - Starting attempt 1 of 1
[2022-10-13 11:55:12,278] {taskinstance.py:1358} INFO - 
--------------------------------------------------------------------------------
[2022-10-13 11:55:12,286] {taskinstance.py:1377} INFO - Executing <Task(PostgresOperator): create_table> on 2022-10-13 11:55:11.352666+00:00
[2022-10-13 11:55:12,291] {standard_task_runner.py:52} INFO - Started process 179 to run task
[2022-10-13 11:55:12,294] {standard_task_runner.py:79} INFO - Running: ['***', 'tasks', 'run', 'my_first_dag', 'create_table', 'manual__2022-10-13T11:55:11.352666+00:00', '--job-id', '6', '--raw', '--subdir', 'DAGS_FOLDER/user_processing.py', '--cfg-path', '/tmp/tmpx8l4xdcu', '--error-file', '/tmp/tmpv27h2c78']
[2022-10-13 11:55:12,295] {standard_task_runner.py:80} INFO - Job 6: Subtask create_table
[2022-10-13 11:55:12,365] {task_command.py:369} INFO - Running <TaskInstance: my_first_dag.create_table manual__2022-10-13T11:55:11.352666+00:00 [running]> on host bfbb62eba460
[2022-10-13 11:55:12,425] {taskinstance.py:1571} INFO - Exporting the following env vars:
AIRFLOW_CTX_DAG_OWNER=***
AIRFLOW_CTX_DAG_ID=my_first_dag
AIRFLOW_CTX_TASK_ID=create_table
AIRFLOW_CTX_EXECUTION_DATE=2022-10-13T11:55:11.352666+00:00
AIRFLOW_CTX_TRY_NUMBER=1
AIRFLOW_CTX_DAG_RUN_ID=manual__2022-10-13T11:55:11.352666+00:00
[2022-10-13 11:55:12,431] {base.py:68} INFO - Using connection ID 'postgres' for task execution.
[2022-10-13 11:55:12,434] {dbapi.py:208} INFO - Running statement: 
        CREATE TABLE IF NOT EXISTS users2 (
            firstname TEXT NOT NULL,
            lastname TEXT NOT NULL,
            username TEXT NOT NULL,
            password TEXT NOT NULL,
            email TEXT NOT NULL
        );
        , parameters: None
[2022-10-13 11:55:12,446] {taskinstance.py:1400} INFO - Marking task as SUCCESS. dag_id=my_first_dag, task_id=create_table, execution_date=20221013T115511, start_date=20221013T115512, end_date=20221013T115512
[2022-10-13 11:55:12,469] {local_task_job.py:156} INFO - Task exited with return code 0
[2022-10-13 11:55:12,496] {local_task_job.py:273} INFO - 1 downstream tasks scheduled from follow-on schedule check
