[2022-10-17 10:38:36,817] {taskinstance.py:1159} INFO - Dependencies all met for <TaskInstance: my_first_dag.extract_user backfill__2022-01-12T00:00:00+00:00 [queued]>
[2022-10-17 10:38:36,839] {taskinstance.py:1159} INFO - Dependencies all met for <TaskInstance: my_first_dag.extract_user backfill__2022-01-12T00:00:00+00:00 [queued]>
[2022-10-17 10:38:36,842] {taskinstance.py:1356} INFO - 
--------------------------------------------------------------------------------
[2022-10-17 10:38:36,842] {taskinstance.py:1357} INFO - Starting attempt 1 of 1
[2022-10-17 10:38:36,843] {taskinstance.py:1358} INFO - 
--------------------------------------------------------------------------------
[2022-10-17 10:38:36,864] {taskinstance.py:1377} INFO - Executing <Task(SimpleHttpOperator): extract_user> on 2022-01-12 00:00:00+00:00
[2022-10-17 10:38:36,878] {standard_task_runner.py:52} INFO - Started process 4345 to run task
[2022-10-17 10:38:36,903] {standard_task_runner.py:79} INFO - Running: ['***', 'tasks', 'run', 'my_first_dag', 'extract_user', 'backfill__2022-01-12T00:00:00+00:00', '--job-id', '135', '--pool', 'default_pool', '--raw', '--subdir', 'DAGS_FOLDER/user_processing.py', '--cfg-path', '/tmp/tmp8fo9zav7', '--error-file', '/tmp/tmpj9u60ghk']
[2022-10-17 10:38:36,907] {standard_task_runner.py:80} INFO - Job 135: Subtask extract_user
[2022-10-17 10:38:37,107] {task_command.py:369} INFO - Running <TaskInstance: my_first_dag.extract_user backfill__2022-01-12T00:00:00+00:00 [running]> on host 48b5b9061ccc
[2022-10-17 10:38:37,408] {taskinstance.py:1571} INFO - Exporting the following env vars:
AIRFLOW_CTX_DAG_OWNER=***
AIRFLOW_CTX_DAG_ID=my_first_dag
AIRFLOW_CTX_TASK_ID=extract_user
AIRFLOW_CTX_EXECUTION_DATE=2022-01-12T00:00:00+00:00
AIRFLOW_CTX_TRY_NUMBER=1
AIRFLOW_CTX_DAG_RUN_ID=backfill__2022-01-12T00:00:00+00:00
[2022-10-17 10:38:37,456] {http.py:102} INFO - Calling HTTP method
[2022-10-17 10:38:37,546] {base.py:68} INFO - Using connection ID 'user_api' for task execution.
[2022-10-17 10:38:37,555] {http.py:129} INFO - Sending 'GET' to url:  https://random-data-api.com/api/v2/users/
[2022-10-17 10:38:38,591] {http.py:106} INFO - {"id":1497,"uid":"2bd2f043-8a0e-4074-95b8-4ba2cee27cd9","password":"fH4ZDzStpg","first_name":"Lianne","last_name":"Stehr","username":"lianne.stehr","email":"lianne.stehr@email.com","avatar":"https://robohash.org/autemistedoloribus.png?size=300x300\u0026set=set1","gender":"Polygender","phone_number":"+977 1-820-717-1739 x3405","social_insurance_number":"685333171","date_of_birth":"1997-05-05","employment":{"title":"Internal Consulting Officer","key_skill":"Technical savvy"},"address":{"city":"New Iona","street_name":"Doyle Turnpike","street_address":"64942 Olimpia Station","zip_code":"83837-7089","state":"New Mexico","country":"United States","coordinates":{"lat":68.801610224983,"lng":-42.1675268160227}},"credit_card":{"cc_number":"6771-8920-9884-2507"},"subscription":{"plan":"Bronze","status":"Active","payment_method":"Debit card","term":"Monthly"}}
[2022-10-17 10:38:38,665] {taskinstance.py:1400} INFO - Marking task as SUCCESS. dag_id=my_first_dag, task_id=extract_user, execution_date=20220112T000000, start_date=20221017T103836, end_date=20221017T103838
[2022-10-17 10:38:38,750] {local_task_job.py:156} INFO - Task exited with return code 0
[2022-10-17 10:38:38,840] {local_task_job.py:273} INFO - 0 downstream tasks scheduled from follow-on schedule check
