[2022-10-17 10:48:36,322] {taskinstance.py:1159} INFO - Dependencies all met for <TaskInstance: my_first_dag.process_user backfill__2022-01-05T00:00:00+00:00 [queued]>
[2022-10-17 10:48:36,375] {taskinstance.py:1159} INFO - Dependencies all met for <TaskInstance: my_first_dag.process_user backfill__2022-01-05T00:00:00+00:00 [queued]>
[2022-10-17 10:48:36,379] {taskinstance.py:1356} INFO - 
--------------------------------------------------------------------------------
[2022-10-17 10:48:36,380] {taskinstance.py:1357} INFO - Starting attempt 1 of 1
[2022-10-17 10:48:36,380] {taskinstance.py:1358} INFO - 
--------------------------------------------------------------------------------
[2022-10-17 10:48:36,456] {taskinstance.py:1377} INFO - Executing <Task(PythonOperator): process_user> on 2022-01-05 00:00:00+00:00
[2022-10-17 10:48:36,474] {standard_task_runner.py:52} INFO - Started process 4876 to run task
[2022-10-17 10:48:36,524] {standard_task_runner.py:79} INFO - Running: ['***', 'tasks', 'run', 'my_first_dag', 'process_user', 'backfill__2022-01-05T00:00:00+00:00', '--job-id', '166', '--pool', 'default_pool', '--raw', '--subdir', 'DAGS_FOLDER/user_processing.py', '--cfg-path', '/tmp/tmpwkze_3vb', '--error-file', '/tmp/tmpivyaqwxx']
[2022-10-17 10:48:36,535] {standard_task_runner.py:80} INFO - Job 166: Subtask process_user
[2022-10-17 10:48:36,709] {task_command.py:369} INFO - Running <TaskInstance: my_first_dag.process_user backfill__2022-01-05T00:00:00+00:00 [running]> on host 48b5b9061ccc
[2022-10-17 10:48:36,858] {taskinstance.py:1571} INFO - Exporting the following env vars:
AIRFLOW_CTX_DAG_OWNER=***
AIRFLOW_CTX_DAG_ID=my_first_dag
AIRFLOW_CTX_TASK_ID=process_user
AIRFLOW_CTX_EXECUTION_DATE=2022-01-05T00:00:00+00:00
AIRFLOW_CTX_TRY_NUMBER=1
AIRFLOW_CTX_DAG_RUN_ID=backfill__2022-01-05T00:00:00+00:00
[2022-10-17 10:48:36,921] {python.py:173} INFO - Done. Returned value was: None
[2022-10-17 10:48:36,943] {taskinstance.py:1400} INFO - Marking task as SUCCESS. dag_id=my_first_dag, task_id=process_user, execution_date=20220105T000000, start_date=20221017T104836, end_date=20221017T104836
[2022-10-17 10:48:36,993] {local_task_job.py:156} INFO - Task exited with return code 0
[2022-10-17 10:48:37,022] {local_task_job.py:273} INFO - 0 downstream tasks scheduled from follow-on schedule check
