[2022-10-17 10:51:10,071] {taskinstance.py:1159} INFO - Dependencies all met for <TaskInstance: my_first_dag.extract_user manual__2022-10-17T10:51:03.915266+00:00 [queued]>
[2022-10-17 10:51:10,078] {taskinstance.py:1159} INFO - Dependencies all met for <TaskInstance: my_first_dag.extract_user manual__2022-10-17T10:51:03.915266+00:00 [queued]>
[2022-10-17 10:51:10,078] {taskinstance.py:1356} INFO - 
--------------------------------------------------------------------------------
[2022-10-17 10:51:10,078] {taskinstance.py:1357} INFO - Starting attempt 1 of 1
[2022-10-17 10:51:10,078] {taskinstance.py:1358} INFO - 
--------------------------------------------------------------------------------
[2022-10-17 10:51:10,087] {taskinstance.py:1377} INFO - Executing <Task(SimpleHttpOperator): extract_user> on 2022-10-17 10:51:03.915266+00:00
[2022-10-17 10:51:10,091] {standard_task_runner.py:52} INFO - Started process 5066 to run task
[2022-10-17 10:51:10,094] {standard_task_runner.py:79} INFO - Running: ['***', 'tasks', 'run', 'my_first_dag', 'extract_user', 'manual__2022-10-17T10:51:03.915266+00:00', '--job-id', '191', '--raw', '--subdir', 'DAGS_FOLDER/user_processing.py', '--cfg-path', '/tmp/tmpn8zcyd6c', '--error-file', '/tmp/tmpzgzr0b0w']
[2022-10-17 10:51:10,095] {standard_task_runner.py:80} INFO - Job 191: Subtask extract_user
[2022-10-17 10:51:10,133] {task_command.py:369} INFO - Running <TaskInstance: my_first_dag.extract_user manual__2022-10-17T10:51:03.915266+00:00 [running]> on host 48b5b9061ccc
[2022-10-17 10:51:10,182] {taskinstance.py:1571} INFO - Exporting the following env vars:
AIRFLOW_CTX_DAG_OWNER=***
AIRFLOW_CTX_DAG_ID=my_first_dag
AIRFLOW_CTX_TASK_ID=extract_user
AIRFLOW_CTX_EXECUTION_DATE=2022-10-17T10:51:03.915266+00:00
AIRFLOW_CTX_TRY_NUMBER=1
AIRFLOW_CTX_DAG_RUN_ID=manual__2022-10-17T10:51:03.915266+00:00
[2022-10-17 10:51:10,183] {http.py:102} INFO - Calling HTTP method
[2022-10-17 10:51:10,191] {base.py:68} INFO - Using connection ID 'user_api' for task execution.
[2022-10-17 10:51:10,192] {http.py:129} INFO - Sending 'GET' to url:  https://random-data-api.com/api/v2/users/
[2022-10-17 10:51:15,663] {http.py:106} INFO - {"id":6445,"uid":"288b40d6-083d-4015-a5f7-8814c5173a74","password":"S7OCZRhBdp","first_name":"Dorothea","last_name":"Haag","username":"dorothea.haag","email":"dorothea.haag@email.com","avatar":"https://robohash.org/utabeum.png?size=300x300\u0026set=set1","gender":"Female","phone_number":"+1-264 631-005-2444 x091","social_insurance_number":"602895385","date_of_birth":"1996-09-18","employment":{"title":"Global Farming Supervisor","key_skill":"Leadership"},"address":{"city":"Cruztown","street_name":"Reid Stravenue","street_address":"748 Streich Terrace","zip_code":"06769","state":"Illinois","country":"United States","coordinates":{"lat":-28.834026138256505,"lng":-35.8903108572496}},"credit_card":{"cc_number":"4180-9939-0979-9215"},"subscription":{"plan":"Gold","status":"Pending","payment_method":"WeChat Pay","term":"Monthly"}}
[2022-10-17 10:51:15,708] {taskinstance.py:1400} INFO - Marking task as SUCCESS. dag_id=my_first_dag, task_id=extract_user, execution_date=20221017T105103, start_date=20221017T105110, end_date=20221017T105115
[2022-10-17 10:51:15,761] {local_task_job.py:156} INFO - Task exited with return code 0
[2022-10-17 10:51:15,785] {local_task_job.py:273} INFO - 1 downstream tasks scheduled from follow-on schedule check
