[2022-10-17 10:32:58,360] {taskinstance.py:1159} INFO - Dependencies all met for <TaskInstance: my_first_dag.extract_user manual__2022-10-17T10:32:54.309653+00:00 [queued]>
[2022-10-17 10:32:58,370] {taskinstance.py:1159} INFO - Dependencies all met for <TaskInstance: my_first_dag.extract_user manual__2022-10-17T10:32:54.309653+00:00 [queued]>
[2022-10-17 10:32:58,370] {taskinstance.py:1356} INFO - 
--------------------------------------------------------------------------------
[2022-10-17 10:32:58,370] {taskinstance.py:1357} INFO - Starting attempt 1 of 1
[2022-10-17 10:32:58,371] {taskinstance.py:1358} INFO - 
--------------------------------------------------------------------------------
[2022-10-17 10:32:58,380] {taskinstance.py:1377} INFO - Executing <Task(SimpleHttpOperator): extract_user> on 2022-10-17 10:32:54.309653+00:00
[2022-10-17 10:32:58,384] {standard_task_runner.py:52} INFO - Started process 3969 to run task
[2022-10-17 10:32:58,388] {standard_task_runner.py:79} INFO - Running: ['***', 'tasks', 'run', 'my_first_dag', 'extract_user', 'manual__2022-10-17T10:32:54.309653+00:00', '--job-id', '102', '--raw', '--subdir', 'DAGS_FOLDER/user_processing.py', '--cfg-path', '/tmp/tmpqfz1v90g', '--error-file', '/tmp/tmp4htwu68o']
[2022-10-17 10:32:58,390] {standard_task_runner.py:80} INFO - Job 102: Subtask extract_user
[2022-10-17 10:32:58,434] {task_command.py:369} INFO - Running <TaskInstance: my_first_dag.extract_user manual__2022-10-17T10:32:54.309653+00:00 [running]> on host 48b5b9061ccc
[2022-10-17 10:32:58,488] {taskinstance.py:1571} INFO - Exporting the following env vars:
AIRFLOW_CTX_DAG_OWNER=***
AIRFLOW_CTX_DAG_ID=my_first_dag
AIRFLOW_CTX_TASK_ID=extract_user
AIRFLOW_CTX_EXECUTION_DATE=2022-10-17T10:32:54.309653+00:00
AIRFLOW_CTX_TRY_NUMBER=1
AIRFLOW_CTX_DAG_RUN_ID=manual__2022-10-17T10:32:54.309653+00:00
[2022-10-17 10:32:58,489] {http.py:102} INFO - Calling HTTP method
[2022-10-17 10:32:58,496] {base.py:68} INFO - Using connection ID 'user_api' for task execution.
[2022-10-17 10:32:58,498] {http.py:129} INFO - Sending 'GET' to url:  https://random-data-api.com/api/v2/users/
[2022-10-17 10:32:59,279] {http.py:106} INFO - {"id":7721,"uid":"3f90d3d0-316e-4034-96ee-672310a06ed5","password":"AnuZPxlCac","first_name":"Ambrose","last_name":"Roberts","username":"ambrose.roberts","email":"ambrose.roberts@email.com","avatar":"https://robohash.org/placeatutunde.png?size=300x300\u0026set=set1","gender":"Genderqueer","phone_number":"+1 269-216-0050","social_insurance_number":"756721908","date_of_birth":"1989-11-02","employment":{"title":"Corporate Supervisor","key_skill":"Confidence"},"address":{"city":"Dickinsonport","street_name":"Keven Mission","street_address":"2856 Jermaine Ports","zip_code":"64784","state":"Colorado","country":"United States","coordinates":{"lat":30.965776283484757,"lng":-144.60539531466827}},"credit_card":{"cc_number":"4532734964479"},"subscription":{"plan":"Free Trial","status":"Blocked","payment_method":"Visa checkout","term":"Annual"}}
[2022-10-17 10:32:59,321] {taskinstance.py:1400} INFO - Marking task as SUCCESS. dag_id=my_first_dag, task_id=extract_user, execution_date=20221017T103254, start_date=20221017T103258, end_date=20221017T103259
[2022-10-17 10:32:59,379] {local_task_job.py:156} INFO - Task exited with return code 0
[2022-10-17 10:32:59,416] {local_task_job.py:273} INFO - 1 downstream tasks scheduled from follow-on schedule check
