[2022-10-17 10:38:36,923] {taskinstance.py:1159} INFO - Dependencies all met for <TaskInstance: my_first_dag.extract_user backfill__2022-01-06T00:00:00+00:00 [queued]>
[2022-10-17 10:38:36,934] {taskinstance.py:1159} INFO - Dependencies all met for <TaskInstance: my_first_dag.extract_user backfill__2022-01-06T00:00:00+00:00 [queued]>
[2022-10-17 10:38:36,935] {taskinstance.py:1356} INFO - 
--------------------------------------------------------------------------------
[2022-10-17 10:38:36,936] {taskinstance.py:1357} INFO - Starting attempt 1 of 1
[2022-10-17 10:38:36,940] {taskinstance.py:1358} INFO - 
--------------------------------------------------------------------------------
[2022-10-17 10:38:36,955] {taskinstance.py:1377} INFO - Executing <Task(SimpleHttpOperator): extract_user> on 2022-01-06 00:00:00+00:00
[2022-10-17 10:38:36,966] {standard_task_runner.py:52} INFO - Started process 4349 to run task
[2022-10-17 10:38:37,000] {standard_task_runner.py:79} INFO - Running: ['***', 'tasks', 'run', 'my_first_dag', 'extract_user', 'backfill__2022-01-06T00:00:00+00:00', '--job-id', '139', '--pool', 'default_pool', '--raw', '--subdir', 'DAGS_FOLDER/user_processing.py', '--cfg-path', '/tmp/tmpj24babok', '--error-file', '/tmp/tmpogxdu01w']
[2022-10-17 10:38:37,005] {standard_task_runner.py:80} INFO - Job 139: Subtask extract_user
[2022-10-17 10:38:37,171] {task_command.py:369} INFO - Running <TaskInstance: my_first_dag.extract_user backfill__2022-01-06T00:00:00+00:00 [running]> on host 48b5b9061ccc
[2022-10-17 10:38:37,688] {taskinstance.py:1571} INFO - Exporting the following env vars:
AIRFLOW_CTX_DAG_OWNER=***
AIRFLOW_CTX_DAG_ID=my_first_dag
AIRFLOW_CTX_TASK_ID=extract_user
AIRFLOW_CTX_EXECUTION_DATE=2022-01-06T00:00:00+00:00
AIRFLOW_CTX_TRY_NUMBER=1
AIRFLOW_CTX_DAG_RUN_ID=backfill__2022-01-06T00:00:00+00:00
[2022-10-17 10:38:37,690] {http.py:102} INFO - Calling HTTP method
[2022-10-17 10:38:37,709] {base.py:68} INFO - Using connection ID 'user_api' for task execution.
[2022-10-17 10:38:37,712] {http.py:129} INFO - Sending 'GET' to url:  https://random-data-api.com/api/v2/users/
[2022-10-17 10:38:38,621] {http.py:106} INFO - {"id":9642,"uid":"fadd50c2-c639-4fe6-ae14-40ba7df16171","password":"BhCgomnlRV","first_name":"Hubert","last_name":"Feest","username":"hubert.feest","email":"hubert.feest@email.com","avatar":"https://robohash.org/fugiateumquidem.png?size=300x300\u0026set=set1","gender":"Polygender","phone_number":"+57 1-917-903-5417","social_insurance_number":"464419563","date_of_birth":"1987-05-22","employment":{"title":"Consulting Producer","key_skill":"Organisation"},"address":{"city":"New Ellynview","street_name":"Connelly Camp","street_address":"40541 Artie Branch","zip_code":"60149","state":"Ohio","country":"United States","coordinates":{"lat":-13.918746208059858,"lng":-77.80645960293369}},"credit_card":{"cc_number":"4328505670886"},"subscription":{"plan":"Basic","status":"Blocked","payment_method":"Debit card","term":"Annual"}}
[2022-10-17 10:38:38,715] {taskinstance.py:1400} INFO - Marking task as SUCCESS. dag_id=my_first_dag, task_id=extract_user, execution_date=20220106T000000, start_date=20221017T103836, end_date=20221017T103838
[2022-10-17 10:38:38,834] {local_task_job.py:156} INFO - Task exited with return code 0
[2022-10-17 10:38:39,036] {local_task_job.py:273} INFO - 0 downstream tasks scheduled from follow-on schedule check
