[2022-10-17 12:21:56,553] {processor.py:153} INFO - Started process (PID=2445) to work on /home/airflow/.local/lib/python3.7/site-packages/airflow/example_dags/example_sla_dag.py
[2022-10-17 12:21:56,554] {processor.py:641} INFO - Processing file /home/airflow/.local/lib/python3.7/site-packages/airflow/example_dags/example_sla_dag.py for tasks to queue
[2022-10-17 12:21:56,554] {logging_mixin.py:115} INFO - [2022-10-17 12:21:56,554] {dagbag.py:507} INFO - Filling up the DagBag from /home/airflow/.local/lib/python3.7/site-packages/airflow/example_dags/example_sla_dag.py
[2022-10-17 12:21:56,572] {processor.py:651} INFO - DAG(s) dict_keys(['example_sla_dag']) retrieved from /home/airflow/.local/lib/python3.7/site-packages/airflow/example_dags/example_sla_dag.py
[2022-10-17 12:21:56,602] {logging_mixin.py:115} INFO - [2022-10-17 12:21:56,601] {dag.py:2371} INFO - Sync 1 DAGs
[2022-10-17 12:21:56,623] {logging_mixin.py:115} INFO - [2022-10-17 12:21:56,622] {dag.py:2919} INFO - Setting next_dagrun for example_sla_dag to 2022-10-17T12:18:00+00:00, run_after=2022-10-17T12:20:00+00:00
[2022-10-17 12:21:56,633] {processor.py:161} INFO - Processing /home/airflow/.local/lib/python3.7/site-packages/airflow/example_dags/example_sla_dag.py took 0.083 seconds
[2022-10-17 12:22:27,127] {processor.py:153} INFO - Started process (PID=2508) to work on /home/airflow/.local/lib/python3.7/site-packages/airflow/example_dags/example_sla_dag.py
[2022-10-17 12:22:27,128] {processor.py:641} INFO - Processing file /home/airflow/.local/lib/python3.7/site-packages/airflow/example_dags/example_sla_dag.py for tasks to queue
[2022-10-17 12:22:27,128] {logging_mixin.py:115} INFO - [2022-10-17 12:22:27,128] {dagbag.py:507} INFO - Filling up the DagBag from /home/airflow/.local/lib/python3.7/site-packages/airflow/example_dags/example_sla_dag.py
[2022-10-17 12:22:27,139] {processor.py:651} INFO - DAG(s) dict_keys(['example_sla_dag']) retrieved from /home/airflow/.local/lib/python3.7/site-packages/airflow/example_dags/example_sla_dag.py
[2022-10-17 12:22:27,164] {logging_mixin.py:115} INFO - [2022-10-17 12:22:27,164] {dag.py:2371} INFO - Sync 1 DAGs
[2022-10-17 12:22:27,185] {logging_mixin.py:115} INFO - [2022-10-17 12:22:27,185] {dag.py:2919} INFO - Setting next_dagrun for example_sla_dag to 2022-10-17T12:20:00+00:00, run_after=2022-10-17T12:22:00+00:00
[2022-10-17 12:22:27,196] {processor.py:161} INFO - Processing /home/airflow/.local/lib/python3.7/site-packages/airflow/example_dags/example_sla_dag.py took 0.071 seconds
[2022-10-17 12:22:57,661] {processor.py:153} INFO - Started process (PID=2562) to work on /home/airflow/.local/lib/python3.7/site-packages/airflow/example_dags/example_sla_dag.py
[2022-10-17 12:22:57,661] {processor.py:641} INFO - Processing file /home/airflow/.local/lib/python3.7/site-packages/airflow/example_dags/example_sla_dag.py for tasks to queue
[2022-10-17 12:22:57,661] {logging_mixin.py:115} INFO - [2022-10-17 12:22:57,661] {dagbag.py:507} INFO - Filling up the DagBag from /home/airflow/.local/lib/python3.7/site-packages/airflow/example_dags/example_sla_dag.py
[2022-10-17 12:22:57,672] {processor.py:651} INFO - DAG(s) dict_keys(['example_sla_dag']) retrieved from /home/airflow/.local/lib/python3.7/site-packages/airflow/example_dags/example_sla_dag.py
[2022-10-17 12:22:57,688] {logging_mixin.py:115} INFO - [2022-10-17 12:22:57,688] {dag.py:2371} INFO - Sync 1 DAGs
[2022-10-17 12:22:57,703] {logging_mixin.py:115} INFO - [2022-10-17 12:22:57,703] {dag.py:2919} INFO - Setting next_dagrun for example_sla_dag to 2022-10-17T12:20:00+00:00, run_after=2022-10-17T12:22:00+00:00
[2022-10-17 12:22:57,712] {processor.py:161} INFO - Processing /home/airflow/.local/lib/python3.7/site-packages/airflow/example_dags/example_sla_dag.py took 0.053 seconds
[2022-10-17 12:23:28,042] {processor.py:153} INFO - Started process (PID=2626) to work on /home/airflow/.local/lib/python3.7/site-packages/airflow/example_dags/example_sla_dag.py
[2022-10-17 12:23:28,042] {processor.py:641} INFO - Processing file /home/airflow/.local/lib/python3.7/site-packages/airflow/example_dags/example_sla_dag.py for tasks to queue
[2022-10-17 12:23:28,043] {logging_mixin.py:115} INFO - [2022-10-17 12:23:28,043] {dagbag.py:507} INFO - Filling up the DagBag from /home/airflow/.local/lib/python3.7/site-packages/airflow/example_dags/example_sla_dag.py
[2022-10-17 12:23:28,060] {processor.py:651} INFO - DAG(s) dict_keys(['example_sla_dag']) retrieved from /home/airflow/.local/lib/python3.7/site-packages/airflow/example_dags/example_sla_dag.py
[2022-10-17 12:23:28,076] {logging_mixin.py:115} INFO - [2022-10-17 12:23:28,076] {dag.py:2371} INFO - Sync 1 DAGs
[2022-10-17 12:23:28,091] {logging_mixin.py:115} INFO - [2022-10-17 12:23:28,091] {dag.py:2919} INFO - Setting next_dagrun for example_sla_dag to 2022-10-17T12:20:00+00:00, run_after=2022-10-17T12:22:00+00:00
[2022-10-17 12:23:28,097] {processor.py:161} INFO - Processing /home/airflow/.local/lib/python3.7/site-packages/airflow/example_dags/example_sla_dag.py took 0.058 seconds
[2022-10-17 12:23:58,773] {processor.py:153} INFO - Started process (PID=2689) to work on /home/airflow/.local/lib/python3.7/site-packages/airflow/example_dags/example_sla_dag.py
[2022-10-17 12:23:58,774] {processor.py:641} INFO - Processing file /home/airflow/.local/lib/python3.7/site-packages/airflow/example_dags/example_sla_dag.py for tasks to queue
[2022-10-17 12:23:58,775] {logging_mixin.py:115} INFO - [2022-10-17 12:23:58,775] {dagbag.py:507} INFO - Filling up the DagBag from /home/airflow/.local/lib/python3.7/site-packages/airflow/example_dags/example_sla_dag.py
[2022-10-17 12:23:58,793] {processor.py:651} INFO - DAG(s) dict_keys(['example_sla_dag']) retrieved from /home/airflow/.local/lib/python3.7/site-packages/airflow/example_dags/example_sla_dag.py
[2022-10-17 12:23:58,812] {logging_mixin.py:115} INFO - [2022-10-17 12:23:58,812] {dag.py:2371} INFO - Sync 1 DAGs
[2022-10-17 12:23:58,830] {logging_mixin.py:115} INFO - [2022-10-17 12:23:58,830] {dag.py:2919} INFO - Setting next_dagrun for example_sla_dag to 2022-10-17T12:20:00+00:00, run_after=2022-10-17T12:22:00+00:00
[2022-10-17 12:23:58,836] {processor.py:161} INFO - Processing /home/airflow/.local/lib/python3.7/site-packages/airflow/example_dags/example_sla_dag.py took 0.067 seconds
[2022-10-17 12:24:29,556] {processor.py:153} INFO - Started process (PID=2752) to work on /home/airflow/.local/lib/python3.7/site-packages/airflow/example_dags/example_sla_dag.py
[2022-10-17 12:24:29,557] {processor.py:641} INFO - Processing file /home/airflow/.local/lib/python3.7/site-packages/airflow/example_dags/example_sla_dag.py for tasks to queue
[2022-10-17 12:24:29,558] {logging_mixin.py:115} INFO - [2022-10-17 12:24:29,558] {dagbag.py:507} INFO - Filling up the DagBag from /home/airflow/.local/lib/python3.7/site-packages/airflow/example_dags/example_sla_dag.py
[2022-10-17 12:24:29,577] {processor.py:651} INFO - DAG(s) dict_keys(['example_sla_dag']) retrieved from /home/airflow/.local/lib/python3.7/site-packages/airflow/example_dags/example_sla_dag.py
[2022-10-17 12:24:29,594] {logging_mixin.py:115} INFO - [2022-10-17 12:24:29,594] {dag.py:2371} INFO - Sync 1 DAGs
[2022-10-17 12:24:29,609] {logging_mixin.py:115} INFO - [2022-10-17 12:24:29,609] {dag.py:2919} INFO - Setting next_dagrun for example_sla_dag to 2022-10-17T12:22:00+00:00, run_after=2022-10-17T12:24:00+00:00
[2022-10-17 12:24:29,615] {processor.py:161} INFO - Processing /home/airflow/.local/lib/python3.7/site-packages/airflow/example_dags/example_sla_dag.py took 0.064 seconds
[2022-10-17 12:25:00,278] {processor.py:153} INFO - Started process (PID=2815) to work on /home/airflow/.local/lib/python3.7/site-packages/airflow/example_dags/example_sla_dag.py
[2022-10-17 12:25:00,279] {processor.py:641} INFO - Processing file /home/airflow/.local/lib/python3.7/site-packages/airflow/example_dags/example_sla_dag.py for tasks to queue
[2022-10-17 12:25:00,279] {logging_mixin.py:115} INFO - [2022-10-17 12:25:00,279] {dagbag.py:507} INFO - Filling up the DagBag from /home/airflow/.local/lib/python3.7/site-packages/airflow/example_dags/example_sla_dag.py
[2022-10-17 12:25:00,292] {processor.py:651} INFO - DAG(s) dict_keys(['example_sla_dag']) retrieved from /home/airflow/.local/lib/python3.7/site-packages/airflow/example_dags/example_sla_dag.py
[2022-10-17 12:25:00,307] {logging_mixin.py:115} INFO - [2022-10-17 12:25:00,307] {dag.py:2371} INFO - Sync 1 DAGs
[2022-10-17 12:25:00,322] {logging_mixin.py:115} INFO - [2022-10-17 12:25:00,322] {dag.py:2919} INFO - Setting next_dagrun for example_sla_dag to 2022-10-17T12:22:00+00:00, run_after=2022-10-17T12:24:00+00:00
[2022-10-17 12:25:00,328] {processor.py:161} INFO - Processing /home/airflow/.local/lib/python3.7/site-packages/airflow/example_dags/example_sla_dag.py took 0.052 seconds
[2022-10-17 12:25:31,000] {processor.py:153} INFO - Started process (PID=2869) to work on /home/airflow/.local/lib/python3.7/site-packages/airflow/example_dags/example_sla_dag.py
[2022-10-17 12:25:31,001] {processor.py:641} INFO - Processing file /home/airflow/.local/lib/python3.7/site-packages/airflow/example_dags/example_sla_dag.py for tasks to queue
[2022-10-17 12:25:31,001] {logging_mixin.py:115} INFO - [2022-10-17 12:25:31,001] {dagbag.py:507} INFO - Filling up the DagBag from /home/airflow/.local/lib/python3.7/site-packages/airflow/example_dags/example_sla_dag.py
[2022-10-17 12:25:31,015] {processor.py:651} INFO - DAG(s) dict_keys(['example_sla_dag']) retrieved from /home/airflow/.local/lib/python3.7/site-packages/airflow/example_dags/example_sla_dag.py
[2022-10-17 12:25:31,031] {logging_mixin.py:115} INFO - [2022-10-17 12:25:31,031] {dag.py:2371} INFO - Sync 1 DAGs
[2022-10-17 12:25:31,046] {logging_mixin.py:115} INFO - [2022-10-17 12:25:31,046] {dag.py:2919} INFO - Setting next_dagrun for example_sla_dag to 2022-10-17T12:22:00+00:00, run_after=2022-10-17T12:24:00+00:00
[2022-10-17 12:25:31,053] {processor.py:161} INFO - Processing /home/airflow/.local/lib/python3.7/site-packages/airflow/example_dags/example_sla_dag.py took 0.054 seconds
[2022-10-17 12:26:01,664] {processor.py:153} INFO - Started process (PID=2932) to work on /home/airflow/.local/lib/python3.7/site-packages/airflow/example_dags/example_sla_dag.py
[2022-10-17 12:26:01,665] {processor.py:641} INFO - Processing file /home/airflow/.local/lib/python3.7/site-packages/airflow/example_dags/example_sla_dag.py for tasks to queue
[2022-10-17 12:26:01,665] {logging_mixin.py:115} INFO - [2022-10-17 12:26:01,665] {dagbag.py:507} INFO - Filling up the DagBag from /home/airflow/.local/lib/python3.7/site-packages/airflow/example_dags/example_sla_dag.py
[2022-10-17 12:26:01,682] {processor.py:651} INFO - DAG(s) dict_keys(['example_sla_dag']) retrieved from /home/airflow/.local/lib/python3.7/site-packages/airflow/example_dags/example_sla_dag.py
[2022-10-17 12:26:01,701] {logging_mixin.py:115} INFO - [2022-10-17 12:26:01,701] {dag.py:2371} INFO - Sync 1 DAGs
[2022-10-17 12:26:01,715] {logging_mixin.py:115} INFO - [2022-10-17 12:26:01,715] {dag.py:2919} INFO - Setting next_dagrun for example_sla_dag to 2022-10-17T12:24:00+00:00, run_after=2022-10-17T12:26:00+00:00
[2022-10-17 12:26:01,721] {processor.py:161} INFO - Processing /home/airflow/.local/lib/python3.7/site-packages/airflow/example_dags/example_sla_dag.py took 0.060 seconds
[2022-10-17 12:26:32,343] {processor.py:153} INFO - Started process (PID=2995) to work on /home/airflow/.local/lib/python3.7/site-packages/airflow/example_dags/example_sla_dag.py
[2022-10-17 12:26:32,344] {processor.py:641} INFO - Processing file /home/airflow/.local/lib/python3.7/site-packages/airflow/example_dags/example_sla_dag.py for tasks to queue
[2022-10-17 12:26:32,345] {logging_mixin.py:115} INFO - [2022-10-17 12:26:32,345] {dagbag.py:507} INFO - Filling up the DagBag from /home/airflow/.local/lib/python3.7/site-packages/airflow/example_dags/example_sla_dag.py
[2022-10-17 12:26:32,364] {processor.py:651} INFO - DAG(s) dict_keys(['example_sla_dag']) retrieved from /home/airflow/.local/lib/python3.7/site-packages/airflow/example_dags/example_sla_dag.py
[2022-10-17 12:26:32,382] {logging_mixin.py:115} INFO - [2022-10-17 12:26:32,382] {dag.py:2371} INFO - Sync 1 DAGs
[2022-10-17 12:26:32,397] {logging_mixin.py:115} INFO - [2022-10-17 12:26:32,397] {dag.py:2919} INFO - Setting next_dagrun for example_sla_dag to 2022-10-17T12:24:00+00:00, run_after=2022-10-17T12:26:00+00:00
[2022-10-17 12:26:32,404] {processor.py:161} INFO - Processing /home/airflow/.local/lib/python3.7/site-packages/airflow/example_dags/example_sla_dag.py took 0.064 seconds
[2022-10-17 12:27:03,168] {processor.py:153} INFO - Started process (PID=3059) to work on /home/airflow/.local/lib/python3.7/site-packages/airflow/example_dags/example_sla_dag.py
[2022-10-17 12:27:03,169] {processor.py:641} INFO - Processing file /home/airflow/.local/lib/python3.7/site-packages/airflow/example_dags/example_sla_dag.py for tasks to queue
[2022-10-17 12:27:03,170] {logging_mixin.py:115} INFO - [2022-10-17 12:27:03,170] {dagbag.py:507} INFO - Filling up the DagBag from /home/airflow/.local/lib/python3.7/site-packages/airflow/example_dags/example_sla_dag.py
[2022-10-17 12:27:03,190] {processor.py:651} INFO - DAG(s) dict_keys(['example_sla_dag']) retrieved from /home/airflow/.local/lib/python3.7/site-packages/airflow/example_dags/example_sla_dag.py
[2022-10-17 12:27:03,209] {logging_mixin.py:115} INFO - [2022-10-17 12:27:03,209] {dag.py:2371} INFO - Sync 1 DAGs
[2022-10-17 12:27:03,224] {logging_mixin.py:115} INFO - [2022-10-17 12:27:03,224] {dag.py:2919} INFO - Setting next_dagrun for example_sla_dag to 2022-10-17T12:24:00+00:00, run_after=2022-10-17T12:26:00+00:00
[2022-10-17 12:27:03,231] {processor.py:161} INFO - Processing /home/airflow/.local/lib/python3.7/site-packages/airflow/example_dags/example_sla_dag.py took 0.068 seconds
[2022-10-17 12:27:34,069] {processor.py:153} INFO - Started process (PID=3124) to work on /home/airflow/.local/lib/python3.7/site-packages/airflow/example_dags/example_sla_dag.py
[2022-10-17 12:27:34,070] {processor.py:641} INFO - Processing file /home/airflow/.local/lib/python3.7/site-packages/airflow/example_dags/example_sla_dag.py for tasks to queue
[2022-10-17 12:27:34,071] {logging_mixin.py:115} INFO - [2022-10-17 12:27:34,070] {dagbag.py:507} INFO - Filling up the DagBag from /home/airflow/.local/lib/python3.7/site-packages/airflow/example_dags/example_sla_dag.py
[2022-10-17 12:27:34,087] {processor.py:651} INFO - DAG(s) dict_keys(['example_sla_dag']) retrieved from /home/airflow/.local/lib/python3.7/site-packages/airflow/example_dags/example_sla_dag.py
[2022-10-17 12:27:34,104] {logging_mixin.py:115} INFO - [2022-10-17 12:27:34,104] {dag.py:2371} INFO - Sync 1 DAGs
[2022-10-17 12:27:34,120] {logging_mixin.py:115} INFO - [2022-10-17 12:27:34,119] {dag.py:2919} INFO - Setting next_dagrun for example_sla_dag to 2022-10-17T12:24:00+00:00, run_after=2022-10-17T12:26:00+00:00
[2022-10-17 12:27:34,126] {processor.py:161} INFO - Processing /home/airflow/.local/lib/python3.7/site-packages/airflow/example_dags/example_sla_dag.py took 0.060 seconds
[2022-10-17 12:28:04,990] {processor.py:153} INFO - Started process (PID=3187) to work on /home/airflow/.local/lib/python3.7/site-packages/airflow/example_dags/example_sla_dag.py
[2022-10-17 12:28:04,990] {processor.py:641} INFO - Processing file /home/airflow/.local/lib/python3.7/site-packages/airflow/example_dags/example_sla_dag.py for tasks to queue
[2022-10-17 12:28:04,991] {logging_mixin.py:115} INFO - [2022-10-17 12:28:04,991] {dagbag.py:507} INFO - Filling up the DagBag from /home/airflow/.local/lib/python3.7/site-packages/airflow/example_dags/example_sla_dag.py
[2022-10-17 12:28:05,005] {processor.py:651} INFO - DAG(s) dict_keys(['example_sla_dag']) retrieved from /home/airflow/.local/lib/python3.7/site-packages/airflow/example_dags/example_sla_dag.py
[2022-10-17 12:28:05,025] {logging_mixin.py:115} INFO - [2022-10-17 12:28:05,025] {dag.py:2371} INFO - Sync 1 DAGs
[2022-10-17 12:28:05,042] {logging_mixin.py:115} INFO - [2022-10-17 12:28:05,042] {dag.py:2919} INFO - Setting next_dagrun for example_sla_dag to 2022-10-17T12:26:00+00:00, run_after=2022-10-17T12:28:00+00:00
[2022-10-17 12:28:05,053] {processor.py:161} INFO - Processing /home/airflow/.local/lib/python3.7/site-packages/airflow/example_dags/example_sla_dag.py took 0.065 seconds
[2022-10-17 12:28:35,118] {processor.py:153} INFO - Started process (PID=3241) to work on /home/airflow/.local/lib/python3.7/site-packages/airflow/example_dags/example_sla_dag.py
[2022-10-17 12:28:35,119] {processor.py:641} INFO - Processing file /home/airflow/.local/lib/python3.7/site-packages/airflow/example_dags/example_sla_dag.py for tasks to queue
[2022-10-17 12:28:35,120] {logging_mixin.py:115} INFO - [2022-10-17 12:28:35,120] {dagbag.py:507} INFO - Filling up the DagBag from /home/airflow/.local/lib/python3.7/site-packages/airflow/example_dags/example_sla_dag.py
[2022-10-17 12:28:35,143] {processor.py:651} INFO - DAG(s) dict_keys(['example_sla_dag']) retrieved from /home/airflow/.local/lib/python3.7/site-packages/airflow/example_dags/example_sla_dag.py
[2022-10-17 12:28:35,163] {logging_mixin.py:115} INFO - [2022-10-17 12:28:35,163] {dag.py:2371} INFO - Sync 1 DAGs
[2022-10-17 12:28:35,178] {logging_mixin.py:115} INFO - [2022-10-17 12:28:35,178] {dag.py:2919} INFO - Setting next_dagrun for example_sla_dag to 2022-10-17T12:26:00+00:00, run_after=2022-10-17T12:28:00+00:00
[2022-10-17 12:28:35,185] {processor.py:161} INFO - Processing /home/airflow/.local/lib/python3.7/site-packages/airflow/example_dags/example_sla_dag.py took 0.072 seconds
[2022-10-17 12:29:06,136] {processor.py:153} INFO - Started process (PID=3305) to work on /home/airflow/.local/lib/python3.7/site-packages/airflow/example_dags/example_sla_dag.py
[2022-10-17 12:29:06,136] {processor.py:641} INFO - Processing file /home/airflow/.local/lib/python3.7/site-packages/airflow/example_dags/example_sla_dag.py for tasks to queue
[2022-10-17 12:29:06,137] {logging_mixin.py:115} INFO - [2022-10-17 12:29:06,137] {dagbag.py:507} INFO - Filling up the DagBag from /home/airflow/.local/lib/python3.7/site-packages/airflow/example_dags/example_sla_dag.py
[2022-10-17 12:29:06,154] {processor.py:651} INFO - DAG(s) dict_keys(['example_sla_dag']) retrieved from /home/airflow/.local/lib/python3.7/site-packages/airflow/example_dags/example_sla_dag.py
[2022-10-17 12:29:06,171] {logging_mixin.py:115} INFO - [2022-10-17 12:29:06,171] {dag.py:2371} INFO - Sync 1 DAGs
[2022-10-17 12:29:06,187] {logging_mixin.py:115} INFO - [2022-10-17 12:29:06,187] {dag.py:2919} INFO - Setting next_dagrun for example_sla_dag to 2022-10-17T12:26:00+00:00, run_after=2022-10-17T12:28:00+00:00
[2022-10-17 12:29:06,193] {processor.py:161} INFO - Processing /home/airflow/.local/lib/python3.7/site-packages/airflow/example_dags/example_sla_dag.py took 0.060 seconds
[2022-10-17 12:29:36,406] {processor.py:153} INFO - Started process (PID=3368) to work on /home/airflow/.local/lib/python3.7/site-packages/airflow/example_dags/example_sla_dag.py
[2022-10-17 12:29:36,407] {processor.py:641} INFO - Processing file /home/airflow/.local/lib/python3.7/site-packages/airflow/example_dags/example_sla_dag.py for tasks to queue
[2022-10-17 12:29:36,407] {logging_mixin.py:115} INFO - [2022-10-17 12:29:36,407] {dagbag.py:507} INFO - Filling up the DagBag from /home/airflow/.local/lib/python3.7/site-packages/airflow/example_dags/example_sla_dag.py
[2022-10-17 12:29:36,429] {processor.py:651} INFO - DAG(s) dict_keys(['example_sla_dag']) retrieved from /home/airflow/.local/lib/python3.7/site-packages/airflow/example_dags/example_sla_dag.py
[2022-10-17 12:29:36,449] {logging_mixin.py:115} INFO - [2022-10-17 12:29:36,449] {dag.py:2371} INFO - Sync 1 DAGs
[2022-10-17 12:29:36,465] {logging_mixin.py:115} INFO - [2022-10-17 12:29:36,465] {dag.py:2919} INFO - Setting next_dagrun for example_sla_dag to 2022-10-17T12:26:00+00:00, run_after=2022-10-17T12:28:00+00:00
[2022-10-17 12:29:36,472] {processor.py:161} INFO - Processing /home/airflow/.local/lib/python3.7/site-packages/airflow/example_dags/example_sla_dag.py took 0.071 seconds
[2022-10-17 12:30:07,164] {processor.py:153} INFO - Started process (PID=3431) to work on /home/airflow/.local/lib/python3.7/site-packages/airflow/example_dags/example_sla_dag.py
[2022-10-17 12:30:07,165] {processor.py:641} INFO - Processing file /home/airflow/.local/lib/python3.7/site-packages/airflow/example_dags/example_sla_dag.py for tasks to queue
[2022-10-17 12:30:07,166] {logging_mixin.py:115} INFO - [2022-10-17 12:30:07,166] {dagbag.py:507} INFO - Filling up the DagBag from /home/airflow/.local/lib/python3.7/site-packages/airflow/example_dags/example_sla_dag.py
[2022-10-17 12:30:07,186] {processor.py:651} INFO - DAG(s) dict_keys(['example_sla_dag']) retrieved from /home/airflow/.local/lib/python3.7/site-packages/airflow/example_dags/example_sla_dag.py
[2022-10-17 12:30:07,202] {logging_mixin.py:115} INFO - [2022-10-17 12:30:07,202] {dag.py:2371} INFO - Sync 1 DAGs
[2022-10-17 12:30:07,217] {logging_mixin.py:115} INFO - [2022-10-17 12:30:07,217] {dag.py:2919} INFO - Setting next_dagrun for example_sla_dag to 2022-10-17T12:28:00+00:00, run_after=2022-10-17T12:30:00+00:00
[2022-10-17 12:30:07,225] {processor.py:161} INFO - Processing /home/airflow/.local/lib/python3.7/site-packages/airflow/example_dags/example_sla_dag.py took 0.064 seconds
[2022-10-17 12:30:38,034] {processor.py:153} INFO - Started process (PID=3492) to work on /home/airflow/.local/lib/python3.7/site-packages/airflow/example_dags/example_sla_dag.py
[2022-10-17 12:30:38,035] {processor.py:641} INFO - Processing file /home/airflow/.local/lib/python3.7/site-packages/airflow/example_dags/example_sla_dag.py for tasks to queue
[2022-10-17 12:30:38,035] {logging_mixin.py:115} INFO - [2022-10-17 12:30:38,035] {dagbag.py:507} INFO - Filling up the DagBag from /home/airflow/.local/lib/python3.7/site-packages/airflow/example_dags/example_sla_dag.py
[2022-10-17 12:30:38,048] {processor.py:651} INFO - DAG(s) dict_keys(['example_sla_dag']) retrieved from /home/airflow/.local/lib/python3.7/site-packages/airflow/example_dags/example_sla_dag.py
[2022-10-17 12:30:38,063] {logging_mixin.py:115} INFO - [2022-10-17 12:30:38,063] {dag.py:2371} INFO - Sync 1 DAGs
[2022-10-17 12:30:38,079] {logging_mixin.py:115} INFO - [2022-10-17 12:30:38,079] {dag.py:2919} INFO - Setting next_dagrun for example_sla_dag to 2022-10-17T12:28:00+00:00, run_after=2022-10-17T12:30:00+00:00
[2022-10-17 12:30:38,085] {processor.py:161} INFO - Processing /home/airflow/.local/lib/python3.7/site-packages/airflow/example_dags/example_sla_dag.py took 0.054 seconds
[2022-10-17 12:31:08,833] {processor.py:153} INFO - Started process (PID=3548) to work on /home/airflow/.local/lib/python3.7/site-packages/airflow/example_dags/example_sla_dag.py
[2022-10-17 12:31:08,834] {processor.py:641} INFO - Processing file /home/airflow/.local/lib/python3.7/site-packages/airflow/example_dags/example_sla_dag.py for tasks to queue
[2022-10-17 12:31:08,835] {logging_mixin.py:115} INFO - [2022-10-17 12:31:08,835] {dagbag.py:507} INFO - Filling up the DagBag from /home/airflow/.local/lib/python3.7/site-packages/airflow/example_dags/example_sla_dag.py
[2022-10-17 12:31:08,864] {processor.py:651} INFO - DAG(s) dict_keys(['example_sla_dag']) retrieved from /home/airflow/.local/lib/python3.7/site-packages/airflow/example_dags/example_sla_dag.py
[2022-10-17 12:31:08,880] {logging_mixin.py:115} INFO - [2022-10-17 12:31:08,880] {dag.py:2371} INFO - Sync 1 DAGs
[2022-10-17 12:31:08,895] {logging_mixin.py:115} INFO - [2022-10-17 12:31:08,895] {dag.py:2919} INFO - Setting next_dagrun for example_sla_dag to 2022-10-17T12:28:00+00:00, run_after=2022-10-17T12:30:00+00:00
[2022-10-17 12:31:08,902] {processor.py:161} INFO - Processing /home/airflow/.local/lib/python3.7/site-packages/airflow/example_dags/example_sla_dag.py took 0.071 seconds
[2022-10-17 12:31:39,507] {processor.py:153} INFO - Started process (PID=3611) to work on /home/airflow/.local/lib/python3.7/site-packages/airflow/example_dags/example_sla_dag.py
[2022-10-17 12:31:39,509] {processor.py:641} INFO - Processing file /home/airflow/.local/lib/python3.7/site-packages/airflow/example_dags/example_sla_dag.py for tasks to queue
[2022-10-17 12:31:39,509] {logging_mixin.py:115} INFO - [2022-10-17 12:31:39,509] {dagbag.py:507} INFO - Filling up the DagBag from /home/airflow/.local/lib/python3.7/site-packages/airflow/example_dags/example_sla_dag.py
[2022-10-17 12:31:39,532] {processor.py:651} INFO - DAG(s) dict_keys(['example_sla_dag']) retrieved from /home/airflow/.local/lib/python3.7/site-packages/airflow/example_dags/example_sla_dag.py
[2022-10-17 12:31:39,550] {logging_mixin.py:115} INFO - [2022-10-17 12:31:39,550] {dag.py:2371} INFO - Sync 1 DAGs
[2022-10-17 12:31:39,566] {logging_mixin.py:115} INFO - [2022-10-17 12:31:39,566] {dag.py:2919} INFO - Setting next_dagrun for example_sla_dag to 2022-10-17T12:28:00+00:00, run_after=2022-10-17T12:30:00+00:00
[2022-10-17 12:31:39,573] {processor.py:161} INFO - Processing /home/airflow/.local/lib/python3.7/site-packages/airflow/example_dags/example_sla_dag.py took 0.071 seconds
[2022-10-17 12:32:10,284] {processor.py:153} INFO - Started process (PID=3674) to work on /home/airflow/.local/lib/python3.7/site-packages/airflow/example_dags/example_sla_dag.py
[2022-10-17 12:32:10,285] {processor.py:641} INFO - Processing file /home/airflow/.local/lib/python3.7/site-packages/airflow/example_dags/example_sla_dag.py for tasks to queue
[2022-10-17 12:32:10,286] {logging_mixin.py:115} INFO - [2022-10-17 12:32:10,286] {dagbag.py:507} INFO - Filling up the DagBag from /home/airflow/.local/lib/python3.7/site-packages/airflow/example_dags/example_sla_dag.py
[2022-10-17 12:32:10,300] {processor.py:651} INFO - DAG(s) dict_keys(['example_sla_dag']) retrieved from /home/airflow/.local/lib/python3.7/site-packages/airflow/example_dags/example_sla_dag.py
[2022-10-17 12:32:10,316] {logging_mixin.py:115} INFO - [2022-10-17 12:32:10,316] {dag.py:2371} INFO - Sync 1 DAGs
[2022-10-17 12:32:10,331] {logging_mixin.py:115} INFO - [2022-10-17 12:32:10,331] {dag.py:2919} INFO - Setting next_dagrun for example_sla_dag to 2022-10-17T12:30:00+00:00, run_after=2022-10-17T12:32:00+00:00
[2022-10-17 12:32:10,338] {processor.py:161} INFO - Processing /home/airflow/.local/lib/python3.7/site-packages/airflow/example_dags/example_sla_dag.py took 0.057 seconds
[2022-10-17 12:32:41,235] {processor.py:153} INFO - Started process (PID=3737) to work on /home/airflow/.local/lib/python3.7/site-packages/airflow/example_dags/example_sla_dag.py
[2022-10-17 12:32:41,235] {processor.py:641} INFO - Processing file /home/airflow/.local/lib/python3.7/site-packages/airflow/example_dags/example_sla_dag.py for tasks to queue
[2022-10-17 12:32:41,235] {logging_mixin.py:115} INFO - [2022-10-17 12:32:41,235] {dagbag.py:507} INFO - Filling up the DagBag from /home/airflow/.local/lib/python3.7/site-packages/airflow/example_dags/example_sla_dag.py
[2022-10-17 12:32:41,249] {processor.py:651} INFO - DAG(s) dict_keys(['example_sla_dag']) retrieved from /home/airflow/.local/lib/python3.7/site-packages/airflow/example_dags/example_sla_dag.py
[2022-10-17 12:32:41,266] {logging_mixin.py:115} INFO - [2022-10-17 12:32:41,266] {dag.py:2371} INFO - Sync 1 DAGs
[2022-10-17 12:32:41,281] {logging_mixin.py:115} INFO - [2022-10-17 12:32:41,281] {dag.py:2919} INFO - Setting next_dagrun for example_sla_dag to 2022-10-17T12:30:00+00:00, run_after=2022-10-17T12:32:00+00:00
[2022-10-17 12:32:41,287] {processor.py:161} INFO - Processing /home/airflow/.local/lib/python3.7/site-packages/airflow/example_dags/example_sla_dag.py took 0.056 seconds
[2022-10-17 12:33:12,107] {processor.py:153} INFO - Started process (PID=3802) to work on /home/airflow/.local/lib/python3.7/site-packages/airflow/example_dags/example_sla_dag.py
[2022-10-17 12:33:12,108] {processor.py:641} INFO - Processing file /home/airflow/.local/lib/python3.7/site-packages/airflow/example_dags/example_sla_dag.py for tasks to queue
[2022-10-17 12:33:12,108] {logging_mixin.py:115} INFO - [2022-10-17 12:33:12,108] {dagbag.py:507} INFO - Filling up the DagBag from /home/airflow/.local/lib/python3.7/site-packages/airflow/example_dags/example_sla_dag.py
[2022-10-17 12:33:12,119] {processor.py:651} INFO - DAG(s) dict_keys(['example_sla_dag']) retrieved from /home/airflow/.local/lib/python3.7/site-packages/airflow/example_dags/example_sla_dag.py
[2022-10-17 12:33:12,138] {logging_mixin.py:115} INFO - [2022-10-17 12:33:12,138] {dag.py:2371} INFO - Sync 1 DAGs
[2022-10-17 12:33:12,153] {logging_mixin.py:115} INFO - [2022-10-17 12:33:12,153] {dag.py:2919} INFO - Setting next_dagrun for example_sla_dag to 2022-10-17T12:30:00+00:00, run_after=2022-10-17T12:32:00+00:00
[2022-10-17 12:33:12,162] {processor.py:161} INFO - Processing /home/airflow/.local/lib/python3.7/site-packages/airflow/example_dags/example_sla_dag.py took 0.059 seconds
[2022-10-17 12:33:43,040] {processor.py:153} INFO - Started process (PID=3866) to work on /home/airflow/.local/lib/python3.7/site-packages/airflow/example_dags/example_sla_dag.py
[2022-10-17 12:33:43,040] {processor.py:641} INFO - Processing file /home/airflow/.local/lib/python3.7/site-packages/airflow/example_dags/example_sla_dag.py for tasks to queue
[2022-10-17 12:33:43,040] {logging_mixin.py:115} INFO - [2022-10-17 12:33:43,040] {dagbag.py:507} INFO - Filling up the DagBag from /home/airflow/.local/lib/python3.7/site-packages/airflow/example_dags/example_sla_dag.py
[2022-10-17 12:33:43,052] {processor.py:651} INFO - DAG(s) dict_keys(['example_sla_dag']) retrieved from /home/airflow/.local/lib/python3.7/site-packages/airflow/example_dags/example_sla_dag.py
[2022-10-17 12:33:43,073] {logging_mixin.py:115} INFO - [2022-10-17 12:33:43,072] {dag.py:2371} INFO - Sync 1 DAGs
[2022-10-17 12:33:43,091] {logging_mixin.py:115} INFO - [2022-10-17 12:33:43,091] {dag.py:2919} INFO - Setting next_dagrun for example_sla_dag to 2022-10-17T12:30:00+00:00, run_after=2022-10-17T12:32:00+00:00
[2022-10-17 12:33:43,098] {processor.py:161} INFO - Processing /home/airflow/.local/lib/python3.7/site-packages/airflow/example_dags/example_sla_dag.py took 0.061 seconds
[2022-10-17 12:34:13,982] {processor.py:153} INFO - Started process (PID=3952) to work on /home/airflow/.local/lib/python3.7/site-packages/airflow/example_dags/example_sla_dag.py
[2022-10-17 12:34:13,984] {processor.py:641} INFO - Processing file /home/airflow/.local/lib/python3.7/site-packages/airflow/example_dags/example_sla_dag.py for tasks to queue
[2022-10-17 12:34:13,985] {logging_mixin.py:115} INFO - [2022-10-17 12:34:13,985] {dagbag.py:507} INFO - Filling up the DagBag from /home/airflow/.local/lib/python3.7/site-packages/airflow/example_dags/example_sla_dag.py
[2022-10-17 12:34:14,003] {processor.py:651} INFO - DAG(s) dict_keys(['example_sla_dag']) retrieved from /home/airflow/.local/lib/python3.7/site-packages/airflow/example_dags/example_sla_dag.py
[2022-10-17 12:34:14,023] {logging_mixin.py:115} INFO - [2022-10-17 12:34:14,023] {dag.py:2371} INFO - Sync 1 DAGs
[2022-10-17 12:34:14,037] {logging_mixin.py:115} INFO - [2022-10-17 12:34:14,037] {dag.py:2919} INFO - Setting next_dagrun for example_sla_dag to 2022-10-17T12:32:00+00:00, run_after=2022-10-17T12:34:00+00:00
[2022-10-17 12:34:14,044] {processor.py:161} INFO - Processing /home/airflow/.local/lib/python3.7/site-packages/airflow/example_dags/example_sla_dag.py took 0.067 seconds
[2022-10-17 12:34:44,995] {processor.py:153} INFO - Started process (PID=4013) to work on /home/airflow/.local/lib/python3.7/site-packages/airflow/example_dags/example_sla_dag.py
[2022-10-17 12:34:44,996] {processor.py:641} INFO - Processing file /home/airflow/.local/lib/python3.7/site-packages/airflow/example_dags/example_sla_dag.py for tasks to queue
[2022-10-17 12:34:44,997] {logging_mixin.py:115} INFO - [2022-10-17 12:34:44,997] {dagbag.py:507} INFO - Filling up the DagBag from /home/airflow/.local/lib/python3.7/site-packages/airflow/example_dags/example_sla_dag.py
[2022-10-17 12:34:45,015] {processor.py:651} INFO - DAG(s) dict_keys(['example_sla_dag']) retrieved from /home/airflow/.local/lib/python3.7/site-packages/airflow/example_dags/example_sla_dag.py
[2022-10-17 12:34:45,035] {logging_mixin.py:115} INFO - [2022-10-17 12:34:45,035] {dag.py:2371} INFO - Sync 1 DAGs
[2022-10-17 12:34:45,050] {logging_mixin.py:115} INFO - [2022-10-17 12:34:45,050] {dag.py:2919} INFO - Setting next_dagrun for example_sla_dag to 2022-10-17T12:32:00+00:00, run_after=2022-10-17T12:34:00+00:00
[2022-10-17 12:34:45,057] {processor.py:161} INFO - Processing /home/airflow/.local/lib/python3.7/site-packages/airflow/example_dags/example_sla_dag.py took 0.066 seconds
[2022-10-17 12:35:15,847] {processor.py:153} INFO - Started process (PID=4076) to work on /home/airflow/.local/lib/python3.7/site-packages/airflow/example_dags/example_sla_dag.py
[2022-10-17 12:35:15,849] {processor.py:641} INFO - Processing file /home/airflow/.local/lib/python3.7/site-packages/airflow/example_dags/example_sla_dag.py for tasks to queue
[2022-10-17 12:35:15,849] {logging_mixin.py:115} INFO - [2022-10-17 12:35:15,849] {dagbag.py:507} INFO - Filling up the DagBag from /home/airflow/.local/lib/python3.7/site-packages/airflow/example_dags/example_sla_dag.py
[2022-10-17 12:35:15,865] {processor.py:651} INFO - DAG(s) dict_keys(['example_sla_dag']) retrieved from /home/airflow/.local/lib/python3.7/site-packages/airflow/example_dags/example_sla_dag.py
[2022-10-17 12:35:15,883] {logging_mixin.py:115} INFO - [2022-10-17 12:35:15,883] {dag.py:2371} INFO - Sync 1 DAGs
[2022-10-17 12:35:15,897] {logging_mixin.py:115} INFO - [2022-10-17 12:35:15,897] {dag.py:2919} INFO - Setting next_dagrun for example_sla_dag to 2022-10-17T12:32:00+00:00, run_after=2022-10-17T12:34:00+00:00
[2022-10-17 12:35:15,903] {processor.py:161} INFO - Processing /home/airflow/.local/lib/python3.7/site-packages/airflow/example_dags/example_sla_dag.py took 0.060 seconds
[2022-10-17 12:35:46,650] {processor.py:153} INFO - Started process (PID=4137) to work on /home/airflow/.local/lib/python3.7/site-packages/airflow/example_dags/example_sla_dag.py
[2022-10-17 12:35:46,651] {processor.py:641} INFO - Processing file /home/airflow/.local/lib/python3.7/site-packages/airflow/example_dags/example_sla_dag.py for tasks to queue
[2022-10-17 12:35:46,651] {logging_mixin.py:115} INFO - [2022-10-17 12:35:46,651] {dagbag.py:507} INFO - Filling up the DagBag from /home/airflow/.local/lib/python3.7/site-packages/airflow/example_dags/example_sla_dag.py
[2022-10-17 12:35:46,665] {processor.py:651} INFO - DAG(s) dict_keys(['example_sla_dag']) retrieved from /home/airflow/.local/lib/python3.7/site-packages/airflow/example_dags/example_sla_dag.py
[2022-10-17 12:35:46,682] {logging_mixin.py:115} INFO - [2022-10-17 12:35:46,681] {dag.py:2371} INFO - Sync 1 DAGs
[2022-10-17 12:35:46,696] {logging_mixin.py:115} INFO - [2022-10-17 12:35:46,696] {dag.py:2919} INFO - Setting next_dagrun for example_sla_dag to 2022-10-17T12:32:00+00:00, run_after=2022-10-17T12:34:00+00:00
[2022-10-17 12:35:46,702] {processor.py:161} INFO - Processing /home/airflow/.local/lib/python3.7/site-packages/airflow/example_dags/example_sla_dag.py took 0.055 seconds
[2022-10-17 12:36:17,407] {processor.py:153} INFO - Started process (PID=4199) to work on /home/airflow/.local/lib/python3.7/site-packages/airflow/example_dags/example_sla_dag.py
[2022-10-17 12:36:17,407] {processor.py:641} INFO - Processing file /home/airflow/.local/lib/python3.7/site-packages/airflow/example_dags/example_sla_dag.py for tasks to queue
[2022-10-17 12:36:17,408] {logging_mixin.py:115} INFO - [2022-10-17 12:36:17,408] {dagbag.py:507} INFO - Filling up the DagBag from /home/airflow/.local/lib/python3.7/site-packages/airflow/example_dags/example_sla_dag.py
[2022-10-17 12:36:17,421] {processor.py:651} INFO - DAG(s) dict_keys(['example_sla_dag']) retrieved from /home/airflow/.local/lib/python3.7/site-packages/airflow/example_dags/example_sla_dag.py
[2022-10-17 12:36:17,439] {logging_mixin.py:115} INFO - [2022-10-17 12:36:17,438] {dag.py:2371} INFO - Sync 1 DAGs
[2022-10-17 12:36:17,454] {logging_mixin.py:115} INFO - [2022-10-17 12:36:17,454] {dag.py:2919} INFO - Setting next_dagrun for example_sla_dag to 2022-10-17T12:34:00+00:00, run_after=2022-10-17T12:36:00+00:00
[2022-10-17 12:36:17,461] {processor.py:161} INFO - Processing /home/airflow/.local/lib/python3.7/site-packages/airflow/example_dags/example_sla_dag.py took 0.057 seconds
[2022-10-17 12:36:48,060] {processor.py:153} INFO - Started process (PID=4253) to work on /home/airflow/.local/lib/python3.7/site-packages/airflow/example_dags/example_sla_dag.py
[2022-10-17 12:36:48,061] {processor.py:641} INFO - Processing file /home/airflow/.local/lib/python3.7/site-packages/airflow/example_dags/example_sla_dag.py for tasks to queue
[2022-10-17 12:36:48,062] {logging_mixin.py:115} INFO - [2022-10-17 12:36:48,062] {dagbag.py:507} INFO - Filling up the DagBag from /home/airflow/.local/lib/python3.7/site-packages/airflow/example_dags/example_sla_dag.py
[2022-10-17 12:36:48,076] {processor.py:651} INFO - DAG(s) dict_keys(['example_sla_dag']) retrieved from /home/airflow/.local/lib/python3.7/site-packages/airflow/example_dags/example_sla_dag.py
[2022-10-17 12:36:48,094] {logging_mixin.py:115} INFO - [2022-10-17 12:36:48,094] {dag.py:2371} INFO - Sync 1 DAGs
[2022-10-17 12:36:48,110] {logging_mixin.py:115} INFO - [2022-10-17 12:36:48,110] {dag.py:2919} INFO - Setting next_dagrun for example_sla_dag to 2022-10-17T12:34:00+00:00, run_after=2022-10-17T12:36:00+00:00
[2022-10-17 12:36:48,117] {processor.py:161} INFO - Processing /home/airflow/.local/lib/python3.7/site-packages/airflow/example_dags/example_sla_dag.py took 0.061 seconds
[2022-10-17 12:37:18,844] {processor.py:153} INFO - Started process (PID=4315) to work on /home/airflow/.local/lib/python3.7/site-packages/airflow/example_dags/example_sla_dag.py
[2022-10-17 12:37:18,844] {processor.py:641} INFO - Processing file /home/airflow/.local/lib/python3.7/site-packages/airflow/example_dags/example_sla_dag.py for tasks to queue
[2022-10-17 12:37:18,845] {logging_mixin.py:115} INFO - [2022-10-17 12:37:18,845] {dagbag.py:507} INFO - Filling up the DagBag from /home/airflow/.local/lib/python3.7/site-packages/airflow/example_dags/example_sla_dag.py
[2022-10-17 12:37:18,855] {processor.py:651} INFO - DAG(s) dict_keys(['example_sla_dag']) retrieved from /home/airflow/.local/lib/python3.7/site-packages/airflow/example_dags/example_sla_dag.py
[2022-10-17 12:37:18,873] {logging_mixin.py:115} INFO - [2022-10-17 12:37:18,873] {dag.py:2371} INFO - Sync 1 DAGs
[2022-10-17 12:37:18,890] {logging_mixin.py:115} INFO - [2022-10-17 12:37:18,890] {dag.py:2919} INFO - Setting next_dagrun for example_sla_dag to 2022-10-17T12:34:00+00:00, run_after=2022-10-17T12:36:00+00:00
[2022-10-17 12:37:18,900] {processor.py:161} INFO - Processing /home/airflow/.local/lib/python3.7/site-packages/airflow/example_dags/example_sla_dag.py took 0.058 seconds
[2022-10-17 12:37:48,942] {processor.py:153} INFO - Started process (PID=4378) to work on /home/airflow/.local/lib/python3.7/site-packages/airflow/example_dags/example_sla_dag.py
[2022-10-17 12:37:48,943] {processor.py:641} INFO - Processing file /home/airflow/.local/lib/python3.7/site-packages/airflow/example_dags/example_sla_dag.py for tasks to queue
[2022-10-17 12:37:48,943] {logging_mixin.py:115} INFO - [2022-10-17 12:37:48,943] {dagbag.py:507} INFO - Filling up the DagBag from /home/airflow/.local/lib/python3.7/site-packages/airflow/example_dags/example_sla_dag.py
[2022-10-17 12:37:48,955] {processor.py:651} INFO - DAG(s) dict_keys(['example_sla_dag']) retrieved from /home/airflow/.local/lib/python3.7/site-packages/airflow/example_dags/example_sla_dag.py
[2022-10-17 12:37:48,969] {logging_mixin.py:115} INFO - [2022-10-17 12:37:48,969] {dag.py:2371} INFO - Sync 1 DAGs
[2022-10-17 12:37:48,985] {logging_mixin.py:115} INFO - [2022-10-17 12:37:48,985] {dag.py:2919} INFO - Setting next_dagrun for example_sla_dag to 2022-10-17T12:34:00+00:00, run_after=2022-10-17T12:36:00+00:00
[2022-10-17 12:37:48,992] {processor.py:161} INFO - Processing /home/airflow/.local/lib/python3.7/site-packages/airflow/example_dags/example_sla_dag.py took 0.052 seconds
[2022-10-17 12:38:19,363] {processor.py:153} INFO - Started process (PID=4472) to work on /home/airflow/.local/lib/python3.7/site-packages/airflow/example_dags/example_sla_dag.py
[2022-10-17 12:38:19,364] {processor.py:641} INFO - Processing file /home/airflow/.local/lib/python3.7/site-packages/airflow/example_dags/example_sla_dag.py for tasks to queue
[2022-10-17 12:38:19,364] {logging_mixin.py:115} INFO - [2022-10-17 12:38:19,364] {dagbag.py:507} INFO - Filling up the DagBag from /home/airflow/.local/lib/python3.7/site-packages/airflow/example_dags/example_sla_dag.py
[2022-10-17 12:38:19,376] {processor.py:651} INFO - DAG(s) dict_keys(['example_sla_dag']) retrieved from /home/airflow/.local/lib/python3.7/site-packages/airflow/example_dags/example_sla_dag.py
[2022-10-17 12:38:19,393] {logging_mixin.py:115} INFO - [2022-10-17 12:38:19,393] {dag.py:2371} INFO - Sync 1 DAGs
[2022-10-17 12:38:19,409] {logging_mixin.py:115} INFO - [2022-10-17 12:38:19,409] {dag.py:2919} INFO - Setting next_dagrun for example_sla_dag to 2022-10-17T12:36:00+00:00, run_after=2022-10-17T12:38:00+00:00
[2022-10-17 12:38:19,416] {processor.py:161} INFO - Processing /home/airflow/.local/lib/python3.7/site-packages/airflow/example_dags/example_sla_dag.py took 0.056 seconds
[2022-10-17 12:38:49,757] {processor.py:153} INFO - Started process (PID=4525) to work on /home/airflow/.local/lib/python3.7/site-packages/airflow/example_dags/example_sla_dag.py
[2022-10-17 12:38:49,758] {processor.py:641} INFO - Processing file /home/airflow/.local/lib/python3.7/site-packages/airflow/example_dags/example_sla_dag.py for tasks to queue
[2022-10-17 12:38:49,758] {logging_mixin.py:115} INFO - [2022-10-17 12:38:49,758] {dagbag.py:507} INFO - Filling up the DagBag from /home/airflow/.local/lib/python3.7/site-packages/airflow/example_dags/example_sla_dag.py
[2022-10-17 12:38:49,773] {processor.py:651} INFO - DAG(s) dict_keys(['example_sla_dag']) retrieved from /home/airflow/.local/lib/python3.7/site-packages/airflow/example_dags/example_sla_dag.py
[2022-10-17 12:38:49,790] {logging_mixin.py:115} INFO - [2022-10-17 12:38:49,790] {dag.py:2371} INFO - Sync 1 DAGs
[2022-10-17 12:38:49,805] {logging_mixin.py:115} INFO - [2022-10-17 12:38:49,805] {dag.py:2919} INFO - Setting next_dagrun for example_sla_dag to 2022-10-17T12:36:00+00:00, run_after=2022-10-17T12:38:00+00:00
[2022-10-17 12:38:49,812] {processor.py:161} INFO - Processing /home/airflow/.local/lib/python3.7/site-packages/airflow/example_dags/example_sla_dag.py took 0.057 seconds
[2022-10-17 12:39:20,650] {processor.py:153} INFO - Started process (PID=4588) to work on /home/airflow/.local/lib/python3.7/site-packages/airflow/example_dags/example_sla_dag.py
[2022-10-17 12:39:20,651] {processor.py:641} INFO - Processing file /home/airflow/.local/lib/python3.7/site-packages/airflow/example_dags/example_sla_dag.py for tasks to queue
[2022-10-17 12:39:20,651] {logging_mixin.py:115} INFO - [2022-10-17 12:39:20,651] {dagbag.py:507} INFO - Filling up the DagBag from /home/airflow/.local/lib/python3.7/site-packages/airflow/example_dags/example_sla_dag.py
[2022-10-17 12:39:20,669] {processor.py:651} INFO - DAG(s) dict_keys(['example_sla_dag']) retrieved from /home/airflow/.local/lib/python3.7/site-packages/airflow/example_dags/example_sla_dag.py
[2022-10-17 12:39:20,689] {logging_mixin.py:115} INFO - [2022-10-17 12:39:20,689] {dag.py:2371} INFO - Sync 1 DAGs
[2022-10-17 12:39:20,703] {logging_mixin.py:115} INFO - [2022-10-17 12:39:20,703] {dag.py:2919} INFO - Setting next_dagrun for example_sla_dag to 2022-10-17T12:36:00+00:00, run_after=2022-10-17T12:38:00+00:00
[2022-10-17 12:39:20,710] {processor.py:161} INFO - Processing /home/airflow/.local/lib/python3.7/site-packages/airflow/example_dags/example_sla_dag.py took 0.063 seconds
[2022-10-17 12:39:51,352] {processor.py:153} INFO - Started process (PID=4650) to work on /home/airflow/.local/lib/python3.7/site-packages/airflow/example_dags/example_sla_dag.py
[2022-10-17 12:39:51,353] {processor.py:641} INFO - Processing file /home/airflow/.local/lib/python3.7/site-packages/airflow/example_dags/example_sla_dag.py for tasks to queue
[2022-10-17 12:39:51,354] {logging_mixin.py:115} INFO - [2022-10-17 12:39:51,354] {dagbag.py:507} INFO - Filling up the DagBag from /home/airflow/.local/lib/python3.7/site-packages/airflow/example_dags/example_sla_dag.py
[2022-10-17 12:39:51,371] {processor.py:651} INFO - DAG(s) dict_keys(['example_sla_dag']) retrieved from /home/airflow/.local/lib/python3.7/site-packages/airflow/example_dags/example_sla_dag.py
[2022-10-17 12:39:51,390] {logging_mixin.py:115} INFO - [2022-10-17 12:39:51,390] {dag.py:2371} INFO - Sync 1 DAGs
[2022-10-17 12:39:51,405] {logging_mixin.py:115} INFO - [2022-10-17 12:39:51,405] {dag.py:2919} INFO - Setting next_dagrun for example_sla_dag to 2022-10-17T12:36:00+00:00, run_after=2022-10-17T12:38:00+00:00
[2022-10-17 12:39:51,411] {processor.py:161} INFO - Processing /home/airflow/.local/lib/python3.7/site-packages/airflow/example_dags/example_sla_dag.py took 0.064 seconds
[2022-10-17 12:40:22,048] {processor.py:153} INFO - Started process (PID=4712) to work on /home/airflow/.local/lib/python3.7/site-packages/airflow/example_dags/example_sla_dag.py
[2022-10-17 12:40:22,049] {processor.py:641} INFO - Processing file /home/airflow/.local/lib/python3.7/site-packages/airflow/example_dags/example_sla_dag.py for tasks to queue
[2022-10-17 12:40:22,050] {logging_mixin.py:115} INFO - [2022-10-17 12:40:22,050] {dagbag.py:507} INFO - Filling up the DagBag from /home/airflow/.local/lib/python3.7/site-packages/airflow/example_dags/example_sla_dag.py
[2022-10-17 12:40:22,065] {processor.py:651} INFO - DAG(s) dict_keys(['example_sla_dag']) retrieved from /home/airflow/.local/lib/python3.7/site-packages/airflow/example_dags/example_sla_dag.py
[2022-10-17 12:40:22,081] {logging_mixin.py:115} INFO - [2022-10-17 12:40:22,081] {dag.py:2371} INFO - Sync 1 DAGs
[2022-10-17 12:40:22,094] {logging_mixin.py:115} INFO - [2022-10-17 12:40:22,094] {dag.py:2919} INFO - Setting next_dagrun for example_sla_dag to 2022-10-17T12:38:00+00:00, run_after=2022-10-17T12:40:00+00:00
[2022-10-17 12:40:22,101] {processor.py:161} INFO - Processing /home/airflow/.local/lib/python3.7/site-packages/airflow/example_dags/example_sla_dag.py took 0.057 seconds
[2022-10-17 12:40:52,693] {processor.py:153} INFO - Started process (PID=4774) to work on /home/airflow/.local/lib/python3.7/site-packages/airflow/example_dags/example_sla_dag.py
[2022-10-17 12:40:52,694] {processor.py:641} INFO - Processing file /home/airflow/.local/lib/python3.7/site-packages/airflow/example_dags/example_sla_dag.py for tasks to queue
[2022-10-17 12:40:52,694] {logging_mixin.py:115} INFO - [2022-10-17 12:40:52,694] {dagbag.py:507} INFO - Filling up the DagBag from /home/airflow/.local/lib/python3.7/site-packages/airflow/example_dags/example_sla_dag.py
[2022-10-17 12:40:52,708] {processor.py:651} INFO - DAG(s) dict_keys(['example_sla_dag']) retrieved from /home/airflow/.local/lib/python3.7/site-packages/airflow/example_dags/example_sla_dag.py
[2022-10-17 12:40:52,726] {logging_mixin.py:115} INFO - [2022-10-17 12:40:52,726] {dag.py:2371} INFO - Sync 1 DAGs
[2022-10-17 12:40:52,742] {logging_mixin.py:115} INFO - [2022-10-17 12:40:52,742] {dag.py:2919} INFO - Setting next_dagrun for example_sla_dag to 2022-10-17T12:38:00+00:00, run_after=2022-10-17T12:40:00+00:00
[2022-10-17 12:40:52,748] {processor.py:161} INFO - Processing /home/airflow/.local/lib/python3.7/site-packages/airflow/example_dags/example_sla_dag.py took 0.059 seconds
[2022-10-17 12:41:23,075] {processor.py:153} INFO - Started process (PID=4836) to work on /home/airflow/.local/lib/python3.7/site-packages/airflow/example_dags/example_sla_dag.py
[2022-10-17 12:41:23,075] {processor.py:641} INFO - Processing file /home/airflow/.local/lib/python3.7/site-packages/airflow/example_dags/example_sla_dag.py for tasks to queue
[2022-10-17 12:41:23,075] {logging_mixin.py:115} INFO - [2022-10-17 12:41:23,075] {dagbag.py:507} INFO - Filling up the DagBag from /home/airflow/.local/lib/python3.7/site-packages/airflow/example_dags/example_sla_dag.py
[2022-10-17 12:41:23,085] {processor.py:651} INFO - DAG(s) dict_keys(['example_sla_dag']) retrieved from /home/airflow/.local/lib/python3.7/site-packages/airflow/example_dags/example_sla_dag.py
[2022-10-17 12:41:23,103] {logging_mixin.py:115} INFO - [2022-10-17 12:41:23,102] {dag.py:2371} INFO - Sync 1 DAGs
[2022-10-17 12:41:23,117] {logging_mixin.py:115} INFO - [2022-10-17 12:41:23,117] {dag.py:2919} INFO - Setting next_dagrun for example_sla_dag to 2022-10-17T12:38:00+00:00, run_after=2022-10-17T12:40:00+00:00
[2022-10-17 12:41:23,123] {processor.py:161} INFO - Processing /home/airflow/.local/lib/python3.7/site-packages/airflow/example_dags/example_sla_dag.py took 0.052 seconds
[2022-10-17 12:41:53,797] {processor.py:153} INFO - Started process (PID=4892) to work on /home/airflow/.local/lib/python3.7/site-packages/airflow/example_dags/example_sla_dag.py
[2022-10-17 12:41:53,797] {processor.py:641} INFO - Processing file /home/airflow/.local/lib/python3.7/site-packages/airflow/example_dags/example_sla_dag.py for tasks to queue
[2022-10-17 12:41:53,797] {logging_mixin.py:115} INFO - [2022-10-17 12:41:53,797] {dagbag.py:507} INFO - Filling up the DagBag from /home/airflow/.local/lib/python3.7/site-packages/airflow/example_dags/example_sla_dag.py
[2022-10-17 12:41:53,806] {processor.py:651} INFO - DAG(s) dict_keys(['example_sla_dag']) retrieved from /home/airflow/.local/lib/python3.7/site-packages/airflow/example_dags/example_sla_dag.py
[2022-10-17 12:41:53,820] {logging_mixin.py:115} INFO - [2022-10-17 12:41:53,820] {dag.py:2371} INFO - Sync 1 DAGs
[2022-10-17 12:41:53,832] {logging_mixin.py:115} INFO - [2022-10-17 12:41:53,832] {dag.py:2919} INFO - Setting next_dagrun for example_sla_dag to 2022-10-17T12:38:00+00:00, run_after=2022-10-17T12:40:00+00:00
[2022-10-17 12:41:53,839] {processor.py:161} INFO - Processing /home/airflow/.local/lib/python3.7/site-packages/airflow/example_dags/example_sla_dag.py took 0.044 seconds
[2022-10-17 12:42:24,615] {processor.py:153} INFO - Started process (PID=4954) to work on /home/airflow/.local/lib/python3.7/site-packages/airflow/example_dags/example_sla_dag.py
[2022-10-17 12:42:24,615] {processor.py:641} INFO - Processing file /home/airflow/.local/lib/python3.7/site-packages/airflow/example_dags/example_sla_dag.py for tasks to queue
[2022-10-17 12:42:24,616] {logging_mixin.py:115} INFO - [2022-10-17 12:42:24,616] {dagbag.py:507} INFO - Filling up the DagBag from /home/airflow/.local/lib/python3.7/site-packages/airflow/example_dags/example_sla_dag.py
[2022-10-17 12:42:24,629] {processor.py:651} INFO - DAG(s) dict_keys(['example_sla_dag']) retrieved from /home/airflow/.local/lib/python3.7/site-packages/airflow/example_dags/example_sla_dag.py
[2022-10-17 12:42:24,648] {logging_mixin.py:115} INFO - [2022-10-17 12:42:24,648] {dag.py:2371} INFO - Sync 1 DAGs
[2022-10-17 12:42:24,663] {logging_mixin.py:115} INFO - [2022-10-17 12:42:24,663] {dag.py:2919} INFO - Setting next_dagrun for example_sla_dag to 2022-10-17T12:40:00+00:00, run_after=2022-10-17T12:42:00+00:00
[2022-10-17 12:42:24,669] {processor.py:161} INFO - Processing /home/airflow/.local/lib/python3.7/site-packages/airflow/example_dags/example_sla_dag.py took 0.056 seconds
[2022-10-17 12:42:55,183] {processor.py:153} INFO - Started process (PID=5019) to work on /home/airflow/.local/lib/python3.7/site-packages/airflow/example_dags/example_sla_dag.py
[2022-10-17 12:42:55,185] {processor.py:641} INFO - Processing file /home/airflow/.local/lib/python3.7/site-packages/airflow/example_dags/example_sla_dag.py for tasks to queue
[2022-10-17 12:42:55,185] {logging_mixin.py:115} INFO - [2022-10-17 12:42:55,185] {dagbag.py:507} INFO - Filling up the DagBag from /home/airflow/.local/lib/python3.7/site-packages/airflow/example_dags/example_sla_dag.py
[2022-10-17 12:42:55,199] {processor.py:651} INFO - DAG(s) dict_keys(['example_sla_dag']) retrieved from /home/airflow/.local/lib/python3.7/site-packages/airflow/example_dags/example_sla_dag.py
[2022-10-17 12:42:55,216] {logging_mixin.py:115} INFO - [2022-10-17 12:42:55,216] {dag.py:2371} INFO - Sync 1 DAGs
[2022-10-17 12:42:55,230] {logging_mixin.py:115} INFO - [2022-10-17 12:42:55,230] {dag.py:2919} INFO - Setting next_dagrun for example_sla_dag to 2022-10-17T12:40:00+00:00, run_after=2022-10-17T12:42:00+00:00
[2022-10-17 12:42:55,236] {processor.py:161} INFO - Processing /home/airflow/.local/lib/python3.7/site-packages/airflow/example_dags/example_sla_dag.py took 0.058 seconds
[2022-10-17 12:43:25,952] {processor.py:153} INFO - Started process (PID=5082) to work on /home/airflow/.local/lib/python3.7/site-packages/airflow/example_dags/example_sla_dag.py
[2022-10-17 12:43:25,953] {processor.py:641} INFO - Processing file /home/airflow/.local/lib/python3.7/site-packages/airflow/example_dags/example_sla_dag.py for tasks to queue
[2022-10-17 12:43:25,953] {logging_mixin.py:115} INFO - [2022-10-17 12:43:25,953] {dagbag.py:507} INFO - Filling up the DagBag from /home/airflow/.local/lib/python3.7/site-packages/airflow/example_dags/example_sla_dag.py
[2022-10-17 12:43:25,963] {processor.py:651} INFO - DAG(s) dict_keys(['example_sla_dag']) retrieved from /home/airflow/.local/lib/python3.7/site-packages/airflow/example_dags/example_sla_dag.py
[2022-10-17 12:43:25,979] {logging_mixin.py:115} INFO - [2022-10-17 12:43:25,979] {dag.py:2371} INFO - Sync 1 DAGs
[2022-10-17 12:43:25,995] {logging_mixin.py:115} INFO - [2022-10-17 12:43:25,995] {dag.py:2919} INFO - Setting next_dagrun for example_sla_dag to 2022-10-17T12:40:00+00:00, run_after=2022-10-17T12:42:00+00:00
[2022-10-17 12:43:26,002] {processor.py:161} INFO - Processing /home/airflow/.local/lib/python3.7/site-packages/airflow/example_dags/example_sla_dag.py took 0.052 seconds
