[2022-10-17 12:21:55,337] {processor.py:153} INFO - Started process (PID=2442) to work on /home/airflow/.local/lib/python3.7/site-packages/airflow/example_dags/example_trigger_controller_dag.py
[2022-10-17 12:21:55,338] {processor.py:641} INFO - Processing file /home/airflow/.local/lib/python3.7/site-packages/airflow/example_dags/example_trigger_controller_dag.py for tasks to queue
[2022-10-17 12:21:55,339] {logging_mixin.py:115} INFO - [2022-10-17 12:21:55,338] {dagbag.py:507} INFO - Filling up the DagBag from /home/airflow/.local/lib/python3.7/site-packages/airflow/example_dags/example_trigger_controller_dag.py
[2022-10-17 12:21:55,342] {processor.py:651} INFO - DAG(s) dict_keys(['example_trigger_controller_dag']) retrieved from /home/airflow/.local/lib/python3.7/site-packages/airflow/example_dags/example_trigger_controller_dag.py
[2022-10-17 12:21:55,391] {logging_mixin.py:115} INFO - [2022-10-17 12:21:55,391] {dag.py:2371} INFO - Sync 1 DAGs
[2022-10-17 12:21:55,425] {logging_mixin.py:115} INFO - [2022-10-17 12:21:55,425] {dag.py:2919} INFO - Setting next_dagrun for example_trigger_controller_dag to 2021-01-01T00:00:00+00:00, run_after=2021-01-01T00:00:00+00:00
[2022-10-17 12:21:55,440] {processor.py:161} INFO - Processing /home/airflow/.local/lib/python3.7/site-packages/airflow/example_dags/example_trigger_controller_dag.py took 0.107 seconds
[2022-10-17 12:22:26,030] {processor.py:153} INFO - Started process (PID=2496) to work on /home/airflow/.local/lib/python3.7/site-packages/airflow/example_dags/example_trigger_controller_dag.py
[2022-10-17 12:22:26,031] {processor.py:641} INFO - Processing file /home/airflow/.local/lib/python3.7/site-packages/airflow/example_dags/example_trigger_controller_dag.py for tasks to queue
[2022-10-17 12:22:26,031] {logging_mixin.py:115} INFO - [2022-10-17 12:22:26,031] {dagbag.py:507} INFO - Filling up the DagBag from /home/airflow/.local/lib/python3.7/site-packages/airflow/example_dags/example_trigger_controller_dag.py
[2022-10-17 12:22:26,035] {processor.py:651} INFO - DAG(s) dict_keys(['example_trigger_controller_dag']) retrieved from /home/airflow/.local/lib/python3.7/site-packages/airflow/example_dags/example_trigger_controller_dag.py
[2022-10-17 12:22:26,055] {logging_mixin.py:115} INFO - [2022-10-17 12:22:26,055] {dag.py:2371} INFO - Sync 1 DAGs
[2022-10-17 12:22:26,071] {logging_mixin.py:115} INFO - [2022-10-17 12:22:26,071] {dag.py:2919} INFO - Setting next_dagrun for example_trigger_controller_dag to 2021-01-01T00:00:00+00:00, run_after=2021-01-01T00:00:00+00:00
[2022-10-17 12:22:26,079] {processor.py:161} INFO - Processing /home/airflow/.local/lib/python3.7/site-packages/airflow/example_dags/example_trigger_controller_dag.py took 0.051 seconds
[2022-10-17 12:22:56,570] {processor.py:153} INFO - Started process (PID=2559) to work on /home/airflow/.local/lib/python3.7/site-packages/airflow/example_dags/example_trigger_controller_dag.py
[2022-10-17 12:22:56,570] {processor.py:641} INFO - Processing file /home/airflow/.local/lib/python3.7/site-packages/airflow/example_dags/example_trigger_controller_dag.py for tasks to queue
[2022-10-17 12:22:56,571] {logging_mixin.py:115} INFO - [2022-10-17 12:22:56,571] {dagbag.py:507} INFO - Filling up the DagBag from /home/airflow/.local/lib/python3.7/site-packages/airflow/example_dags/example_trigger_controller_dag.py
[2022-10-17 12:22:56,573] {processor.py:651} INFO - DAG(s) dict_keys(['example_trigger_controller_dag']) retrieved from /home/airflow/.local/lib/python3.7/site-packages/airflow/example_dags/example_trigger_controller_dag.py
[2022-10-17 12:22:56,593] {logging_mixin.py:115} INFO - [2022-10-17 12:22:56,593] {dag.py:2371} INFO - Sync 1 DAGs
[2022-10-17 12:22:56,609] {logging_mixin.py:115} INFO - [2022-10-17 12:22:56,609] {dag.py:2919} INFO - Setting next_dagrun for example_trigger_controller_dag to 2021-01-01T00:00:00+00:00, run_after=2021-01-01T00:00:00+00:00
[2022-10-17 12:22:56,619] {processor.py:161} INFO - Processing /home/airflow/.local/lib/python3.7/site-packages/airflow/example_dags/example_trigger_controller_dag.py took 0.051 seconds
[2022-10-17 12:23:26,936] {processor.py:153} INFO - Started process (PID=2623) to work on /home/airflow/.local/lib/python3.7/site-packages/airflow/example_dags/example_trigger_controller_dag.py
[2022-10-17 12:23:26,936] {processor.py:641} INFO - Processing file /home/airflow/.local/lib/python3.7/site-packages/airflow/example_dags/example_trigger_controller_dag.py for tasks to queue
[2022-10-17 12:23:26,937] {logging_mixin.py:115} INFO - [2022-10-17 12:23:26,936] {dagbag.py:507} INFO - Filling up the DagBag from /home/airflow/.local/lib/python3.7/site-packages/airflow/example_dags/example_trigger_controller_dag.py
[2022-10-17 12:23:26,939] {processor.py:651} INFO - DAG(s) dict_keys(['example_trigger_controller_dag']) retrieved from /home/airflow/.local/lib/python3.7/site-packages/airflow/example_dags/example_trigger_controller_dag.py
[2022-10-17 12:23:26,958] {logging_mixin.py:115} INFO - [2022-10-17 12:23:26,958] {dag.py:2371} INFO - Sync 1 DAGs
[2022-10-17 12:23:26,971] {logging_mixin.py:115} INFO - [2022-10-17 12:23:26,971] {dag.py:2919} INFO - Setting next_dagrun for example_trigger_controller_dag to 2021-01-01T00:00:00+00:00, run_after=2021-01-01T00:00:00+00:00
[2022-10-17 12:23:26,978] {processor.py:161} INFO - Processing /home/airflow/.local/lib/python3.7/site-packages/airflow/example_dags/example_trigger_controller_dag.py took 0.044 seconds
[2022-10-17 12:23:57,667] {processor.py:153} INFO - Started process (PID=2686) to work on /home/airflow/.local/lib/python3.7/site-packages/airflow/example_dags/example_trigger_controller_dag.py
[2022-10-17 12:23:57,668] {processor.py:641} INFO - Processing file /home/airflow/.local/lib/python3.7/site-packages/airflow/example_dags/example_trigger_controller_dag.py for tasks to queue
[2022-10-17 12:23:57,668] {logging_mixin.py:115} INFO - [2022-10-17 12:23:57,668] {dagbag.py:507} INFO - Filling up the DagBag from /home/airflow/.local/lib/python3.7/site-packages/airflow/example_dags/example_trigger_controller_dag.py
[2022-10-17 12:23:57,670] {processor.py:651} INFO - DAG(s) dict_keys(['example_trigger_controller_dag']) retrieved from /home/airflow/.local/lib/python3.7/site-packages/airflow/example_dags/example_trigger_controller_dag.py
[2022-10-17 12:23:57,690] {logging_mixin.py:115} INFO - [2022-10-17 12:23:57,690] {dag.py:2371} INFO - Sync 1 DAGs
[2022-10-17 12:23:57,704] {logging_mixin.py:115} INFO - [2022-10-17 12:23:57,704] {dag.py:2919} INFO - Setting next_dagrun for example_trigger_controller_dag to 2021-01-01T00:00:00+00:00, run_after=2021-01-01T00:00:00+00:00
[2022-10-17 12:23:57,711] {processor.py:161} INFO - Processing /home/airflow/.local/lib/python3.7/site-packages/airflow/example_dags/example_trigger_controller_dag.py took 0.046 seconds
[2022-10-17 12:24:28,452] {processor.py:153} INFO - Started process (PID=2749) to work on /home/airflow/.local/lib/python3.7/site-packages/airflow/example_dags/example_trigger_controller_dag.py
[2022-10-17 12:24:28,453] {processor.py:641} INFO - Processing file /home/airflow/.local/lib/python3.7/site-packages/airflow/example_dags/example_trigger_controller_dag.py for tasks to queue
[2022-10-17 12:24:28,453] {logging_mixin.py:115} INFO - [2022-10-17 12:24:28,453] {dagbag.py:507} INFO - Filling up the DagBag from /home/airflow/.local/lib/python3.7/site-packages/airflow/example_dags/example_trigger_controller_dag.py
[2022-10-17 12:24:28,456] {processor.py:651} INFO - DAG(s) dict_keys(['example_trigger_controller_dag']) retrieved from /home/airflow/.local/lib/python3.7/site-packages/airflow/example_dags/example_trigger_controller_dag.py
[2022-10-17 12:24:28,475] {logging_mixin.py:115} INFO - [2022-10-17 12:24:28,475] {dag.py:2371} INFO - Sync 1 DAGs
[2022-10-17 12:24:28,489] {logging_mixin.py:115} INFO - [2022-10-17 12:24:28,489] {dag.py:2919} INFO - Setting next_dagrun for example_trigger_controller_dag to 2021-01-01T00:00:00+00:00, run_after=2021-01-01T00:00:00+00:00
[2022-10-17 12:24:28,496] {processor.py:161} INFO - Processing /home/airflow/.local/lib/python3.7/site-packages/airflow/example_dags/example_trigger_controller_dag.py took 0.045 seconds
[2022-10-17 12:24:59,204] {processor.py:153} INFO - Started process (PID=2803) to work on /home/airflow/.local/lib/python3.7/site-packages/airflow/example_dags/example_trigger_controller_dag.py
[2022-10-17 12:24:59,205] {processor.py:641} INFO - Processing file /home/airflow/.local/lib/python3.7/site-packages/airflow/example_dags/example_trigger_controller_dag.py for tasks to queue
[2022-10-17 12:24:59,205] {logging_mixin.py:115} INFO - [2022-10-17 12:24:59,205] {dagbag.py:507} INFO - Filling up the DagBag from /home/airflow/.local/lib/python3.7/site-packages/airflow/example_dags/example_trigger_controller_dag.py
[2022-10-17 12:24:59,207] {processor.py:651} INFO - DAG(s) dict_keys(['example_trigger_controller_dag']) retrieved from /home/airflow/.local/lib/python3.7/site-packages/airflow/example_dags/example_trigger_controller_dag.py
[2022-10-17 12:24:59,226] {logging_mixin.py:115} INFO - [2022-10-17 12:24:59,226] {dag.py:2371} INFO - Sync 1 DAGs
[2022-10-17 12:24:59,240] {logging_mixin.py:115} INFO - [2022-10-17 12:24:59,240] {dag.py:2919} INFO - Setting next_dagrun for example_trigger_controller_dag to 2021-01-01T00:00:00+00:00, run_after=2021-01-01T00:00:00+00:00
[2022-10-17 12:24:59,247] {processor.py:161} INFO - Processing /home/airflow/.local/lib/python3.7/site-packages/airflow/example_dags/example_trigger_controller_dag.py took 0.045 seconds
[2022-10-17 12:25:29,935] {processor.py:153} INFO - Started process (PID=2866) to work on /home/airflow/.local/lib/python3.7/site-packages/airflow/example_dags/example_trigger_controller_dag.py
[2022-10-17 12:25:29,935] {processor.py:641} INFO - Processing file /home/airflow/.local/lib/python3.7/site-packages/airflow/example_dags/example_trigger_controller_dag.py for tasks to queue
[2022-10-17 12:25:29,936] {logging_mixin.py:115} INFO - [2022-10-17 12:25:29,936] {dagbag.py:507} INFO - Filling up the DagBag from /home/airflow/.local/lib/python3.7/site-packages/airflow/example_dags/example_trigger_controller_dag.py
[2022-10-17 12:25:29,938] {processor.py:651} INFO - DAG(s) dict_keys(['example_trigger_controller_dag']) retrieved from /home/airflow/.local/lib/python3.7/site-packages/airflow/example_dags/example_trigger_controller_dag.py
[2022-10-17 12:25:29,958] {logging_mixin.py:115} INFO - [2022-10-17 12:25:29,958] {dag.py:2371} INFO - Sync 1 DAGs
[2022-10-17 12:25:29,971] {logging_mixin.py:115} INFO - [2022-10-17 12:25:29,971] {dag.py:2919} INFO - Setting next_dagrun for example_trigger_controller_dag to 2021-01-01T00:00:00+00:00, run_after=2021-01-01T00:00:00+00:00
[2022-10-17 12:25:29,978] {processor.py:161} INFO - Processing /home/airflow/.local/lib/python3.7/site-packages/airflow/example_dags/example_trigger_controller_dag.py took 0.046 seconds
[2022-10-17 12:26:00,553] {processor.py:153} INFO - Started process (PID=2929) to work on /home/airflow/.local/lib/python3.7/site-packages/airflow/example_dags/example_trigger_controller_dag.py
[2022-10-17 12:26:00,554] {processor.py:641} INFO - Processing file /home/airflow/.local/lib/python3.7/site-packages/airflow/example_dags/example_trigger_controller_dag.py for tasks to queue
[2022-10-17 12:26:00,554] {logging_mixin.py:115} INFO - [2022-10-17 12:26:00,554] {dagbag.py:507} INFO - Filling up the DagBag from /home/airflow/.local/lib/python3.7/site-packages/airflow/example_dags/example_trigger_controller_dag.py
[2022-10-17 12:26:00,556] {processor.py:651} INFO - DAG(s) dict_keys(['example_trigger_controller_dag']) retrieved from /home/airflow/.local/lib/python3.7/site-packages/airflow/example_dags/example_trigger_controller_dag.py
[2022-10-17 12:26:00,576] {logging_mixin.py:115} INFO - [2022-10-17 12:26:00,576] {dag.py:2371} INFO - Sync 1 DAGs
[2022-10-17 12:26:00,589] {logging_mixin.py:115} INFO - [2022-10-17 12:26:00,589] {dag.py:2919} INFO - Setting next_dagrun for example_trigger_controller_dag to 2021-01-01T00:00:00+00:00, run_after=2021-01-01T00:00:00+00:00
[2022-10-17 12:26:00,596] {processor.py:161} INFO - Processing /home/airflow/.local/lib/python3.7/site-packages/airflow/example_dags/example_trigger_controller_dag.py took 0.045 seconds
[2022-10-17 12:26:31,251] {processor.py:153} INFO - Started process (PID=2992) to work on /home/airflow/.local/lib/python3.7/site-packages/airflow/example_dags/example_trigger_controller_dag.py
[2022-10-17 12:26:31,251] {processor.py:641} INFO - Processing file /home/airflow/.local/lib/python3.7/site-packages/airflow/example_dags/example_trigger_controller_dag.py for tasks to queue
[2022-10-17 12:26:31,252] {logging_mixin.py:115} INFO - [2022-10-17 12:26:31,252] {dagbag.py:507} INFO - Filling up the DagBag from /home/airflow/.local/lib/python3.7/site-packages/airflow/example_dags/example_trigger_controller_dag.py
[2022-10-17 12:26:31,254] {processor.py:651} INFO - DAG(s) dict_keys(['example_trigger_controller_dag']) retrieved from /home/airflow/.local/lib/python3.7/site-packages/airflow/example_dags/example_trigger_controller_dag.py
[2022-10-17 12:26:31,275] {logging_mixin.py:115} INFO - [2022-10-17 12:26:31,275] {dag.py:2371} INFO - Sync 1 DAGs
[2022-10-17 12:26:31,288] {logging_mixin.py:115} INFO - [2022-10-17 12:26:31,288] {dag.py:2919} INFO - Setting next_dagrun for example_trigger_controller_dag to 2021-01-01T00:00:00+00:00, run_after=2021-01-01T00:00:00+00:00
[2022-10-17 12:26:31,297] {processor.py:161} INFO - Processing /home/airflow/.local/lib/python3.7/site-packages/airflow/example_dags/example_trigger_controller_dag.py took 0.048 seconds
[2022-10-17 12:27:02,068] {processor.py:153} INFO - Started process (PID=3056) to work on /home/airflow/.local/lib/python3.7/site-packages/airflow/example_dags/example_trigger_controller_dag.py
[2022-10-17 12:27:02,068] {processor.py:641} INFO - Processing file /home/airflow/.local/lib/python3.7/site-packages/airflow/example_dags/example_trigger_controller_dag.py for tasks to queue
[2022-10-17 12:27:02,069] {logging_mixin.py:115} INFO - [2022-10-17 12:27:02,069] {dagbag.py:507} INFO - Filling up the DagBag from /home/airflow/.local/lib/python3.7/site-packages/airflow/example_dags/example_trigger_controller_dag.py
[2022-10-17 12:27:02,071] {processor.py:651} INFO - DAG(s) dict_keys(['example_trigger_controller_dag']) retrieved from /home/airflow/.local/lib/python3.7/site-packages/airflow/example_dags/example_trigger_controller_dag.py
[2022-10-17 12:27:02,091] {logging_mixin.py:115} INFO - [2022-10-17 12:27:02,091] {dag.py:2371} INFO - Sync 1 DAGs
[2022-10-17 12:27:02,105] {logging_mixin.py:115} INFO - [2022-10-17 12:27:02,105] {dag.py:2919} INFO - Setting next_dagrun for example_trigger_controller_dag to 2021-01-01T00:00:00+00:00, run_after=2021-01-01T00:00:00+00:00
[2022-10-17 12:27:02,111] {processor.py:161} INFO - Processing /home/airflow/.local/lib/python3.7/site-packages/airflow/example_dags/example_trigger_controller_dag.py took 0.045 seconds
[2022-10-17 12:27:32,954] {processor.py:153} INFO - Started process (PID=3121) to work on /home/airflow/.local/lib/python3.7/site-packages/airflow/example_dags/example_trigger_controller_dag.py
[2022-10-17 12:27:32,955] {processor.py:641} INFO - Processing file /home/airflow/.local/lib/python3.7/site-packages/airflow/example_dags/example_trigger_controller_dag.py for tasks to queue
[2022-10-17 12:27:32,957] {logging_mixin.py:115} INFO - [2022-10-17 12:27:32,956] {dagbag.py:507} INFO - Filling up the DagBag from /home/airflow/.local/lib/python3.7/site-packages/airflow/example_dags/example_trigger_controller_dag.py
[2022-10-17 12:27:32,959] {processor.py:651} INFO - DAG(s) dict_keys(['example_trigger_controller_dag']) retrieved from /home/airflow/.local/lib/python3.7/site-packages/airflow/example_dags/example_trigger_controller_dag.py
[2022-10-17 12:27:32,991] {logging_mixin.py:115} INFO - [2022-10-17 12:27:32,991] {dag.py:2371} INFO - Sync 1 DAGs
[2022-10-17 12:27:33,014] {logging_mixin.py:115} INFO - [2022-10-17 12:27:33,014] {dag.py:2919} INFO - Setting next_dagrun for example_trigger_controller_dag to 2021-01-01T00:00:00+00:00, run_after=2021-01-01T00:00:00+00:00
[2022-10-17 12:27:33,023] {processor.py:161} INFO - Processing /home/airflow/.local/lib/python3.7/site-packages/airflow/example_dags/example_trigger_controller_dag.py took 0.072 seconds
[2022-10-17 12:28:03,914] {processor.py:153} INFO - Started process (PID=3175) to work on /home/airflow/.local/lib/python3.7/site-packages/airflow/example_dags/example_trigger_controller_dag.py
[2022-10-17 12:28:03,915] {processor.py:641} INFO - Processing file /home/airflow/.local/lib/python3.7/site-packages/airflow/example_dags/example_trigger_controller_dag.py for tasks to queue
[2022-10-17 12:28:03,916] {logging_mixin.py:115} INFO - [2022-10-17 12:28:03,916] {dagbag.py:507} INFO - Filling up the DagBag from /home/airflow/.local/lib/python3.7/site-packages/airflow/example_dags/example_trigger_controller_dag.py
[2022-10-17 12:28:03,919] {processor.py:651} INFO - DAG(s) dict_keys(['example_trigger_controller_dag']) retrieved from /home/airflow/.local/lib/python3.7/site-packages/airflow/example_dags/example_trigger_controller_dag.py
[2022-10-17 12:28:03,945] {logging_mixin.py:115} INFO - [2022-10-17 12:28:03,945] {dag.py:2371} INFO - Sync 1 DAGs
[2022-10-17 12:28:03,960] {logging_mixin.py:115} INFO - [2022-10-17 12:28:03,960] {dag.py:2919} INFO - Setting next_dagrun for example_trigger_controller_dag to 2021-01-01T00:00:00+00:00, run_after=2021-01-01T00:00:00+00:00
[2022-10-17 12:28:03,968] {processor.py:161} INFO - Processing /home/airflow/.local/lib/python3.7/site-packages/airflow/example_dags/example_trigger_controller_dag.py took 0.057 seconds
[2022-10-17 12:28:34,021] {processor.py:153} INFO - Started process (PID=3238) to work on /home/airflow/.local/lib/python3.7/site-packages/airflow/example_dags/example_trigger_controller_dag.py
[2022-10-17 12:28:34,021] {processor.py:641} INFO - Processing file /home/airflow/.local/lib/python3.7/site-packages/airflow/example_dags/example_trigger_controller_dag.py for tasks to queue
[2022-10-17 12:28:34,022] {logging_mixin.py:115} INFO - [2022-10-17 12:28:34,022] {dagbag.py:507} INFO - Filling up the DagBag from /home/airflow/.local/lib/python3.7/site-packages/airflow/example_dags/example_trigger_controller_dag.py
[2022-10-17 12:28:34,025] {processor.py:651} INFO - DAG(s) dict_keys(['example_trigger_controller_dag']) retrieved from /home/airflow/.local/lib/python3.7/site-packages/airflow/example_dags/example_trigger_controller_dag.py
[2022-10-17 12:28:34,044] {logging_mixin.py:115} INFO - [2022-10-17 12:28:34,044] {dag.py:2371} INFO - Sync 1 DAGs
[2022-10-17 12:28:34,057] {logging_mixin.py:115} INFO - [2022-10-17 12:28:34,057] {dag.py:2919} INFO - Setting next_dagrun for example_trigger_controller_dag to 2021-01-01T00:00:00+00:00, run_after=2021-01-01T00:00:00+00:00
[2022-10-17 12:28:34,063] {processor.py:161} INFO - Processing /home/airflow/.local/lib/python3.7/site-packages/airflow/example_dags/example_trigger_controller_dag.py took 0.045 seconds
[2022-10-17 12:29:05,000] {processor.py:153} INFO - Started process (PID=3302) to work on /home/airflow/.local/lib/python3.7/site-packages/airflow/example_dags/example_trigger_controller_dag.py
[2022-10-17 12:29:05,002] {processor.py:641} INFO - Processing file /home/airflow/.local/lib/python3.7/site-packages/airflow/example_dags/example_trigger_controller_dag.py for tasks to queue
[2022-10-17 12:29:05,004] {logging_mixin.py:115} INFO - [2022-10-17 12:29:05,004] {dagbag.py:507} INFO - Filling up the DagBag from /home/airflow/.local/lib/python3.7/site-packages/airflow/example_dags/example_trigger_controller_dag.py
[2022-10-17 12:29:05,008] {processor.py:651} INFO - DAG(s) dict_keys(['example_trigger_controller_dag']) retrieved from /home/airflow/.local/lib/python3.7/site-packages/airflow/example_dags/example_trigger_controller_dag.py
[2022-10-17 12:29:05,036] {logging_mixin.py:115} INFO - [2022-10-17 12:29:05,036] {dag.py:2371} INFO - Sync 1 DAGs
[2022-10-17 12:29:05,054] {logging_mixin.py:115} INFO - [2022-10-17 12:29:05,054] {dag.py:2919} INFO - Setting next_dagrun for example_trigger_controller_dag to 2021-01-01T00:00:00+00:00, run_after=2021-01-01T00:00:00+00:00
[2022-10-17 12:29:05,080] {processor.py:161} INFO - Processing /home/airflow/.local/lib/python3.7/site-packages/airflow/example_dags/example_trigger_controller_dag.py took 0.084 seconds
[2022-10-17 12:29:35,280] {processor.py:153} INFO - Started process (PID=3365) to work on /home/airflow/.local/lib/python3.7/site-packages/airflow/example_dags/example_trigger_controller_dag.py
[2022-10-17 12:29:35,280] {processor.py:641} INFO - Processing file /home/airflow/.local/lib/python3.7/site-packages/airflow/example_dags/example_trigger_controller_dag.py for tasks to queue
[2022-10-17 12:29:35,281] {logging_mixin.py:115} INFO - [2022-10-17 12:29:35,281] {dagbag.py:507} INFO - Filling up the DagBag from /home/airflow/.local/lib/python3.7/site-packages/airflow/example_dags/example_trigger_controller_dag.py
[2022-10-17 12:29:35,287] {processor.py:651} INFO - DAG(s) dict_keys(['example_trigger_controller_dag']) retrieved from /home/airflow/.local/lib/python3.7/site-packages/airflow/example_dags/example_trigger_controller_dag.py
[2022-10-17 12:29:35,313] {logging_mixin.py:115} INFO - [2022-10-17 12:29:35,313] {dag.py:2371} INFO - Sync 1 DAGs
[2022-10-17 12:29:35,332] {logging_mixin.py:115} INFO - [2022-10-17 12:29:35,331] {dag.py:2919} INFO - Setting next_dagrun for example_trigger_controller_dag to 2021-01-01T00:00:00+00:00, run_after=2021-01-01T00:00:00+00:00
[2022-10-17 12:29:35,342] {processor.py:161} INFO - Processing /home/airflow/.local/lib/python3.7/site-packages/airflow/example_dags/example_trigger_controller_dag.py took 0.065 seconds
[2022-10-17 12:30:06,092] {processor.py:153} INFO - Started process (PID=3428) to work on /home/airflow/.local/lib/python3.7/site-packages/airflow/example_dags/example_trigger_controller_dag.py
[2022-10-17 12:30:06,093] {processor.py:641} INFO - Processing file /home/airflow/.local/lib/python3.7/site-packages/airflow/example_dags/example_trigger_controller_dag.py for tasks to queue
[2022-10-17 12:30:06,093] {logging_mixin.py:115} INFO - [2022-10-17 12:30:06,093] {dagbag.py:507} INFO - Filling up the DagBag from /home/airflow/.local/lib/python3.7/site-packages/airflow/example_dags/example_trigger_controller_dag.py
[2022-10-17 12:30:06,096] {processor.py:651} INFO - DAG(s) dict_keys(['example_trigger_controller_dag']) retrieved from /home/airflow/.local/lib/python3.7/site-packages/airflow/example_dags/example_trigger_controller_dag.py
[2022-10-17 12:30:06,115] {logging_mixin.py:115} INFO - [2022-10-17 12:30:06,115] {dag.py:2371} INFO - Sync 1 DAGs
[2022-10-17 12:30:06,128] {logging_mixin.py:115} INFO - [2022-10-17 12:30:06,128] {dag.py:2919} INFO - Setting next_dagrun for example_trigger_controller_dag to 2021-01-01T00:00:00+00:00, run_after=2021-01-01T00:00:00+00:00
[2022-10-17 12:30:06,135] {processor.py:161} INFO - Processing /home/airflow/.local/lib/python3.7/site-packages/airflow/example_dags/example_trigger_controller_dag.py took 0.045 seconds
[2022-10-17 12:30:36,964] {processor.py:153} INFO - Started process (PID=3482) to work on /home/airflow/.local/lib/python3.7/site-packages/airflow/example_dags/example_trigger_controller_dag.py
[2022-10-17 12:30:36,965] {processor.py:641} INFO - Processing file /home/airflow/.local/lib/python3.7/site-packages/airflow/example_dags/example_trigger_controller_dag.py for tasks to queue
[2022-10-17 12:30:36,965] {logging_mixin.py:115} INFO - [2022-10-17 12:30:36,965] {dagbag.py:507} INFO - Filling up the DagBag from /home/airflow/.local/lib/python3.7/site-packages/airflow/example_dags/example_trigger_controller_dag.py
[2022-10-17 12:30:36,968] {processor.py:651} INFO - DAG(s) dict_keys(['example_trigger_controller_dag']) retrieved from /home/airflow/.local/lib/python3.7/site-packages/airflow/example_dags/example_trigger_controller_dag.py
[2022-10-17 12:30:36,991] {logging_mixin.py:115} INFO - [2022-10-17 12:30:36,991] {dag.py:2371} INFO - Sync 1 DAGs
[2022-10-17 12:30:37,005] {logging_mixin.py:115} INFO - [2022-10-17 12:30:37,005] {dag.py:2919} INFO - Setting next_dagrun for example_trigger_controller_dag to 2021-01-01T00:00:00+00:00, run_after=2021-01-01T00:00:00+00:00
[2022-10-17 12:30:37,013] {processor.py:161} INFO - Processing /home/airflow/.local/lib/python3.7/site-packages/airflow/example_dags/example_trigger_controller_dag.py took 0.051 seconds
[2022-10-17 12:31:07,754] {processor.py:153} INFO - Started process (PID=3545) to work on /home/airflow/.local/lib/python3.7/site-packages/airflow/example_dags/example_trigger_controller_dag.py
[2022-10-17 12:31:07,755] {processor.py:641} INFO - Processing file /home/airflow/.local/lib/python3.7/site-packages/airflow/example_dags/example_trigger_controller_dag.py for tasks to queue
[2022-10-17 12:31:07,755] {logging_mixin.py:115} INFO - [2022-10-17 12:31:07,755] {dagbag.py:507} INFO - Filling up the DagBag from /home/airflow/.local/lib/python3.7/site-packages/airflow/example_dags/example_trigger_controller_dag.py
[2022-10-17 12:31:07,757] {processor.py:651} INFO - DAG(s) dict_keys(['example_trigger_controller_dag']) retrieved from /home/airflow/.local/lib/python3.7/site-packages/airflow/example_dags/example_trigger_controller_dag.py
[2022-10-17 12:31:07,777] {logging_mixin.py:115} INFO - [2022-10-17 12:31:07,777] {dag.py:2371} INFO - Sync 1 DAGs
[2022-10-17 12:31:07,790] {logging_mixin.py:115} INFO - [2022-10-17 12:31:07,790] {dag.py:2919} INFO - Setting next_dagrun for example_trigger_controller_dag to 2021-01-01T00:00:00+00:00, run_after=2021-01-01T00:00:00+00:00
[2022-10-17 12:31:07,797] {processor.py:161} INFO - Processing /home/airflow/.local/lib/python3.7/site-packages/airflow/example_dags/example_trigger_controller_dag.py took 0.045 seconds
[2022-10-17 12:31:38,408] {processor.py:153} INFO - Started process (PID=3608) to work on /home/airflow/.local/lib/python3.7/site-packages/airflow/example_dags/example_trigger_controller_dag.py
[2022-10-17 12:31:38,409] {processor.py:641} INFO - Processing file /home/airflow/.local/lib/python3.7/site-packages/airflow/example_dags/example_trigger_controller_dag.py for tasks to queue
[2022-10-17 12:31:38,409] {logging_mixin.py:115} INFO - [2022-10-17 12:31:38,409] {dagbag.py:507} INFO - Filling up the DagBag from /home/airflow/.local/lib/python3.7/site-packages/airflow/example_dags/example_trigger_controller_dag.py
[2022-10-17 12:31:38,411] {processor.py:651} INFO - DAG(s) dict_keys(['example_trigger_controller_dag']) retrieved from /home/airflow/.local/lib/python3.7/site-packages/airflow/example_dags/example_trigger_controller_dag.py
[2022-10-17 12:31:38,431] {logging_mixin.py:115} INFO - [2022-10-17 12:31:38,431] {dag.py:2371} INFO - Sync 1 DAGs
[2022-10-17 12:31:38,444] {logging_mixin.py:115} INFO - [2022-10-17 12:31:38,444] {dag.py:2919} INFO - Setting next_dagrun for example_trigger_controller_dag to 2021-01-01T00:00:00+00:00, run_after=2021-01-01T00:00:00+00:00
[2022-10-17 12:31:38,451] {processor.py:161} INFO - Processing /home/airflow/.local/lib/python3.7/site-packages/airflow/example_dags/example_trigger_controller_dag.py took 0.045 seconds
[2022-10-17 12:32:09,187] {processor.py:153} INFO - Started process (PID=3671) to work on /home/airflow/.local/lib/python3.7/site-packages/airflow/example_dags/example_trigger_controller_dag.py
[2022-10-17 12:32:09,187] {processor.py:641} INFO - Processing file /home/airflow/.local/lib/python3.7/site-packages/airflow/example_dags/example_trigger_controller_dag.py for tasks to queue
[2022-10-17 12:32:09,188] {logging_mixin.py:115} INFO - [2022-10-17 12:32:09,188] {dagbag.py:507} INFO - Filling up the DagBag from /home/airflow/.local/lib/python3.7/site-packages/airflow/example_dags/example_trigger_controller_dag.py
[2022-10-17 12:32:09,190] {processor.py:651} INFO - DAG(s) dict_keys(['example_trigger_controller_dag']) retrieved from /home/airflow/.local/lib/python3.7/site-packages/airflow/example_dags/example_trigger_controller_dag.py
[2022-10-17 12:32:09,209] {logging_mixin.py:115} INFO - [2022-10-17 12:32:09,209] {dag.py:2371} INFO - Sync 1 DAGs
[2022-10-17 12:32:09,226] {logging_mixin.py:115} INFO - [2022-10-17 12:32:09,226] {dag.py:2919} INFO - Setting next_dagrun for example_trigger_controller_dag to 2021-01-01T00:00:00+00:00, run_after=2021-01-01T00:00:00+00:00
[2022-10-17 12:32:09,233] {processor.py:161} INFO - Processing /home/airflow/.local/lib/python3.7/site-packages/airflow/example_dags/example_trigger_controller_dag.py took 0.049 seconds
[2022-10-17 12:32:40,155] {processor.py:153} INFO - Started process (PID=3734) to work on /home/airflow/.local/lib/python3.7/site-packages/airflow/example_dags/example_trigger_controller_dag.py
[2022-10-17 12:32:40,156] {processor.py:641} INFO - Processing file /home/airflow/.local/lib/python3.7/site-packages/airflow/example_dags/example_trigger_controller_dag.py for tasks to queue
[2022-10-17 12:32:40,156] {logging_mixin.py:115} INFO - [2022-10-17 12:32:40,156] {dagbag.py:507} INFO - Filling up the DagBag from /home/airflow/.local/lib/python3.7/site-packages/airflow/example_dags/example_trigger_controller_dag.py
[2022-10-17 12:32:40,158] {processor.py:651} INFO - DAG(s) dict_keys(['example_trigger_controller_dag']) retrieved from /home/airflow/.local/lib/python3.7/site-packages/airflow/example_dags/example_trigger_controller_dag.py
[2022-10-17 12:32:40,177] {logging_mixin.py:115} INFO - [2022-10-17 12:32:40,177] {dag.py:2371} INFO - Sync 1 DAGs
[2022-10-17 12:32:40,190] {logging_mixin.py:115} INFO - [2022-10-17 12:32:40,190] {dag.py:2919} INFO - Setting next_dagrun for example_trigger_controller_dag to 2021-01-01T00:00:00+00:00, run_after=2021-01-01T00:00:00+00:00
[2022-10-17 12:32:40,202] {processor.py:161} INFO - Processing /home/airflow/.local/lib/python3.7/site-packages/airflow/example_dags/example_trigger_controller_dag.py took 0.049 seconds
[2022-10-17 12:33:11,019] {processor.py:153} INFO - Started process (PID=3799) to work on /home/airflow/.local/lib/python3.7/site-packages/airflow/example_dags/example_trigger_controller_dag.py
[2022-10-17 12:33:11,020] {processor.py:641} INFO - Processing file /home/airflow/.local/lib/python3.7/site-packages/airflow/example_dags/example_trigger_controller_dag.py for tasks to queue
[2022-10-17 12:33:11,020] {logging_mixin.py:115} INFO - [2022-10-17 12:33:11,020] {dagbag.py:507} INFO - Filling up the DagBag from /home/airflow/.local/lib/python3.7/site-packages/airflow/example_dags/example_trigger_controller_dag.py
[2022-10-17 12:33:11,023] {processor.py:651} INFO - DAG(s) dict_keys(['example_trigger_controller_dag']) retrieved from /home/airflow/.local/lib/python3.7/site-packages/airflow/example_dags/example_trigger_controller_dag.py
[2022-10-17 12:33:11,041] {logging_mixin.py:115} INFO - [2022-10-17 12:33:11,041] {dag.py:2371} INFO - Sync 1 DAGs
[2022-10-17 12:33:11,054] {logging_mixin.py:115} INFO - [2022-10-17 12:33:11,054] {dag.py:2919} INFO - Setting next_dagrun for example_trigger_controller_dag to 2021-01-01T00:00:00+00:00, run_after=2021-01-01T00:00:00+00:00
[2022-10-17 12:33:11,062] {processor.py:161} INFO - Processing /home/airflow/.local/lib/python3.7/site-packages/airflow/example_dags/example_trigger_controller_dag.py took 0.044 seconds
[2022-10-17 12:33:41,971] {processor.py:153} INFO - Started process (PID=3854) to work on /home/airflow/.local/lib/python3.7/site-packages/airflow/example_dags/example_trigger_controller_dag.py
[2022-10-17 12:33:41,972] {processor.py:641} INFO - Processing file /home/airflow/.local/lib/python3.7/site-packages/airflow/example_dags/example_trigger_controller_dag.py for tasks to queue
[2022-10-17 12:33:41,972] {logging_mixin.py:115} INFO - [2022-10-17 12:33:41,972] {dagbag.py:507} INFO - Filling up the DagBag from /home/airflow/.local/lib/python3.7/site-packages/airflow/example_dags/example_trigger_controller_dag.py
[2022-10-17 12:33:41,974] {processor.py:651} INFO - DAG(s) dict_keys(['example_trigger_controller_dag']) retrieved from /home/airflow/.local/lib/python3.7/site-packages/airflow/example_dags/example_trigger_controller_dag.py
[2022-10-17 12:33:41,992] {logging_mixin.py:115} INFO - [2022-10-17 12:33:41,992] {dag.py:2371} INFO - Sync 1 DAGs
[2022-10-17 12:33:42,006] {logging_mixin.py:115} INFO - [2022-10-17 12:33:42,006] {dag.py:2919} INFO - Setting next_dagrun for example_trigger_controller_dag to 2021-01-01T00:00:00+00:00, run_after=2021-01-01T00:00:00+00:00
[2022-10-17 12:33:42,013] {processor.py:161} INFO - Processing /home/airflow/.local/lib/python3.7/site-packages/airflow/example_dags/example_trigger_controller_dag.py took 0.044 seconds
[2022-10-17 12:34:12,879] {processor.py:153} INFO - Started process (PID=3949) to work on /home/airflow/.local/lib/python3.7/site-packages/airflow/example_dags/example_trigger_controller_dag.py
[2022-10-17 12:34:12,880] {processor.py:641} INFO - Processing file /home/airflow/.local/lib/python3.7/site-packages/airflow/example_dags/example_trigger_controller_dag.py for tasks to queue
[2022-10-17 12:34:12,880] {logging_mixin.py:115} INFO - [2022-10-17 12:34:12,880] {dagbag.py:507} INFO - Filling up the DagBag from /home/airflow/.local/lib/python3.7/site-packages/airflow/example_dags/example_trigger_controller_dag.py
[2022-10-17 12:34:12,882] {processor.py:651} INFO - DAG(s) dict_keys(['example_trigger_controller_dag']) retrieved from /home/airflow/.local/lib/python3.7/site-packages/airflow/example_dags/example_trigger_controller_dag.py
[2022-10-17 12:34:12,901] {logging_mixin.py:115} INFO - [2022-10-17 12:34:12,901] {dag.py:2371} INFO - Sync 1 DAGs
[2022-10-17 12:34:12,914] {logging_mixin.py:115} INFO - [2022-10-17 12:34:12,914] {dag.py:2919} INFO - Setting next_dagrun for example_trigger_controller_dag to 2021-01-01T00:00:00+00:00, run_after=2021-01-01T00:00:00+00:00
[2022-10-17 12:34:12,921] {processor.py:161} INFO - Processing /home/airflow/.local/lib/python3.7/site-packages/airflow/example_dags/example_trigger_controller_dag.py took 0.044 seconds
[2022-10-17 12:34:43,886] {processor.py:153} INFO - Started process (PID=4010) to work on /home/airflow/.local/lib/python3.7/site-packages/airflow/example_dags/example_trigger_controller_dag.py
[2022-10-17 12:34:43,886] {processor.py:641} INFO - Processing file /home/airflow/.local/lib/python3.7/site-packages/airflow/example_dags/example_trigger_controller_dag.py for tasks to queue
[2022-10-17 12:34:43,887] {logging_mixin.py:115} INFO - [2022-10-17 12:34:43,887] {dagbag.py:507} INFO - Filling up the DagBag from /home/airflow/.local/lib/python3.7/site-packages/airflow/example_dags/example_trigger_controller_dag.py
[2022-10-17 12:34:43,889] {processor.py:651} INFO - DAG(s) dict_keys(['example_trigger_controller_dag']) retrieved from /home/airflow/.local/lib/python3.7/site-packages/airflow/example_dags/example_trigger_controller_dag.py
[2022-10-17 12:34:43,907] {logging_mixin.py:115} INFO - [2022-10-17 12:34:43,907] {dag.py:2371} INFO - Sync 1 DAGs
[2022-10-17 12:34:43,920] {logging_mixin.py:115} INFO - [2022-10-17 12:34:43,920] {dag.py:2919} INFO - Setting next_dagrun for example_trigger_controller_dag to 2021-01-01T00:00:00+00:00, run_after=2021-01-01T00:00:00+00:00
[2022-10-17 12:34:43,927] {processor.py:161} INFO - Processing /home/airflow/.local/lib/python3.7/site-packages/airflow/example_dags/example_trigger_controller_dag.py took 0.044 seconds
[2022-10-17 12:35:14,744] {processor.py:153} INFO - Started process (PID=4073) to work on /home/airflow/.local/lib/python3.7/site-packages/airflow/example_dags/example_trigger_controller_dag.py
[2022-10-17 12:35:14,745] {processor.py:641} INFO - Processing file /home/airflow/.local/lib/python3.7/site-packages/airflow/example_dags/example_trigger_controller_dag.py for tasks to queue
[2022-10-17 12:35:14,745] {logging_mixin.py:115} INFO - [2022-10-17 12:35:14,745] {dagbag.py:507} INFO - Filling up the DagBag from /home/airflow/.local/lib/python3.7/site-packages/airflow/example_dags/example_trigger_controller_dag.py
[2022-10-17 12:35:14,748] {processor.py:651} INFO - DAG(s) dict_keys(['example_trigger_controller_dag']) retrieved from /home/airflow/.local/lib/python3.7/site-packages/airflow/example_dags/example_trigger_controller_dag.py
[2022-10-17 12:35:14,770] {logging_mixin.py:115} INFO - [2022-10-17 12:35:14,770] {dag.py:2371} INFO - Sync 1 DAGs
[2022-10-17 12:35:14,783] {logging_mixin.py:115} INFO - [2022-10-17 12:35:14,783] {dag.py:2919} INFO - Setting next_dagrun for example_trigger_controller_dag to 2021-01-01T00:00:00+00:00, run_after=2021-01-01T00:00:00+00:00
[2022-10-17 12:35:14,792] {processor.py:161} INFO - Processing /home/airflow/.local/lib/python3.7/site-packages/airflow/example_dags/example_trigger_controller_dag.py took 0.050 seconds
[2022-10-17 12:35:45,550] {processor.py:153} INFO - Started process (PID=4134) to work on /home/airflow/.local/lib/python3.7/site-packages/airflow/example_dags/example_trigger_controller_dag.py
[2022-10-17 12:35:45,550] {processor.py:641} INFO - Processing file /home/airflow/.local/lib/python3.7/site-packages/airflow/example_dags/example_trigger_controller_dag.py for tasks to queue
[2022-10-17 12:35:45,551] {logging_mixin.py:115} INFO - [2022-10-17 12:35:45,551] {dagbag.py:507} INFO - Filling up the DagBag from /home/airflow/.local/lib/python3.7/site-packages/airflow/example_dags/example_trigger_controller_dag.py
[2022-10-17 12:35:45,553] {processor.py:651} INFO - DAG(s) dict_keys(['example_trigger_controller_dag']) retrieved from /home/airflow/.local/lib/python3.7/site-packages/airflow/example_dags/example_trigger_controller_dag.py
[2022-10-17 12:35:45,573] {logging_mixin.py:115} INFO - [2022-10-17 12:35:45,573] {dag.py:2371} INFO - Sync 1 DAGs
[2022-10-17 12:35:45,587] {logging_mixin.py:115} INFO - [2022-10-17 12:35:45,587] {dag.py:2919} INFO - Setting next_dagrun for example_trigger_controller_dag to 2021-01-01T00:00:00+00:00, run_after=2021-01-01T00:00:00+00:00
[2022-10-17 12:35:45,594] {processor.py:161} INFO - Processing /home/airflow/.local/lib/python3.7/site-packages/airflow/example_dags/example_trigger_controller_dag.py took 0.047 seconds
[2022-10-17 12:36:16,308] {processor.py:153} INFO - Started process (PID=4194) to work on /home/airflow/.local/lib/python3.7/site-packages/airflow/example_dags/example_trigger_controller_dag.py
[2022-10-17 12:36:16,308] {processor.py:641} INFO - Processing file /home/airflow/.local/lib/python3.7/site-packages/airflow/example_dags/example_trigger_controller_dag.py for tasks to queue
[2022-10-17 12:36:16,309] {logging_mixin.py:115} INFO - [2022-10-17 12:36:16,309] {dagbag.py:507} INFO - Filling up the DagBag from /home/airflow/.local/lib/python3.7/site-packages/airflow/example_dags/example_trigger_controller_dag.py
[2022-10-17 12:36:16,311] {processor.py:651} INFO - DAG(s) dict_keys(['example_trigger_controller_dag']) retrieved from /home/airflow/.local/lib/python3.7/site-packages/airflow/example_dags/example_trigger_controller_dag.py
[2022-10-17 12:36:16,329] {logging_mixin.py:115} INFO - [2022-10-17 12:36:16,329] {dag.py:2371} INFO - Sync 1 DAGs
[2022-10-17 12:36:16,343] {logging_mixin.py:115} INFO - [2022-10-17 12:36:16,343] {dag.py:2919} INFO - Setting next_dagrun for example_trigger_controller_dag to 2021-01-01T00:00:00+00:00, run_after=2021-01-01T00:00:00+00:00
[2022-10-17 12:36:16,350] {processor.py:161} INFO - Processing /home/airflow/.local/lib/python3.7/site-packages/airflow/example_dags/example_trigger_controller_dag.py took 0.049 seconds
[2022-10-17 12:36:46,963] {processor.py:153} INFO - Started process (PID=4250) to work on /home/airflow/.local/lib/python3.7/site-packages/airflow/example_dags/example_trigger_controller_dag.py
[2022-10-17 12:36:46,963] {processor.py:641} INFO - Processing file /home/airflow/.local/lib/python3.7/site-packages/airflow/example_dags/example_trigger_controller_dag.py for tasks to queue
[2022-10-17 12:36:46,964] {logging_mixin.py:115} INFO - [2022-10-17 12:36:46,964] {dagbag.py:507} INFO - Filling up the DagBag from /home/airflow/.local/lib/python3.7/site-packages/airflow/example_dags/example_trigger_controller_dag.py
[2022-10-17 12:36:46,966] {processor.py:651} INFO - DAG(s) dict_keys(['example_trigger_controller_dag']) retrieved from /home/airflow/.local/lib/python3.7/site-packages/airflow/example_dags/example_trigger_controller_dag.py
[2022-10-17 12:36:46,985] {logging_mixin.py:115} INFO - [2022-10-17 12:36:46,985] {dag.py:2371} INFO - Sync 1 DAGs
[2022-10-17 12:36:46,998] {logging_mixin.py:115} INFO - [2022-10-17 12:36:46,998] {dag.py:2919} INFO - Setting next_dagrun for example_trigger_controller_dag to 2021-01-01T00:00:00+00:00, run_after=2021-01-01T00:00:00+00:00
[2022-10-17 12:36:47,005] {processor.py:161} INFO - Processing /home/airflow/.local/lib/python3.7/site-packages/airflow/example_dags/example_trigger_controller_dag.py took 0.044 seconds
[2022-10-17 12:37:17,781] {processor.py:153} INFO - Started process (PID=4312) to work on /home/airflow/.local/lib/python3.7/site-packages/airflow/example_dags/example_trigger_controller_dag.py
[2022-10-17 12:37:17,781] {processor.py:641} INFO - Processing file /home/airflow/.local/lib/python3.7/site-packages/airflow/example_dags/example_trigger_controller_dag.py for tasks to queue
[2022-10-17 12:37:17,782] {logging_mixin.py:115} INFO - [2022-10-17 12:37:17,782] {dagbag.py:507} INFO - Filling up the DagBag from /home/airflow/.local/lib/python3.7/site-packages/airflow/example_dags/example_trigger_controller_dag.py
[2022-10-17 12:37:17,784] {processor.py:651} INFO - DAG(s) dict_keys(['example_trigger_controller_dag']) retrieved from /home/airflow/.local/lib/python3.7/site-packages/airflow/example_dags/example_trigger_controller_dag.py
[2022-10-17 12:37:17,803] {logging_mixin.py:115} INFO - [2022-10-17 12:37:17,803] {dag.py:2371} INFO - Sync 1 DAGs
[2022-10-17 12:37:17,817] {logging_mixin.py:115} INFO - [2022-10-17 12:37:17,817] {dag.py:2919} INFO - Setting next_dagrun for example_trigger_controller_dag to 2021-01-01T00:00:00+00:00, run_after=2021-01-01T00:00:00+00:00
[2022-10-17 12:37:17,824] {processor.py:161} INFO - Processing /home/airflow/.local/lib/python3.7/site-packages/airflow/example_dags/example_trigger_controller_dag.py took 0.045 seconds
[2022-10-17 12:37:47,857] {processor.py:153} INFO - Started process (PID=4375) to work on /home/airflow/.local/lib/python3.7/site-packages/airflow/example_dags/example_trigger_controller_dag.py
[2022-10-17 12:37:47,858] {processor.py:641} INFO - Processing file /home/airflow/.local/lib/python3.7/site-packages/airflow/example_dags/example_trigger_controller_dag.py for tasks to queue
[2022-10-17 12:37:47,858] {logging_mixin.py:115} INFO - [2022-10-17 12:37:47,858] {dagbag.py:507} INFO - Filling up the DagBag from /home/airflow/.local/lib/python3.7/site-packages/airflow/example_dags/example_trigger_controller_dag.py
[2022-10-17 12:37:47,861] {processor.py:651} INFO - DAG(s) dict_keys(['example_trigger_controller_dag']) retrieved from /home/airflow/.local/lib/python3.7/site-packages/airflow/example_dags/example_trigger_controller_dag.py
[2022-10-17 12:37:47,880] {logging_mixin.py:115} INFO - [2022-10-17 12:37:47,880] {dag.py:2371} INFO - Sync 1 DAGs
[2022-10-17 12:37:47,893] {logging_mixin.py:115} INFO - [2022-10-17 12:37:47,893] {dag.py:2919} INFO - Setting next_dagrun for example_trigger_controller_dag to 2021-01-01T00:00:00+00:00, run_after=2021-01-01T00:00:00+00:00
[2022-10-17 12:37:47,901] {processor.py:161} INFO - Processing /home/airflow/.local/lib/python3.7/site-packages/airflow/example_dags/example_trigger_controller_dag.py took 0.046 seconds
[2022-10-17 12:38:18,258] {processor.py:153} INFO - Started process (PID=4469) to work on /home/airflow/.local/lib/python3.7/site-packages/airflow/example_dags/example_trigger_controller_dag.py
[2022-10-17 12:38:18,259] {processor.py:641} INFO - Processing file /home/airflow/.local/lib/python3.7/site-packages/airflow/example_dags/example_trigger_controller_dag.py for tasks to queue
[2022-10-17 12:38:18,261] {logging_mixin.py:115} INFO - [2022-10-17 12:38:18,260] {dagbag.py:507} INFO - Filling up the DagBag from /home/airflow/.local/lib/python3.7/site-packages/airflow/example_dags/example_trigger_controller_dag.py
[2022-10-17 12:38:18,263] {processor.py:651} INFO - DAG(s) dict_keys(['example_trigger_controller_dag']) retrieved from /home/airflow/.local/lib/python3.7/site-packages/airflow/example_dags/example_trigger_controller_dag.py
[2022-10-17 12:38:18,284] {logging_mixin.py:115} INFO - [2022-10-17 12:38:18,284] {dag.py:2371} INFO - Sync 1 DAGs
[2022-10-17 12:38:18,301] {logging_mixin.py:115} INFO - [2022-10-17 12:38:18,301] {dag.py:2919} INFO - Setting next_dagrun for example_trigger_controller_dag to 2021-01-01T00:00:00+00:00, run_after=2021-01-01T00:00:00+00:00
[2022-10-17 12:38:18,310] {processor.py:161} INFO - Processing /home/airflow/.local/lib/python3.7/site-packages/airflow/example_dags/example_trigger_controller_dag.py took 0.055 seconds
