[2022-10-17 07:52:25,651] {processor.py:153} INFO - Started process (PID=55) to work on /home/airflow/.local/lib/python3.7/site-packages/airflow/example_dags/example_subdag_operator.py
[2022-10-17 07:52:25,658] {processor.py:641} INFO - Processing file /home/airflow/.local/lib/python3.7/site-packages/airflow/example_dags/example_subdag_operator.py for tasks to queue
[2022-10-17 07:52:25,659] {logging_mixin.py:115} INFO - [2022-10-17 07:52:25,659] {dagbag.py:507} INFO - Filling up the DagBag from /home/airflow/.local/lib/python3.7/site-packages/airflow/example_dags/example_subdag_operator.py
[2022-10-17 07:52:25,705] {processor.py:651} INFO - DAG(s) dict_keys(['example_subdag_operator.section-1', 'example_subdag_operator.section-2', 'example_subdag_operator']) retrieved from /home/airflow/.local/lib/python3.7/site-packages/airflow/example_dags/example_subdag_operator.py
[2022-10-17 07:52:25,921] {logging_mixin.py:115} INFO - [2022-10-17 07:52:25,921] {dag.py:2371} INFO - Sync 3 DAGs
[2022-10-17 07:52:25,952] {logging_mixin.py:115} INFO - [2022-10-17 07:52:25,952] {dag.py:2919} INFO - Setting next_dagrun for example_subdag_operator to 2022-10-15T00:00:00+00:00, run_after=2022-10-15T00:00:00+00:00
[2022-10-17 07:52:25,953] {logging_mixin.py:115} INFO - [2022-10-17 07:52:25,953] {dag.py:2919} INFO - Setting next_dagrun for example_subdag_operator.section-1 to None, run_after=None
[2022-10-17 07:52:25,953] {logging_mixin.py:115} INFO - [2022-10-17 07:52:25,953] {dag.py:2919} INFO - Setting next_dagrun for example_subdag_operator.section-2 to None, run_after=None
[2022-10-17 07:52:25,970] {logging_mixin.py:115} INFO - [2022-10-17 07:52:25,970] {dag.py:2371} INFO - Sync 2 DAGs
[2022-10-17 07:52:25,977] {logging_mixin.py:115} INFO - [2022-10-17 07:52:25,977] {dag.py:2919} INFO - Setting next_dagrun for example_subdag_operator.section-1 to None, run_after=None
[2022-10-17 07:52:25,978] {logging_mixin.py:115} INFO - [2022-10-17 07:52:25,978] {dag.py:2919} INFO - Setting next_dagrun for example_subdag_operator.section-2 to None, run_after=None
[2022-10-17 07:52:25,985] {processor.py:161} INFO - Processing /home/airflow/.local/lib/python3.7/site-packages/airflow/example_dags/example_subdag_operator.py took 0.340 seconds
[2022-10-17 07:52:56,793] {processor.py:153} INFO - Started process (PID=122) to work on /home/airflow/.local/lib/python3.7/site-packages/airflow/example_dags/example_subdag_operator.py
[2022-10-17 07:52:56,795] {processor.py:641} INFO - Processing file /home/airflow/.local/lib/python3.7/site-packages/airflow/example_dags/example_subdag_operator.py for tasks to queue
[2022-10-17 07:52:56,796] {logging_mixin.py:115} INFO - [2022-10-17 07:52:56,796] {dagbag.py:507} INFO - Filling up the DagBag from /home/airflow/.local/lib/python3.7/site-packages/airflow/example_dags/example_subdag_operator.py
[2022-10-17 07:52:56,825] {processor.py:651} INFO - DAG(s) dict_keys(['example_subdag_operator.section-1', 'example_subdag_operator.section-2', 'example_subdag_operator']) retrieved from /home/airflow/.local/lib/python3.7/site-packages/airflow/example_dags/example_subdag_operator.py
[2022-10-17 07:52:56,867] {logging_mixin.py:115} INFO - [2022-10-17 07:52:56,866] {dag.py:2371} INFO - Sync 3 DAGs
[2022-10-17 07:52:56,898] {logging_mixin.py:115} INFO - [2022-10-17 07:52:56,898] {dag.py:2919} INFO - Setting next_dagrun for example_subdag_operator to 2022-10-15T00:00:00+00:00, run_after=2022-10-15T00:00:00+00:00
[2022-10-17 07:52:56,898] {logging_mixin.py:115} INFO - [2022-10-17 07:52:56,898] {dag.py:2919} INFO - Setting next_dagrun for example_subdag_operator.section-1 to None, run_after=None
[2022-10-17 07:52:56,899] {logging_mixin.py:115} INFO - [2022-10-17 07:52:56,899] {dag.py:2919} INFO - Setting next_dagrun for example_subdag_operator.section-2 to None, run_after=None
[2022-10-17 07:52:56,905] {logging_mixin.py:115} INFO - [2022-10-17 07:52:56,905] {dag.py:2371} INFO - Sync 2 DAGs
[2022-10-17 07:52:56,909] {logging_mixin.py:115} INFO - [2022-10-17 07:52:56,909] {dag.py:2919} INFO - Setting next_dagrun for example_subdag_operator.section-1 to None, run_after=None
[2022-10-17 07:52:56,910] {logging_mixin.py:115} INFO - [2022-10-17 07:52:56,910] {dag.py:2919} INFO - Setting next_dagrun for example_subdag_operator.section-2 to None, run_after=None
[2022-10-17 07:52:56,916] {processor.py:161} INFO - Processing /home/airflow/.local/lib/python3.7/site-packages/airflow/example_dags/example_subdag_operator.py took 0.125 seconds
