[2022-10-17 12:21:55,173] {processor.py:153} INFO - Started process (PID=2440) to work on /home/airflow/.local/lib/python3.7/site-packages/airflow/example_dags/example_skip_dag.py
[2022-10-17 12:21:55,174] {processor.py:641} INFO - Processing file /home/airflow/.local/lib/python3.7/site-packages/airflow/example_dags/example_skip_dag.py for tasks to queue
[2022-10-17 12:21:55,176] {logging_mixin.py:115} INFO - [2022-10-17 12:21:55,176] {dagbag.py:507} INFO - Filling up the DagBag from /home/airflow/.local/lib/python3.7/site-packages/airflow/example_dags/example_skip_dag.py
[2022-10-17 12:21:55,194] {processor.py:651} INFO - DAG(s) dict_keys(['example_skip_dag']) retrieved from /home/airflow/.local/lib/python3.7/site-packages/airflow/example_dags/example_skip_dag.py
[2022-10-17 12:21:55,247] {logging_mixin.py:115} INFO - [2022-10-17 12:21:55,247] {dag.py:2371} INFO - Sync 1 DAGs
[2022-10-17 12:21:55,491] {logging_mixin.py:115} INFO - [2022-10-17 12:21:55,491] {dag.py:2919} INFO - Setting next_dagrun for example_skip_dag to 2022-10-16T12:21:55.491379+00:00, run_after=2022-10-17T12:21:55.491379+00:00
[2022-10-17 12:21:55,502] {processor.py:161} INFO - Processing /home/airflow/.local/lib/python3.7/site-packages/airflow/example_dags/example_skip_dag.py took 0.344 seconds
[2022-10-17 12:22:25,949] {processor.py:153} INFO - Started process (PID=2494) to work on /home/airflow/.local/lib/python3.7/site-packages/airflow/example_dags/example_skip_dag.py
[2022-10-17 12:22:25,949] {processor.py:641} INFO - Processing file /home/airflow/.local/lib/python3.7/site-packages/airflow/example_dags/example_skip_dag.py for tasks to queue
[2022-10-17 12:22:25,950] {logging_mixin.py:115} INFO - [2022-10-17 12:22:25,950] {dagbag.py:507} INFO - Filling up the DagBag from /home/airflow/.local/lib/python3.7/site-packages/airflow/example_dags/example_skip_dag.py
[2022-10-17 12:22:25,954] {processor.py:651} INFO - DAG(s) dict_keys(['example_skip_dag']) retrieved from /home/airflow/.local/lib/python3.7/site-packages/airflow/example_dags/example_skip_dag.py
[2022-10-17 12:22:25,979] {logging_mixin.py:115} INFO - [2022-10-17 12:22:25,979] {dag.py:2371} INFO - Sync 1 DAGs
[2022-10-17 12:22:26,091] {logging_mixin.py:115} INFO - [2022-10-17 12:22:26,091] {dag.py:2919} INFO - Setting next_dagrun for example_skip_dag to 2022-10-16T12:22:26.091712+00:00, run_after=2022-10-17T12:22:26.091712+00:00
[2022-10-17 12:22:26,099] {processor.py:161} INFO - Processing /home/airflow/.local/lib/python3.7/site-packages/airflow/example_dags/example_skip_dag.py took 0.153 seconds
[2022-10-17 12:22:56,492] {processor.py:153} INFO - Started process (PID=2557) to work on /home/airflow/.local/lib/python3.7/site-packages/airflow/example_dags/example_skip_dag.py
[2022-10-17 12:22:56,493] {processor.py:641} INFO - Processing file /home/airflow/.local/lib/python3.7/site-packages/airflow/example_dags/example_skip_dag.py for tasks to queue
[2022-10-17 12:22:56,493] {logging_mixin.py:115} INFO - [2022-10-17 12:22:56,493] {dagbag.py:507} INFO - Filling up the DagBag from /home/airflow/.local/lib/python3.7/site-packages/airflow/example_dags/example_skip_dag.py
[2022-10-17 12:22:56,498] {processor.py:651} INFO - DAG(s) dict_keys(['example_skip_dag']) retrieved from /home/airflow/.local/lib/python3.7/site-packages/airflow/example_dags/example_skip_dag.py
[2022-10-17 12:22:56,519] {logging_mixin.py:115} INFO - [2022-10-17 12:22:56,519] {dag.py:2371} INFO - Sync 1 DAGs
[2022-10-17 12:22:56,626] {logging_mixin.py:115} INFO - [2022-10-17 12:22:56,626] {dag.py:2919} INFO - Setting next_dagrun for example_skip_dag to 2022-10-16T12:22:56.626733+00:00, run_after=2022-10-17T12:22:56.626733+00:00
[2022-10-17 12:22:56,634] {processor.py:161} INFO - Processing /home/airflow/.local/lib/python3.7/site-packages/airflow/example_dags/example_skip_dag.py took 0.144 seconds
[2022-10-17 12:23:26,867] {processor.py:153} INFO - Started process (PID=2621) to work on /home/airflow/.local/lib/python3.7/site-packages/airflow/example_dags/example_skip_dag.py
[2022-10-17 12:23:26,868] {processor.py:641} INFO - Processing file /home/airflow/.local/lib/python3.7/site-packages/airflow/example_dags/example_skip_dag.py for tasks to queue
[2022-10-17 12:23:26,869] {logging_mixin.py:115} INFO - [2022-10-17 12:23:26,869] {dagbag.py:507} INFO - Filling up the DagBag from /home/airflow/.local/lib/python3.7/site-packages/airflow/example_dags/example_skip_dag.py
[2022-10-17 12:23:26,875] {processor.py:651} INFO - DAG(s) dict_keys(['example_skip_dag']) retrieved from /home/airflow/.local/lib/python3.7/site-packages/airflow/example_dags/example_skip_dag.py
[2022-10-17 12:23:26,900] {logging_mixin.py:115} INFO - [2022-10-17 12:23:26,900] {dag.py:2371} INFO - Sync 1 DAGs
[2022-10-17 12:23:26,914] {logging_mixin.py:115} INFO - [2022-10-17 12:23:26,913] {dag.py:2919} INFO - Setting next_dagrun for example_skip_dag to 2022-10-16T12:23:26.913661+00:00, run_after=2022-10-17T12:23:26.913661+00:00
[2022-10-17 12:23:26,921] {processor.py:161} INFO - Processing /home/airflow/.local/lib/python3.7/site-packages/airflow/example_dags/example_skip_dag.py took 0.059 seconds
[2022-10-17 12:23:57,592] {processor.py:153} INFO - Started process (PID=2684) to work on /home/airflow/.local/lib/python3.7/site-packages/airflow/example_dags/example_skip_dag.py
[2022-10-17 12:23:57,594] {processor.py:641} INFO - Processing file /home/airflow/.local/lib/python3.7/site-packages/airflow/example_dags/example_skip_dag.py for tasks to queue
[2022-10-17 12:23:57,595] {logging_mixin.py:115} INFO - [2022-10-17 12:23:57,594] {dagbag.py:507} INFO - Filling up the DagBag from /home/airflow/.local/lib/python3.7/site-packages/airflow/example_dags/example_skip_dag.py
[2022-10-17 12:23:57,602] {processor.py:651} INFO - DAG(s) dict_keys(['example_skip_dag']) retrieved from /home/airflow/.local/lib/python3.7/site-packages/airflow/example_dags/example_skip_dag.py
[2022-10-17 12:23:57,632] {logging_mixin.py:115} INFO - [2022-10-17 12:23:57,632] {dag.py:2371} INFO - Sync 1 DAGs
[2022-10-17 12:23:57,645] {logging_mixin.py:115} INFO - [2022-10-17 12:23:57,645] {dag.py:2919} INFO - Setting next_dagrun for example_skip_dag to 2022-10-16T12:23:57.645166+00:00, run_after=2022-10-17T12:23:57.645166+00:00
[2022-10-17 12:23:57,653] {processor.py:161} INFO - Processing /home/airflow/.local/lib/python3.7/site-packages/airflow/example_dags/example_skip_dag.py took 0.065 seconds
[2022-10-17 12:24:28,382] {processor.py:153} INFO - Started process (PID=2747) to work on /home/airflow/.local/lib/python3.7/site-packages/airflow/example_dags/example_skip_dag.py
[2022-10-17 12:24:28,382] {processor.py:641} INFO - Processing file /home/airflow/.local/lib/python3.7/site-packages/airflow/example_dags/example_skip_dag.py for tasks to queue
[2022-10-17 12:24:28,383] {logging_mixin.py:115} INFO - [2022-10-17 12:24:28,383] {dagbag.py:507} INFO - Filling up the DagBag from /home/airflow/.local/lib/python3.7/site-packages/airflow/example_dags/example_skip_dag.py
[2022-10-17 12:24:28,389] {processor.py:651} INFO - DAG(s) dict_keys(['example_skip_dag']) retrieved from /home/airflow/.local/lib/python3.7/site-packages/airflow/example_dags/example_skip_dag.py
[2022-10-17 12:24:28,416] {logging_mixin.py:115} INFO - [2022-10-17 12:24:28,415] {dag.py:2371} INFO - Sync 1 DAGs
[2022-10-17 12:24:28,430] {logging_mixin.py:115} INFO - [2022-10-17 12:24:28,430] {dag.py:2919} INFO - Setting next_dagrun for example_skip_dag to 2022-10-16T12:24:28.430208+00:00, run_after=2022-10-17T12:24:28.430208+00:00
[2022-10-17 12:24:28,438] {processor.py:161} INFO - Processing /home/airflow/.local/lib/python3.7/site-packages/airflow/example_dags/example_skip_dag.py took 0.060 seconds
[2022-10-17 12:24:59,133] {processor.py:153} INFO - Started process (PID=2801) to work on /home/airflow/.local/lib/python3.7/site-packages/airflow/example_dags/example_skip_dag.py
[2022-10-17 12:24:59,134] {processor.py:641} INFO - Processing file /home/airflow/.local/lib/python3.7/site-packages/airflow/example_dags/example_skip_dag.py for tasks to queue
[2022-10-17 12:24:59,135] {logging_mixin.py:115} INFO - [2022-10-17 12:24:59,134] {dagbag.py:507} INFO - Filling up the DagBag from /home/airflow/.local/lib/python3.7/site-packages/airflow/example_dags/example_skip_dag.py
[2022-10-17 12:24:59,142] {processor.py:651} INFO - DAG(s) dict_keys(['example_skip_dag']) retrieved from /home/airflow/.local/lib/python3.7/site-packages/airflow/example_dags/example_skip_dag.py
[2022-10-17 12:24:59,169] {logging_mixin.py:115} INFO - [2022-10-17 12:24:59,169] {dag.py:2371} INFO - Sync 1 DAGs
[2022-10-17 12:24:59,182] {logging_mixin.py:115} INFO - [2022-10-17 12:24:59,182] {dag.py:2919} INFO - Setting next_dagrun for example_skip_dag to 2022-10-16T12:24:59.182434+00:00, run_after=2022-10-17T12:24:59.182434+00:00
[2022-10-17 12:24:59,190] {processor.py:161} INFO - Processing /home/airflow/.local/lib/python3.7/site-packages/airflow/example_dags/example_skip_dag.py took 0.062 seconds
[2022-10-17 12:25:29,858] {processor.py:153} INFO - Started process (PID=2864) to work on /home/airflow/.local/lib/python3.7/site-packages/airflow/example_dags/example_skip_dag.py
[2022-10-17 12:25:29,859] {processor.py:641} INFO - Processing file /home/airflow/.local/lib/python3.7/site-packages/airflow/example_dags/example_skip_dag.py for tasks to queue
[2022-10-17 12:25:29,860] {logging_mixin.py:115} INFO - [2022-10-17 12:25:29,860] {dagbag.py:507} INFO - Filling up the DagBag from /home/airflow/.local/lib/python3.7/site-packages/airflow/example_dags/example_skip_dag.py
[2022-10-17 12:25:29,867] {processor.py:651} INFO - DAG(s) dict_keys(['example_skip_dag']) retrieved from /home/airflow/.local/lib/python3.7/site-packages/airflow/example_dags/example_skip_dag.py
[2022-10-17 12:25:29,894] {logging_mixin.py:115} INFO - [2022-10-17 12:25:29,894] {dag.py:2371} INFO - Sync 1 DAGs
[2022-10-17 12:25:29,909] {logging_mixin.py:115} INFO - [2022-10-17 12:25:29,909] {dag.py:2919} INFO - Setting next_dagrun for example_skip_dag to 2022-10-16T12:25:29.909087+00:00, run_after=2022-10-17T12:25:29.909087+00:00
[2022-10-17 12:25:29,918] {processor.py:161} INFO - Processing /home/airflow/.local/lib/python3.7/site-packages/airflow/example_dags/example_skip_dag.py took 0.066 seconds
[2022-10-17 12:26:00,482] {processor.py:153} INFO - Started process (PID=2927) to work on /home/airflow/.local/lib/python3.7/site-packages/airflow/example_dags/example_skip_dag.py
[2022-10-17 12:26:00,483] {processor.py:641} INFO - Processing file /home/airflow/.local/lib/python3.7/site-packages/airflow/example_dags/example_skip_dag.py for tasks to queue
[2022-10-17 12:26:00,484] {logging_mixin.py:115} INFO - [2022-10-17 12:26:00,484] {dagbag.py:507} INFO - Filling up the DagBag from /home/airflow/.local/lib/python3.7/site-packages/airflow/example_dags/example_skip_dag.py
[2022-10-17 12:26:00,491] {processor.py:651} INFO - DAG(s) dict_keys(['example_skip_dag']) retrieved from /home/airflow/.local/lib/python3.7/site-packages/airflow/example_dags/example_skip_dag.py
[2022-10-17 12:26:00,517] {logging_mixin.py:115} INFO - [2022-10-17 12:26:00,517] {dag.py:2371} INFO - Sync 1 DAGs
[2022-10-17 12:26:00,529] {logging_mixin.py:115} INFO - [2022-10-17 12:26:00,529] {dag.py:2919} INFO - Setting next_dagrun for example_skip_dag to 2022-10-16T12:26:00.529644+00:00, run_after=2022-10-17T12:26:00.529644+00:00
[2022-10-17 12:26:00,538] {processor.py:161} INFO - Processing /home/airflow/.local/lib/python3.7/site-packages/airflow/example_dags/example_skip_dag.py took 0.061 seconds
[2022-10-17 12:26:31,186] {processor.py:153} INFO - Started process (PID=2990) to work on /home/airflow/.local/lib/python3.7/site-packages/airflow/example_dags/example_skip_dag.py
[2022-10-17 12:26:31,187] {processor.py:641} INFO - Processing file /home/airflow/.local/lib/python3.7/site-packages/airflow/example_dags/example_skip_dag.py for tasks to queue
[2022-10-17 12:26:31,188] {logging_mixin.py:115} INFO - [2022-10-17 12:26:31,188] {dagbag.py:507} INFO - Filling up the DagBag from /home/airflow/.local/lib/python3.7/site-packages/airflow/example_dags/example_skip_dag.py
[2022-10-17 12:26:31,192] {processor.py:651} INFO - DAG(s) dict_keys(['example_skip_dag']) retrieved from /home/airflow/.local/lib/python3.7/site-packages/airflow/example_dags/example_skip_dag.py
[2022-10-17 12:26:31,213] {logging_mixin.py:115} INFO - [2022-10-17 12:26:31,213] {dag.py:2371} INFO - Sync 1 DAGs
[2022-10-17 12:26:31,228] {logging_mixin.py:115} INFO - [2022-10-17 12:26:31,228] {dag.py:2919} INFO - Setting next_dagrun for example_skip_dag to 2022-10-16T12:26:31.228170+00:00, run_after=2022-10-17T12:26:31.228170+00:00
[2022-10-17 12:26:31,235] {processor.py:161} INFO - Processing /home/airflow/.local/lib/python3.7/site-packages/airflow/example_dags/example_skip_dag.py took 0.052 seconds
[2022-10-17 12:27:02,005] {processor.py:153} INFO - Started process (PID=3054) to work on /home/airflow/.local/lib/python3.7/site-packages/airflow/example_dags/example_skip_dag.py
[2022-10-17 12:27:02,006] {processor.py:641} INFO - Processing file /home/airflow/.local/lib/python3.7/site-packages/airflow/example_dags/example_skip_dag.py for tasks to queue
[2022-10-17 12:27:02,007] {logging_mixin.py:115} INFO - [2022-10-17 12:27:02,007] {dagbag.py:507} INFO - Filling up the DagBag from /home/airflow/.local/lib/python3.7/site-packages/airflow/example_dags/example_skip_dag.py
[2022-10-17 12:27:02,010] {processor.py:651} INFO - DAG(s) dict_keys(['example_skip_dag']) retrieved from /home/airflow/.local/lib/python3.7/site-packages/airflow/example_dags/example_skip_dag.py
[2022-10-17 12:27:02,031] {logging_mixin.py:115} INFO - [2022-10-17 12:27:02,031] {dag.py:2371} INFO - Sync 1 DAGs
[2022-10-17 12:27:02,045] {logging_mixin.py:115} INFO - [2022-10-17 12:27:02,045] {dag.py:2919} INFO - Setting next_dagrun for example_skip_dag to 2022-10-16T12:27:02.045394+00:00, run_after=2022-10-17T12:27:02.045394+00:00
[2022-10-17 12:27:02,053] {processor.py:161} INFO - Processing /home/airflow/.local/lib/python3.7/site-packages/airflow/example_dags/example_skip_dag.py took 0.050 seconds
[2022-10-17 12:27:32,844] {processor.py:153} INFO - Started process (PID=3119) to work on /home/airflow/.local/lib/python3.7/site-packages/airflow/example_dags/example_skip_dag.py
[2022-10-17 12:27:32,847] {processor.py:641} INFO - Processing file /home/airflow/.local/lib/python3.7/site-packages/airflow/example_dags/example_skip_dag.py for tasks to queue
[2022-10-17 12:27:32,849] {logging_mixin.py:115} INFO - [2022-10-17 12:27:32,849] {dagbag.py:507} INFO - Filling up the DagBag from /home/airflow/.local/lib/python3.7/site-packages/airflow/example_dags/example_skip_dag.py
[2022-10-17 12:27:32,858] {processor.py:651} INFO - DAG(s) dict_keys(['example_skip_dag']) retrieved from /home/airflow/.local/lib/python3.7/site-packages/airflow/example_dags/example_skip_dag.py
[2022-10-17 12:27:32,900] {logging_mixin.py:115} INFO - [2022-10-17 12:27:32,900] {dag.py:2371} INFO - Sync 1 DAGs
[2022-10-17 12:27:32,922] {logging_mixin.py:115} INFO - [2022-10-17 12:27:32,922] {dag.py:2919} INFO - Setting next_dagrun for example_skip_dag to 2022-10-16T12:27:32.921979+00:00, run_after=2022-10-17T12:27:32.921979+00:00
[2022-10-17 12:27:32,934] {processor.py:161} INFO - Processing /home/airflow/.local/lib/python3.7/site-packages/airflow/example_dags/example_skip_dag.py took 0.094 seconds
[2022-10-17 12:28:03,821] {processor.py:153} INFO - Started process (PID=3173) to work on /home/airflow/.local/lib/python3.7/site-packages/airflow/example_dags/example_skip_dag.py
[2022-10-17 12:28:03,822] {processor.py:641} INFO - Processing file /home/airflow/.local/lib/python3.7/site-packages/airflow/example_dags/example_skip_dag.py for tasks to queue
[2022-10-17 12:28:03,823] {logging_mixin.py:115} INFO - [2022-10-17 12:28:03,823] {dagbag.py:507} INFO - Filling up the DagBag from /home/airflow/.local/lib/python3.7/site-packages/airflow/example_dags/example_skip_dag.py
[2022-10-17 12:28:03,829] {processor.py:651} INFO - DAG(s) dict_keys(['example_skip_dag']) retrieved from /home/airflow/.local/lib/python3.7/site-packages/airflow/example_dags/example_skip_dag.py
[2022-10-17 12:28:03,865] {logging_mixin.py:115} INFO - [2022-10-17 12:28:03,865] {dag.py:2371} INFO - Sync 1 DAGs
[2022-10-17 12:28:03,885] {logging_mixin.py:115} INFO - [2022-10-17 12:28:03,885] {dag.py:2919} INFO - Setting next_dagrun for example_skip_dag to 2022-10-16T12:28:03.884773+00:00, run_after=2022-10-17T12:28:03.884773+00:00
[2022-10-17 12:28:03,896] {processor.py:161} INFO - Processing /home/airflow/.local/lib/python3.7/site-packages/airflow/example_dags/example_skip_dag.py took 0.092 seconds
[2022-10-17 12:28:33,945] {processor.py:153} INFO - Started process (PID=3236) to work on /home/airflow/.local/lib/python3.7/site-packages/airflow/example_dags/example_skip_dag.py
[2022-10-17 12:28:33,948] {processor.py:641} INFO - Processing file /home/airflow/.local/lib/python3.7/site-packages/airflow/example_dags/example_skip_dag.py for tasks to queue
[2022-10-17 12:28:33,949] {logging_mixin.py:115} INFO - [2022-10-17 12:28:33,949] {dagbag.py:507} INFO - Filling up the DagBag from /home/airflow/.local/lib/python3.7/site-packages/airflow/example_dags/example_skip_dag.py
[2022-10-17 12:28:33,956] {processor.py:651} INFO - DAG(s) dict_keys(['example_skip_dag']) retrieved from /home/airflow/.local/lib/python3.7/site-packages/airflow/example_dags/example_skip_dag.py
[2022-10-17 12:28:33,985] {logging_mixin.py:115} INFO - [2022-10-17 12:28:33,985] {dag.py:2371} INFO - Sync 1 DAGs
[2022-10-17 12:28:33,998] {logging_mixin.py:115} INFO - [2022-10-17 12:28:33,998] {dag.py:2919} INFO - Setting next_dagrun for example_skip_dag to 2022-10-16T12:28:33.998108+00:00, run_after=2022-10-17T12:28:33.998108+00:00
[2022-10-17 12:28:34,005] {processor.py:161} INFO - Processing /home/airflow/.local/lib/python3.7/site-packages/airflow/example_dags/example_skip_dag.py took 0.066 seconds
[2022-10-17 12:29:04,902] {processor.py:153} INFO - Started process (PID=3300) to work on /home/airflow/.local/lib/python3.7/site-packages/airflow/example_dags/example_skip_dag.py
[2022-10-17 12:29:04,904] {processor.py:641} INFO - Processing file /home/airflow/.local/lib/python3.7/site-packages/airflow/example_dags/example_skip_dag.py for tasks to queue
[2022-10-17 12:29:04,905] {logging_mixin.py:115} INFO - [2022-10-17 12:29:04,905] {dagbag.py:507} INFO - Filling up the DagBag from /home/airflow/.local/lib/python3.7/site-packages/airflow/example_dags/example_skip_dag.py
[2022-10-17 12:29:04,910] {processor.py:651} INFO - DAG(s) dict_keys(['example_skip_dag']) retrieved from /home/airflow/.local/lib/python3.7/site-packages/airflow/example_dags/example_skip_dag.py
[2022-10-17 12:29:04,940] {logging_mixin.py:115} INFO - [2022-10-17 12:29:04,940] {dag.py:2371} INFO - Sync 1 DAGs
[2022-10-17 12:29:04,961] {logging_mixin.py:115} INFO - [2022-10-17 12:29:04,961] {dag.py:2919} INFO - Setting next_dagrun for example_skip_dag to 2022-10-16T12:29:04.961416+00:00, run_after=2022-10-17T12:29:04.961416+00:00
[2022-10-17 12:29:04,976] {processor.py:161} INFO - Processing /home/airflow/.local/lib/python3.7/site-packages/airflow/example_dags/example_skip_dag.py took 0.076 seconds
[2022-10-17 12:29:35,198] {processor.py:153} INFO - Started process (PID=3363) to work on /home/airflow/.local/lib/python3.7/site-packages/airflow/example_dags/example_skip_dag.py
[2022-10-17 12:29:35,199] {processor.py:641} INFO - Processing file /home/airflow/.local/lib/python3.7/site-packages/airflow/example_dags/example_skip_dag.py for tasks to queue
[2022-10-17 12:29:35,199] {logging_mixin.py:115} INFO - [2022-10-17 12:29:35,199] {dagbag.py:507} INFO - Filling up the DagBag from /home/airflow/.local/lib/python3.7/site-packages/airflow/example_dags/example_skip_dag.py
[2022-10-17 12:29:35,204] {processor.py:651} INFO - DAG(s) dict_keys(['example_skip_dag']) retrieved from /home/airflow/.local/lib/python3.7/site-packages/airflow/example_dags/example_skip_dag.py
[2022-10-17 12:29:35,232] {logging_mixin.py:115} INFO - [2022-10-17 12:29:35,232] {dag.py:2371} INFO - Sync 1 DAGs
[2022-10-17 12:29:35,249] {logging_mixin.py:115} INFO - [2022-10-17 12:29:35,249] {dag.py:2919} INFO - Setting next_dagrun for example_skip_dag to 2022-10-16T12:29:35.249159+00:00, run_after=2022-10-17T12:29:35.249159+00:00
[2022-10-17 12:29:35,259] {processor.py:161} INFO - Processing /home/airflow/.local/lib/python3.7/site-packages/airflow/example_dags/example_skip_dag.py took 0.064 seconds
[2022-10-17 12:30:06,028] {processor.py:153} INFO - Started process (PID=3426) to work on /home/airflow/.local/lib/python3.7/site-packages/airflow/example_dags/example_skip_dag.py
[2022-10-17 12:30:06,029] {processor.py:641} INFO - Processing file /home/airflow/.local/lib/python3.7/site-packages/airflow/example_dags/example_skip_dag.py for tasks to queue
[2022-10-17 12:30:06,030] {logging_mixin.py:115} INFO - [2022-10-17 12:30:06,030] {dagbag.py:507} INFO - Filling up the DagBag from /home/airflow/.local/lib/python3.7/site-packages/airflow/example_dags/example_skip_dag.py
[2022-10-17 12:30:06,033] {processor.py:651} INFO - DAG(s) dict_keys(['example_skip_dag']) retrieved from /home/airflow/.local/lib/python3.7/site-packages/airflow/example_dags/example_skip_dag.py
[2022-10-17 12:30:06,054] {logging_mixin.py:115} INFO - [2022-10-17 12:30:06,054] {dag.py:2371} INFO - Sync 1 DAGs
[2022-10-17 12:30:06,067] {logging_mixin.py:115} INFO - [2022-10-17 12:30:06,067] {dag.py:2919} INFO - Setting next_dagrun for example_skip_dag to 2022-10-16T12:30:06.067609+00:00, run_after=2022-10-17T12:30:06.067609+00:00
[2022-10-17 12:30:06,075] {processor.py:161} INFO - Processing /home/airflow/.local/lib/python3.7/site-packages/airflow/example_dags/example_skip_dag.py took 0.049 seconds
[2022-10-17 12:30:36,882] {processor.py:153} INFO - Started process (PID=3480) to work on /home/airflow/.local/lib/python3.7/site-packages/airflow/example_dags/example_skip_dag.py
[2022-10-17 12:30:36,884] {processor.py:641} INFO - Processing file /home/airflow/.local/lib/python3.7/site-packages/airflow/example_dags/example_skip_dag.py for tasks to queue
[2022-10-17 12:30:36,885] {logging_mixin.py:115} INFO - [2022-10-17 12:30:36,885] {dagbag.py:507} INFO - Filling up the DagBag from /home/airflow/.local/lib/python3.7/site-packages/airflow/example_dags/example_skip_dag.py
[2022-10-17 12:30:36,893] {processor.py:651} INFO - DAG(s) dict_keys(['example_skip_dag']) retrieved from /home/airflow/.local/lib/python3.7/site-packages/airflow/example_dags/example_skip_dag.py
[2022-10-17 12:30:36,923] {logging_mixin.py:115} INFO - [2022-10-17 12:30:36,923] {dag.py:2371} INFO - Sync 1 DAGs
[2022-10-17 12:30:36,938] {logging_mixin.py:115} INFO - [2022-10-17 12:30:36,938] {dag.py:2919} INFO - Setting next_dagrun for example_skip_dag to 2022-10-16T12:30:36.938136+00:00, run_after=2022-10-17T12:30:36.938136+00:00
[2022-10-17 12:30:36,947] {processor.py:161} INFO - Processing /home/airflow/.local/lib/python3.7/site-packages/airflow/example_dags/example_skip_dag.py took 0.070 seconds
[2022-10-17 12:31:07,683] {processor.py:153} INFO - Started process (PID=3543) to work on /home/airflow/.local/lib/python3.7/site-packages/airflow/example_dags/example_skip_dag.py
[2022-10-17 12:31:07,684] {processor.py:641} INFO - Processing file /home/airflow/.local/lib/python3.7/site-packages/airflow/example_dags/example_skip_dag.py for tasks to queue
[2022-10-17 12:31:07,685] {logging_mixin.py:115} INFO - [2022-10-17 12:31:07,685] {dagbag.py:507} INFO - Filling up the DagBag from /home/airflow/.local/lib/python3.7/site-packages/airflow/example_dags/example_skip_dag.py
[2022-10-17 12:31:07,692] {processor.py:651} INFO - DAG(s) dict_keys(['example_skip_dag']) retrieved from /home/airflow/.local/lib/python3.7/site-packages/airflow/example_dags/example_skip_dag.py
[2022-10-17 12:31:07,718] {logging_mixin.py:115} INFO - [2022-10-17 12:31:07,718] {dag.py:2371} INFO - Sync 1 DAGs
[2022-10-17 12:31:07,732] {logging_mixin.py:115} INFO - [2022-10-17 12:31:07,732] {dag.py:2919} INFO - Setting next_dagrun for example_skip_dag to 2022-10-16T12:31:07.732624+00:00, run_after=2022-10-17T12:31:07.732624+00:00
[2022-10-17 12:31:07,739] {processor.py:161} INFO - Processing /home/airflow/.local/lib/python3.7/site-packages/airflow/example_dags/example_skip_dag.py took 0.060 seconds
[2022-10-17 12:31:38,338] {processor.py:153} INFO - Started process (PID=3606) to work on /home/airflow/.local/lib/python3.7/site-packages/airflow/example_dags/example_skip_dag.py
[2022-10-17 12:31:38,339] {processor.py:641} INFO - Processing file /home/airflow/.local/lib/python3.7/site-packages/airflow/example_dags/example_skip_dag.py for tasks to queue
[2022-10-17 12:31:38,340] {logging_mixin.py:115} INFO - [2022-10-17 12:31:38,340] {dagbag.py:507} INFO - Filling up the DagBag from /home/airflow/.local/lib/python3.7/site-packages/airflow/example_dags/example_skip_dag.py
[2022-10-17 12:31:38,347] {processor.py:651} INFO - DAG(s) dict_keys(['example_skip_dag']) retrieved from /home/airflow/.local/lib/python3.7/site-packages/airflow/example_dags/example_skip_dag.py
[2022-10-17 12:31:38,372] {logging_mixin.py:115} INFO - [2022-10-17 12:31:38,372] {dag.py:2371} INFO - Sync 1 DAGs
[2022-10-17 12:31:38,386] {logging_mixin.py:115} INFO - [2022-10-17 12:31:38,385] {dag.py:2919} INFO - Setting next_dagrun for example_skip_dag to 2022-10-16T12:31:38.385722+00:00, run_after=2022-10-17T12:31:38.385722+00:00
[2022-10-17 12:31:38,394] {processor.py:161} INFO - Processing /home/airflow/.local/lib/python3.7/site-packages/airflow/example_dags/example_skip_dag.py took 0.062 seconds
[2022-10-17 12:32:09,124] {processor.py:153} INFO - Started process (PID=3669) to work on /home/airflow/.local/lib/python3.7/site-packages/airflow/example_dags/example_skip_dag.py
[2022-10-17 12:32:09,125] {processor.py:641} INFO - Processing file /home/airflow/.local/lib/python3.7/site-packages/airflow/example_dags/example_skip_dag.py for tasks to queue
[2022-10-17 12:32:09,125] {logging_mixin.py:115} INFO - [2022-10-17 12:32:09,125] {dagbag.py:507} INFO - Filling up the DagBag from /home/airflow/.local/lib/python3.7/site-packages/airflow/example_dags/example_skip_dag.py
[2022-10-17 12:32:09,129] {processor.py:651} INFO - DAG(s) dict_keys(['example_skip_dag']) retrieved from /home/airflow/.local/lib/python3.7/site-packages/airflow/example_dags/example_skip_dag.py
[2022-10-17 12:32:09,150] {logging_mixin.py:115} INFO - [2022-10-17 12:32:09,150] {dag.py:2371} INFO - Sync 1 DAGs
[2022-10-17 12:32:09,163] {logging_mixin.py:115} INFO - [2022-10-17 12:32:09,163] {dag.py:2919} INFO - Setting next_dagrun for example_skip_dag to 2022-10-16T12:32:09.163605+00:00, run_after=2022-10-17T12:32:09.163605+00:00
[2022-10-17 12:32:09,171] {processor.py:161} INFO - Processing /home/airflow/.local/lib/python3.7/site-packages/airflow/example_dags/example_skip_dag.py took 0.049 seconds
[2022-10-17 12:32:40,085] {processor.py:153} INFO - Started process (PID=3732) to work on /home/airflow/.local/lib/python3.7/site-packages/airflow/example_dags/example_skip_dag.py
[2022-10-17 12:32:40,087] {processor.py:641} INFO - Processing file /home/airflow/.local/lib/python3.7/site-packages/airflow/example_dags/example_skip_dag.py for tasks to queue
[2022-10-17 12:32:40,088] {logging_mixin.py:115} INFO - [2022-10-17 12:32:40,087] {dagbag.py:507} INFO - Filling up the DagBag from /home/airflow/.local/lib/python3.7/site-packages/airflow/example_dags/example_skip_dag.py
[2022-10-17 12:32:40,093] {processor.py:651} INFO - DAG(s) dict_keys(['example_skip_dag']) retrieved from /home/airflow/.local/lib/python3.7/site-packages/airflow/example_dags/example_skip_dag.py
[2022-10-17 12:32:40,118] {logging_mixin.py:115} INFO - [2022-10-17 12:32:40,118] {dag.py:2371} INFO - Sync 1 DAGs
[2022-10-17 12:32:40,132] {logging_mixin.py:115} INFO - [2022-10-17 12:32:40,132] {dag.py:2919} INFO - Setting next_dagrun for example_skip_dag to 2022-10-16T12:32:40.132701+00:00, run_after=2022-10-17T12:32:40.132701+00:00
[2022-10-17 12:32:40,140] {processor.py:161} INFO - Processing /home/airflow/.local/lib/python3.7/site-packages/airflow/example_dags/example_skip_dag.py took 0.058 seconds
[2022-10-17 12:33:10,956] {processor.py:153} INFO - Started process (PID=3797) to work on /home/airflow/.local/lib/python3.7/site-packages/airflow/example_dags/example_skip_dag.py
[2022-10-17 12:33:10,957] {processor.py:641} INFO - Processing file /home/airflow/.local/lib/python3.7/site-packages/airflow/example_dags/example_skip_dag.py for tasks to queue
[2022-10-17 12:33:10,958] {logging_mixin.py:115} INFO - [2022-10-17 12:33:10,958] {dagbag.py:507} INFO - Filling up the DagBag from /home/airflow/.local/lib/python3.7/site-packages/airflow/example_dags/example_skip_dag.py
[2022-10-17 12:33:10,963] {processor.py:651} INFO - DAG(s) dict_keys(['example_skip_dag']) retrieved from /home/airflow/.local/lib/python3.7/site-packages/airflow/example_dags/example_skip_dag.py
[2022-10-17 12:33:10,983] {logging_mixin.py:115} INFO - [2022-10-17 12:33:10,983] {dag.py:2371} INFO - Sync 1 DAGs
[2022-10-17 12:33:10,997] {logging_mixin.py:115} INFO - [2022-10-17 12:33:10,997] {dag.py:2919} INFO - Setting next_dagrun for example_skip_dag to 2022-10-16T12:33:10.996911+00:00, run_after=2022-10-17T12:33:10.996911+00:00
[2022-10-17 12:33:11,004] {processor.py:161} INFO - Processing /home/airflow/.local/lib/python3.7/site-packages/airflow/example_dags/example_skip_dag.py took 0.051 seconds
[2022-10-17 12:33:41,898] {processor.py:153} INFO - Started process (PID=3852) to work on /home/airflow/.local/lib/python3.7/site-packages/airflow/example_dags/example_skip_dag.py
[2022-10-17 12:33:41,899] {processor.py:641} INFO - Processing file /home/airflow/.local/lib/python3.7/site-packages/airflow/example_dags/example_skip_dag.py for tasks to queue
[2022-10-17 12:33:41,900] {logging_mixin.py:115} INFO - [2022-10-17 12:33:41,900] {dagbag.py:507} INFO - Filling up the DagBag from /home/airflow/.local/lib/python3.7/site-packages/airflow/example_dags/example_skip_dag.py
[2022-10-17 12:33:41,907] {processor.py:651} INFO - DAG(s) dict_keys(['example_skip_dag']) retrieved from /home/airflow/.local/lib/python3.7/site-packages/airflow/example_dags/example_skip_dag.py
[2022-10-17 12:33:41,935] {logging_mixin.py:115} INFO - [2022-10-17 12:33:41,935] {dag.py:2371} INFO - Sync 1 DAGs
[2022-10-17 12:33:41,949] {logging_mixin.py:115} INFO - [2022-10-17 12:33:41,949] {dag.py:2919} INFO - Setting next_dagrun for example_skip_dag to 2022-10-16T12:33:41.949608+00:00, run_after=2022-10-17T12:33:41.949608+00:00
[2022-10-17 12:33:41,957] {processor.py:161} INFO - Processing /home/airflow/.local/lib/python3.7/site-packages/airflow/example_dags/example_skip_dag.py took 0.064 seconds
[2022-10-17 12:34:12,808] {processor.py:153} INFO - Started process (PID=3947) to work on /home/airflow/.local/lib/python3.7/site-packages/airflow/example_dags/example_skip_dag.py
[2022-10-17 12:34:12,810] {processor.py:641} INFO - Processing file /home/airflow/.local/lib/python3.7/site-packages/airflow/example_dags/example_skip_dag.py for tasks to queue
[2022-10-17 12:34:12,810] {logging_mixin.py:115} INFO - [2022-10-17 12:34:12,810] {dagbag.py:507} INFO - Filling up the DagBag from /home/airflow/.local/lib/python3.7/site-packages/airflow/example_dags/example_skip_dag.py
[2022-10-17 12:34:12,817] {processor.py:651} INFO - DAG(s) dict_keys(['example_skip_dag']) retrieved from /home/airflow/.local/lib/python3.7/site-packages/airflow/example_dags/example_skip_dag.py
[2022-10-17 12:34:12,843] {logging_mixin.py:115} INFO - [2022-10-17 12:34:12,842] {dag.py:2371} INFO - Sync 1 DAGs
[2022-10-17 12:34:12,857] {logging_mixin.py:115} INFO - [2022-10-17 12:34:12,857] {dag.py:2919} INFO - Setting next_dagrun for example_skip_dag to 2022-10-16T12:34:12.856770+00:00, run_after=2022-10-17T12:34:12.856770+00:00
[2022-10-17 12:34:12,864] {processor.py:161} INFO - Processing /home/airflow/.local/lib/python3.7/site-packages/airflow/example_dags/example_skip_dag.py took 0.060 seconds
[2022-10-17 12:34:43,825] {processor.py:153} INFO - Started process (PID=4008) to work on /home/airflow/.local/lib/python3.7/site-packages/airflow/example_dags/example_skip_dag.py
[2022-10-17 12:34:43,827] {processor.py:641} INFO - Processing file /home/airflow/.local/lib/python3.7/site-packages/airflow/example_dags/example_skip_dag.py for tasks to queue
[2022-10-17 12:34:43,827] {logging_mixin.py:115} INFO - [2022-10-17 12:34:43,827] {dagbag.py:507} INFO - Filling up the DagBag from /home/airflow/.local/lib/python3.7/site-packages/airflow/example_dags/example_skip_dag.py
[2022-10-17 12:34:43,831] {processor.py:651} INFO - DAG(s) dict_keys(['example_skip_dag']) retrieved from /home/airflow/.local/lib/python3.7/site-packages/airflow/example_dags/example_skip_dag.py
[2022-10-17 12:34:43,849] {logging_mixin.py:115} INFO - [2022-10-17 12:34:43,849] {dag.py:2371} INFO - Sync 1 DAGs
[2022-10-17 12:34:43,863] {logging_mixin.py:115} INFO - [2022-10-17 12:34:43,862] {dag.py:2919} INFO - Setting next_dagrun for example_skip_dag to 2022-10-16T12:34:43.862803+00:00, run_after=2022-10-17T12:34:43.862803+00:00
[2022-10-17 12:34:43,870] {processor.py:161} INFO - Processing /home/airflow/.local/lib/python3.7/site-packages/airflow/example_dags/example_skip_dag.py took 0.047 seconds
[2022-10-17 12:35:14,675] {processor.py:153} INFO - Started process (PID=4071) to work on /home/airflow/.local/lib/python3.7/site-packages/airflow/example_dags/example_skip_dag.py
[2022-10-17 12:35:14,676] {processor.py:641} INFO - Processing file /home/airflow/.local/lib/python3.7/site-packages/airflow/example_dags/example_skip_dag.py for tasks to queue
[2022-10-17 12:35:14,677] {logging_mixin.py:115} INFO - [2022-10-17 12:35:14,677] {dagbag.py:507} INFO - Filling up the DagBag from /home/airflow/.local/lib/python3.7/site-packages/airflow/example_dags/example_skip_dag.py
[2022-10-17 12:35:14,682] {processor.py:651} INFO - DAG(s) dict_keys(['example_skip_dag']) retrieved from /home/airflow/.local/lib/python3.7/site-packages/airflow/example_dags/example_skip_dag.py
[2022-10-17 12:35:14,707] {logging_mixin.py:115} INFO - [2022-10-17 12:35:14,707] {dag.py:2371} INFO - Sync 1 DAGs
[2022-10-17 12:35:14,722] {logging_mixin.py:115} INFO - [2022-10-17 12:35:14,722] {dag.py:2919} INFO - Setting next_dagrun for example_skip_dag to 2022-10-16T12:35:14.721753+00:00, run_after=2022-10-17T12:35:14.721753+00:00
[2022-10-17 12:35:14,729] {processor.py:161} INFO - Processing /home/airflow/.local/lib/python3.7/site-packages/airflow/example_dags/example_skip_dag.py took 0.058 seconds
[2022-10-17 12:35:45,489] {processor.py:153} INFO - Started process (PID=4132) to work on /home/airflow/.local/lib/python3.7/site-packages/airflow/example_dags/example_skip_dag.py
[2022-10-17 12:35:45,490] {processor.py:641} INFO - Processing file /home/airflow/.local/lib/python3.7/site-packages/airflow/example_dags/example_skip_dag.py for tasks to queue
[2022-10-17 12:35:45,490] {logging_mixin.py:115} INFO - [2022-10-17 12:35:45,490] {dagbag.py:507} INFO - Filling up the DagBag from /home/airflow/.local/lib/python3.7/site-packages/airflow/example_dags/example_skip_dag.py
[2022-10-17 12:35:45,494] {processor.py:651} INFO - DAG(s) dict_keys(['example_skip_dag']) retrieved from /home/airflow/.local/lib/python3.7/site-packages/airflow/example_dags/example_skip_dag.py
[2022-10-17 12:35:45,513] {logging_mixin.py:115} INFO - [2022-10-17 12:35:45,513] {dag.py:2371} INFO - Sync 1 DAGs
[2022-10-17 12:35:45,526] {logging_mixin.py:115} INFO - [2022-10-17 12:35:45,526] {dag.py:2919} INFO - Setting next_dagrun for example_skip_dag to 2022-10-16T12:35:45.526539+00:00, run_after=2022-10-17T12:35:45.526539+00:00
[2022-10-17 12:35:45,535] {processor.py:161} INFO - Processing /home/airflow/.local/lib/python3.7/site-packages/airflow/example_dags/example_skip_dag.py took 0.048 seconds
[2022-10-17 12:36:16,241] {processor.py:153} INFO - Started process (PID=4192) to work on /home/airflow/.local/lib/python3.7/site-packages/airflow/example_dags/example_skip_dag.py
[2022-10-17 12:36:16,242] {processor.py:641} INFO - Processing file /home/airflow/.local/lib/python3.7/site-packages/airflow/example_dags/example_skip_dag.py for tasks to queue
[2022-10-17 12:36:16,243] {logging_mixin.py:115} INFO - [2022-10-17 12:36:16,242] {dagbag.py:507} INFO - Filling up the DagBag from /home/airflow/.local/lib/python3.7/site-packages/airflow/example_dags/example_skip_dag.py
[2022-10-17 12:36:16,246] {processor.py:651} INFO - DAG(s) dict_keys(['example_skip_dag']) retrieved from /home/airflow/.local/lib/python3.7/site-packages/airflow/example_dags/example_skip_dag.py
[2022-10-17 12:36:16,264] {logging_mixin.py:115} INFO - [2022-10-17 12:36:16,264] {dag.py:2371} INFO - Sync 1 DAGs
[2022-10-17 12:36:16,279] {logging_mixin.py:115} INFO - [2022-10-17 12:36:16,278] {dag.py:2919} INFO - Setting next_dagrun for example_skip_dag to 2022-10-16T12:36:16.278780+00:00, run_after=2022-10-17T12:36:16.278780+00:00
[2022-10-17 12:36:16,286] {processor.py:161} INFO - Processing /home/airflow/.local/lib/python3.7/site-packages/airflow/example_dags/example_skip_dag.py took 0.047 seconds
[2022-10-17 12:36:46,894] {processor.py:153} INFO - Started process (PID=4248) to work on /home/airflow/.local/lib/python3.7/site-packages/airflow/example_dags/example_skip_dag.py
[2022-10-17 12:36:46,894] {processor.py:641} INFO - Processing file /home/airflow/.local/lib/python3.7/site-packages/airflow/example_dags/example_skip_dag.py for tasks to queue
[2022-10-17 12:36:46,895] {logging_mixin.py:115} INFO - [2022-10-17 12:36:46,895] {dagbag.py:507} INFO - Filling up the DagBag from /home/airflow/.local/lib/python3.7/site-packages/airflow/example_dags/example_skip_dag.py
[2022-10-17 12:36:46,901] {processor.py:651} INFO - DAG(s) dict_keys(['example_skip_dag']) retrieved from /home/airflow/.local/lib/python3.7/site-packages/airflow/example_dags/example_skip_dag.py
[2022-10-17 12:36:46,924] {logging_mixin.py:115} INFO - [2022-10-17 12:36:46,924] {dag.py:2371} INFO - Sync 1 DAGs
[2022-10-17 12:36:46,939] {logging_mixin.py:115} INFO - [2022-10-17 12:36:46,939] {dag.py:2919} INFO - Setting next_dagrun for example_skip_dag to 2022-10-16T12:36:46.939430+00:00, run_after=2022-10-17T12:36:46.939430+00:00
[2022-10-17 12:36:46,947] {processor.py:161} INFO - Processing /home/airflow/.local/lib/python3.7/site-packages/airflow/example_dags/example_skip_dag.py took 0.057 seconds
[2022-10-17 12:37:17,705] {processor.py:153} INFO - Started process (PID=4310) to work on /home/airflow/.local/lib/python3.7/site-packages/airflow/example_dags/example_skip_dag.py
[2022-10-17 12:37:17,707] {processor.py:641} INFO - Processing file /home/airflow/.local/lib/python3.7/site-packages/airflow/example_dags/example_skip_dag.py for tasks to queue
[2022-10-17 12:37:17,708] {logging_mixin.py:115} INFO - [2022-10-17 12:37:17,707] {dagbag.py:507} INFO - Filling up the DagBag from /home/airflow/.local/lib/python3.7/site-packages/airflow/example_dags/example_skip_dag.py
[2022-10-17 12:37:17,715] {processor.py:651} INFO - DAG(s) dict_keys(['example_skip_dag']) retrieved from /home/airflow/.local/lib/python3.7/site-packages/airflow/example_dags/example_skip_dag.py
[2022-10-17 12:37:17,743] {logging_mixin.py:115} INFO - [2022-10-17 12:37:17,743] {dag.py:2371} INFO - Sync 1 DAGs
[2022-10-17 12:37:17,757] {logging_mixin.py:115} INFO - [2022-10-17 12:37:17,757] {dag.py:2919} INFO - Setting next_dagrun for example_skip_dag to 2022-10-16T12:37:17.757375+00:00, run_after=2022-10-17T12:37:17.757375+00:00
[2022-10-17 12:37:17,765] {processor.py:161} INFO - Processing /home/airflow/.local/lib/python3.7/site-packages/airflow/example_dags/example_skip_dag.py took 0.064 seconds
[2022-10-17 12:37:47,798] {processor.py:153} INFO - Started process (PID=4373) to work on /home/airflow/.local/lib/python3.7/site-packages/airflow/example_dags/example_skip_dag.py
[2022-10-17 12:37:47,799] {processor.py:641} INFO - Processing file /home/airflow/.local/lib/python3.7/site-packages/airflow/example_dags/example_skip_dag.py for tasks to queue
[2022-10-17 12:37:47,799] {logging_mixin.py:115} INFO - [2022-10-17 12:37:47,799] {dagbag.py:507} INFO - Filling up the DagBag from /home/airflow/.local/lib/python3.7/site-packages/airflow/example_dags/example_skip_dag.py
[2022-10-17 12:37:47,803] {processor.py:651} INFO - DAG(s) dict_keys(['example_skip_dag']) retrieved from /home/airflow/.local/lib/python3.7/site-packages/airflow/example_dags/example_skip_dag.py
[2022-10-17 12:37:47,821] {logging_mixin.py:115} INFO - [2022-10-17 12:37:47,821] {dag.py:2371} INFO - Sync 1 DAGs
[2022-10-17 12:37:47,835] {logging_mixin.py:115} INFO - [2022-10-17 12:37:47,835] {dag.py:2919} INFO - Setting next_dagrun for example_skip_dag to 2022-10-16T12:37:47.834981+00:00, run_after=2022-10-17T12:37:47.834981+00:00
[2022-10-17 12:37:47,842] {processor.py:161} INFO - Processing /home/airflow/.local/lib/python3.7/site-packages/airflow/example_dags/example_skip_dag.py took 0.047 seconds
[2022-10-17 12:38:18,156] {processor.py:153} INFO - Started process (PID=4467) to work on /home/airflow/.local/lib/python3.7/site-packages/airflow/example_dags/example_skip_dag.py
[2022-10-17 12:38:18,157] {processor.py:641} INFO - Processing file /home/airflow/.local/lib/python3.7/site-packages/airflow/example_dags/example_skip_dag.py for tasks to queue
[2022-10-17 12:38:18,157] {logging_mixin.py:115} INFO - [2022-10-17 12:38:18,157] {dagbag.py:507} INFO - Filling up the DagBag from /home/airflow/.local/lib/python3.7/site-packages/airflow/example_dags/example_skip_dag.py
[2022-10-17 12:38:18,161] {processor.py:651} INFO - DAG(s) dict_keys(['example_skip_dag']) retrieved from /home/airflow/.local/lib/python3.7/site-packages/airflow/example_dags/example_skip_dag.py
[2022-10-17 12:38:18,190] {logging_mixin.py:115} INFO - [2022-10-17 12:38:18,189] {dag.py:2371} INFO - Sync 1 DAGs
[2022-10-17 12:38:18,216] {logging_mixin.py:115} INFO - [2022-10-17 12:38:18,216] {dag.py:2919} INFO - Setting next_dagrun for example_skip_dag to 2022-10-16T12:38:18.216257+00:00, run_after=2022-10-17T12:38:18.216257+00:00
[2022-10-17 12:38:18,225] {processor.py:161} INFO - Processing /home/airflow/.local/lib/python3.7/site-packages/airflow/example_dags/example_skip_dag.py took 0.072 seconds
