[2022-10-17 12:21:55,174] {processor.py:153} INFO - Started process (PID=2441) to work on /home/airflow/.local/lib/python3.7/site-packages/airflow/example_dags/example_python_operator.py
[2022-10-17 12:21:55,175] {processor.py:641} INFO - Processing file /home/airflow/.local/lib/python3.7/site-packages/airflow/example_dags/example_python_operator.py for tasks to queue
[2022-10-17 12:21:55,176] {logging_mixin.py:115} INFO - [2022-10-17 12:21:55,176] {dagbag.py:507} INFO - Filling up the DagBag from /home/airflow/.local/lib/python3.7/site-packages/airflow/example_dags/example_python_operator.py
[2022-10-17 12:21:55,217] {processor.py:651} INFO - DAG(s) dict_keys(['example_python_operator']) retrieved from /home/airflow/.local/lib/python3.7/site-packages/airflow/example_dags/example_python_operator.py
[2022-10-17 12:21:55,261] {logging_mixin.py:115} INFO - [2022-10-17 12:21:55,261] {dag.py:2371} INFO - Sync 1 DAGs
[2022-10-17 12:21:55,282] {logging_mixin.py:115} INFO - [2022-10-17 12:21:55,282] {dag.py:2919} INFO - Setting next_dagrun for example_python_operator to None, run_after=None
[2022-10-17 12:21:55,302] {processor.py:161} INFO - Processing /home/airflow/.local/lib/python3.7/site-packages/airflow/example_dags/example_python_operator.py took 0.142 seconds
[2022-10-17 12:22:25,951] {processor.py:153} INFO - Started process (PID=2495) to work on /home/airflow/.local/lib/python3.7/site-packages/airflow/example_dags/example_python_operator.py
[2022-10-17 12:22:25,952] {processor.py:641} INFO - Processing file /home/airflow/.local/lib/python3.7/site-packages/airflow/example_dags/example_python_operator.py for tasks to queue
[2022-10-17 12:22:25,952] {logging_mixin.py:115} INFO - [2022-10-17 12:22:25,952] {dagbag.py:507} INFO - Filling up the DagBag from /home/airflow/.local/lib/python3.7/site-packages/airflow/example_dags/example_python_operator.py
[2022-10-17 12:22:25,965] {processor.py:651} INFO - DAG(s) dict_keys(['example_python_operator']) retrieved from /home/airflow/.local/lib/python3.7/site-packages/airflow/example_dags/example_python_operator.py
[2022-10-17 12:22:25,985] {logging_mixin.py:115} INFO - [2022-10-17 12:22:25,985] {dag.py:2371} INFO - Sync 1 DAGs
[2022-10-17 12:22:26,003] {logging_mixin.py:115} INFO - [2022-10-17 12:22:26,003] {dag.py:2919} INFO - Setting next_dagrun for example_python_operator to None, run_after=None
[2022-10-17 12:22:26,013] {processor.py:161} INFO - Processing /home/airflow/.local/lib/python3.7/site-packages/airflow/example_dags/example_python_operator.py took 0.064 seconds
[2022-10-17 12:22:56,496] {processor.py:153} INFO - Started process (PID=2558) to work on /home/airflow/.local/lib/python3.7/site-packages/airflow/example_dags/example_python_operator.py
[2022-10-17 12:22:56,496] {processor.py:641} INFO - Processing file /home/airflow/.local/lib/python3.7/site-packages/airflow/example_dags/example_python_operator.py for tasks to queue
[2022-10-17 12:22:56,497] {logging_mixin.py:115} INFO - [2022-10-17 12:22:56,497] {dagbag.py:507} INFO - Filling up the DagBag from /home/airflow/.local/lib/python3.7/site-packages/airflow/example_dags/example_python_operator.py
[2022-10-17 12:22:56,510] {processor.py:651} INFO - DAG(s) dict_keys(['example_python_operator']) retrieved from /home/airflow/.local/lib/python3.7/site-packages/airflow/example_dags/example_python_operator.py
[2022-10-17 12:22:56,531] {logging_mixin.py:115} INFO - [2022-10-17 12:22:56,531] {dag.py:2371} INFO - Sync 1 DAGs
[2022-10-17 12:22:56,546] {logging_mixin.py:115} INFO - [2022-10-17 12:22:56,545] {dag.py:2919} INFO - Setting next_dagrun for example_python_operator to None, run_after=None
[2022-10-17 12:22:56,554] {processor.py:161} INFO - Processing /home/airflow/.local/lib/python3.7/site-packages/airflow/example_dags/example_python_operator.py took 0.060 seconds
[2022-10-17 12:23:26,871] {processor.py:153} INFO - Started process (PID=2622) to work on /home/airflow/.local/lib/python3.7/site-packages/airflow/example_dags/example_python_operator.py
[2022-10-17 12:23:26,872] {processor.py:641} INFO - Processing file /home/airflow/.local/lib/python3.7/site-packages/airflow/example_dags/example_python_operator.py for tasks to queue
[2022-10-17 12:23:26,872] {logging_mixin.py:115} INFO - [2022-10-17 12:23:26,872] {dagbag.py:507} INFO - Filling up the DagBag from /home/airflow/.local/lib/python3.7/site-packages/airflow/example_dags/example_python_operator.py
[2022-10-17 12:23:26,891] {processor.py:651} INFO - DAG(s) dict_keys(['example_python_operator']) retrieved from /home/airflow/.local/lib/python3.7/site-packages/airflow/example_dags/example_python_operator.py
[2022-10-17 12:23:26,907] {logging_mixin.py:115} INFO - [2022-10-17 12:23:26,907] {dag.py:2371} INFO - Sync 1 DAGs
[2022-10-17 12:23:26,920] {logging_mixin.py:115} INFO - [2022-10-17 12:23:26,920] {dag.py:2919} INFO - Setting next_dagrun for example_python_operator to None, run_after=None
[2022-10-17 12:23:26,927] {processor.py:161} INFO - Processing /home/airflow/.local/lib/python3.7/site-packages/airflow/example_dags/example_python_operator.py took 0.059 seconds
[2022-10-17 12:23:57,599] {processor.py:153} INFO - Started process (PID=2685) to work on /home/airflow/.local/lib/python3.7/site-packages/airflow/example_dags/example_python_operator.py
[2022-10-17 12:23:57,599] {processor.py:641} INFO - Processing file /home/airflow/.local/lib/python3.7/site-packages/airflow/example_dags/example_python_operator.py for tasks to queue
[2022-10-17 12:23:57,600] {logging_mixin.py:115} INFO - [2022-10-17 12:23:57,600] {dagbag.py:507} INFO - Filling up the DagBag from /home/airflow/.local/lib/python3.7/site-packages/airflow/example_dags/example_python_operator.py
[2022-10-17 12:23:57,621] {processor.py:651} INFO - DAG(s) dict_keys(['example_python_operator']) retrieved from /home/airflow/.local/lib/python3.7/site-packages/airflow/example_dags/example_python_operator.py
[2022-10-17 12:23:57,639] {logging_mixin.py:115} INFO - [2022-10-17 12:23:57,639] {dag.py:2371} INFO - Sync 1 DAGs
[2022-10-17 12:23:57,652] {logging_mixin.py:115} INFO - [2022-10-17 12:23:57,652] {dag.py:2919} INFO - Setting next_dagrun for example_python_operator to None, run_after=None
[2022-10-17 12:23:57,659] {processor.py:161} INFO - Processing /home/airflow/.local/lib/python3.7/site-packages/airflow/example_dags/example_python_operator.py took 0.065 seconds
[2022-10-17 12:24:28,386] {processor.py:153} INFO - Started process (PID=2748) to work on /home/airflow/.local/lib/python3.7/site-packages/airflow/example_dags/example_python_operator.py
[2022-10-17 12:24:28,386] {processor.py:641} INFO - Processing file /home/airflow/.local/lib/python3.7/site-packages/airflow/example_dags/example_python_operator.py for tasks to queue
[2022-10-17 12:24:28,387] {logging_mixin.py:115} INFO - [2022-10-17 12:24:28,387] {dagbag.py:507} INFO - Filling up the DagBag from /home/airflow/.local/lib/python3.7/site-packages/airflow/example_dags/example_python_operator.py
[2022-10-17 12:24:28,404] {processor.py:651} INFO - DAG(s) dict_keys(['example_python_operator']) retrieved from /home/airflow/.local/lib/python3.7/site-packages/airflow/example_dags/example_python_operator.py
[2022-10-17 12:24:28,422] {logging_mixin.py:115} INFO - [2022-10-17 12:24:28,422] {dag.py:2371} INFO - Sync 1 DAGs
[2022-10-17 12:24:28,435] {logging_mixin.py:115} INFO - [2022-10-17 12:24:28,435] {dag.py:2919} INFO - Setting next_dagrun for example_python_operator to None, run_after=None
[2022-10-17 12:24:28,443] {processor.py:161} INFO - Processing /home/airflow/.local/lib/python3.7/site-packages/airflow/example_dags/example_python_operator.py took 0.060 seconds
[2022-10-17 12:24:59,137] {processor.py:153} INFO - Started process (PID=2802) to work on /home/airflow/.local/lib/python3.7/site-packages/airflow/example_dags/example_python_operator.py
[2022-10-17 12:24:59,138] {processor.py:641} INFO - Processing file /home/airflow/.local/lib/python3.7/site-packages/airflow/example_dags/example_python_operator.py for tasks to queue
[2022-10-17 12:24:59,139] {logging_mixin.py:115} INFO - [2022-10-17 12:24:59,139] {dagbag.py:507} INFO - Filling up the DagBag from /home/airflow/.local/lib/python3.7/site-packages/airflow/example_dags/example_python_operator.py
[2022-10-17 12:24:59,158] {processor.py:651} INFO - DAG(s) dict_keys(['example_python_operator']) retrieved from /home/airflow/.local/lib/python3.7/site-packages/airflow/example_dags/example_python_operator.py
[2022-10-17 12:24:59,176] {logging_mixin.py:115} INFO - [2022-10-17 12:24:59,176] {dag.py:2371} INFO - Sync 1 DAGs
[2022-10-17 12:24:59,189] {logging_mixin.py:115} INFO - [2022-10-17 12:24:59,189] {dag.py:2919} INFO - Setting next_dagrun for example_python_operator to None, run_after=None
[2022-10-17 12:24:59,196] {processor.py:161} INFO - Processing /home/airflow/.local/lib/python3.7/site-packages/airflow/example_dags/example_python_operator.py took 0.064 seconds
[2022-10-17 12:25:29,863] {processor.py:153} INFO - Started process (PID=2865) to work on /home/airflow/.local/lib/python3.7/site-packages/airflow/example_dags/example_python_operator.py
[2022-10-17 12:25:29,864] {processor.py:641} INFO - Processing file /home/airflow/.local/lib/python3.7/site-packages/airflow/example_dags/example_python_operator.py for tasks to queue
[2022-10-17 12:25:29,865] {logging_mixin.py:115} INFO - [2022-10-17 12:25:29,865] {dagbag.py:507} INFO - Filling up the DagBag from /home/airflow/.local/lib/python3.7/site-packages/airflow/example_dags/example_python_operator.py
[2022-10-17 12:25:29,884] {processor.py:651} INFO - DAG(s) dict_keys(['example_python_operator']) retrieved from /home/airflow/.local/lib/python3.7/site-packages/airflow/example_dags/example_python_operator.py
[2022-10-17 12:25:29,903] {logging_mixin.py:115} INFO - [2022-10-17 12:25:29,903] {dag.py:2371} INFO - Sync 1 DAGs
[2022-10-17 12:25:29,920] {logging_mixin.py:115} INFO - [2022-10-17 12:25:29,920] {dag.py:2919} INFO - Setting next_dagrun for example_python_operator to None, run_after=None
[2022-10-17 12:25:29,927] {processor.py:161} INFO - Processing /home/airflow/.local/lib/python3.7/site-packages/airflow/example_dags/example_python_operator.py took 0.068 seconds
[2022-10-17 12:26:00,484] {processor.py:153} INFO - Started process (PID=2928) to work on /home/airflow/.local/lib/python3.7/site-packages/airflow/example_dags/example_python_operator.py
[2022-10-17 12:26:00,485] {processor.py:641} INFO - Processing file /home/airflow/.local/lib/python3.7/site-packages/airflow/example_dags/example_python_operator.py for tasks to queue
[2022-10-17 12:26:00,486] {logging_mixin.py:115} INFO - [2022-10-17 12:26:00,486] {dagbag.py:507} INFO - Filling up the DagBag from /home/airflow/.local/lib/python3.7/site-packages/airflow/example_dags/example_python_operator.py
[2022-10-17 12:26:00,505] {processor.py:651} INFO - DAG(s) dict_keys(['example_python_operator']) retrieved from /home/airflow/.local/lib/python3.7/site-packages/airflow/example_dags/example_python_operator.py
[2022-10-17 12:26:00,523] {logging_mixin.py:115} INFO - [2022-10-17 12:26:00,523] {dag.py:2371} INFO - Sync 1 DAGs
[2022-10-17 12:26:00,536] {logging_mixin.py:115} INFO - [2022-10-17 12:26:00,536] {dag.py:2919} INFO - Setting next_dagrun for example_python_operator to None, run_after=None
[2022-10-17 12:26:00,544] {processor.py:161} INFO - Processing /home/airflow/.local/lib/python3.7/site-packages/airflow/example_dags/example_python_operator.py took 0.064 seconds
[2022-10-17 12:26:31,190] {processor.py:153} INFO - Started process (PID=2991) to work on /home/airflow/.local/lib/python3.7/site-packages/airflow/example_dags/example_python_operator.py
[2022-10-17 12:26:31,191] {processor.py:641} INFO - Processing file /home/airflow/.local/lib/python3.7/site-packages/airflow/example_dags/example_python_operator.py for tasks to queue
[2022-10-17 12:26:31,191] {logging_mixin.py:115} INFO - [2022-10-17 12:26:31,191] {dagbag.py:507} INFO - Filling up the DagBag from /home/airflow/.local/lib/python3.7/site-packages/airflow/example_dags/example_python_operator.py
[2022-10-17 12:26:31,204] {processor.py:651} INFO - DAG(s) dict_keys(['example_python_operator']) retrieved from /home/airflow/.local/lib/python3.7/site-packages/airflow/example_dags/example_python_operator.py
[2022-10-17 12:26:31,224] {logging_mixin.py:115} INFO - [2022-10-17 12:26:31,224] {dag.py:2371} INFO - Sync 1 DAGs
[2022-10-17 12:26:31,237] {logging_mixin.py:115} INFO - [2022-10-17 12:26:31,237] {dag.py:2919} INFO - Setting next_dagrun for example_python_operator to None, run_after=None
[2022-10-17 12:26:31,244] {processor.py:161} INFO - Processing /home/airflow/.local/lib/python3.7/site-packages/airflow/example_dags/example_python_operator.py took 0.056 seconds
[2022-10-17 12:27:02,009] {processor.py:153} INFO - Started process (PID=3055) to work on /home/airflow/.local/lib/python3.7/site-packages/airflow/example_dags/example_python_operator.py
[2022-10-17 12:27:02,009] {processor.py:641} INFO - Processing file /home/airflow/.local/lib/python3.7/site-packages/airflow/example_dags/example_python_operator.py for tasks to queue
[2022-10-17 12:27:02,010] {logging_mixin.py:115} INFO - [2022-10-17 12:27:02,010] {dagbag.py:507} INFO - Filling up the DagBag from /home/airflow/.local/lib/python3.7/site-packages/airflow/example_dags/example_python_operator.py
[2022-10-17 12:27:02,024] {processor.py:651} INFO - DAG(s) dict_keys(['example_python_operator']) retrieved from /home/airflow/.local/lib/python3.7/site-packages/airflow/example_dags/example_python_operator.py
[2022-10-17 12:27:02,041] {logging_mixin.py:115} INFO - [2022-10-17 12:27:02,041] {dag.py:2371} INFO - Sync 1 DAGs
[2022-10-17 12:27:02,055] {logging_mixin.py:115} INFO - [2022-10-17 12:27:02,055] {dag.py:2919} INFO - Setting next_dagrun for example_python_operator to None, run_after=None
[2022-10-17 12:27:02,062] {processor.py:161} INFO - Processing /home/airflow/.local/lib/python3.7/site-packages/airflow/example_dags/example_python_operator.py took 0.055 seconds
[2022-10-17 12:27:32,847] {processor.py:153} INFO - Started process (PID=3120) to work on /home/airflow/.local/lib/python3.7/site-packages/airflow/example_dags/example_python_operator.py
[2022-10-17 12:27:32,849] {processor.py:641} INFO - Processing file /home/airflow/.local/lib/python3.7/site-packages/airflow/example_dags/example_python_operator.py for tasks to queue
[2022-10-17 12:27:32,850] {logging_mixin.py:115} INFO - [2022-10-17 12:27:32,850] {dagbag.py:507} INFO - Filling up the DagBag from /home/airflow/.local/lib/python3.7/site-packages/airflow/example_dags/example_python_operator.py
[2022-10-17 12:27:32,875] {processor.py:651} INFO - DAG(s) dict_keys(['example_python_operator']) retrieved from /home/airflow/.local/lib/python3.7/site-packages/airflow/example_dags/example_python_operator.py
[2022-10-17 12:27:32,909] {logging_mixin.py:115} INFO - [2022-10-17 12:27:32,908] {dag.py:2371} INFO - Sync 1 DAGs
[2022-10-17 12:27:32,927] {logging_mixin.py:115} INFO - [2022-10-17 12:27:32,927] {dag.py:2919} INFO - Setting next_dagrun for example_python_operator to None, run_after=None
[2022-10-17 12:27:32,939] {processor.py:161} INFO - Processing /home/airflow/.local/lib/python3.7/site-packages/airflow/example_dags/example_python_operator.py took 0.096 seconds
[2022-10-17 12:28:03,825] {processor.py:153} INFO - Started process (PID=3174) to work on /home/airflow/.local/lib/python3.7/site-packages/airflow/example_dags/example_python_operator.py
[2022-10-17 12:28:03,826] {processor.py:641} INFO - Processing file /home/airflow/.local/lib/python3.7/site-packages/airflow/example_dags/example_python_operator.py for tasks to queue
[2022-10-17 12:28:03,826] {logging_mixin.py:115} INFO - [2022-10-17 12:28:03,826] {dagbag.py:507} INFO - Filling up the DagBag from /home/airflow/.local/lib/python3.7/site-packages/airflow/example_dags/example_python_operator.py
[2022-10-17 12:28:03,848] {processor.py:651} INFO - DAG(s) dict_keys(['example_python_operator']) retrieved from /home/airflow/.local/lib/python3.7/site-packages/airflow/example_dags/example_python_operator.py
[2022-10-17 12:28:03,875] {logging_mixin.py:115} INFO - [2022-10-17 12:28:03,875] {dag.py:2371} INFO - Sync 1 DAGs
[2022-10-17 12:28:03,894] {logging_mixin.py:115} INFO - [2022-10-17 12:28:03,893] {dag.py:2919} INFO - Setting next_dagrun for example_python_operator to None, run_after=None
[2022-10-17 12:28:03,903] {processor.py:161} INFO - Processing /home/airflow/.local/lib/python3.7/site-packages/airflow/example_dags/example_python_operator.py took 0.083 seconds
[2022-10-17 12:28:33,953] {processor.py:153} INFO - Started process (PID=3237) to work on /home/airflow/.local/lib/python3.7/site-packages/airflow/example_dags/example_python_operator.py
[2022-10-17 12:28:33,954] {processor.py:641} INFO - Processing file /home/airflow/.local/lib/python3.7/site-packages/airflow/example_dags/example_python_operator.py for tasks to queue
[2022-10-17 12:28:33,955] {logging_mixin.py:115} INFO - [2022-10-17 12:28:33,955] {dagbag.py:507} INFO - Filling up the DagBag from /home/airflow/.local/lib/python3.7/site-packages/airflow/example_dags/example_python_operator.py
[2022-10-17 12:28:33,976] {processor.py:651} INFO - DAG(s) dict_keys(['example_python_operator']) retrieved from /home/airflow/.local/lib/python3.7/site-packages/airflow/example_dags/example_python_operator.py
[2022-10-17 12:28:33,994] {logging_mixin.py:115} INFO - [2022-10-17 12:28:33,994] {dag.py:2371} INFO - Sync 1 DAGs
[2022-10-17 12:28:34,006] {logging_mixin.py:115} INFO - [2022-10-17 12:28:34,006] {dag.py:2919} INFO - Setting next_dagrun for example_python_operator to None, run_after=None
[2022-10-17 12:28:34,014] {processor.py:161} INFO - Processing /home/airflow/.local/lib/python3.7/site-packages/airflow/example_dags/example_python_operator.py took 0.066 seconds
[2022-10-17 12:29:04,908] {processor.py:153} INFO - Started process (PID=3301) to work on /home/airflow/.local/lib/python3.7/site-packages/airflow/example_dags/example_python_operator.py
[2022-10-17 12:29:04,909] {processor.py:641} INFO - Processing file /home/airflow/.local/lib/python3.7/site-packages/airflow/example_dags/example_python_operator.py for tasks to queue
[2022-10-17 12:29:04,910] {logging_mixin.py:115} INFO - [2022-10-17 12:29:04,910] {dagbag.py:507} INFO - Filling up the DagBag from /home/airflow/.local/lib/python3.7/site-packages/airflow/example_dags/example_python_operator.py
[2022-10-17 12:29:04,927] {processor.py:651} INFO - DAG(s) dict_keys(['example_python_operator']) retrieved from /home/airflow/.local/lib/python3.7/site-packages/airflow/example_dags/example_python_operator.py
[2022-10-17 12:29:04,955] {logging_mixin.py:115} INFO - [2022-10-17 12:29:04,955] {dag.py:2371} INFO - Sync 1 DAGs
[2022-10-17 12:29:04,976] {logging_mixin.py:115} INFO - [2022-10-17 12:29:04,976] {dag.py:2919} INFO - Setting next_dagrun for example_python_operator to None, run_after=None
[2022-10-17 12:29:04,989] {processor.py:161} INFO - Processing /home/airflow/.local/lib/python3.7/site-packages/airflow/example_dags/example_python_operator.py took 0.084 seconds
[2022-10-17 12:29:35,202] {processor.py:153} INFO - Started process (PID=3364) to work on /home/airflow/.local/lib/python3.7/site-packages/airflow/example_dags/example_python_operator.py
[2022-10-17 12:29:35,203] {processor.py:641} INFO - Processing file /home/airflow/.local/lib/python3.7/site-packages/airflow/example_dags/example_python_operator.py for tasks to queue
[2022-10-17 12:29:35,204] {logging_mixin.py:115} INFO - [2022-10-17 12:29:35,204] {dagbag.py:507} INFO - Filling up the DagBag from /home/airflow/.local/lib/python3.7/site-packages/airflow/example_dags/example_python_operator.py
[2022-10-17 12:29:35,223] {processor.py:651} INFO - DAG(s) dict_keys(['example_python_operator']) retrieved from /home/airflow/.local/lib/python3.7/site-packages/airflow/example_dags/example_python_operator.py
[2022-10-17 12:29:35,245] {logging_mixin.py:115} INFO - [2022-10-17 12:29:35,245] {dag.py:2371} INFO - Sync 1 DAGs
[2022-10-17 12:29:35,262] {logging_mixin.py:115} INFO - [2022-10-17 12:29:35,262] {dag.py:2919} INFO - Setting next_dagrun for example_python_operator to None, run_after=None
[2022-10-17 12:29:35,271] {processor.py:161} INFO - Processing /home/airflow/.local/lib/python3.7/site-packages/airflow/example_dags/example_python_operator.py took 0.072 seconds
[2022-10-17 12:30:06,031] {processor.py:153} INFO - Started process (PID=3427) to work on /home/airflow/.local/lib/python3.7/site-packages/airflow/example_dags/example_python_operator.py
[2022-10-17 12:30:06,031] {processor.py:641} INFO - Processing file /home/airflow/.local/lib/python3.7/site-packages/airflow/example_dags/example_python_operator.py for tasks to queue
[2022-10-17 12:30:06,032] {logging_mixin.py:115} INFO - [2022-10-17 12:30:06,032] {dagbag.py:507} INFO - Filling up the DagBag from /home/airflow/.local/lib/python3.7/site-packages/airflow/example_dags/example_python_operator.py
[2022-10-17 12:30:06,044] {processor.py:651} INFO - DAG(s) dict_keys(['example_python_operator']) retrieved from /home/airflow/.local/lib/python3.7/site-packages/airflow/example_dags/example_python_operator.py
[2022-10-17 12:30:06,064] {logging_mixin.py:115} INFO - [2022-10-17 12:30:06,063] {dag.py:2371} INFO - Sync 1 DAGs
[2022-10-17 12:30:06,077] {logging_mixin.py:115} INFO - [2022-10-17 12:30:06,077] {dag.py:2919} INFO - Setting next_dagrun for example_python_operator to None, run_after=None
[2022-10-17 12:30:06,084] {processor.py:161} INFO - Processing /home/airflow/.local/lib/python3.7/site-packages/airflow/example_dags/example_python_operator.py took 0.056 seconds
[2022-10-17 12:30:36,888] {processor.py:153} INFO - Started process (PID=3481) to work on /home/airflow/.local/lib/python3.7/site-packages/airflow/example_dags/example_python_operator.py
[2022-10-17 12:30:36,889] {processor.py:641} INFO - Processing file /home/airflow/.local/lib/python3.7/site-packages/airflow/example_dags/example_python_operator.py for tasks to queue
[2022-10-17 12:30:36,890] {logging_mixin.py:115} INFO - [2022-10-17 12:30:36,890] {dagbag.py:507} INFO - Filling up the DagBag from /home/airflow/.local/lib/python3.7/site-packages/airflow/example_dags/example_python_operator.py
[2022-10-17 12:30:36,912] {processor.py:651} INFO - DAG(s) dict_keys(['example_python_operator']) retrieved from /home/airflow/.local/lib/python3.7/site-packages/airflow/example_dags/example_python_operator.py
[2022-10-17 12:30:36,933] {logging_mixin.py:115} INFO - [2022-10-17 12:30:36,933] {dag.py:2371} INFO - Sync 1 DAGs
[2022-10-17 12:30:36,948] {logging_mixin.py:115} INFO - [2022-10-17 12:30:36,948] {dag.py:2919} INFO - Setting next_dagrun for example_python_operator to None, run_after=None
[2022-10-17 12:30:36,956] {processor.py:161} INFO - Processing /home/airflow/.local/lib/python3.7/site-packages/airflow/example_dags/example_python_operator.py took 0.072 seconds
[2022-10-17 12:31:07,687] {processor.py:153} INFO - Started process (PID=3544) to work on /home/airflow/.local/lib/python3.7/site-packages/airflow/example_dags/example_python_operator.py
[2022-10-17 12:31:07,688] {processor.py:641} INFO - Processing file /home/airflow/.local/lib/python3.7/site-packages/airflow/example_dags/example_python_operator.py for tasks to queue
[2022-10-17 12:31:07,688] {logging_mixin.py:115} INFO - [2022-10-17 12:31:07,688] {dagbag.py:507} INFO - Filling up the DagBag from /home/airflow/.local/lib/python3.7/site-packages/airflow/example_dags/example_python_operator.py
[2022-10-17 12:31:07,709] {processor.py:651} INFO - DAG(s) dict_keys(['example_python_operator']) retrieved from /home/airflow/.local/lib/python3.7/site-packages/airflow/example_dags/example_python_operator.py
[2022-10-17 12:31:07,725] {logging_mixin.py:115} INFO - [2022-10-17 12:31:07,725] {dag.py:2371} INFO - Sync 1 DAGs
[2022-10-17 12:31:07,738] {logging_mixin.py:115} INFO - [2022-10-17 12:31:07,738] {dag.py:2919} INFO - Setting next_dagrun for example_python_operator to None, run_after=None
[2022-10-17 12:31:07,745] {processor.py:161} INFO - Processing /home/airflow/.local/lib/python3.7/site-packages/airflow/example_dags/example_python_operator.py took 0.062 seconds
[2022-10-17 12:31:38,342] {processor.py:153} INFO - Started process (PID=3607) to work on /home/airflow/.local/lib/python3.7/site-packages/airflow/example_dags/example_python_operator.py
[2022-10-17 12:31:38,343] {processor.py:641} INFO - Processing file /home/airflow/.local/lib/python3.7/site-packages/airflow/example_dags/example_python_operator.py for tasks to queue
[2022-10-17 12:31:38,344] {logging_mixin.py:115} INFO - [2022-10-17 12:31:38,344] {dagbag.py:507} INFO - Filling up the DagBag from /home/airflow/.local/lib/python3.7/site-packages/airflow/example_dags/example_python_operator.py
[2022-10-17 12:31:38,362] {processor.py:651} INFO - DAG(s) dict_keys(['example_python_operator']) retrieved from /home/airflow/.local/lib/python3.7/site-packages/airflow/example_dags/example_python_operator.py
[2022-10-17 12:31:38,379] {logging_mixin.py:115} INFO - [2022-10-17 12:31:38,379] {dag.py:2371} INFO - Sync 1 DAGs
[2022-10-17 12:31:38,392] {logging_mixin.py:115} INFO - [2022-10-17 12:31:38,391] {dag.py:2919} INFO - Setting next_dagrun for example_python_operator to None, run_after=None
[2022-10-17 12:31:38,398] {processor.py:161} INFO - Processing /home/airflow/.local/lib/python3.7/site-packages/airflow/example_dags/example_python_operator.py took 0.060 seconds
[2022-10-17 12:32:09,126] {processor.py:153} INFO - Started process (PID=3670) to work on /home/airflow/.local/lib/python3.7/site-packages/airflow/example_dags/example_python_operator.py
[2022-10-17 12:32:09,127] {processor.py:641} INFO - Processing file /home/airflow/.local/lib/python3.7/site-packages/airflow/example_dags/example_python_operator.py for tasks to queue
[2022-10-17 12:32:09,128] {logging_mixin.py:115} INFO - [2022-10-17 12:32:09,128] {dagbag.py:507} INFO - Filling up the DagBag from /home/airflow/.local/lib/python3.7/site-packages/airflow/example_dags/example_python_operator.py
[2022-10-17 12:32:09,141] {processor.py:651} INFO - DAG(s) dict_keys(['example_python_operator']) retrieved from /home/airflow/.local/lib/python3.7/site-packages/airflow/example_dags/example_python_operator.py
[2022-10-17 12:32:09,158] {logging_mixin.py:115} INFO - [2022-10-17 12:32:09,158] {dag.py:2371} INFO - Sync 1 DAGs
[2022-10-17 12:32:09,171] {logging_mixin.py:115} INFO - [2022-10-17 12:32:09,171] {dag.py:2919} INFO - Setting next_dagrun for example_python_operator to None, run_after=None
[2022-10-17 12:32:09,179] {processor.py:161} INFO - Processing /home/airflow/.local/lib/python3.7/site-packages/airflow/example_dags/example_python_operator.py took 0.055 seconds
[2022-10-17 12:32:40,092] {processor.py:153} INFO - Started process (PID=3733) to work on /home/airflow/.local/lib/python3.7/site-packages/airflow/example_dags/example_python_operator.py
[2022-10-17 12:32:40,092] {processor.py:641} INFO - Processing file /home/airflow/.local/lib/python3.7/site-packages/airflow/example_dags/example_python_operator.py for tasks to queue
[2022-10-17 12:32:40,093] {logging_mixin.py:115} INFO - [2022-10-17 12:32:40,093] {dagbag.py:507} INFO - Filling up the DagBag from /home/airflow/.local/lib/python3.7/site-packages/airflow/example_dags/example_python_operator.py
[2022-10-17 12:32:40,108] {processor.py:651} INFO - DAG(s) dict_keys(['example_python_operator']) retrieved from /home/airflow/.local/lib/python3.7/site-packages/airflow/example_dags/example_python_operator.py
[2022-10-17 12:32:40,127] {logging_mixin.py:115} INFO - [2022-10-17 12:32:40,127] {dag.py:2371} INFO - Sync 1 DAGs
[2022-10-17 12:32:40,140] {logging_mixin.py:115} INFO - [2022-10-17 12:32:40,140] {dag.py:2919} INFO - Setting next_dagrun for example_python_operator to None, run_after=None
[2022-10-17 12:32:40,148] {processor.py:161} INFO - Processing /home/airflow/.local/lib/python3.7/site-packages/airflow/example_dags/example_python_operator.py took 0.060 seconds
[2022-10-17 12:33:10,960] {processor.py:153} INFO - Started process (PID=3798) to work on /home/airflow/.local/lib/python3.7/site-packages/airflow/example_dags/example_python_operator.py
[2022-10-17 12:33:10,960] {processor.py:641} INFO - Processing file /home/airflow/.local/lib/python3.7/site-packages/airflow/example_dags/example_python_operator.py for tasks to queue
[2022-10-17 12:33:10,961] {logging_mixin.py:115} INFO - [2022-10-17 12:33:10,961] {dagbag.py:507} INFO - Filling up the DagBag from /home/airflow/.local/lib/python3.7/site-packages/airflow/example_dags/example_python_operator.py
[2022-10-17 12:33:10,973] {processor.py:651} INFO - DAG(s) dict_keys(['example_python_operator']) retrieved from /home/airflow/.local/lib/python3.7/site-packages/airflow/example_dags/example_python_operator.py
[2022-10-17 12:33:10,990] {logging_mixin.py:115} INFO - [2022-10-17 12:33:10,990] {dag.py:2371} INFO - Sync 1 DAGs
[2022-10-17 12:33:11,003] {logging_mixin.py:115} INFO - [2022-10-17 12:33:11,002] {dag.py:2919} INFO - Setting next_dagrun for example_python_operator to None, run_after=None
[2022-10-17 12:33:11,009] {processor.py:161} INFO - Processing /home/airflow/.local/lib/python3.7/site-packages/airflow/example_dags/example_python_operator.py took 0.053 seconds
[2022-10-17 12:33:41,904] {processor.py:153} INFO - Started process (PID=3853) to work on /home/airflow/.local/lib/python3.7/site-packages/airflow/example_dags/example_python_operator.py
[2022-10-17 12:33:41,905] {processor.py:641} INFO - Processing file /home/airflow/.local/lib/python3.7/site-packages/airflow/example_dags/example_python_operator.py for tasks to queue
[2022-10-17 12:33:41,906] {logging_mixin.py:115} INFO - [2022-10-17 12:33:41,906] {dagbag.py:507} INFO - Filling up the DagBag from /home/airflow/.local/lib/python3.7/site-packages/airflow/example_dags/example_python_operator.py
[2022-10-17 12:33:41,925] {processor.py:651} INFO - DAG(s) dict_keys(['example_python_operator']) retrieved from /home/airflow/.local/lib/python3.7/site-packages/airflow/example_dags/example_python_operator.py
[2022-10-17 12:33:41,944] {logging_mixin.py:115} INFO - [2022-10-17 12:33:41,944] {dag.py:2371} INFO - Sync 1 DAGs
[2022-10-17 12:33:41,957] {logging_mixin.py:115} INFO - [2022-10-17 12:33:41,957] {dag.py:2919} INFO - Setting next_dagrun for example_python_operator to None, run_after=None
[2022-10-17 12:33:41,964] {processor.py:161} INFO - Processing /home/airflow/.local/lib/python3.7/site-packages/airflow/example_dags/example_python_operator.py took 0.064 seconds
[2022-10-17 12:34:12,816] {processor.py:153} INFO - Started process (PID=3948) to work on /home/airflow/.local/lib/python3.7/site-packages/airflow/example_dags/example_python_operator.py
[2022-10-17 12:34:12,817] {processor.py:641} INFO - Processing file /home/airflow/.local/lib/python3.7/site-packages/airflow/example_dags/example_python_operator.py for tasks to queue
[2022-10-17 12:34:12,817] {logging_mixin.py:115} INFO - [2022-10-17 12:34:12,817] {dagbag.py:507} INFO - Filling up the DagBag from /home/airflow/.local/lib/python3.7/site-packages/airflow/example_dags/example_python_operator.py
[2022-10-17 12:34:12,835] {processor.py:651} INFO - DAG(s) dict_keys(['example_python_operator']) retrieved from /home/airflow/.local/lib/python3.7/site-packages/airflow/example_dags/example_python_operator.py
[2022-10-17 12:34:12,854] {logging_mixin.py:115} INFO - [2022-10-17 12:34:12,854] {dag.py:2371} INFO - Sync 1 DAGs
[2022-10-17 12:34:12,867] {logging_mixin.py:115} INFO - [2022-10-17 12:34:12,867] {dag.py:2919} INFO - Setting next_dagrun for example_python_operator to None, run_after=None
[2022-10-17 12:34:12,874] {processor.py:161} INFO - Processing /home/airflow/.local/lib/python3.7/site-packages/airflow/example_dags/example_python_operator.py took 0.062 seconds
[2022-10-17 12:34:43,829] {processor.py:153} INFO - Started process (PID=4009) to work on /home/airflow/.local/lib/python3.7/site-packages/airflow/example_dags/example_python_operator.py
[2022-10-17 12:34:43,830] {processor.py:641} INFO - Processing file /home/airflow/.local/lib/python3.7/site-packages/airflow/example_dags/example_python_operator.py for tasks to queue
[2022-10-17 12:34:43,830] {logging_mixin.py:115} INFO - [2022-10-17 12:34:43,830] {dagbag.py:507} INFO - Filling up the DagBag from /home/airflow/.local/lib/python3.7/site-packages/airflow/example_dags/example_python_operator.py
[2022-10-17 12:34:43,841] {processor.py:651} INFO - DAG(s) dict_keys(['example_python_operator']) retrieved from /home/airflow/.local/lib/python3.7/site-packages/airflow/example_dags/example_python_operator.py
[2022-10-17 12:34:43,858] {logging_mixin.py:115} INFO - [2022-10-17 12:34:43,858] {dag.py:2371} INFO - Sync 1 DAGs
[2022-10-17 12:34:43,871] {logging_mixin.py:115} INFO - [2022-10-17 12:34:43,870] {dag.py:2919} INFO - Setting next_dagrun for example_python_operator to None, run_after=None
[2022-10-17 12:34:43,878] {processor.py:161} INFO - Processing /home/airflow/.local/lib/python3.7/site-packages/airflow/example_dags/example_python_operator.py took 0.051 seconds
[2022-10-17 12:35:14,679] {processor.py:153} INFO - Started process (PID=4072) to work on /home/airflow/.local/lib/python3.7/site-packages/airflow/example_dags/example_python_operator.py
[2022-10-17 12:35:14,680] {processor.py:641} INFO - Processing file /home/airflow/.local/lib/python3.7/site-packages/airflow/example_dags/example_python_operator.py for tasks to queue
[2022-10-17 12:35:14,680] {logging_mixin.py:115} INFO - [2022-10-17 12:35:14,680] {dagbag.py:507} INFO - Filling up the DagBag from /home/airflow/.local/lib/python3.7/site-packages/airflow/example_dags/example_python_operator.py
[2022-10-17 12:35:14,696] {processor.py:651} INFO - DAG(s) dict_keys(['example_python_operator']) retrieved from /home/airflow/.local/lib/python3.7/site-packages/airflow/example_dags/example_python_operator.py
[2022-10-17 12:35:14,717] {logging_mixin.py:115} INFO - [2022-10-17 12:35:14,717] {dag.py:2371} INFO - Sync 1 DAGs
[2022-10-17 12:35:14,729] {logging_mixin.py:115} INFO - [2022-10-17 12:35:14,729] {dag.py:2919} INFO - Setting next_dagrun for example_python_operator to None, run_after=None
[2022-10-17 12:35:14,736] {processor.py:161} INFO - Processing /home/airflow/.local/lib/python3.7/site-packages/airflow/example_dags/example_python_operator.py took 0.059 seconds
[2022-10-17 12:35:45,492] {processor.py:153} INFO - Started process (PID=4133) to work on /home/airflow/.local/lib/python3.7/site-packages/airflow/example_dags/example_python_operator.py
[2022-10-17 12:35:45,493] {processor.py:641} INFO - Processing file /home/airflow/.local/lib/python3.7/site-packages/airflow/example_dags/example_python_operator.py for tasks to queue
[2022-10-17 12:35:45,493] {logging_mixin.py:115} INFO - [2022-10-17 12:35:45,493] {dagbag.py:507} INFO - Filling up the DagBag from /home/airflow/.local/lib/python3.7/site-packages/airflow/example_dags/example_python_operator.py
[2022-10-17 12:35:45,504] {processor.py:651} INFO - DAG(s) dict_keys(['example_python_operator']) retrieved from /home/airflow/.local/lib/python3.7/site-packages/airflow/example_dags/example_python_operator.py
[2022-10-17 12:35:45,521] {logging_mixin.py:115} INFO - [2022-10-17 12:35:45,521] {dag.py:2371} INFO - Sync 1 DAGs
[2022-10-17 12:35:45,534] {logging_mixin.py:115} INFO - [2022-10-17 12:35:45,534] {dag.py:2919} INFO - Setting next_dagrun for example_python_operator to None, run_after=None
[2022-10-17 12:35:45,542] {processor.py:161} INFO - Processing /home/airflow/.local/lib/python3.7/site-packages/airflow/example_dags/example_python_operator.py took 0.052 seconds
[2022-10-17 12:36:16,244] {processor.py:153} INFO - Started process (PID=4193) to work on /home/airflow/.local/lib/python3.7/site-packages/airflow/example_dags/example_python_operator.py
[2022-10-17 12:36:16,244] {processor.py:641} INFO - Processing file /home/airflow/.local/lib/python3.7/site-packages/airflow/example_dags/example_python_operator.py for tasks to queue
[2022-10-17 12:36:16,245] {logging_mixin.py:115} INFO - [2022-10-17 12:36:16,245] {dagbag.py:507} INFO - Filling up the DagBag from /home/airflow/.local/lib/python3.7/site-packages/airflow/example_dags/example_python_operator.py
[2022-10-17 12:36:16,256] {processor.py:651} INFO - DAG(s) dict_keys(['example_python_operator']) retrieved from /home/airflow/.local/lib/python3.7/site-packages/airflow/example_dags/example_python_operator.py
[2022-10-17 12:36:16,273] {logging_mixin.py:115} INFO - [2022-10-17 12:36:16,273] {dag.py:2371} INFO - Sync 1 DAGs
[2022-10-17 12:36:16,286] {logging_mixin.py:115} INFO - [2022-10-17 12:36:16,286] {dag.py:2919} INFO - Setting next_dagrun for example_python_operator to None, run_after=None
[2022-10-17 12:36:16,293] {processor.py:161} INFO - Processing /home/airflow/.local/lib/python3.7/site-packages/airflow/example_dags/example_python_operator.py took 0.052 seconds
[2022-10-17 12:36:46,900] {processor.py:153} INFO - Started process (PID=4249) to work on /home/airflow/.local/lib/python3.7/site-packages/airflow/example_dags/example_python_operator.py
[2022-10-17 12:36:46,901] {processor.py:641} INFO - Processing file /home/airflow/.local/lib/python3.7/site-packages/airflow/example_dags/example_python_operator.py for tasks to queue
[2022-10-17 12:36:46,901] {logging_mixin.py:115} INFO - [2022-10-17 12:36:46,901] {dagbag.py:507} INFO - Filling up the DagBag from /home/airflow/.local/lib/python3.7/site-packages/airflow/example_dags/example_python_operator.py
[2022-10-17 12:36:46,916] {processor.py:651} INFO - DAG(s) dict_keys(['example_python_operator']) retrieved from /home/airflow/.local/lib/python3.7/site-packages/airflow/example_dags/example_python_operator.py
[2022-10-17 12:36:46,936] {logging_mixin.py:115} INFO - [2022-10-17 12:36:46,936] {dag.py:2371} INFO - Sync 1 DAGs
[2022-10-17 12:36:46,949] {logging_mixin.py:115} INFO - [2022-10-17 12:36:46,949] {dag.py:2919} INFO - Setting next_dagrun for example_python_operator to None, run_after=None
[2022-10-17 12:36:46,956] {processor.py:161} INFO - Processing /home/airflow/.local/lib/python3.7/site-packages/airflow/example_dags/example_python_operator.py took 0.060 seconds
[2022-10-17 12:37:17,713] {processor.py:153} INFO - Started process (PID=4311) to work on /home/airflow/.local/lib/python3.7/site-packages/airflow/example_dags/example_python_operator.py
[2022-10-17 12:37:17,714] {processor.py:641} INFO - Processing file /home/airflow/.local/lib/python3.7/site-packages/airflow/example_dags/example_python_operator.py for tasks to queue
[2022-10-17 12:37:17,714] {logging_mixin.py:115} INFO - [2022-10-17 12:37:17,714] {dagbag.py:507} INFO - Filling up the DagBag from /home/airflow/.local/lib/python3.7/site-packages/airflow/example_dags/example_python_operator.py
[2022-10-17 12:37:17,733] {processor.py:651} INFO - DAG(s) dict_keys(['example_python_operator']) retrieved from /home/airflow/.local/lib/python3.7/site-packages/airflow/example_dags/example_python_operator.py
[2022-10-17 12:37:17,752] {logging_mixin.py:115} INFO - [2022-10-17 12:37:17,751] {dag.py:2371} INFO - Sync 1 DAGs
[2022-10-17 12:37:17,765] {logging_mixin.py:115} INFO - [2022-10-17 12:37:17,765] {dag.py:2919} INFO - Setting next_dagrun for example_python_operator to None, run_after=None
[2022-10-17 12:37:17,773] {processor.py:161} INFO - Processing /home/airflow/.local/lib/python3.7/site-packages/airflow/example_dags/example_python_operator.py took 0.065 seconds
[2022-10-17 12:37:47,801] {processor.py:153} INFO - Started process (PID=4374) to work on /home/airflow/.local/lib/python3.7/site-packages/airflow/example_dags/example_python_operator.py
[2022-10-17 12:37:47,801] {processor.py:641} INFO - Processing file /home/airflow/.local/lib/python3.7/site-packages/airflow/example_dags/example_python_operator.py for tasks to queue
[2022-10-17 12:37:47,802] {logging_mixin.py:115} INFO - [2022-10-17 12:37:47,802] {dagbag.py:507} INFO - Filling up the DagBag from /home/airflow/.local/lib/python3.7/site-packages/airflow/example_dags/example_python_operator.py
[2022-10-17 12:37:47,813] {processor.py:651} INFO - DAG(s) dict_keys(['example_python_operator']) retrieved from /home/airflow/.local/lib/python3.7/site-packages/airflow/example_dags/example_python_operator.py
[2022-10-17 12:37:47,831] {logging_mixin.py:115} INFO - [2022-10-17 12:37:47,831] {dag.py:2371} INFO - Sync 1 DAGs
[2022-10-17 12:37:47,844] {logging_mixin.py:115} INFO - [2022-10-17 12:37:47,844] {dag.py:2919} INFO - Setting next_dagrun for example_python_operator to None, run_after=None
[2022-10-17 12:37:47,851] {processor.py:161} INFO - Processing /home/airflow/.local/lib/python3.7/site-packages/airflow/example_dags/example_python_operator.py took 0.053 seconds
[2022-10-17 12:38:18,242] {processor.py:153} INFO - Started process (PID=4468) to work on /home/airflow/.local/lib/python3.7/site-packages/airflow/example_dags/example_python_operator.py
[2022-10-17 12:38:18,243] {processor.py:641} INFO - Processing file /home/airflow/.local/lib/python3.7/site-packages/airflow/example_dags/example_python_operator.py for tasks to queue
[2022-10-17 12:38:18,244] {logging_mixin.py:115} INFO - [2022-10-17 12:38:18,244] {dagbag.py:507} INFO - Filling up the DagBag from /home/airflow/.local/lib/python3.7/site-packages/airflow/example_dags/example_python_operator.py
[2022-10-17 12:38:18,256] {processor.py:651} INFO - DAG(s) dict_keys(['example_python_operator']) retrieved from /home/airflow/.local/lib/python3.7/site-packages/airflow/example_dags/example_python_operator.py
[2022-10-17 12:38:18,275] {logging_mixin.py:115} INFO - [2022-10-17 12:38:18,275] {dag.py:2371} INFO - Sync 1 DAGs
[2022-10-17 12:38:18,292] {logging_mixin.py:115} INFO - [2022-10-17 12:38:18,292] {dag.py:2919} INFO - Setting next_dagrun for example_python_operator to None, run_after=None
[2022-10-17 12:38:18,301] {processor.py:161} INFO - Processing /home/airflow/.local/lib/python3.7/site-packages/airflow/example_dags/example_python_operator.py took 0.062 seconds
[2022-10-17 12:38:48,641] {processor.py:153} INFO - Started process (PID=4521) to work on /home/airflow/.local/lib/python3.7/site-packages/airflow/example_dags/example_python_operator.py
[2022-10-17 12:38:48,642] {processor.py:641} INFO - Processing file /home/airflow/.local/lib/python3.7/site-packages/airflow/example_dags/example_python_operator.py for tasks to queue
[2022-10-17 12:38:48,642] {logging_mixin.py:115} INFO - [2022-10-17 12:38:48,642] {dagbag.py:507} INFO - Filling up the DagBag from /home/airflow/.local/lib/python3.7/site-packages/airflow/example_dags/example_python_operator.py
[2022-10-17 12:38:48,654] {processor.py:651} INFO - DAG(s) dict_keys(['example_python_operator']) retrieved from /home/airflow/.local/lib/python3.7/site-packages/airflow/example_dags/example_python_operator.py
[2022-10-17 12:38:48,672] {logging_mixin.py:115} INFO - [2022-10-17 12:38:48,672] {dag.py:2371} INFO - Sync 1 DAGs
[2022-10-17 12:38:48,685] {logging_mixin.py:115} INFO - [2022-10-17 12:38:48,685] {dag.py:2919} INFO - Setting next_dagrun for example_python_operator to None, run_after=None
[2022-10-17 12:38:48,692] {processor.py:161} INFO - Processing /home/airflow/.local/lib/python3.7/site-packages/airflow/example_dags/example_python_operator.py took 0.053 seconds
[2022-10-17 12:39:19,524] {processor.py:153} INFO - Started process (PID=4584) to work on /home/airflow/.local/lib/python3.7/site-packages/airflow/example_dags/example_python_operator.py
[2022-10-17 12:39:19,525] {processor.py:641} INFO - Processing file /home/airflow/.local/lib/python3.7/site-packages/airflow/example_dags/example_python_operator.py for tasks to queue
[2022-10-17 12:39:19,525] {logging_mixin.py:115} INFO - [2022-10-17 12:39:19,525] {dagbag.py:507} INFO - Filling up the DagBag from /home/airflow/.local/lib/python3.7/site-packages/airflow/example_dags/example_python_operator.py
[2022-10-17 12:39:19,535] {processor.py:651} INFO - DAG(s) dict_keys(['example_python_operator']) retrieved from /home/airflow/.local/lib/python3.7/site-packages/airflow/example_dags/example_python_operator.py
[2022-10-17 12:39:19,552] {logging_mixin.py:115} INFO - [2022-10-17 12:39:19,552] {dag.py:2371} INFO - Sync 1 DAGs
[2022-10-17 12:39:19,565] {logging_mixin.py:115} INFO - [2022-10-17 12:39:19,565] {dag.py:2919} INFO - Setting next_dagrun for example_python_operator to None, run_after=None
[2022-10-17 12:39:19,572] {processor.py:161} INFO - Processing /home/airflow/.local/lib/python3.7/site-packages/airflow/example_dags/example_python_operator.py took 0.050 seconds
[2022-10-17 12:39:50,249] {processor.py:153} INFO - Started process (PID=4646) to work on /home/airflow/.local/lib/python3.7/site-packages/airflow/example_dags/example_python_operator.py
[2022-10-17 12:39:50,249] {processor.py:641} INFO - Processing file /home/airflow/.local/lib/python3.7/site-packages/airflow/example_dags/example_python_operator.py for tasks to queue
[2022-10-17 12:39:50,250] {logging_mixin.py:115} INFO - [2022-10-17 12:39:50,250] {dagbag.py:507} INFO - Filling up the DagBag from /home/airflow/.local/lib/python3.7/site-packages/airflow/example_dags/example_python_operator.py
[2022-10-17 12:39:50,261] {processor.py:651} INFO - DAG(s) dict_keys(['example_python_operator']) retrieved from /home/airflow/.local/lib/python3.7/site-packages/airflow/example_dags/example_python_operator.py
[2022-10-17 12:39:50,277] {logging_mixin.py:115} INFO - [2022-10-17 12:39:50,277] {dag.py:2371} INFO - Sync 1 DAGs
[2022-10-17 12:39:50,288] {logging_mixin.py:115} INFO - [2022-10-17 12:39:50,288] {dag.py:2919} INFO - Setting next_dagrun for example_python_operator to None, run_after=None
[2022-10-17 12:39:50,295] {processor.py:161} INFO - Processing /home/airflow/.local/lib/python3.7/site-packages/airflow/example_dags/example_python_operator.py took 0.049 seconds
[2022-10-17 12:40:20,897] {processor.py:153} INFO - Started process (PID=4708) to work on /home/airflow/.local/lib/python3.7/site-packages/airflow/example_dags/example_python_operator.py
[2022-10-17 12:40:20,898] {processor.py:641} INFO - Processing file /home/airflow/.local/lib/python3.7/site-packages/airflow/example_dags/example_python_operator.py for tasks to queue
[2022-10-17 12:40:20,898] {logging_mixin.py:115} INFO - [2022-10-17 12:40:20,898] {dagbag.py:507} INFO - Filling up the DagBag from /home/airflow/.local/lib/python3.7/site-packages/airflow/example_dags/example_python_operator.py
[2022-10-17 12:40:20,907] {processor.py:651} INFO - DAG(s) dict_keys(['example_python_operator']) retrieved from /home/airflow/.local/lib/python3.7/site-packages/airflow/example_dags/example_python_operator.py
[2022-10-17 12:40:20,925] {logging_mixin.py:115} INFO - [2022-10-17 12:40:20,925] {dag.py:2371} INFO - Sync 1 DAGs
[2022-10-17 12:40:20,938] {logging_mixin.py:115} INFO - [2022-10-17 12:40:20,938] {dag.py:2919} INFO - Setting next_dagrun for example_python_operator to None, run_after=None
[2022-10-17 12:40:20,945] {processor.py:161} INFO - Processing /home/airflow/.local/lib/python3.7/site-packages/airflow/example_dags/example_python_operator.py took 0.050 seconds
[2022-10-17 12:40:51,578] {processor.py:153} INFO - Started process (PID=4770) to work on /home/airflow/.local/lib/python3.7/site-packages/airflow/example_dags/example_python_operator.py
[2022-10-17 12:40:51,579] {processor.py:641} INFO - Processing file /home/airflow/.local/lib/python3.7/site-packages/airflow/example_dags/example_python_operator.py for tasks to queue
[2022-10-17 12:40:51,579] {logging_mixin.py:115} INFO - [2022-10-17 12:40:51,579] {dagbag.py:507} INFO - Filling up the DagBag from /home/airflow/.local/lib/python3.7/site-packages/airflow/example_dags/example_python_operator.py
[2022-10-17 12:40:51,589] {processor.py:651} INFO - DAG(s) dict_keys(['example_python_operator']) retrieved from /home/airflow/.local/lib/python3.7/site-packages/airflow/example_dags/example_python_operator.py
[2022-10-17 12:40:51,603] {logging_mixin.py:115} INFO - [2022-10-17 12:40:51,603] {dag.py:2371} INFO - Sync 1 DAGs
[2022-10-17 12:40:51,614] {logging_mixin.py:115} INFO - [2022-10-17 12:40:51,614] {dag.py:2919} INFO - Setting next_dagrun for example_python_operator to None, run_after=None
[2022-10-17 12:40:51,621] {processor.py:161} INFO - Processing /home/airflow/.local/lib/python3.7/site-packages/airflow/example_dags/example_python_operator.py took 0.044 seconds
[2022-10-17 12:41:21,994] {processor.py:153} INFO - Started process (PID=4832) to work on /home/airflow/.local/lib/python3.7/site-packages/airflow/example_dags/example_python_operator.py
[2022-10-17 12:41:21,994] {processor.py:641} INFO - Processing file /home/airflow/.local/lib/python3.7/site-packages/airflow/example_dags/example_python_operator.py for tasks to queue
[2022-10-17 12:41:21,994] {logging_mixin.py:115} INFO - [2022-10-17 12:41:21,994] {dagbag.py:507} INFO - Filling up the DagBag from /home/airflow/.local/lib/python3.7/site-packages/airflow/example_dags/example_python_operator.py
[2022-10-17 12:41:22,005] {processor.py:651} INFO - DAG(s) dict_keys(['example_python_operator']) retrieved from /home/airflow/.local/lib/python3.7/site-packages/airflow/example_dags/example_python_operator.py
[2022-10-17 12:41:22,019] {logging_mixin.py:115} INFO - [2022-10-17 12:41:22,019] {dag.py:2371} INFO - Sync 1 DAGs
[2022-10-17 12:41:22,030] {logging_mixin.py:115} INFO - [2022-10-17 12:41:22,030] {dag.py:2919} INFO - Setting next_dagrun for example_python_operator to None, run_after=None
[2022-10-17 12:41:22,037] {processor.py:161} INFO - Processing /home/airflow/.local/lib/python3.7/site-packages/airflow/example_dags/example_python_operator.py took 0.045 seconds
[2022-10-17 12:41:52,704] {processor.py:153} INFO - Started process (PID=4888) to work on /home/airflow/.local/lib/python3.7/site-packages/airflow/example_dags/example_python_operator.py
[2022-10-17 12:41:52,704] {processor.py:641} INFO - Processing file /home/airflow/.local/lib/python3.7/site-packages/airflow/example_dags/example_python_operator.py for tasks to queue
[2022-10-17 12:41:52,705] {logging_mixin.py:115} INFO - [2022-10-17 12:41:52,705] {dagbag.py:507} INFO - Filling up the DagBag from /home/airflow/.local/lib/python3.7/site-packages/airflow/example_dags/example_python_operator.py
[2022-10-17 12:41:52,714] {processor.py:651} INFO - DAG(s) dict_keys(['example_python_operator']) retrieved from /home/airflow/.local/lib/python3.7/site-packages/airflow/example_dags/example_python_operator.py
[2022-10-17 12:41:52,728] {logging_mixin.py:115} INFO - [2022-10-17 12:41:52,728] {dag.py:2371} INFO - Sync 1 DAGs
[2022-10-17 12:41:52,739] {logging_mixin.py:115} INFO - [2022-10-17 12:41:52,739] {dag.py:2919} INFO - Setting next_dagrun for example_python_operator to None, run_after=None
[2022-10-17 12:41:52,745] {processor.py:161} INFO - Processing /home/airflow/.local/lib/python3.7/site-packages/airflow/example_dags/example_python_operator.py took 0.043 seconds
[2022-10-17 12:42:23,491] {processor.py:153} INFO - Started process (PID=4950) to work on /home/airflow/.local/lib/python3.7/site-packages/airflow/example_dags/example_python_operator.py
[2022-10-17 12:42:23,492] {processor.py:641} INFO - Processing file /home/airflow/.local/lib/python3.7/site-packages/airflow/example_dags/example_python_operator.py for tasks to queue
[2022-10-17 12:42:23,492] {logging_mixin.py:115} INFO - [2022-10-17 12:42:23,492] {dagbag.py:507} INFO - Filling up the DagBag from /home/airflow/.local/lib/python3.7/site-packages/airflow/example_dags/example_python_operator.py
[2022-10-17 12:42:23,501] {processor.py:651} INFO - DAG(s) dict_keys(['example_python_operator']) retrieved from /home/airflow/.local/lib/python3.7/site-packages/airflow/example_dags/example_python_operator.py
[2022-10-17 12:42:23,516] {logging_mixin.py:115} INFO - [2022-10-17 12:42:23,516] {dag.py:2371} INFO - Sync 1 DAGs
[2022-10-17 12:42:23,526] {logging_mixin.py:115} INFO - [2022-10-17 12:42:23,526] {dag.py:2919} INFO - Setting next_dagrun for example_python_operator to None, run_after=None
[2022-10-17 12:42:23,532] {processor.py:161} INFO - Processing /home/airflow/.local/lib/python3.7/site-packages/airflow/example_dags/example_python_operator.py took 0.042 seconds
[2022-10-17 12:42:54,048] {processor.py:153} INFO - Started process (PID=5015) to work on /home/airflow/.local/lib/python3.7/site-packages/airflow/example_dags/example_python_operator.py
[2022-10-17 12:42:54,048] {processor.py:641} INFO - Processing file /home/airflow/.local/lib/python3.7/site-packages/airflow/example_dags/example_python_operator.py for tasks to queue
[2022-10-17 12:42:54,049] {logging_mixin.py:115} INFO - [2022-10-17 12:42:54,049] {dagbag.py:507} INFO - Filling up the DagBag from /home/airflow/.local/lib/python3.7/site-packages/airflow/example_dags/example_python_operator.py
[2022-10-17 12:42:54,058] {processor.py:651} INFO - DAG(s) dict_keys(['example_python_operator']) retrieved from /home/airflow/.local/lib/python3.7/site-packages/airflow/example_dags/example_python_operator.py
[2022-10-17 12:42:54,073] {logging_mixin.py:115} INFO - [2022-10-17 12:42:54,073] {dag.py:2371} INFO - Sync 1 DAGs
[2022-10-17 12:42:54,086] {logging_mixin.py:115} INFO - [2022-10-17 12:42:54,086] {dag.py:2919} INFO - Setting next_dagrun for example_python_operator to None, run_after=None
[2022-10-17 12:42:54,093] {processor.py:161} INFO - Processing /home/airflow/.local/lib/python3.7/site-packages/airflow/example_dags/example_python_operator.py took 0.047 seconds
[2022-10-17 12:43:24,865] {processor.py:153} INFO - Started process (PID=5078) to work on /home/airflow/.local/lib/python3.7/site-packages/airflow/example_dags/example_python_operator.py
[2022-10-17 12:43:24,865] {processor.py:641} INFO - Processing file /home/airflow/.local/lib/python3.7/site-packages/airflow/example_dags/example_python_operator.py for tasks to queue
[2022-10-17 12:43:24,866] {logging_mixin.py:115} INFO - [2022-10-17 12:43:24,866] {dagbag.py:507} INFO - Filling up the DagBag from /home/airflow/.local/lib/python3.7/site-packages/airflow/example_dags/example_python_operator.py
[2022-10-17 12:43:24,876] {processor.py:651} INFO - DAG(s) dict_keys(['example_python_operator']) retrieved from /home/airflow/.local/lib/python3.7/site-packages/airflow/example_dags/example_python_operator.py
[2022-10-17 12:43:24,890] {logging_mixin.py:115} INFO - [2022-10-17 12:43:24,890] {dag.py:2371} INFO - Sync 1 DAGs
[2022-10-17 12:43:24,901] {logging_mixin.py:115} INFO - [2022-10-17 12:43:24,901] {dag.py:2919} INFO - Setting next_dagrun for example_python_operator to None, run_after=None
[2022-10-17 12:43:24,908] {processor.py:161} INFO - Processing /home/airflow/.local/lib/python3.7/site-packages/airflow/example_dags/example_python_operator.py took 0.044 seconds
