[2022-10-17 12:21:56,548] {processor.py:153} INFO - Started process (PID=2444) to work on /home/airflow/.local/lib/python3.7/site-packages/airflow/example_dags/example_trigger_target_dag.py
[2022-10-17 12:21:56,550] {processor.py:641} INFO - Processing file /home/airflow/.local/lib/python3.7/site-packages/airflow/example_dags/example_trigger_target_dag.py for tasks to queue
[2022-10-17 12:21:56,550] {logging_mixin.py:115} INFO - [2022-10-17 12:21:56,550] {dagbag.py:507} INFO - Filling up the DagBag from /home/airflow/.local/lib/python3.7/site-packages/airflow/example_dags/example_trigger_target_dag.py
[2022-10-17 12:21:56,566] {processor.py:651} INFO - DAG(s) dict_keys(['example_trigger_target_dag']) retrieved from /home/airflow/.local/lib/python3.7/site-packages/airflow/example_dags/example_trigger_target_dag.py
[2022-10-17 12:21:56,599] {logging_mixin.py:115} INFO - [2022-10-17 12:21:56,599] {dag.py:2371} INFO - Sync 1 DAGs
[2022-10-17 12:21:56,620] {logging_mixin.py:115} INFO - [2022-10-17 12:21:56,620] {dag.py:2919} INFO - Setting next_dagrun for example_trigger_target_dag to None, run_after=None
[2022-10-17 12:21:56,632] {processor.py:161} INFO - Processing /home/airflow/.local/lib/python3.7/site-packages/airflow/example_dags/example_trigger_target_dag.py took 0.087 seconds
[2022-10-17 12:22:27,125] {processor.py:153} INFO - Started process (PID=2507) to work on /home/airflow/.local/lib/python3.7/site-packages/airflow/example_dags/example_trigger_target_dag.py
[2022-10-17 12:22:27,125] {processor.py:641} INFO - Processing file /home/airflow/.local/lib/python3.7/site-packages/airflow/example_dags/example_trigger_target_dag.py for tasks to queue
[2022-10-17 12:22:27,126] {logging_mixin.py:115} INFO - [2022-10-17 12:22:27,126] {dagbag.py:507} INFO - Filling up the DagBag from /home/airflow/.local/lib/python3.7/site-packages/airflow/example_dags/example_trigger_target_dag.py
[2022-10-17 12:22:27,136] {processor.py:651} INFO - DAG(s) dict_keys(['example_trigger_target_dag']) retrieved from /home/airflow/.local/lib/python3.7/site-packages/airflow/example_dags/example_trigger_target_dag.py
[2022-10-17 12:22:27,156] {logging_mixin.py:115} INFO - [2022-10-17 12:22:27,156] {dag.py:2371} INFO - Sync 1 DAGs
[2022-10-17 12:22:27,170] {logging_mixin.py:115} INFO - [2022-10-17 12:22:27,170] {dag.py:2919} INFO - Setting next_dagrun for example_trigger_target_dag to None, run_after=None
[2022-10-17 12:22:27,178] {processor.py:161} INFO - Processing /home/airflow/.local/lib/python3.7/site-packages/airflow/example_dags/example_trigger_target_dag.py took 0.056 seconds
[2022-10-17 12:22:57,659] {processor.py:153} INFO - Started process (PID=2561) to work on /home/airflow/.local/lib/python3.7/site-packages/airflow/example_dags/example_trigger_target_dag.py
[2022-10-17 12:22:57,659] {processor.py:641} INFO - Processing file /home/airflow/.local/lib/python3.7/site-packages/airflow/example_dags/example_trigger_target_dag.py for tasks to queue
[2022-10-17 12:22:57,660] {logging_mixin.py:115} INFO - [2022-10-17 12:22:57,660] {dagbag.py:507} INFO - Filling up the DagBag from /home/airflow/.local/lib/python3.7/site-packages/airflow/example_dags/example_trigger_target_dag.py
[2022-10-17 12:22:57,670] {processor.py:651} INFO - DAG(s) dict_keys(['example_trigger_target_dag']) retrieved from /home/airflow/.local/lib/python3.7/site-packages/airflow/example_dags/example_trigger_target_dag.py
[2022-10-17 12:22:57,689] {logging_mixin.py:115} INFO - [2022-10-17 12:22:57,689] {dag.py:2371} INFO - Sync 1 DAGs
[2022-10-17 12:22:57,701] {logging_mixin.py:115} INFO - [2022-10-17 12:22:57,701] {dag.py:2919} INFO - Setting next_dagrun for example_trigger_target_dag to None, run_after=None
[2022-10-17 12:22:57,709] {processor.py:161} INFO - Processing /home/airflow/.local/lib/python3.7/site-packages/airflow/example_dags/example_trigger_target_dag.py took 0.052 seconds
[2022-10-17 12:23:28,038] {processor.py:153} INFO - Started process (PID=2625) to work on /home/airflow/.local/lib/python3.7/site-packages/airflow/example_dags/example_trigger_target_dag.py
[2022-10-17 12:23:28,039] {processor.py:641} INFO - Processing file /home/airflow/.local/lib/python3.7/site-packages/airflow/example_dags/example_trigger_target_dag.py for tasks to queue
[2022-10-17 12:23:28,040] {logging_mixin.py:115} INFO - [2022-10-17 12:23:28,040] {dagbag.py:507} INFO - Filling up the DagBag from /home/airflow/.local/lib/python3.7/site-packages/airflow/example_dags/example_trigger_target_dag.py
[2022-10-17 12:23:28,055] {processor.py:651} INFO - DAG(s) dict_keys(['example_trigger_target_dag']) retrieved from /home/airflow/.local/lib/python3.7/site-packages/airflow/example_dags/example_trigger_target_dag.py
[2022-10-17 12:23:28,073] {logging_mixin.py:115} INFO - [2022-10-17 12:23:28,073] {dag.py:2371} INFO - Sync 1 DAGs
[2022-10-17 12:23:28,086] {logging_mixin.py:115} INFO - [2022-10-17 12:23:28,086] {dag.py:2919} INFO - Setting next_dagrun for example_trigger_target_dag to None, run_after=None
[2022-10-17 12:23:28,094] {processor.py:161} INFO - Processing /home/airflow/.local/lib/python3.7/site-packages/airflow/example_dags/example_trigger_target_dag.py took 0.060 seconds
[2022-10-17 12:23:58,772] {processor.py:153} INFO - Started process (PID=2688) to work on /home/airflow/.local/lib/python3.7/site-packages/airflow/example_dags/example_trigger_target_dag.py
[2022-10-17 12:23:58,773] {processor.py:641} INFO - Processing file /home/airflow/.local/lib/python3.7/site-packages/airflow/example_dags/example_trigger_target_dag.py for tasks to queue
[2022-10-17 12:23:58,774] {logging_mixin.py:115} INFO - [2022-10-17 12:23:58,774] {dagbag.py:507} INFO - Filling up the DagBag from /home/airflow/.local/lib/python3.7/site-packages/airflow/example_dags/example_trigger_target_dag.py
[2022-10-17 12:23:58,794] {processor.py:651} INFO - DAG(s) dict_keys(['example_trigger_target_dag']) retrieved from /home/airflow/.local/lib/python3.7/site-packages/airflow/example_dags/example_trigger_target_dag.py
[2022-10-17 12:23:58,812] {logging_mixin.py:115} INFO - [2022-10-17 12:23:58,812] {dag.py:2371} INFO - Sync 1 DAGs
[2022-10-17 12:23:58,826] {logging_mixin.py:115} INFO - [2022-10-17 12:23:58,826] {dag.py:2919} INFO - Setting next_dagrun for example_trigger_target_dag to None, run_after=None
[2022-10-17 12:23:58,833] {processor.py:161} INFO - Processing /home/airflow/.local/lib/python3.7/site-packages/airflow/example_dags/example_trigger_target_dag.py took 0.067 seconds
[2022-10-17 12:24:29,551] {processor.py:153} INFO - Started process (PID=2751) to work on /home/airflow/.local/lib/python3.7/site-packages/airflow/example_dags/example_trigger_target_dag.py
[2022-10-17 12:24:29,552] {processor.py:641} INFO - Processing file /home/airflow/.local/lib/python3.7/site-packages/airflow/example_dags/example_trigger_target_dag.py for tasks to queue
[2022-10-17 12:24:29,553] {logging_mixin.py:115} INFO - [2022-10-17 12:24:29,553] {dagbag.py:507} INFO - Filling up the DagBag from /home/airflow/.local/lib/python3.7/site-packages/airflow/example_dags/example_trigger_target_dag.py
[2022-10-17 12:24:29,576] {processor.py:651} INFO - DAG(s) dict_keys(['example_trigger_target_dag']) retrieved from /home/airflow/.local/lib/python3.7/site-packages/airflow/example_dags/example_trigger_target_dag.py
[2022-10-17 12:24:29,594] {logging_mixin.py:115} INFO - [2022-10-17 12:24:29,594] {dag.py:2371} INFO - Sync 1 DAGs
[2022-10-17 12:24:29,607] {logging_mixin.py:115} INFO - [2022-10-17 12:24:29,607] {dag.py:2919} INFO - Setting next_dagrun for example_trigger_target_dag to None, run_after=None
[2022-10-17 12:24:29,614] {processor.py:161} INFO - Processing /home/airflow/.local/lib/python3.7/site-packages/airflow/example_dags/example_trigger_target_dag.py took 0.068 seconds
[2022-10-17 12:25:00,276] {processor.py:153} INFO - Started process (PID=2814) to work on /home/airflow/.local/lib/python3.7/site-packages/airflow/example_dags/example_trigger_target_dag.py
[2022-10-17 12:25:00,277] {processor.py:641} INFO - Processing file /home/airflow/.local/lib/python3.7/site-packages/airflow/example_dags/example_trigger_target_dag.py for tasks to queue
[2022-10-17 12:25:00,277] {logging_mixin.py:115} INFO - [2022-10-17 12:25:00,277] {dagbag.py:507} INFO - Filling up the DagBag from /home/airflow/.local/lib/python3.7/site-packages/airflow/example_dags/example_trigger_target_dag.py
[2022-10-17 12:25:00,290] {processor.py:651} INFO - DAG(s) dict_keys(['example_trigger_target_dag']) retrieved from /home/airflow/.local/lib/python3.7/site-packages/airflow/example_dags/example_trigger_target_dag.py
[2022-10-17 12:25:00,307] {logging_mixin.py:115} INFO - [2022-10-17 12:25:00,307] {dag.py:2371} INFO - Sync 1 DAGs
[2022-10-17 12:25:00,320] {logging_mixin.py:115} INFO - [2022-10-17 12:25:00,320] {dag.py:2919} INFO - Setting next_dagrun for example_trigger_target_dag to None, run_after=None
[2022-10-17 12:25:00,327] {processor.py:161} INFO - Processing /home/airflow/.local/lib/python3.7/site-packages/airflow/example_dags/example_trigger_target_dag.py took 0.054 seconds
[2022-10-17 12:25:30,998] {processor.py:153} INFO - Started process (PID=2868) to work on /home/airflow/.local/lib/python3.7/site-packages/airflow/example_dags/example_trigger_target_dag.py
[2022-10-17 12:25:30,999] {processor.py:641} INFO - Processing file /home/airflow/.local/lib/python3.7/site-packages/airflow/example_dags/example_trigger_target_dag.py for tasks to queue
[2022-10-17 12:25:30,999] {logging_mixin.py:115} INFO - [2022-10-17 12:25:30,999] {dagbag.py:507} INFO - Filling up the DagBag from /home/airflow/.local/lib/python3.7/site-packages/airflow/example_dags/example_trigger_target_dag.py
[2022-10-17 12:25:31,012] {processor.py:651} INFO - DAG(s) dict_keys(['example_trigger_target_dag']) retrieved from /home/airflow/.local/lib/python3.7/site-packages/airflow/example_dags/example_trigger_target_dag.py
[2022-10-17 12:25:31,029] {logging_mixin.py:115} INFO - [2022-10-17 12:25:31,029] {dag.py:2371} INFO - Sync 1 DAGs
[2022-10-17 12:25:31,044] {logging_mixin.py:115} INFO - [2022-10-17 12:25:31,044] {dag.py:2919} INFO - Setting next_dagrun for example_trigger_target_dag to None, run_after=None
[2022-10-17 12:25:31,051] {processor.py:161} INFO - Processing /home/airflow/.local/lib/python3.7/site-packages/airflow/example_dags/example_trigger_target_dag.py took 0.056 seconds
[2022-10-17 12:26:01,661] {processor.py:153} INFO - Started process (PID=2931) to work on /home/airflow/.local/lib/python3.7/site-packages/airflow/example_dags/example_trigger_target_dag.py
[2022-10-17 12:26:01,661] {processor.py:641} INFO - Processing file /home/airflow/.local/lib/python3.7/site-packages/airflow/example_dags/example_trigger_target_dag.py for tasks to queue
[2022-10-17 12:26:01,662] {logging_mixin.py:115} INFO - [2022-10-17 12:26:01,662] {dagbag.py:507} INFO - Filling up the DagBag from /home/airflow/.local/lib/python3.7/site-packages/airflow/example_dags/example_trigger_target_dag.py
[2022-10-17 12:26:01,678] {processor.py:651} INFO - DAG(s) dict_keys(['example_trigger_target_dag']) retrieved from /home/airflow/.local/lib/python3.7/site-packages/airflow/example_dags/example_trigger_target_dag.py
[2022-10-17 12:26:01,699] {logging_mixin.py:115} INFO - [2022-10-17 12:26:01,699] {dag.py:2371} INFO - Sync 1 DAGs
[2022-10-17 12:26:01,713] {logging_mixin.py:115} INFO - [2022-10-17 12:26:01,713] {dag.py:2919} INFO - Setting next_dagrun for example_trigger_target_dag to None, run_after=None
[2022-10-17 12:26:01,720] {processor.py:161} INFO - Processing /home/airflow/.local/lib/python3.7/site-packages/airflow/example_dags/example_trigger_target_dag.py took 0.063 seconds
[2022-10-17 12:26:32,338] {processor.py:153} INFO - Started process (PID=2994) to work on /home/airflow/.local/lib/python3.7/site-packages/airflow/example_dags/example_trigger_target_dag.py
[2022-10-17 12:26:32,339] {processor.py:641} INFO - Processing file /home/airflow/.local/lib/python3.7/site-packages/airflow/example_dags/example_trigger_target_dag.py for tasks to queue
[2022-10-17 12:26:32,340] {logging_mixin.py:115} INFO - [2022-10-17 12:26:32,339] {dagbag.py:507} INFO - Filling up the DagBag from /home/airflow/.local/lib/python3.7/site-packages/airflow/example_dags/example_trigger_target_dag.py
[2022-10-17 12:26:32,359] {processor.py:651} INFO - DAG(s) dict_keys(['example_trigger_target_dag']) retrieved from /home/airflow/.local/lib/python3.7/site-packages/airflow/example_dags/example_trigger_target_dag.py
[2022-10-17 12:26:32,380] {logging_mixin.py:115} INFO - [2022-10-17 12:26:32,380] {dag.py:2371} INFO - Sync 1 DAGs
[2022-10-17 12:26:32,393] {logging_mixin.py:115} INFO - [2022-10-17 12:26:32,393] {dag.py:2919} INFO - Setting next_dagrun for example_trigger_target_dag to None, run_after=None
[2022-10-17 12:26:32,400] {processor.py:161} INFO - Processing /home/airflow/.local/lib/python3.7/site-packages/airflow/example_dags/example_trigger_target_dag.py took 0.067 seconds
[2022-10-17 12:27:03,163] {processor.py:153} INFO - Started process (PID=3058) to work on /home/airflow/.local/lib/python3.7/site-packages/airflow/example_dags/example_trigger_target_dag.py
[2022-10-17 12:27:03,164] {processor.py:641} INFO - Processing file /home/airflow/.local/lib/python3.7/site-packages/airflow/example_dags/example_trigger_target_dag.py for tasks to queue
[2022-10-17 12:27:03,165] {logging_mixin.py:115} INFO - [2022-10-17 12:27:03,165] {dagbag.py:507} INFO - Filling up the DagBag from /home/airflow/.local/lib/python3.7/site-packages/airflow/example_dags/example_trigger_target_dag.py
[2022-10-17 12:27:03,186] {processor.py:651} INFO - DAG(s) dict_keys(['example_trigger_target_dag']) retrieved from /home/airflow/.local/lib/python3.7/site-packages/airflow/example_dags/example_trigger_target_dag.py
[2022-10-17 12:27:03,209] {logging_mixin.py:115} INFO - [2022-10-17 12:27:03,209] {dag.py:2371} INFO - Sync 1 DAGs
[2022-10-17 12:27:03,223] {logging_mixin.py:115} INFO - [2022-10-17 12:27:03,222] {dag.py:2919} INFO - Setting next_dagrun for example_trigger_target_dag to None, run_after=None
[2022-10-17 12:27:03,231] {processor.py:161} INFO - Processing /home/airflow/.local/lib/python3.7/site-packages/airflow/example_dags/example_trigger_target_dag.py took 0.074 seconds
[2022-10-17 12:27:34,063] {processor.py:153} INFO - Started process (PID=3123) to work on /home/airflow/.local/lib/python3.7/site-packages/airflow/example_dags/example_trigger_target_dag.py
[2022-10-17 12:27:34,066] {processor.py:641} INFO - Processing file /home/airflow/.local/lib/python3.7/site-packages/airflow/example_dags/example_trigger_target_dag.py for tasks to queue
[2022-10-17 12:27:34,067] {logging_mixin.py:115} INFO - [2022-10-17 12:27:34,067] {dagbag.py:507} INFO - Filling up the DagBag from /home/airflow/.local/lib/python3.7/site-packages/airflow/example_dags/example_trigger_target_dag.py
[2022-10-17 12:27:34,084] {processor.py:651} INFO - DAG(s) dict_keys(['example_trigger_target_dag']) retrieved from /home/airflow/.local/lib/python3.7/site-packages/airflow/example_dags/example_trigger_target_dag.py
[2022-10-17 12:27:34,102] {logging_mixin.py:115} INFO - [2022-10-17 12:27:34,102] {dag.py:2371} INFO - Sync 1 DAGs
[2022-10-17 12:27:34,116] {logging_mixin.py:115} INFO - [2022-10-17 12:27:34,116] {dag.py:2919} INFO - Setting next_dagrun for example_trigger_target_dag to None, run_after=None
[2022-10-17 12:27:34,123] {processor.py:161} INFO - Processing /home/airflow/.local/lib/python3.7/site-packages/airflow/example_dags/example_trigger_target_dag.py took 0.067 seconds
[2022-10-17 12:28:04,987] {processor.py:153} INFO - Started process (PID=3186) to work on /home/airflow/.local/lib/python3.7/site-packages/airflow/example_dags/example_trigger_target_dag.py
[2022-10-17 12:28:04,987] {processor.py:641} INFO - Processing file /home/airflow/.local/lib/python3.7/site-packages/airflow/example_dags/example_trigger_target_dag.py for tasks to queue
[2022-10-17 12:28:04,988] {logging_mixin.py:115} INFO - [2022-10-17 12:28:04,988] {dagbag.py:507} INFO - Filling up the DagBag from /home/airflow/.local/lib/python3.7/site-packages/airflow/example_dags/example_trigger_target_dag.py
[2022-10-17 12:28:05,002] {processor.py:651} INFO - DAG(s) dict_keys(['example_trigger_target_dag']) retrieved from /home/airflow/.local/lib/python3.7/site-packages/airflow/example_dags/example_trigger_target_dag.py
[2022-10-17 12:28:05,023] {logging_mixin.py:115} INFO - [2022-10-17 12:28:05,023] {dag.py:2371} INFO - Sync 1 DAGs
[2022-10-17 12:28:05,037] {logging_mixin.py:115} INFO - [2022-10-17 12:28:05,037] {dag.py:2919} INFO - Setting next_dagrun for example_trigger_target_dag to None, run_after=None
[2022-10-17 12:28:05,046] {processor.py:161} INFO - Processing /home/airflow/.local/lib/python3.7/site-packages/airflow/example_dags/example_trigger_target_dag.py took 0.061 seconds
[2022-10-17 12:28:35,113] {processor.py:153} INFO - Started process (PID=3240) to work on /home/airflow/.local/lib/python3.7/site-packages/airflow/example_dags/example_trigger_target_dag.py
[2022-10-17 12:28:35,114] {processor.py:641} INFO - Processing file /home/airflow/.local/lib/python3.7/site-packages/airflow/example_dags/example_trigger_target_dag.py for tasks to queue
[2022-10-17 12:28:35,115] {logging_mixin.py:115} INFO - [2022-10-17 12:28:35,115] {dagbag.py:507} INFO - Filling up the DagBag from /home/airflow/.local/lib/python3.7/site-packages/airflow/example_dags/example_trigger_target_dag.py
[2022-10-17 12:28:35,140] {processor.py:651} INFO - DAG(s) dict_keys(['example_trigger_target_dag']) retrieved from /home/airflow/.local/lib/python3.7/site-packages/airflow/example_dags/example_trigger_target_dag.py
[2022-10-17 12:28:35,163] {logging_mixin.py:115} INFO - [2022-10-17 12:28:35,163] {dag.py:2371} INFO - Sync 1 DAGs
[2022-10-17 12:28:35,176] {logging_mixin.py:115} INFO - [2022-10-17 12:28:35,176] {dag.py:2919} INFO - Setting next_dagrun for example_trigger_target_dag to None, run_after=None
[2022-10-17 12:28:35,184] {processor.py:161} INFO - Processing /home/airflow/.local/lib/python3.7/site-packages/airflow/example_dags/example_trigger_target_dag.py took 0.077 seconds
[2022-10-17 12:29:06,131] {processor.py:153} INFO - Started process (PID=3304) to work on /home/airflow/.local/lib/python3.7/site-packages/airflow/example_dags/example_trigger_target_dag.py
[2022-10-17 12:29:06,132] {processor.py:641} INFO - Processing file /home/airflow/.local/lib/python3.7/site-packages/airflow/example_dags/example_trigger_target_dag.py for tasks to queue
[2022-10-17 12:29:06,133] {logging_mixin.py:115} INFO - [2022-10-17 12:29:06,133] {dagbag.py:507} INFO - Filling up the DagBag from /home/airflow/.local/lib/python3.7/site-packages/airflow/example_dags/example_trigger_target_dag.py
[2022-10-17 12:29:06,152] {processor.py:651} INFO - DAG(s) dict_keys(['example_trigger_target_dag']) retrieved from /home/airflow/.local/lib/python3.7/site-packages/airflow/example_dags/example_trigger_target_dag.py
[2022-10-17 12:29:06,171] {logging_mixin.py:115} INFO - [2022-10-17 12:29:06,171] {dag.py:2371} INFO - Sync 1 DAGs
[2022-10-17 12:29:06,185] {logging_mixin.py:115} INFO - [2022-10-17 12:29:06,185] {dag.py:2919} INFO - Setting next_dagrun for example_trigger_target_dag to None, run_after=None
[2022-10-17 12:29:06,192] {processor.py:161} INFO - Processing /home/airflow/.local/lib/python3.7/site-packages/airflow/example_dags/example_trigger_target_dag.py took 0.065 seconds
[2022-10-17 12:29:36,401] {processor.py:153} INFO - Started process (PID=3367) to work on /home/airflow/.local/lib/python3.7/site-packages/airflow/example_dags/example_trigger_target_dag.py
[2022-10-17 12:29:36,404] {processor.py:641} INFO - Processing file /home/airflow/.local/lib/python3.7/site-packages/airflow/example_dags/example_trigger_target_dag.py for tasks to queue
[2022-10-17 12:29:36,405] {logging_mixin.py:115} INFO - [2022-10-17 12:29:36,405] {dagbag.py:507} INFO - Filling up the DagBag from /home/airflow/.local/lib/python3.7/site-packages/airflow/example_dags/example_trigger_target_dag.py
[2022-10-17 12:29:36,428] {processor.py:651} INFO - DAG(s) dict_keys(['example_trigger_target_dag']) retrieved from /home/airflow/.local/lib/python3.7/site-packages/airflow/example_dags/example_trigger_target_dag.py
[2022-10-17 12:29:36,449] {logging_mixin.py:115} INFO - [2022-10-17 12:29:36,449] {dag.py:2371} INFO - Sync 1 DAGs
[2022-10-17 12:29:36,463] {logging_mixin.py:115} INFO - [2022-10-17 12:29:36,463] {dag.py:2919} INFO - Setting next_dagrun for example_trigger_target_dag to None, run_after=None
[2022-10-17 12:29:36,470] {processor.py:161} INFO - Processing /home/airflow/.local/lib/python3.7/site-packages/airflow/example_dags/example_trigger_target_dag.py took 0.076 seconds
[2022-10-17 12:30:07,162] {processor.py:153} INFO - Started process (PID=3430) to work on /home/airflow/.local/lib/python3.7/site-packages/airflow/example_dags/example_trigger_target_dag.py
[2022-10-17 12:30:07,164] {processor.py:641} INFO - Processing file /home/airflow/.local/lib/python3.7/site-packages/airflow/example_dags/example_trigger_target_dag.py for tasks to queue
[2022-10-17 12:30:07,165] {logging_mixin.py:115} INFO - [2022-10-17 12:30:07,165] {dagbag.py:507} INFO - Filling up the DagBag from /home/airflow/.local/lib/python3.7/site-packages/airflow/example_dags/example_trigger_target_dag.py
[2022-10-17 12:30:07,182] {processor.py:651} INFO - DAG(s) dict_keys(['example_trigger_target_dag']) retrieved from /home/airflow/.local/lib/python3.7/site-packages/airflow/example_dags/example_trigger_target_dag.py
[2022-10-17 12:30:07,200] {logging_mixin.py:115} INFO - [2022-10-17 12:30:07,200] {dag.py:2371} INFO - Sync 1 DAGs
[2022-10-17 12:30:07,214] {logging_mixin.py:115} INFO - [2022-10-17 12:30:07,214] {dag.py:2919} INFO - Setting next_dagrun for example_trigger_target_dag to None, run_after=None
[2022-10-17 12:30:07,222] {processor.py:161} INFO - Processing /home/airflow/.local/lib/python3.7/site-packages/airflow/example_dags/example_trigger_target_dag.py took 0.064 seconds
[2022-10-17 12:30:38,032] {processor.py:153} INFO - Started process (PID=3491) to work on /home/airflow/.local/lib/python3.7/site-packages/airflow/example_dags/example_trigger_target_dag.py
[2022-10-17 12:30:38,034] {processor.py:641} INFO - Processing file /home/airflow/.local/lib/python3.7/site-packages/airflow/example_dags/example_trigger_target_dag.py for tasks to queue
[2022-10-17 12:30:38,035] {logging_mixin.py:115} INFO - [2022-10-17 12:30:38,034] {dagbag.py:507} INFO - Filling up the DagBag from /home/airflow/.local/lib/python3.7/site-packages/airflow/example_dags/example_trigger_target_dag.py
[2022-10-17 12:30:38,047] {processor.py:651} INFO - DAG(s) dict_keys(['example_trigger_target_dag']) retrieved from /home/airflow/.local/lib/python3.7/site-packages/airflow/example_dags/example_trigger_target_dag.py
[2022-10-17 12:30:38,063] {logging_mixin.py:115} INFO - [2022-10-17 12:30:38,063] {dag.py:2371} INFO - Sync 1 DAGs
[2022-10-17 12:30:38,077] {logging_mixin.py:115} INFO - [2022-10-17 12:30:38,076] {dag.py:2919} INFO - Setting next_dagrun for example_trigger_target_dag to None, run_after=None
[2022-10-17 12:30:38,084] {processor.py:161} INFO - Processing /home/airflow/.local/lib/python3.7/site-packages/airflow/example_dags/example_trigger_target_dag.py took 0.054 seconds
[2022-10-17 12:31:08,826] {processor.py:153} INFO - Started process (PID=3547) to work on /home/airflow/.local/lib/python3.7/site-packages/airflow/example_dags/example_trigger_target_dag.py
[2022-10-17 12:31:08,827] {processor.py:641} INFO - Processing file /home/airflow/.local/lib/python3.7/site-packages/airflow/example_dags/example_trigger_target_dag.py for tasks to queue
[2022-10-17 12:31:08,828] {logging_mixin.py:115} INFO - [2022-10-17 12:31:08,828] {dagbag.py:507} INFO - Filling up the DagBag from /home/airflow/.local/lib/python3.7/site-packages/airflow/example_dags/example_trigger_target_dag.py
[2022-10-17 12:31:08,843] {processor.py:651} INFO - DAG(s) dict_keys(['example_trigger_target_dag']) retrieved from /home/airflow/.local/lib/python3.7/site-packages/airflow/example_dags/example_trigger_target_dag.py
[2022-10-17 12:31:08,867] {logging_mixin.py:115} INFO - [2022-10-17 12:31:08,866] {dag.py:2371} INFO - Sync 1 DAGs
[2022-10-17 12:31:08,879] {logging_mixin.py:115} INFO - [2022-10-17 12:31:08,879] {dag.py:2919} INFO - Setting next_dagrun for example_trigger_target_dag to None, run_after=None
[2022-10-17 12:31:08,887] {processor.py:161} INFO - Processing /home/airflow/.local/lib/python3.7/site-packages/airflow/example_dags/example_trigger_target_dag.py took 0.065 seconds
[2022-10-17 12:31:39,506] {processor.py:153} INFO - Started process (PID=3610) to work on /home/airflow/.local/lib/python3.7/site-packages/airflow/example_dags/example_trigger_target_dag.py
[2022-10-17 12:31:39,509] {processor.py:641} INFO - Processing file /home/airflow/.local/lib/python3.7/site-packages/airflow/example_dags/example_trigger_target_dag.py for tasks to queue
[2022-10-17 12:31:39,509] {logging_mixin.py:115} INFO - [2022-10-17 12:31:39,509] {dagbag.py:507} INFO - Filling up the DagBag from /home/airflow/.local/lib/python3.7/site-packages/airflow/example_dags/example_trigger_target_dag.py
[2022-10-17 12:31:39,530] {processor.py:651} INFO - DAG(s) dict_keys(['example_trigger_target_dag']) retrieved from /home/airflow/.local/lib/python3.7/site-packages/airflow/example_dags/example_trigger_target_dag.py
[2022-10-17 12:31:39,550] {logging_mixin.py:115} INFO - [2022-10-17 12:31:39,550] {dag.py:2371} INFO - Sync 1 DAGs
[2022-10-17 12:31:39,564] {logging_mixin.py:115} INFO - [2022-10-17 12:31:39,564] {dag.py:2919} INFO - Setting next_dagrun for example_trigger_target_dag to None, run_after=None
[2022-10-17 12:31:39,572] {processor.py:161} INFO - Processing /home/airflow/.local/lib/python3.7/site-packages/airflow/example_dags/example_trigger_target_dag.py took 0.070 seconds
[2022-10-17 12:32:10,280] {processor.py:153} INFO - Started process (PID=3673) to work on /home/airflow/.local/lib/python3.7/site-packages/airflow/example_dags/example_trigger_target_dag.py
[2022-10-17 12:32:10,281] {processor.py:641} INFO - Processing file /home/airflow/.local/lib/python3.7/site-packages/airflow/example_dags/example_trigger_target_dag.py for tasks to queue
[2022-10-17 12:32:10,282] {logging_mixin.py:115} INFO - [2022-10-17 12:32:10,282] {dagbag.py:507} INFO - Filling up the DagBag from /home/airflow/.local/lib/python3.7/site-packages/airflow/example_dags/example_trigger_target_dag.py
[2022-10-17 12:32:10,297] {processor.py:651} INFO - DAG(s) dict_keys(['example_trigger_target_dag']) retrieved from /home/airflow/.local/lib/python3.7/site-packages/airflow/example_dags/example_trigger_target_dag.py
[2022-10-17 12:32:10,316] {logging_mixin.py:115} INFO - [2022-10-17 12:32:10,316] {dag.py:2371} INFO - Sync 1 DAGs
[2022-10-17 12:32:10,329] {logging_mixin.py:115} INFO - [2022-10-17 12:32:10,329] {dag.py:2919} INFO - Setting next_dagrun for example_trigger_target_dag to None, run_after=None
[2022-10-17 12:32:10,337] {processor.py:161} INFO - Processing /home/airflow/.local/lib/python3.7/site-packages/airflow/example_dags/example_trigger_target_dag.py took 0.060 seconds
[2022-10-17 12:32:41,231] {processor.py:153} INFO - Started process (PID=3736) to work on /home/airflow/.local/lib/python3.7/site-packages/airflow/example_dags/example_trigger_target_dag.py
[2022-10-17 12:32:41,232] {processor.py:641} INFO - Processing file /home/airflow/.local/lib/python3.7/site-packages/airflow/example_dags/example_trigger_target_dag.py for tasks to queue
[2022-10-17 12:32:41,232] {logging_mixin.py:115} INFO - [2022-10-17 12:32:41,232] {dagbag.py:507} INFO - Filling up the DagBag from /home/airflow/.local/lib/python3.7/site-packages/airflow/example_dags/example_trigger_target_dag.py
[2022-10-17 12:32:41,246] {processor.py:651} INFO - DAG(s) dict_keys(['example_trigger_target_dag']) retrieved from /home/airflow/.local/lib/python3.7/site-packages/airflow/example_dags/example_trigger_target_dag.py
[2022-10-17 12:32:41,264] {logging_mixin.py:115} INFO - [2022-10-17 12:32:41,264] {dag.py:2371} INFO - Sync 1 DAGs
[2022-10-17 12:32:41,279] {logging_mixin.py:115} INFO - [2022-10-17 12:32:41,279] {dag.py:2919} INFO - Setting next_dagrun for example_trigger_target_dag to None, run_after=None
[2022-10-17 12:32:41,286] {processor.py:161} INFO - Processing /home/airflow/.local/lib/python3.7/site-packages/airflow/example_dags/example_trigger_target_dag.py took 0.058 seconds
[2022-10-17 12:33:12,100] {processor.py:153} INFO - Started process (PID=3801) to work on /home/airflow/.local/lib/python3.7/site-packages/airflow/example_dags/example_trigger_target_dag.py
[2022-10-17 12:33:12,101] {processor.py:641} INFO - Processing file /home/airflow/.local/lib/python3.7/site-packages/airflow/example_dags/example_trigger_target_dag.py for tasks to queue
[2022-10-17 12:33:12,101] {logging_mixin.py:115} INFO - [2022-10-17 12:33:12,101] {dagbag.py:507} INFO - Filling up the DagBag from /home/airflow/.local/lib/python3.7/site-packages/airflow/example_dags/example_trigger_target_dag.py
[2022-10-17 12:33:12,115] {processor.py:651} INFO - DAG(s) dict_keys(['example_trigger_target_dag']) retrieved from /home/airflow/.local/lib/python3.7/site-packages/airflow/example_dags/example_trigger_target_dag.py
[2022-10-17 12:33:12,136] {logging_mixin.py:115} INFO - [2022-10-17 12:33:12,136] {dag.py:2371} INFO - Sync 1 DAGs
[2022-10-17 12:33:12,150] {logging_mixin.py:115} INFO - [2022-10-17 12:33:12,150] {dag.py:2919} INFO - Setting next_dagrun for example_trigger_target_dag to None, run_after=None
[2022-10-17 12:33:12,156] {processor.py:161} INFO - Processing /home/airflow/.local/lib/python3.7/site-packages/airflow/example_dags/example_trigger_target_dag.py took 0.060 seconds
[2022-10-17 12:33:43,032] {processor.py:153} INFO - Started process (PID=3865) to work on /home/airflow/.local/lib/python3.7/site-packages/airflow/example_dags/example_trigger_target_dag.py
[2022-10-17 12:33:43,032] {processor.py:641} INFO - Processing file /home/airflow/.local/lib/python3.7/site-packages/airflow/example_dags/example_trigger_target_dag.py for tasks to queue
[2022-10-17 12:33:43,033] {logging_mixin.py:115} INFO - [2022-10-17 12:33:43,033] {dagbag.py:507} INFO - Filling up the DagBag from /home/airflow/.local/lib/python3.7/site-packages/airflow/example_dags/example_trigger_target_dag.py
[2022-10-17 12:33:43,044] {processor.py:651} INFO - DAG(s) dict_keys(['example_trigger_target_dag']) retrieved from /home/airflow/.local/lib/python3.7/site-packages/airflow/example_dags/example_trigger_target_dag.py
[2022-10-17 12:33:43,064] {logging_mixin.py:115} INFO - [2022-10-17 12:33:43,064] {dag.py:2371} INFO - Sync 1 DAGs
[2022-10-17 12:33:43,081] {logging_mixin.py:115} INFO - [2022-10-17 12:33:43,081] {dag.py:2919} INFO - Setting next_dagrun for example_trigger_target_dag to None, run_after=None
[2022-10-17 12:33:43,089] {processor.py:161} INFO - Processing /home/airflow/.local/lib/python3.7/site-packages/airflow/example_dags/example_trigger_target_dag.py took 0.060 seconds
[2022-10-17 12:34:13,971] {processor.py:153} INFO - Started process (PID=3951) to work on /home/airflow/.local/lib/python3.7/site-packages/airflow/example_dags/example_trigger_target_dag.py
[2022-10-17 12:34:13,975] {processor.py:641} INFO - Processing file /home/airflow/.local/lib/python3.7/site-packages/airflow/example_dags/example_trigger_target_dag.py for tasks to queue
[2022-10-17 12:34:13,976] {logging_mixin.py:115} INFO - [2022-10-17 12:34:13,976] {dagbag.py:507} INFO - Filling up the DagBag from /home/airflow/.local/lib/python3.7/site-packages/airflow/example_dags/example_trigger_target_dag.py
[2022-10-17 12:34:13,998] {processor.py:651} INFO - DAG(s) dict_keys(['example_trigger_target_dag']) retrieved from /home/airflow/.local/lib/python3.7/site-packages/airflow/example_dags/example_trigger_target_dag.py
[2022-10-17 12:34:14,020] {logging_mixin.py:115} INFO - [2022-10-17 12:34:14,020] {dag.py:2371} INFO - Sync 1 DAGs
[2022-10-17 12:34:14,034] {logging_mixin.py:115} INFO - [2022-10-17 12:34:14,033] {dag.py:2919} INFO - Setting next_dagrun for example_trigger_target_dag to None, run_after=None
[2022-10-17 12:34:14,041] {processor.py:161} INFO - Processing /home/airflow/.local/lib/python3.7/site-packages/airflow/example_dags/example_trigger_target_dag.py took 0.076 seconds
[2022-10-17 12:34:44,987] {processor.py:153} INFO - Started process (PID=4012) to work on /home/airflow/.local/lib/python3.7/site-packages/airflow/example_dags/example_trigger_target_dag.py
[2022-10-17 12:34:44,989] {processor.py:641} INFO - Processing file /home/airflow/.local/lib/python3.7/site-packages/airflow/example_dags/example_trigger_target_dag.py for tasks to queue
[2022-10-17 12:34:44,991] {logging_mixin.py:115} INFO - [2022-10-17 12:34:44,991] {dagbag.py:507} INFO - Filling up the DagBag from /home/airflow/.local/lib/python3.7/site-packages/airflow/example_dags/example_trigger_target_dag.py
[2022-10-17 12:34:45,010] {processor.py:651} INFO - DAG(s) dict_keys(['example_trigger_target_dag']) retrieved from /home/airflow/.local/lib/python3.7/site-packages/airflow/example_dags/example_trigger_target_dag.py
[2022-10-17 12:34:45,035] {logging_mixin.py:115} INFO - [2022-10-17 12:34:45,035] {dag.py:2371} INFO - Sync 1 DAGs
[2022-10-17 12:34:45,048] {logging_mixin.py:115} INFO - [2022-10-17 12:34:45,048] {dag.py:2919} INFO - Setting next_dagrun for example_trigger_target_dag to None, run_after=None
[2022-10-17 12:34:45,055] {processor.py:161} INFO - Processing /home/airflow/.local/lib/python3.7/site-packages/airflow/example_dags/example_trigger_target_dag.py took 0.073 seconds
[2022-10-17 12:35:15,841] {processor.py:153} INFO - Started process (PID=4075) to work on /home/airflow/.local/lib/python3.7/site-packages/airflow/example_dags/example_trigger_target_dag.py
[2022-10-17 12:35:15,843] {processor.py:641} INFO - Processing file /home/airflow/.local/lib/python3.7/site-packages/airflow/example_dags/example_trigger_target_dag.py for tasks to queue
[2022-10-17 12:35:15,844] {logging_mixin.py:115} INFO - [2022-10-17 12:35:15,844] {dagbag.py:507} INFO - Filling up the DagBag from /home/airflow/.local/lib/python3.7/site-packages/airflow/example_dags/example_trigger_target_dag.py
[2022-10-17 12:35:15,861] {processor.py:651} INFO - DAG(s) dict_keys(['example_trigger_target_dag']) retrieved from /home/airflow/.local/lib/python3.7/site-packages/airflow/example_dags/example_trigger_target_dag.py
[2022-10-17 12:35:15,880] {logging_mixin.py:115} INFO - [2022-10-17 12:35:15,880] {dag.py:2371} INFO - Sync 1 DAGs
[2022-10-17 12:35:15,893] {logging_mixin.py:115} INFO - [2022-10-17 12:35:15,893] {dag.py:2919} INFO - Setting next_dagrun for example_trigger_target_dag to None, run_after=None
[2022-10-17 12:35:15,900] {processor.py:161} INFO - Processing /home/airflow/.local/lib/python3.7/site-packages/airflow/example_dags/example_trigger_target_dag.py took 0.064 seconds
[2022-10-17 12:35:46,647] {processor.py:153} INFO - Started process (PID=4136) to work on /home/airflow/.local/lib/python3.7/site-packages/airflow/example_dags/example_trigger_target_dag.py
[2022-10-17 12:35:46,648] {processor.py:641} INFO - Processing file /home/airflow/.local/lib/python3.7/site-packages/airflow/example_dags/example_trigger_target_dag.py for tasks to queue
[2022-10-17 12:35:46,649] {logging_mixin.py:115} INFO - [2022-10-17 12:35:46,649] {dagbag.py:507} INFO - Filling up the DagBag from /home/airflow/.local/lib/python3.7/site-packages/airflow/example_dags/example_trigger_target_dag.py
[2022-10-17 12:35:46,663] {processor.py:651} INFO - DAG(s) dict_keys(['example_trigger_target_dag']) retrieved from /home/airflow/.local/lib/python3.7/site-packages/airflow/example_dags/example_trigger_target_dag.py
[2022-10-17 12:35:46,681] {logging_mixin.py:115} INFO - [2022-10-17 12:35:46,681] {dag.py:2371} INFO - Sync 1 DAGs
[2022-10-17 12:35:46,694] {logging_mixin.py:115} INFO - [2022-10-17 12:35:46,694] {dag.py:2919} INFO - Setting next_dagrun for example_trigger_target_dag to None, run_after=None
[2022-10-17 12:35:46,701] {processor.py:161} INFO - Processing /home/airflow/.local/lib/python3.7/site-packages/airflow/example_dags/example_trigger_target_dag.py took 0.058 seconds
[2022-10-17 12:36:17,403] {processor.py:153} INFO - Started process (PID=4198) to work on /home/airflow/.local/lib/python3.7/site-packages/airflow/example_dags/example_trigger_target_dag.py
[2022-10-17 12:36:17,404] {processor.py:641} INFO - Processing file /home/airflow/.local/lib/python3.7/site-packages/airflow/example_dags/example_trigger_target_dag.py for tasks to queue
[2022-10-17 12:36:17,405] {logging_mixin.py:115} INFO - [2022-10-17 12:36:17,404] {dagbag.py:507} INFO - Filling up the DagBag from /home/airflow/.local/lib/python3.7/site-packages/airflow/example_dags/example_trigger_target_dag.py
[2022-10-17 12:36:17,418] {processor.py:651} INFO - DAG(s) dict_keys(['example_trigger_target_dag']) retrieved from /home/airflow/.local/lib/python3.7/site-packages/airflow/example_dags/example_trigger_target_dag.py
[2022-10-17 12:36:17,438] {logging_mixin.py:115} INFO - [2022-10-17 12:36:17,438] {dag.py:2371} INFO - Sync 1 DAGs
[2022-10-17 12:36:17,452] {logging_mixin.py:115} INFO - [2022-10-17 12:36:17,452] {dag.py:2919} INFO - Setting next_dagrun for example_trigger_target_dag to None, run_after=None
[2022-10-17 12:36:17,459] {processor.py:161} INFO - Processing /home/airflow/.local/lib/python3.7/site-packages/airflow/example_dags/example_trigger_target_dag.py took 0.060 seconds
[2022-10-17 12:36:48,056] {processor.py:153} INFO - Started process (PID=4252) to work on /home/airflow/.local/lib/python3.7/site-packages/airflow/example_dags/example_trigger_target_dag.py
[2022-10-17 12:36:48,057] {processor.py:641} INFO - Processing file /home/airflow/.local/lib/python3.7/site-packages/airflow/example_dags/example_trigger_target_dag.py for tasks to queue
[2022-10-17 12:36:48,058] {logging_mixin.py:115} INFO - [2022-10-17 12:36:48,058] {dagbag.py:507} INFO - Filling up the DagBag from /home/airflow/.local/lib/python3.7/site-packages/airflow/example_dags/example_trigger_target_dag.py
[2022-10-17 12:36:48,074] {processor.py:651} INFO - DAG(s) dict_keys(['example_trigger_target_dag']) retrieved from /home/airflow/.local/lib/python3.7/site-packages/airflow/example_dags/example_trigger_target_dag.py
[2022-10-17 12:36:48,094] {logging_mixin.py:115} INFO - [2022-10-17 12:36:48,094] {dag.py:2371} INFO - Sync 1 DAGs
[2022-10-17 12:36:48,107] {logging_mixin.py:115} INFO - [2022-10-17 12:36:48,107] {dag.py:2919} INFO - Setting next_dagrun for example_trigger_target_dag to None, run_after=None
[2022-10-17 12:36:48,116] {processor.py:161} INFO - Processing /home/airflow/.local/lib/python3.7/site-packages/airflow/example_dags/example_trigger_target_dag.py took 0.065 seconds
[2022-10-17 12:37:18,842] {processor.py:153} INFO - Started process (PID=4314) to work on /home/airflow/.local/lib/python3.7/site-packages/airflow/example_dags/example_trigger_target_dag.py
[2022-10-17 12:37:18,843] {processor.py:641} INFO - Processing file /home/airflow/.local/lib/python3.7/site-packages/airflow/example_dags/example_trigger_target_dag.py for tasks to queue
[2022-10-17 12:37:18,844] {logging_mixin.py:115} INFO - [2022-10-17 12:37:18,843] {dagbag.py:507} INFO - Filling up the DagBag from /home/airflow/.local/lib/python3.7/site-packages/airflow/example_dags/example_trigger_target_dag.py
[2022-10-17 12:37:18,854] {processor.py:651} INFO - DAG(s) dict_keys(['example_trigger_target_dag']) retrieved from /home/airflow/.local/lib/python3.7/site-packages/airflow/example_dags/example_trigger_target_dag.py
[2022-10-17 12:37:18,872] {logging_mixin.py:115} INFO - [2022-10-17 12:37:18,872] {dag.py:2371} INFO - Sync 1 DAGs
[2022-10-17 12:37:18,887] {logging_mixin.py:115} INFO - [2022-10-17 12:37:18,887] {dag.py:2919} INFO - Setting next_dagrun for example_trigger_target_dag to None, run_after=None
[2022-10-17 12:37:18,896] {processor.py:161} INFO - Processing /home/airflow/.local/lib/python3.7/site-packages/airflow/example_dags/example_trigger_target_dag.py took 0.056 seconds
[2022-10-17 12:37:48,938] {processor.py:153} INFO - Started process (PID=4377) to work on /home/airflow/.local/lib/python3.7/site-packages/airflow/example_dags/example_trigger_target_dag.py
[2022-10-17 12:37:48,939] {processor.py:641} INFO - Processing file /home/airflow/.local/lib/python3.7/site-packages/airflow/example_dags/example_trigger_target_dag.py for tasks to queue
[2022-10-17 12:37:48,940] {logging_mixin.py:115} INFO - [2022-10-17 12:37:48,940] {dagbag.py:507} INFO - Filling up the DagBag from /home/airflow/.local/lib/python3.7/site-packages/airflow/example_dags/example_trigger_target_dag.py
[2022-10-17 12:37:48,951] {processor.py:651} INFO - DAG(s) dict_keys(['example_trigger_target_dag']) retrieved from /home/airflow/.local/lib/python3.7/site-packages/airflow/example_dags/example_trigger_target_dag.py
[2022-10-17 12:37:48,969] {logging_mixin.py:115} INFO - [2022-10-17 12:37:48,969] {dag.py:2371} INFO - Sync 1 DAGs
[2022-10-17 12:37:48,983] {logging_mixin.py:115} INFO - [2022-10-17 12:37:48,983] {dag.py:2919} INFO - Setting next_dagrun for example_trigger_target_dag to None, run_after=None
[2022-10-17 12:37:48,991] {processor.py:161} INFO - Processing /home/airflow/.local/lib/python3.7/site-packages/airflow/example_dags/example_trigger_target_dag.py took 0.056 seconds
[2022-10-17 12:38:19,358] {processor.py:153} INFO - Started process (PID=4471) to work on /home/airflow/.local/lib/python3.7/site-packages/airflow/example_dags/example_trigger_target_dag.py
[2022-10-17 12:38:19,360] {processor.py:641} INFO - Processing file /home/airflow/.local/lib/python3.7/site-packages/airflow/example_dags/example_trigger_target_dag.py for tasks to queue
[2022-10-17 12:38:19,360] {logging_mixin.py:115} INFO - [2022-10-17 12:38:19,360] {dagbag.py:507} INFO - Filling up the DagBag from /home/airflow/.local/lib/python3.7/site-packages/airflow/example_dags/example_trigger_target_dag.py
[2022-10-17 12:38:19,371] {processor.py:651} INFO - DAG(s) dict_keys(['example_trigger_target_dag']) retrieved from /home/airflow/.local/lib/python3.7/site-packages/airflow/example_dags/example_trigger_target_dag.py
[2022-10-17 12:38:19,389] {logging_mixin.py:115} INFO - [2022-10-17 12:38:19,389] {dag.py:2371} INFO - Sync 1 DAGs
[2022-10-17 12:38:19,405] {logging_mixin.py:115} INFO - [2022-10-17 12:38:19,405] {dag.py:2919} INFO - Setting next_dagrun for example_trigger_target_dag to None, run_after=None
[2022-10-17 12:38:19,413] {processor.py:161} INFO - Processing /home/airflow/.local/lib/python3.7/site-packages/airflow/example_dags/example_trigger_target_dag.py took 0.058 seconds
