[2022-10-17 12:21:56,651] {processor.py:153} INFO - Started process (PID=2446) to work on /home/airflow/.local/lib/python3.7/site-packages/airflow/example_dags/example_latest_only.py
[2022-10-17 12:21:56,653] {processor.py:641} INFO - Processing file /home/airflow/.local/lib/python3.7/site-packages/airflow/example_dags/example_latest_only.py for tasks to queue
[2022-10-17 12:21:56,653] {logging_mixin.py:115} INFO - [2022-10-17 12:21:56,653] {dagbag.py:507} INFO - Filling up the DagBag from /home/airflow/.local/lib/python3.7/site-packages/airflow/example_dags/example_latest_only.py
[2022-10-17 12:21:56,659] {processor.py:651} INFO - DAG(s) dict_keys(['latest_only']) retrieved from /home/airflow/.local/lib/python3.7/site-packages/airflow/example_dags/example_latest_only.py
[2022-10-17 12:21:56,680] {logging_mixin.py:115} INFO - [2022-10-17 12:21:56,680] {dag.py:2371} INFO - Sync 1 DAGs
[2022-10-17 12:21:56,802] {logging_mixin.py:115} INFO - [2022-10-17 12:21:56,802] {dag.py:2919} INFO - Setting next_dagrun for latest_only to 2022-10-17T08:21:56.802030+00:00, run_after=2022-10-17T12:21:56.802030+00:00
[2022-10-17 12:21:56,809] {processor.py:161} INFO - Processing /home/airflow/.local/lib/python3.7/site-packages/airflow/example_dags/example_latest_only.py took 0.160 seconds
[2022-10-17 12:22:27,194] {processor.py:153} INFO - Started process (PID=2509) to work on /home/airflow/.local/lib/python3.7/site-packages/airflow/example_dags/example_latest_only.py
[2022-10-17 12:22:27,195] {processor.py:641} INFO - Processing file /home/airflow/.local/lib/python3.7/site-packages/airflow/example_dags/example_latest_only.py for tasks to queue
[2022-10-17 12:22:27,195] {logging_mixin.py:115} INFO - [2022-10-17 12:22:27,195] {dagbag.py:507} INFO - Filling up the DagBag from /home/airflow/.local/lib/python3.7/site-packages/airflow/example_dags/example_latest_only.py
[2022-10-17 12:22:27,199] {processor.py:651} INFO - DAG(s) dict_keys(['latest_only']) retrieved from /home/airflow/.local/lib/python3.7/site-packages/airflow/example_dags/example_latest_only.py
[2022-10-17 12:22:27,220] {logging_mixin.py:115} INFO - [2022-10-17 12:22:27,220] {dag.py:2371} INFO - Sync 1 DAGs
[2022-10-17 12:22:27,324] {logging_mixin.py:115} INFO - [2022-10-17 12:22:27,324] {dag.py:2919} INFO - Setting next_dagrun for latest_only to 2022-10-17T08:22:27.324541+00:00, run_after=2022-10-17T12:22:27.324541+00:00
[2022-10-17 12:22:27,331] {processor.py:161} INFO - Processing /home/airflow/.local/lib/python3.7/site-packages/airflow/example_dags/example_latest_only.py took 0.139 seconds
[2022-10-17 12:22:57,726] {processor.py:153} INFO - Started process (PID=2563) to work on /home/airflow/.local/lib/python3.7/site-packages/airflow/example_dags/example_latest_only.py
[2022-10-17 12:22:57,726] {processor.py:641} INFO - Processing file /home/airflow/.local/lib/python3.7/site-packages/airflow/example_dags/example_latest_only.py for tasks to queue
[2022-10-17 12:22:57,726] {logging_mixin.py:115} INFO - [2022-10-17 12:22:57,726] {dagbag.py:507} INFO - Filling up the DagBag from /home/airflow/.local/lib/python3.7/site-packages/airflow/example_dags/example_latest_only.py
[2022-10-17 12:22:57,730] {processor.py:651} INFO - DAG(s) dict_keys(['latest_only']) retrieved from /home/airflow/.local/lib/python3.7/site-packages/airflow/example_dags/example_latest_only.py
[2022-10-17 12:22:57,748] {logging_mixin.py:115} INFO - [2022-10-17 12:22:57,748] {dag.py:2371} INFO - Sync 1 DAGs
[2022-10-17 12:22:57,849] {logging_mixin.py:115} INFO - [2022-10-17 12:22:57,849] {dag.py:2919} INFO - Setting next_dagrun for latest_only to 2022-10-17T08:22:57.848873+00:00, run_after=2022-10-17T12:22:57.848873+00:00
[2022-10-17 12:22:57,855] {processor.py:161} INFO - Processing /home/airflow/.local/lib/python3.7/site-packages/airflow/example_dags/example_latest_only.py took 0.132 seconds
[2022-10-17 12:23:28,109] {processor.py:153} INFO - Started process (PID=2627) to work on /home/airflow/.local/lib/python3.7/site-packages/airflow/example_dags/example_latest_only.py
[2022-10-17 12:23:28,109] {processor.py:641} INFO - Processing file /home/airflow/.local/lib/python3.7/site-packages/airflow/example_dags/example_latest_only.py for tasks to queue
[2022-10-17 12:23:28,110] {logging_mixin.py:115} INFO - [2022-10-17 12:23:28,110] {dagbag.py:507} INFO - Filling up the DagBag from /home/airflow/.local/lib/python3.7/site-packages/airflow/example_dags/example_latest_only.py
[2022-10-17 12:23:28,113] {processor.py:651} INFO - DAG(s) dict_keys(['latest_only']) retrieved from /home/airflow/.local/lib/python3.7/site-packages/airflow/example_dags/example_latest_only.py
[2022-10-17 12:23:28,133] {logging_mixin.py:115} INFO - [2022-10-17 12:23:28,133] {dag.py:2371} INFO - Sync 1 DAGs
[2022-10-17 12:23:28,146] {logging_mixin.py:115} INFO - [2022-10-17 12:23:28,146] {dag.py:2919} INFO - Setting next_dagrun for latest_only to 2022-10-17T08:23:28.146547+00:00, run_after=2022-10-17T12:23:28.146547+00:00
[2022-10-17 12:23:28,154] {processor.py:161} INFO - Processing /home/airflow/.local/lib/python3.7/site-packages/airflow/example_dags/example_latest_only.py took 0.047 seconds
[2022-10-17 12:23:58,848] {processor.py:153} INFO - Started process (PID=2690) to work on /home/airflow/.local/lib/python3.7/site-packages/airflow/example_dags/example_latest_only.py
[2022-10-17 12:23:58,848] {processor.py:641} INFO - Processing file /home/airflow/.local/lib/python3.7/site-packages/airflow/example_dags/example_latest_only.py for tasks to queue
[2022-10-17 12:23:58,849] {logging_mixin.py:115} INFO - [2022-10-17 12:23:58,848] {dagbag.py:507} INFO - Filling up the DagBag from /home/airflow/.local/lib/python3.7/site-packages/airflow/example_dags/example_latest_only.py
[2022-10-17 12:23:58,852] {processor.py:651} INFO - DAG(s) dict_keys(['latest_only']) retrieved from /home/airflow/.local/lib/python3.7/site-packages/airflow/example_dags/example_latest_only.py
[2022-10-17 12:23:58,870] {logging_mixin.py:115} INFO - [2022-10-17 12:23:58,870] {dag.py:2371} INFO - Sync 1 DAGs
[2022-10-17 12:23:58,883] {logging_mixin.py:115} INFO - [2022-10-17 12:23:58,882] {dag.py:2919} INFO - Setting next_dagrun for latest_only to 2022-10-17T08:23:58.882806+00:00, run_after=2022-10-17T12:23:58.882806+00:00
[2022-10-17 12:23:58,889] {processor.py:161} INFO - Processing /home/airflow/.local/lib/python3.7/site-packages/airflow/example_dags/example_latest_only.py took 0.043 seconds
[2022-10-17 12:24:29,628] {processor.py:153} INFO - Started process (PID=2753) to work on /home/airflow/.local/lib/python3.7/site-packages/airflow/example_dags/example_latest_only.py
[2022-10-17 12:24:29,629] {processor.py:641} INFO - Processing file /home/airflow/.local/lib/python3.7/site-packages/airflow/example_dags/example_latest_only.py for tasks to queue
[2022-10-17 12:24:29,629] {logging_mixin.py:115} INFO - [2022-10-17 12:24:29,629] {dagbag.py:507} INFO - Filling up the DagBag from /home/airflow/.local/lib/python3.7/site-packages/airflow/example_dags/example_latest_only.py
[2022-10-17 12:24:29,633] {processor.py:651} INFO - DAG(s) dict_keys(['latest_only']) retrieved from /home/airflow/.local/lib/python3.7/site-packages/airflow/example_dags/example_latest_only.py
[2022-10-17 12:24:29,652] {logging_mixin.py:115} INFO - [2022-10-17 12:24:29,652] {dag.py:2371} INFO - Sync 1 DAGs
[2022-10-17 12:24:29,665] {logging_mixin.py:115} INFO - [2022-10-17 12:24:29,665] {dag.py:2919} INFO - Setting next_dagrun for latest_only to 2022-10-17T08:24:29.665353+00:00, run_after=2022-10-17T12:24:29.665353+00:00
[2022-10-17 12:24:29,672] {processor.py:161} INFO - Processing /home/airflow/.local/lib/python3.7/site-packages/airflow/example_dags/example_latest_only.py took 0.045 seconds
[2022-10-17 12:25:00,345] {processor.py:153} INFO - Started process (PID=2816) to work on /home/airflow/.local/lib/python3.7/site-packages/airflow/example_dags/example_latest_only.py
[2022-10-17 12:25:00,345] {processor.py:641} INFO - Processing file /home/airflow/.local/lib/python3.7/site-packages/airflow/example_dags/example_latest_only.py for tasks to queue
[2022-10-17 12:25:00,346] {logging_mixin.py:115} INFO - [2022-10-17 12:25:00,345] {dagbag.py:507} INFO - Filling up the DagBag from /home/airflow/.local/lib/python3.7/site-packages/airflow/example_dags/example_latest_only.py
[2022-10-17 12:25:00,349] {processor.py:651} INFO - DAG(s) dict_keys(['latest_only']) retrieved from /home/airflow/.local/lib/python3.7/site-packages/airflow/example_dags/example_latest_only.py
[2022-10-17 12:25:00,368] {logging_mixin.py:115} INFO - [2022-10-17 12:25:00,368] {dag.py:2371} INFO - Sync 1 DAGs
[2022-10-17 12:25:00,380] {logging_mixin.py:115} INFO - [2022-10-17 12:25:00,380] {dag.py:2919} INFO - Setting next_dagrun for latest_only to 2022-10-17T08:25:00.380573+00:00, run_after=2022-10-17T12:25:00.380573+00:00
[2022-10-17 12:25:00,387] {processor.py:161} INFO - Processing /home/airflow/.local/lib/python3.7/site-packages/airflow/example_dags/example_latest_only.py took 0.044 seconds
[2022-10-17 12:25:31,066] {processor.py:153} INFO - Started process (PID=2870) to work on /home/airflow/.local/lib/python3.7/site-packages/airflow/example_dags/example_latest_only.py
[2022-10-17 12:25:31,066] {processor.py:641} INFO - Processing file /home/airflow/.local/lib/python3.7/site-packages/airflow/example_dags/example_latest_only.py for tasks to queue
[2022-10-17 12:25:31,067] {logging_mixin.py:115} INFO - [2022-10-17 12:25:31,066] {dagbag.py:507} INFO - Filling up the DagBag from /home/airflow/.local/lib/python3.7/site-packages/airflow/example_dags/example_latest_only.py
[2022-10-17 12:25:31,070] {processor.py:651} INFO - DAG(s) dict_keys(['latest_only']) retrieved from /home/airflow/.local/lib/python3.7/site-packages/airflow/example_dags/example_latest_only.py
[2022-10-17 12:25:31,089] {logging_mixin.py:115} INFO - [2022-10-17 12:25:31,089] {dag.py:2371} INFO - Sync 1 DAGs
[2022-10-17 12:25:31,101] {logging_mixin.py:115} INFO - [2022-10-17 12:25:31,101] {dag.py:2919} INFO - Setting next_dagrun for latest_only to 2022-10-17T08:25:31.101626+00:00, run_after=2022-10-17T12:25:31.101626+00:00
[2022-10-17 12:25:31,108] {processor.py:161} INFO - Processing /home/airflow/.local/lib/python3.7/site-packages/airflow/example_dags/example_latest_only.py took 0.044 seconds
[2022-10-17 12:26:01,735] {processor.py:153} INFO - Started process (PID=2933) to work on /home/airflow/.local/lib/python3.7/site-packages/airflow/example_dags/example_latest_only.py
[2022-10-17 12:26:01,735] {processor.py:641} INFO - Processing file /home/airflow/.local/lib/python3.7/site-packages/airflow/example_dags/example_latest_only.py for tasks to queue
[2022-10-17 12:26:01,736] {logging_mixin.py:115} INFO - [2022-10-17 12:26:01,736] {dagbag.py:507} INFO - Filling up the DagBag from /home/airflow/.local/lib/python3.7/site-packages/airflow/example_dags/example_latest_only.py
[2022-10-17 12:26:01,739] {processor.py:651} INFO - DAG(s) dict_keys(['latest_only']) retrieved from /home/airflow/.local/lib/python3.7/site-packages/airflow/example_dags/example_latest_only.py
[2022-10-17 12:26:01,759] {logging_mixin.py:115} INFO - [2022-10-17 12:26:01,759] {dag.py:2371} INFO - Sync 1 DAGs
[2022-10-17 12:26:01,771] {logging_mixin.py:115} INFO - [2022-10-17 12:26:01,771] {dag.py:2919} INFO - Setting next_dagrun for latest_only to 2022-10-17T08:26:01.771183+00:00, run_after=2022-10-17T12:26:01.771183+00:00
[2022-10-17 12:26:01,777] {processor.py:161} INFO - Processing /home/airflow/.local/lib/python3.7/site-packages/airflow/example_dags/example_latest_only.py took 0.045 seconds
[2022-10-17 12:26:32,416] {processor.py:153} INFO - Started process (PID=2996) to work on /home/airflow/.local/lib/python3.7/site-packages/airflow/example_dags/example_latest_only.py
[2022-10-17 12:26:32,417] {processor.py:641} INFO - Processing file /home/airflow/.local/lib/python3.7/site-packages/airflow/example_dags/example_latest_only.py for tasks to queue
[2022-10-17 12:26:32,417] {logging_mixin.py:115} INFO - [2022-10-17 12:26:32,417] {dagbag.py:507} INFO - Filling up the DagBag from /home/airflow/.local/lib/python3.7/site-packages/airflow/example_dags/example_latest_only.py
[2022-10-17 12:26:32,421] {processor.py:651} INFO - DAG(s) dict_keys(['latest_only']) retrieved from /home/airflow/.local/lib/python3.7/site-packages/airflow/example_dags/example_latest_only.py
[2022-10-17 12:26:32,441] {logging_mixin.py:115} INFO - [2022-10-17 12:26:32,441] {dag.py:2371} INFO - Sync 1 DAGs
[2022-10-17 12:26:32,455] {logging_mixin.py:115} INFO - [2022-10-17 12:26:32,455] {dag.py:2919} INFO - Setting next_dagrun for latest_only to 2022-10-17T08:26:32.455406+00:00, run_after=2022-10-17T12:26:32.455406+00:00
[2022-10-17 12:26:32,462] {processor.py:161} INFO - Processing /home/airflow/.local/lib/python3.7/site-packages/airflow/example_dags/example_latest_only.py took 0.048 seconds
[2022-10-17 12:27:03,250] {processor.py:153} INFO - Started process (PID=3060) to work on /home/airflow/.local/lib/python3.7/site-packages/airflow/example_dags/example_latest_only.py
[2022-10-17 12:27:03,250] {processor.py:641} INFO - Processing file /home/airflow/.local/lib/python3.7/site-packages/airflow/example_dags/example_latest_only.py for tasks to queue
[2022-10-17 12:27:03,250] {logging_mixin.py:115} INFO - [2022-10-17 12:27:03,250] {dagbag.py:507} INFO - Filling up the DagBag from /home/airflow/.local/lib/python3.7/site-packages/airflow/example_dags/example_latest_only.py
[2022-10-17 12:27:03,254] {processor.py:651} INFO - DAG(s) dict_keys(['latest_only']) retrieved from /home/airflow/.local/lib/python3.7/site-packages/airflow/example_dags/example_latest_only.py
[2022-10-17 12:27:03,274] {logging_mixin.py:115} INFO - [2022-10-17 12:27:03,274] {dag.py:2371} INFO - Sync 1 DAGs
[2022-10-17 12:27:03,287] {logging_mixin.py:115} INFO - [2022-10-17 12:27:03,287] {dag.py:2919} INFO - Setting next_dagrun for latest_only to 2022-10-17T08:27:03.287533+00:00, run_after=2022-10-17T12:27:03.287533+00:00
[2022-10-17 12:27:03,294] {processor.py:161} INFO - Processing /home/airflow/.local/lib/python3.7/site-packages/airflow/example_dags/example_latest_only.py took 0.047 seconds
[2022-10-17 12:27:34,139] {processor.py:153} INFO - Started process (PID=3125) to work on /home/airflow/.local/lib/python3.7/site-packages/airflow/example_dags/example_latest_only.py
[2022-10-17 12:27:34,140] {processor.py:641} INFO - Processing file /home/airflow/.local/lib/python3.7/site-packages/airflow/example_dags/example_latest_only.py for tasks to queue
[2022-10-17 12:27:34,140] {logging_mixin.py:115} INFO - [2022-10-17 12:27:34,140] {dagbag.py:507} INFO - Filling up the DagBag from /home/airflow/.local/lib/python3.7/site-packages/airflow/example_dags/example_latest_only.py
[2022-10-17 12:27:34,144] {processor.py:651} INFO - DAG(s) dict_keys(['latest_only']) retrieved from /home/airflow/.local/lib/python3.7/site-packages/airflow/example_dags/example_latest_only.py
[2022-10-17 12:27:34,164] {logging_mixin.py:115} INFO - [2022-10-17 12:27:34,164] {dag.py:2371} INFO - Sync 1 DAGs
[2022-10-17 12:27:34,180] {logging_mixin.py:115} INFO - [2022-10-17 12:27:34,180] {dag.py:2919} INFO - Setting next_dagrun for latest_only to 2022-10-17T08:27:34.179862+00:00, run_after=2022-10-17T12:27:34.179862+00:00
[2022-10-17 12:27:34,189] {processor.py:161} INFO - Processing /home/airflow/.local/lib/python3.7/site-packages/airflow/example_dags/example_latest_only.py took 0.052 seconds
[2022-10-17 12:28:05,064] {processor.py:153} INFO - Started process (PID=3188) to work on /home/airflow/.local/lib/python3.7/site-packages/airflow/example_dags/example_latest_only.py
[2022-10-17 12:28:05,065] {processor.py:641} INFO - Processing file /home/airflow/.local/lib/python3.7/site-packages/airflow/example_dags/example_latest_only.py for tasks to queue
[2022-10-17 12:28:05,065] {logging_mixin.py:115} INFO - [2022-10-17 12:28:05,065] {dagbag.py:507} INFO - Filling up the DagBag from /home/airflow/.local/lib/python3.7/site-packages/airflow/example_dags/example_latest_only.py
[2022-10-17 12:28:05,069] {processor.py:651} INFO - DAG(s) dict_keys(['latest_only']) retrieved from /home/airflow/.local/lib/python3.7/site-packages/airflow/example_dags/example_latest_only.py
[2022-10-17 12:28:05,089] {logging_mixin.py:115} INFO - [2022-10-17 12:28:05,089] {dag.py:2371} INFO - Sync 1 DAGs
[2022-10-17 12:28:05,102] {logging_mixin.py:115} INFO - [2022-10-17 12:28:05,102] {dag.py:2919} INFO - Setting next_dagrun for latest_only to 2022-10-17T08:28:05.102645+00:00, run_after=2022-10-17T12:28:05.102645+00:00
[2022-10-17 12:28:05,110] {processor.py:161} INFO - Processing /home/airflow/.local/lib/python3.7/site-packages/airflow/example_dags/example_latest_only.py took 0.048 seconds
[2022-10-17 12:28:35,200] {processor.py:153} INFO - Started process (PID=3242) to work on /home/airflow/.local/lib/python3.7/site-packages/airflow/example_dags/example_latest_only.py
[2022-10-17 12:28:35,200] {processor.py:641} INFO - Processing file /home/airflow/.local/lib/python3.7/site-packages/airflow/example_dags/example_latest_only.py for tasks to queue
[2022-10-17 12:28:35,201] {logging_mixin.py:115} INFO - [2022-10-17 12:28:35,201] {dagbag.py:507} INFO - Filling up the DagBag from /home/airflow/.local/lib/python3.7/site-packages/airflow/example_dags/example_latest_only.py
[2022-10-17 12:28:35,205] {processor.py:651} INFO - DAG(s) dict_keys(['latest_only']) retrieved from /home/airflow/.local/lib/python3.7/site-packages/airflow/example_dags/example_latest_only.py
[2022-10-17 12:28:35,224] {logging_mixin.py:115} INFO - [2022-10-17 12:28:35,224] {dag.py:2371} INFO - Sync 1 DAGs
[2022-10-17 12:28:35,238] {logging_mixin.py:115} INFO - [2022-10-17 12:28:35,238] {dag.py:2919} INFO - Setting next_dagrun for latest_only to 2022-10-17T08:28:35.238483+00:00, run_after=2022-10-17T12:28:35.238483+00:00
[2022-10-17 12:28:35,245] {processor.py:161} INFO - Processing /home/airflow/.local/lib/python3.7/site-packages/airflow/example_dags/example_latest_only.py took 0.048 seconds
[2022-10-17 12:29:06,208] {processor.py:153} INFO - Started process (PID=3306) to work on /home/airflow/.local/lib/python3.7/site-packages/airflow/example_dags/example_latest_only.py
[2022-10-17 12:29:06,209] {processor.py:641} INFO - Processing file /home/airflow/.local/lib/python3.7/site-packages/airflow/example_dags/example_latest_only.py for tasks to queue
[2022-10-17 12:29:06,209] {logging_mixin.py:115} INFO - [2022-10-17 12:29:06,209] {dagbag.py:507} INFO - Filling up the DagBag from /home/airflow/.local/lib/python3.7/site-packages/airflow/example_dags/example_latest_only.py
[2022-10-17 12:29:06,213] {processor.py:651} INFO - DAG(s) dict_keys(['latest_only']) retrieved from /home/airflow/.local/lib/python3.7/site-packages/airflow/example_dags/example_latest_only.py
[2022-10-17 12:29:06,233] {logging_mixin.py:115} INFO - [2022-10-17 12:29:06,233] {dag.py:2371} INFO - Sync 1 DAGs
[2022-10-17 12:29:06,247] {logging_mixin.py:115} INFO - [2022-10-17 12:29:06,247] {dag.py:2919} INFO - Setting next_dagrun for latest_only to 2022-10-17T08:29:06.247333+00:00, run_after=2022-10-17T12:29:06.247333+00:00
[2022-10-17 12:29:06,255] {processor.py:161} INFO - Processing /home/airflow/.local/lib/python3.7/site-packages/airflow/example_dags/example_latest_only.py took 0.049 seconds
[2022-10-17 12:29:36,487] {processor.py:153} INFO - Started process (PID=3369) to work on /home/airflow/.local/lib/python3.7/site-packages/airflow/example_dags/example_latest_only.py
[2022-10-17 12:29:36,488] {processor.py:641} INFO - Processing file /home/airflow/.local/lib/python3.7/site-packages/airflow/example_dags/example_latest_only.py for tasks to queue
[2022-10-17 12:29:36,488] {logging_mixin.py:115} INFO - [2022-10-17 12:29:36,488] {dagbag.py:507} INFO - Filling up the DagBag from /home/airflow/.local/lib/python3.7/site-packages/airflow/example_dags/example_latest_only.py
[2022-10-17 12:29:36,492] {processor.py:651} INFO - DAG(s) dict_keys(['latest_only']) retrieved from /home/airflow/.local/lib/python3.7/site-packages/airflow/example_dags/example_latest_only.py
[2022-10-17 12:29:36,511] {logging_mixin.py:115} INFO - [2022-10-17 12:29:36,511] {dag.py:2371} INFO - Sync 1 DAGs
[2022-10-17 12:29:36,525] {logging_mixin.py:115} INFO - [2022-10-17 12:29:36,525] {dag.py:2919} INFO - Setting next_dagrun for latest_only to 2022-10-17T08:29:36.525220+00:00, run_after=2022-10-17T12:29:36.525220+00:00
[2022-10-17 12:29:36,532] {processor.py:161} INFO - Processing /home/airflow/.local/lib/python3.7/site-packages/airflow/example_dags/example_latest_only.py took 0.048 seconds
[2022-10-17 12:30:07,238] {processor.py:153} INFO - Started process (PID=3432) to work on /home/airflow/.local/lib/python3.7/site-packages/airflow/example_dags/example_latest_only.py
[2022-10-17 12:30:07,239] {processor.py:641} INFO - Processing file /home/airflow/.local/lib/python3.7/site-packages/airflow/example_dags/example_latest_only.py for tasks to queue
[2022-10-17 12:30:07,239] {logging_mixin.py:115} INFO - [2022-10-17 12:30:07,239] {dagbag.py:507} INFO - Filling up the DagBag from /home/airflow/.local/lib/python3.7/site-packages/airflow/example_dags/example_latest_only.py
[2022-10-17 12:30:07,244] {processor.py:651} INFO - DAG(s) dict_keys(['latest_only']) retrieved from /home/airflow/.local/lib/python3.7/site-packages/airflow/example_dags/example_latest_only.py
[2022-10-17 12:30:07,265] {logging_mixin.py:115} INFO - [2022-10-17 12:30:07,265] {dag.py:2371} INFO - Sync 1 DAGs
[2022-10-17 12:30:07,290] {logging_mixin.py:115} INFO - [2022-10-17 12:30:07,290] {dag.py:2919} INFO - Setting next_dagrun for latest_only to 2022-10-17T08:30:07.290271+00:00, run_after=2022-10-17T12:30:07.290271+00:00
[2022-10-17 12:30:07,303] {processor.py:161} INFO - Processing /home/airflow/.local/lib/python3.7/site-packages/airflow/example_dags/example_latest_only.py took 0.067 seconds
[2022-10-17 12:30:38,099] {processor.py:153} INFO - Started process (PID=3495) to work on /home/airflow/.local/lib/python3.7/site-packages/airflow/example_dags/example_latest_only.py
[2022-10-17 12:30:38,099] {processor.py:641} INFO - Processing file /home/airflow/.local/lib/python3.7/site-packages/airflow/example_dags/example_latest_only.py for tasks to queue
[2022-10-17 12:30:38,100] {logging_mixin.py:115} INFO - [2022-10-17 12:30:38,100] {dagbag.py:507} INFO - Filling up the DagBag from /home/airflow/.local/lib/python3.7/site-packages/airflow/example_dags/example_latest_only.py
[2022-10-17 12:30:38,103] {processor.py:651} INFO - DAG(s) dict_keys(['latest_only']) retrieved from /home/airflow/.local/lib/python3.7/site-packages/airflow/example_dags/example_latest_only.py
[2022-10-17 12:30:38,122] {logging_mixin.py:115} INFO - [2022-10-17 12:30:38,122] {dag.py:2371} INFO - Sync 1 DAGs
[2022-10-17 12:30:38,135] {logging_mixin.py:115} INFO - [2022-10-17 12:30:38,135] {dag.py:2919} INFO - Setting next_dagrun for latest_only to 2022-10-17T08:30:38.135505+00:00, run_after=2022-10-17T12:30:38.135505+00:00
[2022-10-17 12:30:38,143] {processor.py:161} INFO - Processing /home/airflow/.local/lib/python3.7/site-packages/airflow/example_dags/example_latest_only.py took 0.046 seconds
[2022-10-17 12:31:08,903] {processor.py:153} INFO - Started process (PID=3549) to work on /home/airflow/.local/lib/python3.7/site-packages/airflow/example_dags/example_latest_only.py
[2022-10-17 12:31:08,903] {processor.py:641} INFO - Processing file /home/airflow/.local/lib/python3.7/site-packages/airflow/example_dags/example_latest_only.py for tasks to queue
[2022-10-17 12:31:08,903] {logging_mixin.py:115} INFO - [2022-10-17 12:31:08,903] {dagbag.py:507} INFO - Filling up the DagBag from /home/airflow/.local/lib/python3.7/site-packages/airflow/example_dags/example_latest_only.py
[2022-10-17 12:31:08,907] {processor.py:651} INFO - DAG(s) dict_keys(['latest_only']) retrieved from /home/airflow/.local/lib/python3.7/site-packages/airflow/example_dags/example_latest_only.py
[2022-10-17 12:31:08,926] {logging_mixin.py:115} INFO - [2022-10-17 12:31:08,925] {dag.py:2371} INFO - Sync 1 DAGs
[2022-10-17 12:31:08,938] {logging_mixin.py:115} INFO - [2022-10-17 12:31:08,938] {dag.py:2919} INFO - Setting next_dagrun for latest_only to 2022-10-17T08:31:08.938623+00:00, run_after=2022-10-17T12:31:08.938623+00:00
[2022-10-17 12:31:08,945] {processor.py:161} INFO - Processing /home/airflow/.local/lib/python3.7/site-packages/airflow/example_dags/example_latest_only.py took 0.045 seconds
[2022-10-17 12:31:39,588] {processor.py:153} INFO - Started process (PID=3612) to work on /home/airflow/.local/lib/python3.7/site-packages/airflow/example_dags/example_latest_only.py
[2022-10-17 12:31:39,588] {processor.py:641} INFO - Processing file /home/airflow/.local/lib/python3.7/site-packages/airflow/example_dags/example_latest_only.py for tasks to queue
[2022-10-17 12:31:39,589] {logging_mixin.py:115} INFO - [2022-10-17 12:31:39,589] {dagbag.py:507} INFO - Filling up the DagBag from /home/airflow/.local/lib/python3.7/site-packages/airflow/example_dags/example_latest_only.py
[2022-10-17 12:31:39,593] {processor.py:651} INFO - DAG(s) dict_keys(['latest_only']) retrieved from /home/airflow/.local/lib/python3.7/site-packages/airflow/example_dags/example_latest_only.py
[2022-10-17 12:31:39,612] {logging_mixin.py:115} INFO - [2022-10-17 12:31:39,612] {dag.py:2371} INFO - Sync 1 DAGs
[2022-10-17 12:31:39,627] {logging_mixin.py:115} INFO - [2022-10-17 12:31:39,627] {dag.py:2919} INFO - Setting next_dagrun for latest_only to 2022-10-17T08:31:39.626902+00:00, run_after=2022-10-17T12:31:39.626902+00:00
[2022-10-17 12:31:39,635] {processor.py:161} INFO - Processing /home/airflow/.local/lib/python3.7/site-packages/airflow/example_dags/example_latest_only.py took 0.050 seconds
[2022-10-17 12:32:10,352] {processor.py:153} INFO - Started process (PID=3675) to work on /home/airflow/.local/lib/python3.7/site-packages/airflow/example_dags/example_latest_only.py
[2022-10-17 12:32:10,352] {processor.py:641} INFO - Processing file /home/airflow/.local/lib/python3.7/site-packages/airflow/example_dags/example_latest_only.py for tasks to queue
[2022-10-17 12:32:10,353] {logging_mixin.py:115} INFO - [2022-10-17 12:32:10,353] {dagbag.py:507} INFO - Filling up the DagBag from /home/airflow/.local/lib/python3.7/site-packages/airflow/example_dags/example_latest_only.py
[2022-10-17 12:32:10,356] {processor.py:651} INFO - DAG(s) dict_keys(['latest_only']) retrieved from /home/airflow/.local/lib/python3.7/site-packages/airflow/example_dags/example_latest_only.py
[2022-10-17 12:32:10,374] {logging_mixin.py:115} INFO - [2022-10-17 12:32:10,374] {dag.py:2371} INFO - Sync 1 DAGs
[2022-10-17 12:32:10,387] {logging_mixin.py:115} INFO - [2022-10-17 12:32:10,387] {dag.py:2919} INFO - Setting next_dagrun for latest_only to 2022-10-17T08:32:10.387421+00:00, run_after=2022-10-17T12:32:10.387421+00:00
[2022-10-17 12:32:10,394] {processor.py:161} INFO - Processing /home/airflow/.local/lib/python3.7/site-packages/airflow/example_dags/example_latest_only.py took 0.044 seconds
[2022-10-17 12:32:41,302] {processor.py:153} INFO - Started process (PID=3738) to work on /home/airflow/.local/lib/python3.7/site-packages/airflow/example_dags/example_latest_only.py
[2022-10-17 12:32:41,303] {processor.py:641} INFO - Processing file /home/airflow/.local/lib/python3.7/site-packages/airflow/example_dags/example_latest_only.py for tasks to queue
[2022-10-17 12:32:41,303] {logging_mixin.py:115} INFO - [2022-10-17 12:32:41,303] {dagbag.py:507} INFO - Filling up the DagBag from /home/airflow/.local/lib/python3.7/site-packages/airflow/example_dags/example_latest_only.py
[2022-10-17 12:32:41,307] {processor.py:651} INFO - DAG(s) dict_keys(['latest_only']) retrieved from /home/airflow/.local/lib/python3.7/site-packages/airflow/example_dags/example_latest_only.py
[2022-10-17 12:32:41,326] {logging_mixin.py:115} INFO - [2022-10-17 12:32:41,326] {dag.py:2371} INFO - Sync 1 DAGs
[2022-10-17 12:32:41,339] {logging_mixin.py:115} INFO - [2022-10-17 12:32:41,339] {dag.py:2919} INFO - Setting next_dagrun for latest_only to 2022-10-17T08:32:41.339156+00:00, run_after=2022-10-17T12:32:41.339156+00:00
[2022-10-17 12:32:41,346] {processor.py:161} INFO - Processing /home/airflow/.local/lib/python3.7/site-packages/airflow/example_dags/example_latest_only.py took 0.046 seconds
[2022-10-17 12:33:12,172] {processor.py:153} INFO - Started process (PID=3803) to work on /home/airflow/.local/lib/python3.7/site-packages/airflow/example_dags/example_latest_only.py
[2022-10-17 12:33:12,173] {processor.py:641} INFO - Processing file /home/airflow/.local/lib/python3.7/site-packages/airflow/example_dags/example_latest_only.py for tasks to queue
[2022-10-17 12:33:12,173] {logging_mixin.py:115} INFO - [2022-10-17 12:33:12,173] {dagbag.py:507} INFO - Filling up the DagBag from /home/airflow/.local/lib/python3.7/site-packages/airflow/example_dags/example_latest_only.py
[2022-10-17 12:33:12,177] {processor.py:651} INFO - DAG(s) dict_keys(['latest_only']) retrieved from /home/airflow/.local/lib/python3.7/site-packages/airflow/example_dags/example_latest_only.py
[2022-10-17 12:33:12,194] {logging_mixin.py:115} INFO - [2022-10-17 12:33:12,194] {dag.py:2371} INFO - Sync 1 DAGs
[2022-10-17 12:33:12,206] {logging_mixin.py:115} INFO - [2022-10-17 12:33:12,206] {dag.py:2919} INFO - Setting next_dagrun for latest_only to 2022-10-17T08:33:12.206536+00:00, run_after=2022-10-17T12:33:12.206536+00:00
[2022-10-17 12:33:12,213] {processor.py:161} INFO - Processing /home/airflow/.local/lib/python3.7/site-packages/airflow/example_dags/example_latest_only.py took 0.043 seconds
[2022-10-17 12:33:43,112] {processor.py:153} INFO - Started process (PID=3867) to work on /home/airflow/.local/lib/python3.7/site-packages/airflow/example_dags/example_latest_only.py
[2022-10-17 12:33:43,112] {processor.py:641} INFO - Processing file /home/airflow/.local/lib/python3.7/site-packages/airflow/example_dags/example_latest_only.py for tasks to queue
[2022-10-17 12:33:43,113] {logging_mixin.py:115} INFO - [2022-10-17 12:33:43,113] {dagbag.py:507} INFO - Filling up the DagBag from /home/airflow/.local/lib/python3.7/site-packages/airflow/example_dags/example_latest_only.py
[2022-10-17 12:33:43,116] {processor.py:651} INFO - DAG(s) dict_keys(['latest_only']) retrieved from /home/airflow/.local/lib/python3.7/site-packages/airflow/example_dags/example_latest_only.py
[2022-10-17 12:33:43,137] {logging_mixin.py:115} INFO - [2022-10-17 12:33:43,137] {dag.py:2371} INFO - Sync 1 DAGs
[2022-10-17 12:33:43,151] {logging_mixin.py:115} INFO - [2022-10-17 12:33:43,150] {dag.py:2919} INFO - Setting next_dagrun for latest_only to 2022-10-17T08:33:43.150813+00:00, run_after=2022-10-17T12:33:43.150813+00:00
[2022-10-17 12:33:43,159] {processor.py:161} INFO - Processing /home/airflow/.local/lib/python3.7/site-packages/airflow/example_dags/example_latest_only.py took 0.049 seconds
[2022-10-17 12:34:14,057] {processor.py:153} INFO - Started process (PID=3953) to work on /home/airflow/.local/lib/python3.7/site-packages/airflow/example_dags/example_latest_only.py
[2022-10-17 12:34:14,057] {processor.py:641} INFO - Processing file /home/airflow/.local/lib/python3.7/site-packages/airflow/example_dags/example_latest_only.py for tasks to queue
[2022-10-17 12:34:14,058] {logging_mixin.py:115} INFO - [2022-10-17 12:34:14,058] {dagbag.py:507} INFO - Filling up the DagBag from /home/airflow/.local/lib/python3.7/site-packages/airflow/example_dags/example_latest_only.py
[2022-10-17 12:34:14,062] {processor.py:651} INFO - DAG(s) dict_keys(['latest_only']) retrieved from /home/airflow/.local/lib/python3.7/site-packages/airflow/example_dags/example_latest_only.py
[2022-10-17 12:34:14,080] {logging_mixin.py:115} INFO - [2022-10-17 12:34:14,080] {dag.py:2371} INFO - Sync 1 DAGs
[2022-10-17 12:34:14,094] {logging_mixin.py:115} INFO - [2022-10-17 12:34:14,094] {dag.py:2919} INFO - Setting next_dagrun for latest_only to 2022-10-17T08:34:14.094440+00:00, run_after=2022-10-17T12:34:14.094440+00:00
[2022-10-17 12:34:14,101] {processor.py:161} INFO - Processing /home/airflow/.local/lib/python3.7/site-packages/airflow/example_dags/example_latest_only.py took 0.047 seconds
[2022-10-17 12:34:45,070] {processor.py:153} INFO - Started process (PID=4014) to work on /home/airflow/.local/lib/python3.7/site-packages/airflow/example_dags/example_latest_only.py
[2022-10-17 12:34:45,071] {processor.py:641} INFO - Processing file /home/airflow/.local/lib/python3.7/site-packages/airflow/example_dags/example_latest_only.py for tasks to queue
[2022-10-17 12:34:45,071] {logging_mixin.py:115} INFO - [2022-10-17 12:34:45,071] {dagbag.py:507} INFO - Filling up the DagBag from /home/airflow/.local/lib/python3.7/site-packages/airflow/example_dags/example_latest_only.py
[2022-10-17 12:34:45,075] {processor.py:651} INFO - DAG(s) dict_keys(['latest_only']) retrieved from /home/airflow/.local/lib/python3.7/site-packages/airflow/example_dags/example_latest_only.py
[2022-10-17 12:34:45,092] {logging_mixin.py:115} INFO - [2022-10-17 12:34:45,092] {dag.py:2371} INFO - Sync 1 DAGs
[2022-10-17 12:34:45,105] {logging_mixin.py:115} INFO - [2022-10-17 12:34:45,104] {dag.py:2919} INFO - Setting next_dagrun for latest_only to 2022-10-17T08:34:45.104802+00:00, run_after=2022-10-17T12:34:45.104802+00:00
[2022-10-17 12:34:45,111] {processor.py:161} INFO - Processing /home/airflow/.local/lib/python3.7/site-packages/airflow/example_dags/example_latest_only.py took 0.043 seconds
[2022-10-17 12:35:15,916] {processor.py:153} INFO - Started process (PID=4077) to work on /home/airflow/.local/lib/python3.7/site-packages/airflow/example_dags/example_latest_only.py
[2022-10-17 12:35:15,917] {processor.py:641} INFO - Processing file /home/airflow/.local/lib/python3.7/site-packages/airflow/example_dags/example_latest_only.py for tasks to queue
[2022-10-17 12:35:15,917] {logging_mixin.py:115} INFO - [2022-10-17 12:35:15,917] {dagbag.py:507} INFO - Filling up the DagBag from /home/airflow/.local/lib/python3.7/site-packages/airflow/example_dags/example_latest_only.py
[2022-10-17 12:35:15,921] {processor.py:651} INFO - DAG(s) dict_keys(['latest_only']) retrieved from /home/airflow/.local/lib/python3.7/site-packages/airflow/example_dags/example_latest_only.py
[2022-10-17 12:35:15,938] {logging_mixin.py:115} INFO - [2022-10-17 12:35:15,938] {dag.py:2371} INFO - Sync 1 DAGs
[2022-10-17 12:35:15,951] {logging_mixin.py:115} INFO - [2022-10-17 12:35:15,951] {dag.py:2919} INFO - Setting next_dagrun for latest_only to 2022-10-17T08:35:15.950903+00:00, run_after=2022-10-17T12:35:15.950903+00:00
[2022-10-17 12:35:15,957] {processor.py:161} INFO - Processing /home/airflow/.local/lib/python3.7/site-packages/airflow/example_dags/example_latest_only.py took 0.044 seconds
[2022-10-17 12:35:46,716] {processor.py:153} INFO - Started process (PID=4138) to work on /home/airflow/.local/lib/python3.7/site-packages/airflow/example_dags/example_latest_only.py
[2022-10-17 12:35:46,717] {processor.py:641} INFO - Processing file /home/airflow/.local/lib/python3.7/site-packages/airflow/example_dags/example_latest_only.py for tasks to queue
[2022-10-17 12:35:46,717] {logging_mixin.py:115} INFO - [2022-10-17 12:35:46,717] {dagbag.py:507} INFO - Filling up the DagBag from /home/airflow/.local/lib/python3.7/site-packages/airflow/example_dags/example_latest_only.py
[2022-10-17 12:35:46,721] {processor.py:651} INFO - DAG(s) dict_keys(['latest_only']) retrieved from /home/airflow/.local/lib/python3.7/site-packages/airflow/example_dags/example_latest_only.py
[2022-10-17 12:35:46,739] {logging_mixin.py:115} INFO - [2022-10-17 12:35:46,739] {dag.py:2371} INFO - Sync 1 DAGs
[2022-10-17 12:35:46,752] {logging_mixin.py:115} INFO - [2022-10-17 12:35:46,752] {dag.py:2919} INFO - Setting next_dagrun for latest_only to 2022-10-17T08:35:46.752140+00:00, run_after=2022-10-17T12:35:46.752140+00:00
[2022-10-17 12:35:46,759] {processor.py:161} INFO - Processing /home/airflow/.local/lib/python3.7/site-packages/airflow/example_dags/example_latest_only.py took 0.045 seconds
[2022-10-17 12:36:17,474] {processor.py:153} INFO - Started process (PID=4200) to work on /home/airflow/.local/lib/python3.7/site-packages/airflow/example_dags/example_latest_only.py
[2022-10-17 12:36:17,474] {processor.py:641} INFO - Processing file /home/airflow/.local/lib/python3.7/site-packages/airflow/example_dags/example_latest_only.py for tasks to queue
[2022-10-17 12:36:17,475] {logging_mixin.py:115} INFO - [2022-10-17 12:36:17,475] {dagbag.py:507} INFO - Filling up the DagBag from /home/airflow/.local/lib/python3.7/site-packages/airflow/example_dags/example_latest_only.py
[2022-10-17 12:36:17,478] {processor.py:651} INFO - DAG(s) dict_keys(['latest_only']) retrieved from /home/airflow/.local/lib/python3.7/site-packages/airflow/example_dags/example_latest_only.py
[2022-10-17 12:36:17,496] {logging_mixin.py:115} INFO - [2022-10-17 12:36:17,496] {dag.py:2371} INFO - Sync 1 DAGs
[2022-10-17 12:36:17,509] {logging_mixin.py:115} INFO - [2022-10-17 12:36:17,509] {dag.py:2919} INFO - Setting next_dagrun for latest_only to 2022-10-17T08:36:17.508966+00:00, run_after=2022-10-17T12:36:17.508966+00:00
[2022-10-17 12:36:17,515] {processor.py:161} INFO - Processing /home/airflow/.local/lib/python3.7/site-packages/airflow/example_dags/example_latest_only.py took 0.044 seconds
[2022-10-17 12:36:48,132] {processor.py:153} INFO - Started process (PID=4254) to work on /home/airflow/.local/lib/python3.7/site-packages/airflow/example_dags/example_latest_only.py
[2022-10-17 12:36:48,132] {processor.py:641} INFO - Processing file /home/airflow/.local/lib/python3.7/site-packages/airflow/example_dags/example_latest_only.py for tasks to queue
[2022-10-17 12:36:48,133] {logging_mixin.py:115} INFO - [2022-10-17 12:36:48,133] {dagbag.py:507} INFO - Filling up the DagBag from /home/airflow/.local/lib/python3.7/site-packages/airflow/example_dags/example_latest_only.py
[2022-10-17 12:36:48,137] {processor.py:651} INFO - DAG(s) dict_keys(['latest_only']) retrieved from /home/airflow/.local/lib/python3.7/site-packages/airflow/example_dags/example_latest_only.py
[2022-10-17 12:36:48,155] {logging_mixin.py:115} INFO - [2022-10-17 12:36:48,155] {dag.py:2371} INFO - Sync 1 DAGs
[2022-10-17 12:36:48,167] {logging_mixin.py:115} INFO - [2022-10-17 12:36:48,167] {dag.py:2919} INFO - Setting next_dagrun for latest_only to 2022-10-17T08:36:48.167616+00:00, run_after=2022-10-17T12:36:48.167616+00:00
[2022-10-17 12:36:48,174] {processor.py:161} INFO - Processing /home/airflow/.local/lib/python3.7/site-packages/airflow/example_dags/example_latest_only.py took 0.044 seconds
[2022-10-17 12:37:18,912] {processor.py:153} INFO - Started process (PID=4316) to work on /home/airflow/.local/lib/python3.7/site-packages/airflow/example_dags/example_latest_only.py
[2022-10-17 12:37:18,912] {processor.py:641} INFO - Processing file /home/airflow/.local/lib/python3.7/site-packages/airflow/example_dags/example_latest_only.py for tasks to queue
[2022-10-17 12:37:18,913] {logging_mixin.py:115} INFO - [2022-10-17 12:37:18,913] {dagbag.py:507} INFO - Filling up the DagBag from /home/airflow/.local/lib/python3.7/site-packages/airflow/example_dags/example_latest_only.py
[2022-10-17 12:37:18,918] {processor.py:651} INFO - DAG(s) dict_keys(['latest_only']) retrieved from /home/airflow/.local/lib/python3.7/site-packages/airflow/example_dags/example_latest_only.py
[2022-10-17 12:37:18,938] {logging_mixin.py:115} INFO - [2022-10-17 12:37:18,938] {dag.py:2371} INFO - Sync 1 DAGs
[2022-10-17 12:37:18,954] {logging_mixin.py:115} INFO - [2022-10-17 12:37:18,954] {dag.py:2919} INFO - Setting next_dagrun for latest_only to 2022-10-17T08:37:18.953840+00:00, run_after=2022-10-17T12:37:18.953840+00:00
[2022-10-17 12:37:18,963] {processor.py:161} INFO - Processing /home/airflow/.local/lib/python3.7/site-packages/airflow/example_dags/example_latest_only.py took 0.053 seconds
[2022-10-17 12:37:49,006] {processor.py:153} INFO - Started process (PID=4379) to work on /home/airflow/.local/lib/python3.7/site-packages/airflow/example_dags/example_latest_only.py
[2022-10-17 12:37:49,007] {processor.py:641} INFO - Processing file /home/airflow/.local/lib/python3.7/site-packages/airflow/example_dags/example_latest_only.py for tasks to queue
[2022-10-17 12:37:49,008] {logging_mixin.py:115} INFO - [2022-10-17 12:37:49,007] {dagbag.py:507} INFO - Filling up the DagBag from /home/airflow/.local/lib/python3.7/site-packages/airflow/example_dags/example_latest_only.py
[2022-10-17 12:37:49,012] {processor.py:651} INFO - DAG(s) dict_keys(['latest_only']) retrieved from /home/airflow/.local/lib/python3.7/site-packages/airflow/example_dags/example_latest_only.py
[2022-10-17 12:37:49,029] {logging_mixin.py:115} INFO - [2022-10-17 12:37:49,029] {dag.py:2371} INFO - Sync 1 DAGs
[2022-10-17 12:37:49,044] {logging_mixin.py:115} INFO - [2022-10-17 12:37:49,043] {dag.py:2919} INFO - Setting next_dagrun for latest_only to 2022-10-17T08:37:49.043765+00:00, run_after=2022-10-17T12:37:49.043765+00:00
[2022-10-17 12:37:49,051] {processor.py:161} INFO - Processing /home/airflow/.local/lib/python3.7/site-packages/airflow/example_dags/example_latest_only.py took 0.047 seconds
[2022-10-17 12:38:19,428] {processor.py:153} INFO - Started process (PID=4473) to work on /home/airflow/.local/lib/python3.7/site-packages/airflow/example_dags/example_latest_only.py
[2022-10-17 12:38:19,429] {processor.py:641} INFO - Processing file /home/airflow/.local/lib/python3.7/site-packages/airflow/example_dags/example_latest_only.py for tasks to queue
[2022-10-17 12:38:19,429] {logging_mixin.py:115} INFO - [2022-10-17 12:38:19,429] {dagbag.py:507} INFO - Filling up the DagBag from /home/airflow/.local/lib/python3.7/site-packages/airflow/example_dags/example_latest_only.py
[2022-10-17 12:38:19,433] {processor.py:651} INFO - DAG(s) dict_keys(['latest_only']) retrieved from /home/airflow/.local/lib/python3.7/site-packages/airflow/example_dags/example_latest_only.py
[2022-10-17 12:38:19,450] {logging_mixin.py:115} INFO - [2022-10-17 12:38:19,450] {dag.py:2371} INFO - Sync 1 DAGs
[2022-10-17 12:38:19,462] {logging_mixin.py:115} INFO - [2022-10-17 12:38:19,462] {dag.py:2919} INFO - Setting next_dagrun for latest_only to 2022-10-17T08:38:19.462297+00:00, run_after=2022-10-17T12:38:19.462297+00:00
[2022-10-17 12:38:19,469] {processor.py:161} INFO - Processing /home/airflow/.local/lib/python3.7/site-packages/airflow/example_dags/example_latest_only.py took 0.042 seconds
