[2022-10-17 10:48:35,962] {taskinstance.py:1159} INFO - Dependencies all met for <TaskInstance: my_first_dag.extract_user backfill__2022-01-04T00:00:00+00:00 [queued]>
[2022-10-17 10:48:36,003] {taskinstance.py:1159} INFO - Dependencies all met for <TaskInstance: my_first_dag.extract_user backfill__2022-01-04T00:00:00+00:00 [queued]>
[2022-10-17 10:48:36,006] {taskinstance.py:1356} INFO - 
--------------------------------------------------------------------------------
[2022-10-17 10:48:36,010] {taskinstance.py:1357} INFO - Starting attempt 1 of 1
[2022-10-17 10:48:36,012] {taskinstance.py:1358} INFO - 
--------------------------------------------------------------------------------
[2022-10-17 10:48:36,072] {taskinstance.py:1377} INFO - Executing <Task(SimpleHttpOperator): extract_user> on 2022-01-04 00:00:00+00:00
[2022-10-17 10:48:36,083] {standard_task_runner.py:52} INFO - Started process 4871 to run task
[2022-10-17 10:48:36,125] {standard_task_runner.py:79} INFO - Running: ['***', 'tasks', 'run', 'my_first_dag', 'extract_user', 'backfill__2022-01-04T00:00:00+00:00', '--job-id', '164', '--pool', 'default_pool', '--raw', '--subdir', 'DAGS_FOLDER/user_processing.py', '--cfg-path', '/tmp/tmpmdjymwoa', '--error-file', '/tmp/tmptx_g2rt6']
[2022-10-17 10:48:36,136] {standard_task_runner.py:80} INFO - Job 164: Subtask extract_user
[2022-10-17 10:48:36,417] {task_command.py:369} INFO - Running <TaskInstance: my_first_dag.extract_user backfill__2022-01-04T00:00:00+00:00 [running]> on host 48b5b9061ccc
[2022-10-17 10:48:36,654] {taskinstance.py:1571} INFO - Exporting the following env vars:
AIRFLOW_CTX_DAG_OWNER=***
AIRFLOW_CTX_DAG_ID=my_first_dag
AIRFLOW_CTX_TASK_ID=extract_user
AIRFLOW_CTX_EXECUTION_DATE=2022-01-04T00:00:00+00:00
AIRFLOW_CTX_TRY_NUMBER=1
AIRFLOW_CTX_DAG_RUN_ID=backfill__2022-01-04T00:00:00+00:00
[2022-10-17 10:48:36,660] {http.py:102} INFO - Calling HTTP method
[2022-10-17 10:48:36,709] {base.py:68} INFO - Using connection ID 'user_api' for task execution.
[2022-10-17 10:48:36,718] {http.py:129} INFO - Sending 'GET' to url:  https://random-data-api.com/api/v2/users/
[2022-10-17 10:48:37,766] {http.py:106} INFO - {"id":2110,"uid":"2714209a-b321-48b9-bb3f-764605d654ca","password":"G4CP80lqkJ","first_name":"Quentin","last_name":"Greenfelder","username":"quentin.greenfelder","email":"quentin.greenfelder@email.com","avatar":"https://robohash.org/quaeratquisquae.png?size=300x300\u0026set=set1","gender":"Agender","phone_number":"+968 428-618-2582","social_insurance_number":"598952414","date_of_birth":"1998-12-08","employment":{"title":"Human Developer","key_skill":"Work under pressure"},"address":{"city":"Port Marcoston","street_name":"Cormier Loaf","street_address":"17022 Lakendra Manor","zip_code":"44817-8621","state":"Arkansas","country":"United States","coordinates":{"lat":-71.2170478990761,"lng":-90.84814470387492}},"credit_card":{"cc_number":"4905-4277-1581-6479"},"subscription":{"plan":"Free Trial","status":"Blocked","payment_method":"WeChat Pay","term":"Monthly"}}
[2022-10-17 10:48:37,815] {taskinstance.py:1400} INFO - Marking task as SUCCESS. dag_id=my_first_dag, task_id=extract_user, execution_date=20220104T000000, start_date=20221017T104835, end_date=20221017T104837
[2022-10-17 10:48:37,880] {local_task_job.py:156} INFO - Task exited with return code 0
[2022-10-17 10:48:37,950] {local_task_job.py:273} INFO - 0 downstream tasks scheduled from follow-on schedule check
