[2022-10-17 10:52:22,911] {taskinstance.py:1159} INFO - Dependencies all met for <TaskInstance: my_first_dag.extract_user backfill__2019-01-02T00:00:00+00:00 [queued]>
[2022-10-17 10:52:22,917] {taskinstance.py:1159} INFO - Dependencies all met for <TaskInstance: my_first_dag.extract_user backfill__2019-01-02T00:00:00+00:00 [queued]>
[2022-10-17 10:52:22,917] {taskinstance.py:1356} INFO - 
--------------------------------------------------------------------------------
[2022-10-17 10:52:22,918] {taskinstance.py:1357} INFO - Starting attempt 1 of 1
[2022-10-17 10:52:22,918] {taskinstance.py:1358} INFO - 
--------------------------------------------------------------------------------
[2022-10-17 10:52:22,926] {taskinstance.py:1377} INFO - Executing <Task(SimpleHttpOperator): extract_user> on 2019-01-02 00:00:00+00:00
[2022-10-17 10:52:22,930] {standard_task_runner.py:52} INFO - Started process 5143 to run task
[2022-10-17 10:52:22,933] {standard_task_runner.py:79} INFO - Running: ['***', 'tasks', 'run', 'my_first_dag', 'extract_user', 'backfill__2019-01-02T00:00:00+00:00', '--job-id', '202', '--pool', 'default_pool', '--raw', '--subdir', 'DAGS_FOLDER/user_processing.py', '--cfg-path', '/tmp/tmpa5svrj66', '--error-file', '/tmp/tmpdm54dtsq']
[2022-10-17 10:52:22,934] {standard_task_runner.py:80} INFO - Job 202: Subtask extract_user
[2022-10-17 10:52:22,972] {task_command.py:369} INFO - Running <TaskInstance: my_first_dag.extract_user backfill__2019-01-02T00:00:00+00:00 [running]> on host 48b5b9061ccc
[2022-10-17 10:52:23,016] {taskinstance.py:1571} INFO - Exporting the following env vars:
AIRFLOW_CTX_DAG_OWNER=***
AIRFLOW_CTX_DAG_ID=my_first_dag
AIRFLOW_CTX_TASK_ID=extract_user
AIRFLOW_CTX_EXECUTION_DATE=2019-01-02T00:00:00+00:00
AIRFLOW_CTX_TRY_NUMBER=1
AIRFLOW_CTX_DAG_RUN_ID=backfill__2019-01-02T00:00:00+00:00
[2022-10-17 10:52:23,017] {http.py:102} INFO - Calling HTTP method
[2022-10-17 10:52:23,023] {base.py:68} INFO - Using connection ID 'user_api' for task execution.
[2022-10-17 10:52:23,024] {http.py:129} INFO - Sending 'GET' to url:  https://random-data-api.com/api/v2/users/
[2022-10-17 10:52:24,137] {http.py:106} INFO - {"id":8395,"uid":"a26efe66-664a-43e2-86a6-d96c49a12947","password":"8irTh4ovUB","first_name":"Isaias","last_name":"Hamill","username":"isaias.hamill","email":"isaias.hamill@email.com","avatar":"https://robohash.org/voluptatemoccaecatiquidem.png?size=300x300\u0026set=set1","gender":"Female","phone_number":"+257 1-886-432-4888 x114","social_insurance_number":"440659639","date_of_birth":"1993-02-17","employment":{"title":"Government Facilitator","key_skill":"Teamwork"},"address":{"city":"Brownberg","street_name":"Roberts Plains","street_address":"85374 Theo Stream","zip_code":"92896","state":"Idaho","country":"United States","coordinates":{"lat":-88.01869396641848,"lng":105.44110681282854}},"credit_card":{"cc_number":"4656-4804-9932-1050"},"subscription":{"plan":"Student","status":"Blocked","payment_method":"Paypal","term":"Full subscription"}}
[2022-10-17 10:52:24,155] {taskinstance.py:1400} INFO - Marking task as SUCCESS. dag_id=my_first_dag, task_id=extract_user, execution_date=20190102T000000, start_date=20221017T105222, end_date=20221017T105224
[2022-10-17 10:52:24,174] {local_task_job.py:156} INFO - Task exited with return code 0
[2022-10-17 10:52:24,199] {local_task_job.py:273} INFO - 0 downstream tasks scheduled from follow-on schedule check
