[2022-10-17 10:48:35,820] {taskinstance.py:1159} INFO - Dependencies all met for <TaskInstance: my_first_dag.extract_user backfill__2022-01-02T00:00:00+00:00 [queued]>
[2022-10-17 10:48:35,889] {taskinstance.py:1159} INFO - Dependencies all met for <TaskInstance: my_first_dag.extract_user backfill__2022-01-02T00:00:00+00:00 [queued]>
[2022-10-17 10:48:35,893] {taskinstance.py:1356} INFO - 
--------------------------------------------------------------------------------
[2022-10-17 10:48:35,895] {taskinstance.py:1357} INFO - Starting attempt 1 of 1
[2022-10-17 10:48:35,901] {taskinstance.py:1358} INFO - 
--------------------------------------------------------------------------------
[2022-10-17 10:48:35,936] {taskinstance.py:1377} INFO - Executing <Task(SimpleHttpOperator): extract_user> on 2022-01-02 00:00:00+00:00
[2022-10-17 10:48:35,960] {standard_task_runner.py:52} INFO - Started process 4869 to run task
[2022-10-17 10:48:36,001] {standard_task_runner.py:79} INFO - Running: ['***', 'tasks', 'run', 'my_first_dag', 'extract_user', 'backfill__2022-01-02T00:00:00+00:00', '--job-id', '159', '--pool', 'default_pool', '--raw', '--subdir', 'DAGS_FOLDER/user_processing.py', '--cfg-path', '/tmp/tmpo7_kdbca', '--error-file', '/tmp/tmpto6qzy22']
[2022-10-17 10:48:36,010] {standard_task_runner.py:80} INFO - Job 159: Subtask extract_user
[2022-10-17 10:48:36,287] {task_command.py:369} INFO - Running <TaskInstance: my_first_dag.extract_user backfill__2022-01-02T00:00:00+00:00 [running]> on host 48b5b9061ccc
[2022-10-17 10:48:36,499] {taskinstance.py:1571} INFO - Exporting the following env vars:
AIRFLOW_CTX_DAG_OWNER=***
AIRFLOW_CTX_DAG_ID=my_first_dag
AIRFLOW_CTX_TASK_ID=extract_user
AIRFLOW_CTX_EXECUTION_DATE=2022-01-02T00:00:00+00:00
AIRFLOW_CTX_TRY_NUMBER=1
AIRFLOW_CTX_DAG_RUN_ID=backfill__2022-01-02T00:00:00+00:00
[2022-10-17 10:48:36,501] {http.py:102} INFO - Calling HTTP method
[2022-10-17 10:48:36,521] {base.py:68} INFO - Using connection ID 'user_api' for task execution.
[2022-10-17 10:48:36,525] {http.py:129} INFO - Sending 'GET' to url:  https://random-data-api.com/api/v2/users/
[2022-10-17 10:48:37,766] {http.py:106} INFO - {"id":4845,"uid":"94bb604d-f91c-4497-badf-47d6f46b7a33","password":"DvxYJzR16o","first_name":"Sterling","last_name":"Emard","username":"sterling.emard","email":"sterling.emard@email.com","avatar":"https://robohash.org/iurenequelaudantium.png?size=300x300\u0026set=set1","gender":"Female","phone_number":"+886 (694) 922-3159 x18744","social_insurance_number":"133696971","date_of_birth":"1992-02-04","employment":{"title":"IT Specialist","key_skill":"Problem solving"},"address":{"city":"Osinskitown","street_name":"Reichel Village","street_address":"626 Stokes Camp","zip_code":"01520-8527","state":"Wisconsin","country":"United States","coordinates":{"lat":2.4500433461007276,"lng":-134.444203793315}},"credit_card":{"cc_number":"4730790421018"},"subscription":{"plan":"Premium","status":"Idle","payment_method":"Alipay","term":"Monthly"}}
[2022-10-17 10:48:37,826] {taskinstance.py:1400} INFO - Marking task as SUCCESS. dag_id=my_first_dag, task_id=extract_user, execution_date=20220102T000000, start_date=20221017T104835, end_date=20221017T104837
[2022-10-17 10:48:37,894] {local_task_job.py:156} INFO - Task exited with return code 0
[2022-10-17 10:48:37,944] {local_task_job.py:273} INFO - 0 downstream tasks scheduled from follow-on schedule check
