[2022-10-17 10:48:45,707] {taskinstance.py:1159} INFO - Dependencies all met for <TaskInstance: my_first_dag.process_user backfill__2022-01-08T00:00:00+00:00 [queued]>
[2022-10-17 10:48:45,736] {taskinstance.py:1159} INFO - Dependencies all met for <TaskInstance: my_first_dag.process_user backfill__2022-01-08T00:00:00+00:00 [queued]>
[2022-10-17 10:48:45,742] {taskinstance.py:1356} INFO - 
--------------------------------------------------------------------------------
[2022-10-17 10:48:45,744] {taskinstance.py:1357} INFO - Starting attempt 1 of 1
[2022-10-17 10:48:45,746] {taskinstance.py:1358} INFO - 
--------------------------------------------------------------------------------
[2022-10-17 10:48:45,782] {taskinstance.py:1377} INFO - Executing <Task(PythonOperator): process_user> on 2022-01-08 00:00:00+00:00
[2022-10-17 10:48:45,800] {standard_task_runner.py:52} INFO - Started process 4920 to run task
[2022-10-17 10:48:45,818] {standard_task_runner.py:79} INFO - Running: ['***', 'tasks', 'run', 'my_first_dag', 'process_user', 'backfill__2022-01-08T00:00:00+00:00', '--job-id', '177', '--pool', 'default_pool', '--raw', '--subdir', 'DAGS_FOLDER/user_processing.py', '--cfg-path', '/tmp/tmp6un2f9in', '--error-file', '/tmp/tmpagg50kvi']
[2022-10-17 10:48:45,826] {standard_task_runner.py:80} INFO - Job 177: Subtask process_user
[2022-10-17 10:48:45,987] {task_command.py:369} INFO - Running <TaskInstance: my_first_dag.process_user backfill__2022-01-08T00:00:00+00:00 [running]> on host 48b5b9061ccc
[2022-10-17 10:48:46,191] {taskinstance.py:1571} INFO - Exporting the following env vars:
AIRFLOW_CTX_DAG_OWNER=***
AIRFLOW_CTX_DAG_ID=my_first_dag
AIRFLOW_CTX_TASK_ID=process_user
AIRFLOW_CTX_EXECUTION_DATE=2022-01-08T00:00:00+00:00
AIRFLOW_CTX_TRY_NUMBER=1
AIRFLOW_CTX_DAG_RUN_ID=backfill__2022-01-08T00:00:00+00:00
[2022-10-17 10:48:46,218] {python.py:173} INFO - Done. Returned value was: None
[2022-10-17 10:48:46,252] {taskinstance.py:1400} INFO - Marking task as SUCCESS. dag_id=my_first_dag, task_id=process_user, execution_date=20220108T000000, start_date=20221017T104845, end_date=20221017T104846
[2022-10-17 10:48:46,316] {local_task_job.py:156} INFO - Task exited with return code 0
[2022-10-17 10:48:46,411] {local_task_job.py:273} INFO - 0 downstream tasks scheduled from follow-on schedule check
