[2022-10-17 10:38:37,238] {taskinstance.py:1159} INFO - Dependencies all met for <TaskInstance: my_first_dag.extract_user backfill__2022-01-13T00:00:00+00:00 [queued]>
[2022-10-17 10:38:37,307] {taskinstance.py:1159} INFO - Dependencies all met for <TaskInstance: my_first_dag.extract_user backfill__2022-01-13T00:00:00+00:00 [queued]>
[2022-10-17 10:38:37,347] {taskinstance.py:1356} INFO - 
--------------------------------------------------------------------------------
[2022-10-17 10:38:37,353] {taskinstance.py:1357} INFO - Starting attempt 1 of 1
[2022-10-17 10:38:37,360] {taskinstance.py:1358} INFO - 
--------------------------------------------------------------------------------
[2022-10-17 10:38:37,394] {taskinstance.py:1377} INFO - Executing <Task(SimpleHttpOperator): extract_user> on 2022-01-13 00:00:00+00:00
[2022-10-17 10:38:37,446] {standard_task_runner.py:52} INFO - Started process 4353 to run task
[2022-10-17 10:38:37,570] {standard_task_runner.py:79} INFO - Running: ['***', 'tasks', 'run', 'my_first_dag', 'extract_user', 'backfill__2022-01-13T00:00:00+00:00', '--job-id', '143', '--pool', 'default_pool', '--raw', '--subdir', 'DAGS_FOLDER/user_processing.py', '--cfg-path', '/tmp/tmpt9dwpsb3', '--error-file', '/tmp/tmptmua5inp']
[2022-10-17 10:38:37,574] {standard_task_runner.py:80} INFO - Job 143: Subtask extract_user
[2022-10-17 10:38:37,731] {task_command.py:369} INFO - Running <TaskInstance: my_first_dag.extract_user backfill__2022-01-13T00:00:00+00:00 [running]> on host 48b5b9061ccc
[2022-10-17 10:38:37,870] {taskinstance.py:1571} INFO - Exporting the following env vars:
AIRFLOW_CTX_DAG_OWNER=***
AIRFLOW_CTX_DAG_ID=my_first_dag
AIRFLOW_CTX_TASK_ID=extract_user
AIRFLOW_CTX_EXECUTION_DATE=2022-01-13T00:00:00+00:00
AIRFLOW_CTX_TRY_NUMBER=1
AIRFLOW_CTX_DAG_RUN_ID=backfill__2022-01-13T00:00:00+00:00
[2022-10-17 10:38:37,872] {http.py:102} INFO - Calling HTTP method
[2022-10-17 10:38:37,901] {base.py:68} INFO - Using connection ID 'user_api' for task execution.
[2022-10-17 10:38:37,905] {http.py:129} INFO - Sending 'GET' to url:  https://random-data-api.com/api/v2/users/
[2022-10-17 10:38:38,880] {http.py:106} INFO - {"id":3464,"uid":"85d44756-186f-4c2e-b182-58d6dde70927","password":"AkYiCSmWE5","first_name":"Garret","last_name":"McCullough","username":"garret.mccullough","email":"garret.mccullough@email.com","avatar":"https://robohash.org/suntcummollitia.png?size=300x300\u0026set=set1","gender":"Genderqueer","phone_number":"+221 (315) 210-0748 x169","social_insurance_number":"529191066","date_of_birth":"1992-03-24","employment":{"title":"Dynamic Sales Orchestrator","key_skill":"Organisation"},"address":{"city":"New Mohammed","street_name":"Kuvalis Burgs","street_address":"78791 Cheryll Springs","zip_code":"04607","state":"Montana","country":"United States","coordinates":{"lat":49.60238436517733,"lng":41.398309245715495}},"credit_card":{"cc_number":"4677329552617"},"subscription":{"plan":"Free Trial","status":"Blocked","payment_method":"Cash","term":"Full subscription"}}
[2022-10-17 10:38:38,986] {taskinstance.py:1400} INFO - Marking task as SUCCESS. dag_id=my_first_dag, task_id=extract_user, execution_date=20220113T000000, start_date=20221017T103837, end_date=20221017T103838
[2022-10-17 10:38:39,149] {local_task_job.py:156} INFO - Task exited with return code 0
[2022-10-17 10:38:39,239] {local_task_job.py:273} INFO - 0 downstream tasks scheduled from follow-on schedule check
