[2022-10-17 10:38:36,861] {taskinstance.py:1159} INFO - Dependencies all met for <TaskInstance: my_first_dag.extract_user backfill__2022-01-10T00:00:00+00:00 [queued]>
[2022-10-17 10:38:36,878] {taskinstance.py:1159} INFO - Dependencies all met for <TaskInstance: my_first_dag.extract_user backfill__2022-01-10T00:00:00+00:00 [queued]>
[2022-10-17 10:38:36,880] {taskinstance.py:1356} INFO - 
--------------------------------------------------------------------------------
[2022-10-17 10:38:36,880] {taskinstance.py:1357} INFO - Starting attempt 1 of 1
[2022-10-17 10:38:36,881] {taskinstance.py:1358} INFO - 
--------------------------------------------------------------------------------
[2022-10-17 10:38:36,899] {taskinstance.py:1377} INFO - Executing <Task(SimpleHttpOperator): extract_user> on 2022-01-10 00:00:00+00:00
[2022-10-17 10:38:36,914] {standard_task_runner.py:52} INFO - Started process 4347 to run task
[2022-10-17 10:38:36,925] {standard_task_runner.py:79} INFO - Running: ['***', 'tasks', 'run', 'my_first_dag', 'extract_user', 'backfill__2022-01-10T00:00:00+00:00', '--job-id', '138', '--pool', 'default_pool', '--raw', '--subdir', 'DAGS_FOLDER/user_processing.py', '--cfg-path', '/tmp/tmpiz66m2iv', '--error-file', '/tmp/tmpmwo3i4ui']
[2022-10-17 10:38:36,929] {standard_task_runner.py:80} INFO - Job 138: Subtask extract_user
[2022-10-17 10:38:37,039] {task_command.py:369} INFO - Running <TaskInstance: my_first_dag.extract_user backfill__2022-01-10T00:00:00+00:00 [running]> on host 48b5b9061ccc
[2022-10-17 10:38:37,437] {taskinstance.py:1571} INFO - Exporting the following env vars:
AIRFLOW_CTX_DAG_OWNER=***
AIRFLOW_CTX_DAG_ID=my_first_dag
AIRFLOW_CTX_TASK_ID=extract_user
AIRFLOW_CTX_EXECUTION_DATE=2022-01-10T00:00:00+00:00
AIRFLOW_CTX_TRY_NUMBER=1
AIRFLOW_CTX_DAG_RUN_ID=backfill__2022-01-10T00:00:00+00:00
[2022-10-17 10:38:37,472] {http.py:102} INFO - Calling HTTP method
[2022-10-17 10:38:37,518] {base.py:68} INFO - Using connection ID 'user_api' for task execution.
[2022-10-17 10:38:37,521] {http.py:129} INFO - Sending 'GET' to url:  https://random-data-api.com/api/v2/users/
[2022-10-17 10:38:38,621] {http.py:106} INFO - {"id":5945,"uid":"306d8b76-3780-4cbe-aa5c-a491ee1b3954","password":"KdYfkUBysV","first_name":"Bryce","last_name":"Homenick","username":"bryce.homenick","email":"bryce.homenick@email.com","avatar":"https://robohash.org/ametvoluptaseos.png?size=300x300\u0026set=set1","gender":"Male","phone_number":"+1-869 (847) 175-4636 x15950","social_insurance_number":"674182308","date_of_birth":"1967-09-11","employment":{"title":"District Specialist","key_skill":"Fast learner"},"address":{"city":"Heidenreichside","street_name":"Lashell Mount","street_address":"52733 Langosh Row","zip_code":"66930-6620","state":"South Carolina","country":"United States","coordinates":{"lat":-57.46046582744295,"lng":107.52421695462533}},"credit_card":{"cc_number":"5429-4004-5132-7294"},"subscription":{"plan":"Essential","status":"Idle","payment_method":"Cheque","term":"Full subscription"}}
[2022-10-17 10:38:38,699] {taskinstance.py:1400} INFO - Marking task as SUCCESS. dag_id=my_first_dag, task_id=extract_user, execution_date=20220110T000000, start_date=20221017T103836, end_date=20221017T103838
[2022-10-17 10:38:38,752] {local_task_job.py:156} INFO - Task exited with return code 0
[2022-10-17 10:38:38,857] {local_task_job.py:273} INFO - 0 downstream tasks scheduled from follow-on schedule check
