[2022-10-17 10:52:22,910] {taskinstance.py:1159} INFO - Dependencies all met for <TaskInstance: my_first_dag.extract_user backfill__2019-01-01T00:00:00+00:00 [queued]>
[2022-10-17 10:52:22,917] {taskinstance.py:1159} INFO - Dependencies all met for <TaskInstance: my_first_dag.extract_user backfill__2019-01-01T00:00:00+00:00 [queued]>
[2022-10-17 10:52:22,917] {taskinstance.py:1356} INFO - 
--------------------------------------------------------------------------------
[2022-10-17 10:52:22,918] {taskinstance.py:1357} INFO - Starting attempt 1 of 1
[2022-10-17 10:52:22,918] {taskinstance.py:1358} INFO - 
--------------------------------------------------------------------------------
[2022-10-17 10:52:22,926] {taskinstance.py:1377} INFO - Executing <Task(SimpleHttpOperator): extract_user> on 2019-01-01 00:00:00+00:00
[2022-10-17 10:52:22,930] {standard_task_runner.py:52} INFO - Started process 5142 to run task
[2022-10-17 10:52:22,933] {standard_task_runner.py:79} INFO - Running: ['***', 'tasks', 'run', 'my_first_dag', 'extract_user', 'backfill__2019-01-01T00:00:00+00:00', '--job-id', '201', '--pool', 'default_pool', '--raw', '--subdir', 'DAGS_FOLDER/user_processing.py', '--cfg-path', '/tmp/tmpus9zykdu', '--error-file', '/tmp/tmpd3s8l783']
[2022-10-17 10:52:22,933] {standard_task_runner.py:80} INFO - Job 201: Subtask extract_user
[2022-10-17 10:52:22,972] {task_command.py:369} INFO - Running <TaskInstance: my_first_dag.extract_user backfill__2019-01-01T00:00:00+00:00 [running]> on host 48b5b9061ccc
[2022-10-17 10:52:23,016] {taskinstance.py:1571} INFO - Exporting the following env vars:
AIRFLOW_CTX_DAG_OWNER=***
AIRFLOW_CTX_DAG_ID=my_first_dag
AIRFLOW_CTX_TASK_ID=extract_user
AIRFLOW_CTX_EXECUTION_DATE=2019-01-01T00:00:00+00:00
AIRFLOW_CTX_TRY_NUMBER=1
AIRFLOW_CTX_DAG_RUN_ID=backfill__2019-01-01T00:00:00+00:00
[2022-10-17 10:52:23,017] {http.py:102} INFO - Calling HTTP method
[2022-10-17 10:52:23,023] {base.py:68} INFO - Using connection ID 'user_api' for task execution.
[2022-10-17 10:52:23,024] {http.py:129} INFO - Sending 'GET' to url:  https://random-data-api.com/api/v2/users/
[2022-10-17 10:52:24,119] {http.py:106} INFO - {"id":2374,"uid":"faa607d4-1479-47cc-b544-8181768adaf7","password":"If91sFYt4l","first_name":"Christian","last_name":"Parker","username":"christian.parker","email":"christian.parker@email.com","avatar":"https://robohash.org/quiaullamrerum.png?size=300x300\u0026set=set1","gender":"Male","phone_number":"+41 149.531.1577","social_insurance_number":"761155274","date_of_birth":"1983-10-18","employment":{"title":"Forward Legal Manager","key_skill":"Networking skills"},"address":{"city":"Langfort","street_name":"Steuber Rapid","street_address":"940 Tod Burgs","zip_code":"82182-7046","state":"Montana","country":"United States","coordinates":{"lat":62.81458678938532,"lng":-129.09867244358824}},"credit_card":{"cc_number":"6771-8960-5111-9274"},"subscription":{"plan":"Diamond","status":"Pending","payment_method":"Credit card","term":"Monthly"}}
[2022-10-17 10:52:24,139] {taskinstance.py:1400} INFO - Marking task as SUCCESS. dag_id=my_first_dag, task_id=extract_user, execution_date=20190101T000000, start_date=20221017T105222, end_date=20221017T105224
[2022-10-17 10:52:24,174] {local_task_job.py:156} INFO - Task exited with return code 0
[2022-10-17 10:52:24,202] {local_task_job.py:273} INFO - 0 downstream tasks scheduled from follow-on schedule check
