[2022-10-17 10:24:22,446] {taskinstance.py:1159} INFO - Dependencies all met for <TaskInstance: my_first_dag.is_api_available manual__2022-10-17T10:24:20.577359+00:00 [queued]>
[2022-10-17 10:24:22,453] {taskinstance.py:1159} INFO - Dependencies all met for <TaskInstance: my_first_dag.is_api_available manual__2022-10-17T10:24:20.577359+00:00 [queued]>
[2022-10-17 10:24:22,453] {taskinstance.py:1356} INFO - 
--------------------------------------------------------------------------------
[2022-10-17 10:24:22,454] {taskinstance.py:1357} INFO - Starting attempt 1 of 1
[2022-10-17 10:24:22,454] {taskinstance.py:1358} INFO - 
--------------------------------------------------------------------------------
[2022-10-17 10:24:22,463] {taskinstance.py:1377} INFO - Executing <Task(HttpSensor): is_api_available> on 2022-10-17 10:24:20.577359+00:00
[2022-10-17 10:24:22,467] {standard_task_runner.py:52} INFO - Started process 3518 to run task
[2022-10-17 10:24:22,470] {standard_task_runner.py:79} INFO - Running: ['***', 'tasks', 'run', 'my_first_dag', 'is_api_available', 'manual__2022-10-17T10:24:20.577359+00:00', '--job-id', '78', '--raw', '--subdir', 'DAGS_FOLDER/user_processing.py', '--cfg-path', '/tmp/tmpj6876ujt', '--error-file', '/tmp/tmp2yib_o_k']
[2022-10-17 10:24:22,471] {standard_task_runner.py:80} INFO - Job 78: Subtask is_api_available
[2022-10-17 10:24:22,509] {task_command.py:369} INFO - Running <TaskInstance: my_first_dag.is_api_available manual__2022-10-17T10:24:20.577359+00:00 [running]> on host 48b5b9061ccc
[2022-10-17 10:24:22,559] {taskinstance.py:1571} INFO - Exporting the following env vars:
AIRFLOW_CTX_DAG_OWNER=***
AIRFLOW_CTX_DAG_ID=my_first_dag
AIRFLOW_CTX_TASK_ID=is_api_available
AIRFLOW_CTX_EXECUTION_DATE=2022-10-17T10:24:20.577359+00:00
AIRFLOW_CTX_TRY_NUMBER=1
AIRFLOW_CTX_DAG_RUN_ID=manual__2022-10-17T10:24:20.577359+00:00
[2022-10-17 10:24:22,560] {http.py:97} INFO - Poking: users/
[2022-10-17 10:24:22,572] {base.py:68} INFO - Using connection ID 'user_api' for task execution.
[2022-10-17 10:24:22,574] {http.py:129} INFO - Sending 'GET' to url:  https://random-data-api.com/api/v2/users/
[2022-10-17 10:24:23,867] {base.py:301} INFO - Success criteria met. Exiting.
[2022-10-17 10:24:23,895] {taskinstance.py:1400} INFO - Marking task as SUCCESS. dag_id=my_first_dag, task_id=is_api_available, execution_date=20221017T102420, start_date=20221017T102422, end_date=20221017T102423
[2022-10-17 10:24:23,924] {local_task_job.py:156} INFO - Task exited with return code 0
[2022-10-17 10:24:23,961] {local_task_job.py:273} INFO - 1 downstream tasks scheduled from follow-on schedule check
